#! /usr/bin/vvp
:ivl_version "10.1 (stable)";
:ivl_delay_selection "TYPICAL";
:vpi_time_precision - 10;
:vpi_module "system";
:vpi_module "vhdl_sys";
:vpi_module "v2005_math";
:vpi_module "va_math";
S_0x55b2a86726e0 .scope module, "BUF" "BUF" 2 1;
 .timescale -9 -10;
    .port_info 0 /INPUT 1 "A"
    .port_info 1 /OUTPUT 1 "Y"
o0x7fb28af8a018 .functor BUFZ 1, C4<z>; HiZ drive
L_0x55b2a85892b0 .functor BUFZ 1, o0x7fb28af8a018, C4<0>, C4<0>, C4<0>;
v0x55b2a8679190_0 .net "A", 0 0, o0x7fb28af8a018;  0 drivers
v0x55b2a8678670_0 .net "Y", 0 0, L_0x55b2a85892b0;  1 drivers
S_0x55b2a8660dd0 .scope module, "DFFSR" "DFFSR" 2 32;
 .timescale -9 -10;
    .port_info 0 /INPUT 1 "C"
    .port_info 1 /INPUT 1 "D"
    .port_info 2 /OUTPUT 1 "Q"
    .port_info 3 /INPUT 1 "S"
    .port_info 4 /INPUT 1 "R"
o0x7fb28af8a0d8 .functor BUFZ 1, C4<z>; HiZ drive
v0x55b2a8677b50_0 .net "C", 0 0, o0x7fb28af8a0d8;  0 drivers
o0x7fb28af8a108 .functor BUFZ 1, C4<z>; HiZ drive
v0x55b2a8676fe0_0 .net "D", 0 0, o0x7fb28af8a108;  0 drivers
v0x55b2a8676c10_0 .var "Q", 0 0;
o0x7fb28af8a168 .functor BUFZ 1, C4<z>; HiZ drive
v0x55b2a8676810_0 .net "R", 0 0, o0x7fb28af8a168;  0 drivers
o0x7fb28af8a198 .functor BUFZ 1, C4<z>; HiZ drive
v0x55b2a8676410_0 .net "S", 0 0, o0x7fb28af8a198;  0 drivers
E_0x55b2a85c6fc0 .event posedge, v0x55b2a8676810_0, v0x55b2a8676410_0, v0x55b2a8677b50_0;
S_0x55b2a8663620 .scope module, "bancoprueba" "bancoprueba" 3 7;
 .timescale -9 -10;
v0x55b2a86cf380_0 .net "clk_2f", 0 0, v0x55b2a86ce8d0_0;  1 drivers
v0x55b2a86cf440_0 .net "data_in", 7 0, v0x55b2a86ce970_0;  1 drivers
v0x55b2a86cf500_0 .net "lane_0", 7 0, v0x55b2a868e6a0_0;  1 drivers
v0x55b2a86cf5f0_0 .net "lane_0_synth", 7 0, L_0x55b2a86dc7f0;  1 drivers
v0x55b2a86cf700_0 .net "lane_1", 7 0, v0x55b2a868e7d0_0;  1 drivers
v0x55b2a86cf860_0 .net "lane_1_synth", 7 0, L_0x55b2a86dd6c0;  1 drivers
v0x55b2a86cf970_0 .net "reset", 0 0, v0x55b2a86ced50_0;  1 drivers
v0x55b2a86cfa10_0 .net "valid_0", 0 0, v0x55b2a868e970_0;  1 drivers
v0x55b2a86cfb00_0 .net "valid_0_synth", 0 0, v0x55b2a86c0f60_0;  1 drivers
v0x55b2a86cfc30_0 .net "valid_1", 0 0, v0x55b2a868ea30_0;  1 drivers
v0x55b2a86cfcd0_0 .net "valid_1_synth", 0 0, v0x55b2a86c1450_0;  1 drivers
v0x55b2a86cfd70_0 .net "valid_in", 0 0, v0x55b2a86cf150_0;  1 drivers
S_0x55b2a8665e40 .scope module, "cond" "byte_striping" 3 21, 4 1 0, S_0x55b2a8663620;
 .timescale -9 -10;
    .port_info 0 /INPUT 1 "clk_2f"
    .port_info 1 /INPUT 1 "valid_in"
    .port_info 2 /INPUT 8 "data_in"
    .port_info 3 /INPUT 1 "reset"
    .port_info 4 /OUTPUT 8 "lane_0"
    .port_info 5 /OUTPUT 8 "lane_1"
    .port_info 6 /OUTPUT 1 "valid_0"
    .port_info 7 /OUTPUT 1 "valid_1"
v0x55b2a868e380_0 .net "clk_2f", 0 0, v0x55b2a86ce8d0_0;  alias, 1 drivers
v0x55b2a868e460_0 .var "contador0", 0 0;
v0x55b2a868e520_0 .var "contador1", 0 0;
v0x55b2a868e5c0_0 .net "data_in", 7 0, v0x55b2a86ce970_0;  alias, 1 drivers
v0x55b2a868e6a0_0 .var "lane_0", 7 0;
v0x55b2a868e7d0_0 .var "lane_1", 7 0;
v0x55b2a868e8b0_0 .net "reset", 0 0, v0x55b2a86ced50_0;  alias, 1 drivers
v0x55b2a868e970_0 .var "valid_0", 0 0;
v0x55b2a868ea30_0 .var "valid_1", 0 0;
v0x55b2a868eaf0_0 .net "valid_in", 0 0, v0x55b2a86cf150_0;  alias, 1 drivers
E_0x55b2a85c70d0 .event posedge, v0x55b2a868e380_0;
S_0x55b2a8668660 .scope module, "est" "byte_striping_synth" 3 49, 5 5 0, S_0x55b2a8663620;
 .timescale -9 -10;
    .port_info 0 /INPUT 1 "clk_2f"
    .port_info 1 /INPUT 1 "valid_in"
    .port_info 2 /INPUT 8 "data_in"
    .port_info 3 /INPUT 1 "reset"
    .port_info 4 /OUTPUT 8 "lane_0_synth"
    .port_info 5 /OUTPUT 8 "lane_1_synth"
    .port_info 6 /OUTPUT 1 "valid_0_synth"
    .port_info 7 /OUTPUT 1 "valid_1_synth"
L_0x55b2a86dda90 .functor BUFZ 1, L_0x55b2a86d2210, C4<0>, C4<0>, C4<0>;
L_0x55b2a86df7f0 .functor BUFZ 1, L_0x55b2a86dbb50, C4<0>, C4<0>, C4<0>;
L_0x55b2a86df920 .functor BUFZ 1, L_0x55b2a86dbd00, C4<0>, C4<0>, C4<0>;
L_0x55b2a86dfa50 .functor BUFZ 1, L_0x55b2a86db7a0, C4<0>, C4<0>, C4<0>;
v0x55b2a86c7030_0 .net "_000_", 0 0, L_0x55b2a86d2210;  1 drivers
v0x55b2a86c7520_0 .net "_001_", 0 0, L_0x55b2a86dbb50;  1 drivers
v0x55b2a86c7630_0 .net "_002_", 7 0, L_0x55b2a86db160;  1 drivers
v0x55b2a86c76f0_0 .net "_003_", 7 0, L_0x55b2a86d6bf0;  1 drivers
v0x55b2a86c77f0_0 .net "_004_", 0 0, L_0x55b2a86db7a0;  1 drivers
v0x55b2a86c7920_0 .net "_005_", 0 0, L_0x55b2a86dbd00;  1 drivers
v0x55b2a86c7a30_0 .net "_006_", 0 0, L_0x55b2a86dda90;  1 drivers
v0x55b2a86c7af0_0 .net "_007_", 0 0, L_0x55b2a86df7f0;  1 drivers
v0x55b2a86c7bd0_0 .net "_008_", 0 0, L_0x55b2a86de910;  1 drivers
v0x55b2a86c7cb0_0 .net "_009_", 0 0, L_0x55b2a86de9e0;  1 drivers
v0x55b2a86c7d90_0 .net "_010_", 0 0, L_0x55b2a86decb0;  1 drivers
v0x55b2a86c7e70_0 .net "_011_", 0 0, L_0x55b2a86ded80;  1 drivers
v0x55b2a86c7f50_0 .net "_012_", 0 0, L_0x55b2a86df060;  1 drivers
v0x55b2a86c8030_0 .net "_013_", 0 0, L_0x55b2a86df130;  1 drivers
v0x55b2a86c8110_0 .net "_014_", 0 0, L_0x55b2a86df420;  1 drivers
v0x55b2a86c81f0_0 .net "_015_", 0 0, L_0x55b2a86df4f0;  1 drivers
v0x55b2a86c82d0_0 .net "_016_", 0 0, L_0x55b2a86ddb30;  1 drivers
v0x55b2a86c83b0_0 .net "_017_", 0 0, L_0x55b2a86ddc00;  1 drivers
v0x55b2a86c8490_0 .net "_018_", 0 0, L_0x55b2a86dde90;  1 drivers
v0x55b2a86c8570_0 .net "_019_", 0 0, L_0x55b2a86ddf60;  1 drivers
v0x55b2a86c8650_0 .net "_020_", 0 0, L_0x55b2a86de200;  1 drivers
v0x55b2a86c8730_0 .net "_021_", 0 0, L_0x55b2a86de2d0;  1 drivers
v0x55b2a86c8810_0 .net "_022_", 0 0, L_0x55b2a86de580;  1 drivers
v0x55b2a86c88f0_0 .net "_023_", 0 0, L_0x55b2a86de650;  1 drivers
v0x55b2a86c89d0_0 .net "_024_", 0 0, L_0x55b2a86dfa50;  1 drivers
v0x55b2a86c8ab0_0 .net "_025_", 0 0, L_0x55b2a86df920;  1 drivers
v0x55b2a86c8b90_0 .net "_026_", 0 0, L_0x55b2a86d5640;  1 drivers
v0x55b2a86c8c30_0 .net "_027_", 0 0, L_0x55b2a86d5cd0;  1 drivers
v0x55b2a86c8d20_0 .net "_028_", 0 0, L_0x55b2a86d5e40;  1 drivers
v0x55b2a86c8e10_0 .net "_029_", 0 0, L_0x55b2a86d6120;  1 drivers
v0x55b2a86c8f00_0 .net "_030_", 0 0, L_0x55b2a86d6400;  1 drivers
v0x55b2a86c8ff0_0 .net "_031_", 0 0, L_0x55b2a86d6980;  1 drivers
v0x55b2a86c90e0_0 .net "_032_", 0 0, L_0x55b2a86d6f80;  1 drivers
v0x55b2a86c93e0_0 .net "_033_", 0 0, L_0x55b2a86d70b0;  1 drivers
v0x55b2a86c9480_0 .net "_034_", 0 0, L_0x55b2a86d7190;  1 drivers
v0x55b2a86c9570_0 .net "_035_", 0 0, L_0x55b2a86d7520;  1 drivers
v0x55b2a86c9660_0 .net "_036_", 0 0, L_0x55b2a86d7690;  1 drivers
v0x55b2a86c9750_0 .net "_037_", 0 0, L_0x55b2a86d7970;  1 drivers
v0x55b2a86c9840_0 .net "_038_", 0 0, L_0x55b2a86d7c60;  1 drivers
v0x55b2a86c9930_0 .net "_039_", 0 0, L_0x55b2a86d7dd0;  1 drivers
v0x55b2a86c9a20_0 .net "_040_", 0 0, L_0x55b2a86d80b0;  1 drivers
v0x55b2a86c9b10_0 .net "_041_", 0 0, L_0x55b2a86d83b0;  1 drivers
v0x55b2a86c9c00_0 .net "_042_", 0 0, L_0x55b2a86d8520;  1 drivers
v0x55b2a86c9cf0_0 .net "_043_", 0 0, L_0x55b2a86d8800;  1 drivers
v0x55b2a86c9de0_0 .net "_044_", 0 0, L_0x55b2a86d8a60;  1 drivers
v0x55b2a86c9ed0_0 .net "_045_", 0 0, L_0x55b2a86d8bd0;  1 drivers
v0x55b2a86c9fc0_0 .net "_046_", 0 0, L_0x55b2a86d8eb0;  1 drivers
v0x55b2a86ca0b0_0 .net "_047_", 0 0, L_0x55b2a86d9210;  1 drivers
v0x55b2a86ca1a0_0 .net "_048_", 0 0, L_0x55b2a86d9380;  1 drivers
v0x55b2a86ca290_0 .net "_049_", 0 0, L_0x55b2a86d9660;  1 drivers
v0x55b2a86ca380_0 .net "_050_", 0 0, L_0x55b2a86d9940;  1 drivers
v0x55b2a86ca470_0 .net "_051_", 0 0, L_0x55b2a86d9ab0;  1 drivers
v0x55b2a86ca560_0 .net "_052_", 0 0, L_0x55b2a86d9dd0;  1 drivers
v0x55b2a86ca650_0 .net "_053_", 0 0, L_0x55b2a86da570;  1 drivers
v0x55b2a86ca740_0 .net "_054_", 0 0, L_0x55b2a86da720;  1 drivers
v0x55b2a86ca830_0 .net "_055_", 0 0, L_0x55b2a86daa60;  1 drivers
v0x55b2a86ca920_0 .net "_056_", 0 0, L_0x55b2a86dace0;  1 drivers
v0x55b2a86caa10_0 .net "_057_", 0 0, L_0x55b2a86dae90;  1 drivers
v0x55b2a86cab00_0 .net "_058_", 0 0, L_0x55b2a86db610;  1 drivers
v0x55b2a86caba0_0 .net "_059_", 0 0, L_0x55b2a86db950;  1 drivers
v0x55b2a86cac90_0 .net "_060_", 0 0, L_0x55b2a86cfe30;  1 drivers
v0x55b2a86cad30_0 .net "_061_", 0 0, L_0x55b2a86cfec0;  1 drivers
v0x55b2a86cadd0_0 .net "_062_", 0 0, L_0x55b2a86d0090;  1 drivers
v0x55b2a86caec0_0 .net "_063_", 0 0, L_0x55b2a86d0140;  1 drivers
v0x55b2a86cafb0_0 .net "_064_", 0 0, L_0x55b2a86d0290;  1 drivers
v0x55b2a86cb4b0_0 .net "_065_", 0 0, L_0x55b2a86d0450;  1 drivers
v0x55b2a86cb5a0_0 .net "_066_", 0 0, L_0x55b2a86d0580;  1 drivers
v0x55b2a86cb690_0 .net "_067_", 0 0, L_0x55b2a86d0700;  1 drivers
v0x55b2a86cb780_0 .net "_068_", 0 0, L_0x55b2a86d0860;  1 drivers
v0x55b2a86cb870_0 .net "_069_", 0 0, L_0x55b2a86d0a20;  1 drivers
v0x55b2a86cb960_0 .net "_070_", 0 0, L_0x55b2a86d0ba0;  1 drivers
v0x55b2a86cba50_0 .net "_071_", 0 0, L_0x55b2a86d0d70;  1 drivers
v0x55b2a86cbb40_0 .net "_072_", 0 0, L_0x55b2a86d0ef0;  1 drivers
v0x55b2a86cbc30_0 .net "_073_", 0 0, L_0x55b2a86d1080;  1 drivers
v0x55b2a86cbd20_0 .net "_074_", 0 0, L_0x55b2a86d11b0;  1 drivers
v0x55b2a86cbe10_0 .net "_075_", 0 0, L_0x55b2a86d13a0;  1 drivers
v0x55b2a86cbf00_0 .net "_076_", 0 0, L_0x55b2a86d1520;  1 drivers
v0x55b2a86cbff0_0 .net "_077_", 0 0, L_0x55b2a86d1330;  1 drivers
v0x55b2a86cc0e0_0 .net "_078_", 0 0, L_0x55b2a86d1830;  1 drivers
v0x55b2a86cc1d0_0 .net "_079_", 0 0, L_0x55b2a86d1a40;  1 drivers
v0x55b2a86cc2c0_0 .net "_080_", 0 0, L_0x55b2a86d1b80;  1 drivers
v0x55b2a86cc360_0 .net "_081_", 0 0, L_0x55b2a86d1db0;  1 drivers
v0x55b2a86cc450_0 .net "_082_", 0 0, L_0x55b2a86d1e90;  1 drivers
v0x55b2a86cc540_0 .net "_083_", 0 0, L_0x55b2a86d2060;  1 drivers
v0x55b2a86cc630_0 .net "_084_", 0 0, L_0x55b2a86d2440;  1 drivers
v0x55b2a86cc720_0 .net "_085_", 0 0, L_0x55b2a86d2560;  1 drivers
v0x55b2a86cc7c0_0 .net "_086_", 0 0, L_0x55b2a86d27a0;  1 drivers
v0x55b2a86cc860_0 .net "_087_", 0 0, L_0x55b2a86d28c0;  1 drivers
v0x55b2a86cc950_0 .net "_088_", 0 0, L_0x55b2a86d2b40;  1 drivers
v0x55b2a86cca40_0 .net "_089_", 0 0, L_0x55b2a86d2cf0;  1 drivers
v0x55b2a86ccb30_0 .net "_090_", 0 0, L_0x55b2a86d3030;  1 drivers
v0x55b2a86ccc20_0 .net "_091_", 0 0, L_0x55b2a86d32c0;  1 drivers
v0x55b2a86ccd10_0 .net "_092_", 0 0, L_0x55b2a86d3470;  1 drivers
v0x55b2a86cce00_0 .net "_093_", 0 0, L_0x55b2a86d37b0;  1 drivers
v0x55b2a86ccef0_0 .net "_094_", 0 0, L_0x55b2a86d3a30;  1 drivers
v0x55b2a86ccfe0_0 .net "_095_", 0 0, L_0x55b2a86d3be0;  1 drivers
v0x55b2a86cd0d0_0 .net "_096_", 0 0, L_0x55b2a86d3f20;  1 drivers
v0x55b2a86cd1c0_0 .net "_097_", 0 0, L_0x55b2a86d4250;  1 drivers
v0x55b2a86cd2b0_0 .net "_098_", 0 0, L_0x55b2a86d4400;  1 drivers
v0x55b2a86cd3a0_0 .net "_099_", 0 0, L_0x55b2a86d4740;  1 drivers
v0x55b2a86cd490_0 .net "_100_", 0 0, L_0x55b2a86d4920;  1 drivers
v0x55b2a86cd580_0 .net "_101_", 0 0, L_0x55b2a86d4ad0;  1 drivers
v0x55b2a86cd670_0 .net "_102_", 0 0, L_0x55b2a86d4e10;  1 drivers
v0x55b2a86cd760_0 .net "_103_", 0 0, L_0x55b2a86d5150;  1 drivers
v0x55b2a86cd850_0 .net "_104_", 0 0, L_0x55b2a86d5300;  1 drivers
v0x55b2a86cd940_0 .net "_105_", 31 0, L_0x55b2a86dfb20;  1 drivers
v0x55b2a86cda20_0 .net "_106_", 31 0, L_0x55b2a86eff10;  1 drivers
L_0x7fb28af41018 .functor BUFT 1, C4<000000000000000000000000000000>, C4<0>, C4<0>, C4<0>;
v0x55b2a86cdb00_0 .net/2u *"_s206", 29 0, L_0x7fb28af41018;  1 drivers
v0x55b2a86cdba0_0 .net *"_s208", 30 0, L_0x55b2a86efc30;  1 drivers
L_0x7fb28af41060 .functor BUFT 1, C4<000000000000000000000000000000>, C4<0>, C4<0>, C4<0>;
v0x55b2a86cdc40_0 .net/2u *"_s212", 29 0, L_0x7fb28af41060;  1 drivers
v0x55b2a86cdce0_0 .net *"_s214", 30 0, L_0x55b2a86effb0;  1 drivers
v0x55b2a86cdd80_0 .net "clk_2f", 0 0, v0x55b2a86ce8d0_0;  alias, 1 drivers
v0x55b2a86cde40_0 .net "contador0", 0 0, v0x55b2a86c6ef0_0;  1 drivers
v0x55b2a86cdf00_0 .net "contador1", 0 0, v0x55b2a86c1930_0;  1 drivers
v0x55b2a86cdfc0_0 .net "data_in", 7 0, v0x55b2a86ce970_0;  alias, 1 drivers
v0x55b2a86ce0a0_0 .net "lane_0_synth", 7 0, L_0x55b2a86dc7f0;  alias, 1 drivers
v0x55b2a86ce160_0 .net "lane_1_synth", 7 0, L_0x55b2a86dd6c0;  alias, 1 drivers
v0x55b2a86ce260_0 .net "reset", 0 0, v0x55b2a86ced50_0;  alias, 1 drivers
v0x55b2a86ce340_0 .net "valid_0_synth", 0 0, v0x55b2a86c0f60_0;  alias, 1 drivers
v0x55b2a86ce400_0 .net "valid_1_synth", 0 0, v0x55b2a86c1450_0;  alias, 1 drivers
v0x55b2a86ce4a0_0 .net "valid_in", 0 0, v0x55b2a86cf150_0;  alias, 1 drivers
L_0x55b2a86d01d0 .part L_0x55b2a86dd6c0, 0, 1;
L_0x55b2a86d0320 .part L_0x55b2a86dd6c0, 1, 1;
L_0x55b2a86d04e0 .part L_0x55b2a86dd6c0, 2, 1;
L_0x55b2a86d0610 .part L_0x55b2a86dd6c0, 3, 1;
L_0x55b2a86d0770 .part L_0x55b2a86dd6c0, 4, 1;
L_0x55b2a86d08f0 .part L_0x55b2a86dd6c0, 5, 1;
L_0x55b2a86d0ab0 .part L_0x55b2a86dd6c0, 6, 1;
L_0x55b2a86d0c30 .part L_0x55b2a86dd6c0, 7, 1;
L_0x55b2a86d0e00 .part v0x55b2a86ce970_0, 0, 1;
L_0x55b2a86d0f80 .part v0x55b2a86ce970_0, 1, 1;
L_0x55b2a86d1110 .part v0x55b2a86ce970_0, 2, 1;
L_0x55b2a86d1240 .part v0x55b2a86ce970_0, 3, 1;
L_0x55b2a86d1430 .part v0x55b2a86ce970_0, 4, 1;
L_0x55b2a86d15b0 .part v0x55b2a86ce970_0, 5, 1;
L_0x55b2a86d1740 .part v0x55b2a86ce970_0, 6, 1;
L_0x55b2a86d18c0 .part v0x55b2a86ce970_0, 7, 1;
L_0x55b2a86d2930 .part v0x55b2a86ce970_0, 0, 1;
L_0x55b2a86d30a0 .part v0x55b2a86ce970_0, 1, 1;
L_0x55b2a86d3820 .part v0x55b2a86ce970_0, 2, 1;
L_0x55b2a86d3f90 .part v0x55b2a86ce970_0, 3, 1;
L_0x55b2a86d3190 .part v0x55b2a86ce970_0, 4, 1;
L_0x55b2a86d4e80 .part v0x55b2a86ce970_0, 5, 1;
L_0x55b2a86d56b0 .part v0x55b2a86ce970_0, 6, 1;
L_0x55b2a86d6190 .part v0x55b2a86ce970_0, 7, 1;
LS_0x55b2a86d6bf0_0_0 .concat8 [ 1 1 1 1], L_0x55b2a86d2f30, L_0x55b2a86d36b0, L_0x55b2a86d3e20, L_0x55b2a86d4640;
LS_0x55b2a86d6bf0_0_4 .concat8 [ 1 1 1 1], L_0x55b2a86d4d10, L_0x55b2a86d5540, L_0x55b2a86d6040, L_0x55b2a86d6b80;
L_0x55b2a86d6bf0 .concat8 [ 4 4 0 0], LS_0x55b2a86d6bf0_0_0, LS_0x55b2a86d6bf0_0_4;
L_0x55b2a86d7250 .part L_0x55b2a86dc7f0, 0, 1;
L_0x55b2a86d79e0 .part L_0x55b2a86dc7f0, 1, 1;
L_0x55b2a86d8120 .part L_0x55b2a86dc7f0, 2, 1;
L_0x55b2a86d8870 .part L_0x55b2a86dc7f0, 3, 1;
L_0x55b2a86d8f20 .part L_0x55b2a86dc7f0, 4, 1;
L_0x55b2a86d96d0 .part L_0x55b2a86dc7f0, 5, 1;
L_0x55b2a86d9e40 .part L_0x55b2a86dc7f0, 6, 1;
L_0x55b2a86daad0 .part L_0x55b2a86dc7f0, 7, 1;
LS_0x55b2a86db160_0_0 .concat8 [ 1 1 1 1], L_0x55b2a86d7890, L_0x55b2a86d7fd0, L_0x55b2a86d8720, L_0x55b2a86d8dd0;
LS_0x55b2a86db160_0_4 .concat8 [ 1 1 1 1], L_0x55b2a86d9580, L_0x55b2a86d9cd0, L_0x55b2a86da960, L_0x55b2a86db0d0;
L_0x55b2a86db160 .concat8 [ 4 4 0 0], LS_0x55b2a86db160_0_0, LS_0x55b2a86db160_0_4;
L_0x55b2a86dbd90 .part L_0x55b2a86db160, 0, 1;
L_0x55b2a86dbe80 .part L_0x55b2a86db160, 1, 1;
L_0x55b2a86db480 .part L_0x55b2a86db160, 2, 1;
L_0x55b2a86dc0e0 .part L_0x55b2a86db160, 3, 1;
L_0x55b2a86dc2c0 .part L_0x55b2a86db160, 4, 1;
L_0x55b2a86dc360 .part L_0x55b2a86db160, 5, 1;
L_0x55b2a86dc550 .part L_0x55b2a86db160, 6, 1;
L_0x55b2a86dc5f0 .part L_0x55b2a86db160, 7, 1;
LS_0x55b2a86dc7f0_0_0 .concat8 [ 1 1 1 1], v0x55b2a86c1e00_0, v0x55b2a86c22a0_0, v0x55b2a86c2790_0, v0x55b2a86c2c80_0;
LS_0x55b2a86dc7f0_0_4 .concat8 [ 1 1 1 1], v0x55b2a86c3170_0, v0x55b2a86c3660_0, v0x55b2a86c3b50_0, v0x55b2a86c4040_0;
L_0x55b2a86dc7f0 .concat8 [ 4 4 0 0], LS_0x55b2a86dc7f0_0_0, LS_0x55b2a86dc7f0_0_4;
L_0x55b2a86dc8f0 .part L_0x55b2a86d6bf0, 0, 1;
L_0x55b2a86dcb80 .part L_0x55b2a86d6bf0, 1, 1;
L_0x55b2a86dcc20 .part L_0x55b2a86d6bf0, 2, 1;
L_0x55b2a86dce70 .part L_0x55b2a86d6bf0, 3, 1;
L_0x55b2a86dcf40 .part L_0x55b2a86d6bf0, 4, 1;
L_0x55b2a86dd1a0 .part L_0x55b2a86d6bf0, 5, 1;
L_0x55b2a86dd270 .part L_0x55b2a86d6bf0, 6, 1;
L_0x55b2a86dd5f0 .part L_0x55b2a86d6bf0, 7, 1;
LS_0x55b2a86dd6c0_0_0 .concat8 [ 1 1 1 1], v0x55b2a86c4530_0, v0x55b2a86c4a20_0, v0x55b2a86c4f10_0, v0x55b2a86c5400_0;
LS_0x55b2a86dd6c0_0_4 .concat8 [ 1 1 1 1], v0x55b2a86c5b00_0, v0x55b2a86c5ff0_0, v0x55b2a86c64e0_0, v0x55b2a86c69d0_0;
L_0x55b2a86dd6c0 .concat8 [ 4 4 0 0], LS_0x55b2a86dd6c0_0_0, LS_0x55b2a86dd6c0_0_4;
L_0x55b2a86ddb30 .part L_0x55b2a86d6bf0, 0, 1;
L_0x55b2a86ddc00 .part L_0x55b2a86d6bf0, 1, 1;
L_0x55b2a86dde90 .part L_0x55b2a86d6bf0, 2, 1;
L_0x55b2a86ddf60 .part L_0x55b2a86d6bf0, 3, 1;
L_0x55b2a86de200 .part L_0x55b2a86d6bf0, 4, 1;
L_0x55b2a86de2d0 .part L_0x55b2a86d6bf0, 5, 1;
L_0x55b2a86de580 .part L_0x55b2a86d6bf0, 6, 1;
L_0x55b2a86de650 .part L_0x55b2a86d6bf0, 7, 1;
L_0x55b2a86de910 .part L_0x55b2a86db160, 0, 1;
L_0x55b2a86de9e0 .part L_0x55b2a86db160, 1, 1;
L_0x55b2a86decb0 .part L_0x55b2a86db160, 2, 1;
L_0x55b2a86ded80 .part L_0x55b2a86db160, 3, 1;
L_0x55b2a86df060 .part L_0x55b2a86db160, 4, 1;
L_0x55b2a86df130 .part L_0x55b2a86db160, 5, 1;
L_0x55b2a86df420 .part L_0x55b2a86db160, 6, 1;
L_0x55b2a86df4f0 .part L_0x55b2a86db160, 7, 1;
L_0x55b2a86dfb20 .part/pv L_0x55b2a86efc30, 1, 31, 32;
L_0x55b2a86efc30 .concat [ 1 30 0 0], v0x55b2a86c6ef0_0, L_0x7fb28af41018;
L_0x55b2a86eff10 .part/pv L_0x55b2a86effb0, 1, 31, 32;
L_0x55b2a86effb0 .concat [ 1 30 0 0], v0x55b2a86c1930_0, L_0x7fb28af41060;
S_0x55b2a866ae80 .scope module, "_107_" "NOT" 5 163, 2 7 0, S_0x55b2a8668660;
 .timescale -9 -10;
    .port_info 0 /INPUT 1 "A"
    .port_info 1 /OUTPUT 1 "Y"
L_0x55b2a86cfe30 .functor NOT 1, v0x55b2a86cf150_0, C4<0>, C4<0>, C4<0>;
v0x55b2a869f160_0 .net "A", 0 0, v0x55b2a86cf150_0;  alias, 1 drivers
v0x55b2a869f220_0 .net "Y", 0 0, L_0x55b2a86cfe30;  alias, 1 drivers
S_0x55b2a866d6a0 .scope module, "_108_" "NOT" 5 167, 2 7 0, S_0x55b2a8668660;
 .timescale -9 -10;
    .port_info 0 /INPUT 1 "A"
    .port_info 1 /OUTPUT 1 "Y"
L_0x55b2a86cfec0 .functor NOT 1, v0x55b2a86c6ef0_0, C4<0>, C4<0>, C4<0>;
v0x55b2a869f370_0 .net "A", 0 0, v0x55b2a86c6ef0_0;  alias, 1 drivers
v0x55b2a869f450_0 .net "Y", 0 0, L_0x55b2a86cfec0;  alias, 1 drivers
S_0x55b2a866fec0 .scope module, "_109_" "NOT" 5 171, 2 7 0, S_0x55b2a8668660;
 .timescale -9 -10;
    .port_info 0 /INPUT 1 "A"
    .port_info 1 /OUTPUT 1 "Y"
L_0x55b2a86d0090 .functor NOT 1, v0x55b2a86ced50_0, C4<0>, C4<0>, C4<0>;
v0x55b2a869f600_0 .net "A", 0 0, v0x55b2a86ced50_0;  alias, 1 drivers
v0x55b2a869f6a0_0 .net "Y", 0 0, L_0x55b2a86d0090;  alias, 1 drivers
S_0x55b2a869f7a0 .scope module, "_110_" "NOT" 5 175, 2 7 0, S_0x55b2a8668660;
 .timescale -9 -10;
    .port_info 0 /INPUT 1 "A"
    .port_info 1 /OUTPUT 1 "Y"
L_0x55b2a86d0140 .functor NOT 1, L_0x55b2a86d01d0, C4<0>, C4<0>, C4<0>;
v0x55b2a869f9b0_0 .net "A", 0 0, L_0x55b2a86d01d0;  1 drivers
v0x55b2a869fa90_0 .net "Y", 0 0, L_0x55b2a86d0140;  alias, 1 drivers
S_0x55b2a869fbb0 .scope module, "_111_" "NOT" 5 179, 2 7 0, S_0x55b2a8668660;
 .timescale -9 -10;
    .port_info 0 /INPUT 1 "A"
    .port_info 1 /OUTPUT 1 "Y"
L_0x55b2a86d0290 .functor NOT 1, L_0x55b2a86d0320, C4<0>, C4<0>, C4<0>;
v0x55b2a869fe10_0 .net "A", 0 0, L_0x55b2a86d0320;  1 drivers
v0x55b2a869fef0_0 .net "Y", 0 0, L_0x55b2a86d0290;  alias, 1 drivers
S_0x55b2a86a0010 .scope module, "_112_" "NOT" 5 183, 2 7 0, S_0x55b2a8668660;
 .timescale -9 -10;
    .port_info 0 /INPUT 1 "A"
    .port_info 1 /OUTPUT 1 "Y"
L_0x55b2a86d0450 .functor NOT 1, L_0x55b2a86d04e0, C4<0>, C4<0>, C4<0>;
v0x55b2a86a0220_0 .net "A", 0 0, L_0x55b2a86d04e0;  1 drivers
v0x55b2a86a0300_0 .net "Y", 0 0, L_0x55b2a86d0450;  alias, 1 drivers
S_0x55b2a86a0420 .scope module, "_113_" "NOT" 5 187, 2 7 0, S_0x55b2a8668660;
 .timescale -9 -10;
    .port_info 0 /INPUT 1 "A"
    .port_info 1 /OUTPUT 1 "Y"
L_0x55b2a86d0580 .functor NOT 1, L_0x55b2a86d0610, C4<0>, C4<0>, C4<0>;
v0x55b2a86a0630_0 .net "A", 0 0, L_0x55b2a86d0610;  1 drivers
v0x55b2a86a0710_0 .net "Y", 0 0, L_0x55b2a86d0580;  alias, 1 drivers
S_0x55b2a86a0830 .scope module, "_114_" "NOT" 5 191, 2 7 0, S_0x55b2a8668660;
 .timescale -9 -10;
    .port_info 0 /INPUT 1 "A"
    .port_info 1 /OUTPUT 1 "Y"
L_0x55b2a86d0700 .functor NOT 1, L_0x55b2a86d0770, C4<0>, C4<0>, C4<0>;
v0x55b2a86a0a40_0 .net "A", 0 0, L_0x55b2a86d0770;  1 drivers
v0x55b2a86a0b20_0 .net "Y", 0 0, L_0x55b2a86d0700;  alias, 1 drivers
S_0x55b2a86a0c40 .scope module, "_115_" "NOT" 5 195, 2 7 0, S_0x55b2a8668660;
 .timescale -9 -10;
    .port_info 0 /INPUT 1 "A"
    .port_info 1 /OUTPUT 1 "Y"
L_0x55b2a86d0860 .functor NOT 1, L_0x55b2a86d08f0, C4<0>, C4<0>, C4<0>;
v0x55b2a86a0e50_0 .net "A", 0 0, L_0x55b2a86d08f0;  1 drivers
v0x55b2a86a0f30_0 .net "Y", 0 0, L_0x55b2a86d0860;  alias, 1 drivers
S_0x55b2a86a1050 .scope module, "_116_" "NOT" 5 199, 2 7 0, S_0x55b2a8668660;
 .timescale -9 -10;
    .port_info 0 /INPUT 1 "A"
    .port_info 1 /OUTPUT 1 "Y"
L_0x55b2a86d0a20 .functor NOT 1, L_0x55b2a86d0ab0, C4<0>, C4<0>, C4<0>;
v0x55b2a86a1210_0 .net "A", 0 0, L_0x55b2a86d0ab0;  1 drivers
v0x55b2a86a12f0_0 .net "Y", 0 0, L_0x55b2a86d0a20;  alias, 1 drivers
S_0x55b2a86a1410 .scope module, "_117_" "NOT" 5 203, 2 7 0, S_0x55b2a8668660;
 .timescale -9 -10;
    .port_info 0 /INPUT 1 "A"
    .port_info 1 /OUTPUT 1 "Y"
L_0x55b2a86d0ba0 .functor NOT 1, L_0x55b2a86d0c30, C4<0>, C4<0>, C4<0>;
v0x55b2a86a1620_0 .net "A", 0 0, L_0x55b2a86d0c30;  1 drivers
v0x55b2a86a1700_0 .net "Y", 0 0, L_0x55b2a86d0ba0;  alias, 1 drivers
S_0x55b2a86a1820 .scope module, "_118_" "NOT" 5 207, 2 7 0, S_0x55b2a8668660;
 .timescale -9 -10;
    .port_info 0 /INPUT 1 "A"
    .port_info 1 /OUTPUT 1 "Y"
L_0x55b2a86d0d70 .functor NOT 1, L_0x55b2a86d0e00, C4<0>, C4<0>, C4<0>;
v0x55b2a86a1a30_0 .net "A", 0 0, L_0x55b2a86d0e00;  1 drivers
v0x55b2a86a1b10_0 .net "Y", 0 0, L_0x55b2a86d0d70;  alias, 1 drivers
S_0x55b2a86a1c30 .scope module, "_119_" "NOT" 5 211, 2 7 0, S_0x55b2a8668660;
 .timescale -9 -10;
    .port_info 0 /INPUT 1 "A"
    .port_info 1 /OUTPUT 1 "Y"
L_0x55b2a86d0ef0 .functor NOT 1, L_0x55b2a86d0f80, C4<0>, C4<0>, C4<0>;
v0x55b2a86a1e40_0 .net "A", 0 0, L_0x55b2a86d0f80;  1 drivers
v0x55b2a86a1f20_0 .net "Y", 0 0, L_0x55b2a86d0ef0;  alias, 1 drivers
S_0x55b2a86a2040 .scope module, "_120_" "NOT" 5 215, 2 7 0, S_0x55b2a8668660;
 .timescale -9 -10;
    .port_info 0 /INPUT 1 "A"
    .port_info 1 /OUTPUT 1 "Y"
L_0x55b2a86d1080 .functor NOT 1, L_0x55b2a86d1110, C4<0>, C4<0>, C4<0>;
v0x55b2a86a2250_0 .net "A", 0 0, L_0x55b2a86d1110;  1 drivers
v0x55b2a86a2330_0 .net "Y", 0 0, L_0x55b2a86d1080;  alias, 1 drivers
S_0x55b2a86a2450 .scope module, "_121_" "NOT" 5 219, 2 7 0, S_0x55b2a8668660;
 .timescale -9 -10;
    .port_info 0 /INPUT 1 "A"
    .port_info 1 /OUTPUT 1 "Y"
L_0x55b2a86d11b0 .functor NOT 1, L_0x55b2a86d1240, C4<0>, C4<0>, C4<0>;
v0x55b2a86a2660_0 .net "A", 0 0, L_0x55b2a86d1240;  1 drivers
v0x55b2a86a2740_0 .net "Y", 0 0, L_0x55b2a86d11b0;  alias, 1 drivers
S_0x55b2a86a2860 .scope module, "_122_" "NOT" 5 223, 2 7 0, S_0x55b2a8668660;
 .timescale -9 -10;
    .port_info 0 /INPUT 1 "A"
    .port_info 1 /OUTPUT 1 "Y"
L_0x55b2a86d13a0 .functor NOT 1, L_0x55b2a86d1430, C4<0>, C4<0>, C4<0>;
v0x55b2a86a2a70_0 .net "A", 0 0, L_0x55b2a86d1430;  1 drivers
v0x55b2a86a2b50_0 .net "Y", 0 0, L_0x55b2a86d13a0;  alias, 1 drivers
S_0x55b2a86a2c70 .scope module, "_123_" "NOT" 5 227, 2 7 0, S_0x55b2a8668660;
 .timescale -9 -10;
    .port_info 0 /INPUT 1 "A"
    .port_info 1 /OUTPUT 1 "Y"
L_0x55b2a86d1520 .functor NOT 1, L_0x55b2a86d15b0, C4<0>, C4<0>, C4<0>;
v0x55b2a86a2e80_0 .net "A", 0 0, L_0x55b2a86d15b0;  1 drivers
v0x55b2a86a2f60_0 .net "Y", 0 0, L_0x55b2a86d1520;  alias, 1 drivers
S_0x55b2a86a3080 .scope module, "_124_" "NOT" 5 231, 2 7 0, S_0x55b2a8668660;
 .timescale -9 -10;
    .port_info 0 /INPUT 1 "A"
    .port_info 1 /OUTPUT 1 "Y"
L_0x55b2a86d1330 .functor NOT 1, L_0x55b2a86d1740, C4<0>, C4<0>, C4<0>;
v0x55b2a86a3290_0 .net "A", 0 0, L_0x55b2a86d1740;  1 drivers
v0x55b2a86a3370_0 .net "Y", 0 0, L_0x55b2a86d1330;  alias, 1 drivers
S_0x55b2a86a3490 .scope module, "_125_" "NOT" 5 235, 2 7 0, S_0x55b2a8668660;
 .timescale -9 -10;
    .port_info 0 /INPUT 1 "A"
    .port_info 1 /OUTPUT 1 "Y"
L_0x55b2a86d1830 .functor NOT 1, L_0x55b2a86d18c0, C4<0>, C4<0>, C4<0>;
v0x55b2a86a36a0_0 .net "A", 0 0, L_0x55b2a86d18c0;  1 drivers
v0x55b2a86a3780_0 .net "Y", 0 0, L_0x55b2a86d1830;  alias, 1 drivers
S_0x55b2a86a38a0 .scope module, "_126_" "NOT" 5 239, 2 7 0, S_0x55b2a8668660;
 .timescale -9 -10;
    .port_info 0 /INPUT 1 "A"
    .port_info 1 /OUTPUT 1 "Y"
L_0x55b2a86d1a40 .functor NOT 1, v0x55b2a86c1930_0, C4<0>, C4<0>, C4<0>;
v0x55b2a86a3ab0_0 .net "A", 0 0, v0x55b2a86c1930_0;  alias, 1 drivers
v0x55b2a86a3b90_0 .net "Y", 0 0, L_0x55b2a86d1a40;  alias, 1 drivers
S_0x55b2a86a3cb0 .scope module, "_127_" "NOR" 5 243, 2 19 0, S_0x55b2a8668660;
 .timescale -9 -10;
    .port_info 0 /INPUT 1 "A"
    .port_info 1 /INPUT 1 "B"
    .port_info 2 /OUTPUT 1 "Y"
L_0x55b2a86d1af0 .functor OR 1, L_0x55b2a86cfe30, L_0x55b2a86cfec0, C4<0>, C4<0>;
L_0x55b2a86d1b80 .functor NOT 1, L_0x55b2a86d1af0, C4<0>, C4<0>, C4<0>;
v0x55b2a86a3ed0_0 .net "A", 0 0, L_0x55b2a86cfe30;  alias, 1 drivers
v0x55b2a86a3f90_0 .net "B", 0 0, L_0x55b2a86cfec0;  alias, 1 drivers
v0x55b2a86a4060_0 .net "Y", 0 0, L_0x55b2a86d1b80;  alias, 1 drivers
v0x55b2a86a4130_0 .net *"_s0", 0 0, L_0x55b2a86d1af0;  1 drivers
S_0x55b2a86a4250 .scope module, "_128_" "NOR" 5 248, 2 19 0, S_0x55b2a8668660;
 .timescale -9 -10;
    .port_info 0 /INPUT 1 "A"
    .port_info 1 /INPUT 1 "B"
    .port_info 2 /OUTPUT 1 "Y"
L_0x55b2a86d1c10 .functor OR 1, v0x55b2a86cf150_0, v0x55b2a86c6ef0_0, C4<0>, C4<0>;
L_0x55b2a86d1db0 .functor NOT 1, L_0x55b2a86d1c10, C4<0>, C4<0>, C4<0>;
v0x55b2a86a4470_0 .net "A", 0 0, v0x55b2a86cf150_0;  alias, 1 drivers
v0x55b2a86a4580_0 .net "B", 0 0, v0x55b2a86c6ef0_0;  alias, 1 drivers
v0x55b2a86a4640_0 .net "Y", 0 0, L_0x55b2a86d1db0;  alias, 1 drivers
v0x55b2a86a4710_0 .net *"_s0", 0 0, L_0x55b2a86d1c10;  1 drivers
S_0x55b2a86a4830 .scope module, "_129_" "NOT" 5 253, 2 7 0, S_0x55b2a8668660;
 .timescale -9 -10;
    .port_info 0 /INPUT 1 "A"
    .port_info 1 /OUTPUT 1 "Y"
L_0x55b2a86d1e90 .functor NOT 1, L_0x55b2a86d1db0, C4<0>, C4<0>, C4<0>;
v0x55b2a86a4a40_0 .net "A", 0 0, L_0x55b2a86d1db0;  alias, 1 drivers
v0x55b2a86a4b30_0 .net "Y", 0 0, L_0x55b2a86d1e90;  alias, 1 drivers
S_0x55b2a86a4c30 .scope module, "_130_" "NAND" 5 257, 2 13 0, S_0x55b2a8668660;
 .timescale -9 -10;
    .port_info 0 /INPUT 1 "A"
    .port_info 1 /INPUT 1 "B"
    .port_info 2 /OUTPUT 1 "Y"
L_0x55b2a86d1f40 .functor AND 1, v0x55b2a86ced50_0, L_0x55b2a86d1e90, C4<1>, C4<1>;
L_0x55b2a86d2060 .functor NOT 1, L_0x55b2a86d1f40, C4<0>, C4<0>, C4<0>;
v0x55b2a86a4e50_0 .net "A", 0 0, v0x55b2a86ced50_0;  alias, 1 drivers
v0x55b2a86a4f60_0 .net "B", 0 0, L_0x55b2a86d1e90;  alias, 1 drivers
v0x55b2a86a5020_0 .net "Y", 0 0, L_0x55b2a86d2060;  alias, 1 drivers
v0x55b2a86a50f0_0 .net *"_s0", 0 0, L_0x55b2a86d1f40;  1 drivers
S_0x55b2a86a5210 .scope module, "_131_" "NOR" 5 262, 2 19 0, S_0x55b2a8668660;
 .timescale -9 -10;
    .port_info 0 /INPUT 1 "A"
    .port_info 1 /INPUT 1 "B"
    .port_info 2 /OUTPUT 1 "Y"
L_0x55b2a86d20f0 .functor OR 1, L_0x55b2a86d1b80, L_0x55b2a86d2060, C4<0>, C4<0>;
L_0x55b2a86d2210 .functor NOT 1, L_0x55b2a86d20f0, C4<0>, C4<0>, C4<0>;
v0x55b2a86a5430_0 .net "A", 0 0, L_0x55b2a86d1b80;  alias, 1 drivers
v0x55b2a86a5520_0 .net "B", 0 0, L_0x55b2a86d2060;  alias, 1 drivers
v0x55b2a86a55f0_0 .net "Y", 0 0, L_0x55b2a86d2210;  alias, 1 drivers
v0x55b2a86a56c0_0 .net *"_s0", 0 0, L_0x55b2a86d20f0;  1 drivers
S_0x55b2a86a57e0 .scope module, "_132_" "NOR" 5 267, 2 19 0, S_0x55b2a8668660;
 .timescale -9 -10;
    .port_info 0 /INPUT 1 "A"
    .port_info 1 /INPUT 1 "B"
    .port_info 2 /OUTPUT 1 "Y"
L_0x55b2a86d22a0 .functor OR 1, L_0x55b2a86cfe30, v0x55b2a86c1930_0, C4<0>, C4<0>;
L_0x55b2a86d2440 .functor NOT 1, L_0x55b2a86d22a0, C4<0>, C4<0>, C4<0>;
v0x55b2a86a5a00_0 .net "A", 0 0, L_0x55b2a86cfe30;  alias, 1 drivers
v0x55b2a86a5b10_0 .net "B", 0 0, v0x55b2a86c1930_0;  alias, 1 drivers
v0x55b2a86a5bd0_0 .net "Y", 0 0, L_0x55b2a86d2440;  alias, 1 drivers
v0x55b2a86a5ca0_0 .net *"_s0", 0 0, L_0x55b2a86d22a0;  1 drivers
S_0x55b2a86a5dc0 .scope module, "_133_" "NAND" 5 272, 2 13 0, S_0x55b2a8668660;
 .timescale -9 -10;
    .port_info 0 /INPUT 1 "A"
    .port_info 1 /INPUT 1 "B"
    .port_info 2 /OUTPUT 1 "Y"
L_0x55b2a86d24d0 .functor AND 1, v0x55b2a86cf150_0, L_0x55b2a86d1a40, C4<1>, C4<1>;
L_0x55b2a86d2560 .functor NOT 1, L_0x55b2a86d24d0, C4<0>, C4<0>, C4<0>;
v0x55b2a86a5fe0_0 .net "A", 0 0, v0x55b2a86cf150_0;  alias, 1 drivers
v0x55b2a86a60a0_0 .net "B", 0 0, L_0x55b2a86d1a40;  alias, 1 drivers
v0x55b2a86a6190_0 .net "Y", 0 0, L_0x55b2a86d2560;  alias, 1 drivers
v0x55b2a86a6260_0 .net *"_s0", 0 0, L_0x55b2a86d24d0;  1 drivers
S_0x55b2a86a6380 .scope module, "_134_" "NOR" 5 277, 2 19 0, S_0x55b2a8668660;
 .timescale -9 -10;
    .port_info 0 /INPUT 1 "A"
    .port_info 1 /INPUT 1 "B"
    .port_info 2 /OUTPUT 1 "Y"
L_0x55b2a86d2680 .functor OR 1, L_0x55b2a86d1b80, L_0x55b2a86d2440, C4<0>, C4<0>;
L_0x55b2a86d27a0 .functor NOT 1, L_0x55b2a86d2680, C4<0>, C4<0>, C4<0>;
v0x55b2a86a65a0_0 .net "A", 0 0, L_0x55b2a86d1b80;  alias, 1 drivers
v0x55b2a86a66b0_0 .net "B", 0 0, L_0x55b2a86d2440;  alias, 1 drivers
v0x55b2a86a6770_0 .net "Y", 0 0, L_0x55b2a86d27a0;  alias, 1 drivers
v0x55b2a86a6840_0 .net *"_s0", 0 0, L_0x55b2a86d2680;  1 drivers
S_0x55b2a86a6960 .scope module, "_135_" "NOR" 5 282, 2 19 0, S_0x55b2a8668660;
 .timescale -9 -10;
    .port_info 0 /INPUT 1 "A"
    .port_info 1 /INPUT 1 "B"
    .port_info 2 /OUTPUT 1 "Y"
L_0x55b2a86d2830 .functor OR 1, L_0x55b2a86d2930, L_0x55b2a86d27a0, C4<0>, C4<0>;
L_0x55b2a86d28c0 .functor NOT 1, L_0x55b2a86d2830, C4<0>, C4<0>, C4<0>;
v0x55b2a86a6b80_0 .net "A", 0 0, L_0x55b2a86d2930;  1 drivers
v0x55b2a86a6c60_0 .net "B", 0 0, L_0x55b2a86d27a0;  alias, 1 drivers
v0x55b2a86a6d50_0 .net "Y", 0 0, L_0x55b2a86d28c0;  alias, 1 drivers
v0x55b2a86a6e20_0 .net *"_s0", 0 0, L_0x55b2a86d2830;  1 drivers
S_0x55b2a86a6f40 .scope module, "_136_" "NAND" 5 287, 2 13 0, S_0x55b2a8668660;
 .timescale -9 -10;
    .port_info 0 /INPUT 1 "A"
    .port_info 1 /INPUT 1 "B"
    .port_info 2 /OUTPUT 1 "Y"
L_0x55b2a86d2a20 .functor AND 1, L_0x55b2a86d0140, L_0x55b2a86d27a0, C4<1>, C4<1>;
L_0x55b2a86d2b40 .functor NOT 1, L_0x55b2a86d2a20, C4<0>, C4<0>, C4<0>;
v0x55b2a86a7160_0 .net "A", 0 0, L_0x55b2a86d0140;  alias, 1 drivers
v0x55b2a86a7250_0 .net "B", 0 0, L_0x55b2a86d27a0;  alias, 1 drivers
v0x55b2a86a7340_0 .net "Y", 0 0, L_0x55b2a86d2b40;  alias, 1 drivers
v0x55b2a86a73e0_0 .net *"_s0", 0 0, L_0x55b2a86d2a20;  1 drivers
S_0x55b2a86a7520 .scope module, "_137_" "NAND" 5 292, 2 13 0, S_0x55b2a8668660;
 .timescale -9 -10;
    .port_info 0 /INPUT 1 "A"
    .port_info 1 /INPUT 1 "B"
    .port_info 2 /OUTPUT 1 "Y"
L_0x55b2a86d2bd0 .functor AND 1, v0x55b2a86ced50_0, L_0x55b2a86d2b40, C4<1>, C4<1>;
L_0x55b2a86d2cf0 .functor NOT 1, L_0x55b2a86d2bd0, C4<0>, C4<0>, C4<0>;
v0x55b2a86a7740_0 .net "A", 0 0, v0x55b2a86ced50_0;  alias, 1 drivers
v0x55b2a86a7800_0 .net "B", 0 0, L_0x55b2a86d2b40;  alias, 1 drivers
v0x55b2a86a78f0_0 .net "Y", 0 0, L_0x55b2a86d2cf0;  alias, 1 drivers
v0x55b2a86a79c0_0 .net *"_s0", 0 0, L_0x55b2a86d2bd0;  1 drivers
S_0x55b2a86a7ae0 .scope module, "_138_" "NOR" 5 297, 2 19 0, S_0x55b2a8668660;
 .timescale -9 -10;
    .port_info 0 /INPUT 1 "A"
    .port_info 1 /INPUT 1 "B"
    .port_info 2 /OUTPUT 1 "Y"
L_0x55b2a86d2d80 .functor OR 1, L_0x55b2a86d28c0, L_0x55b2a86d2cf0, C4<0>, C4<0>;
L_0x55b2a86d2f30 .functor NOT 1, L_0x55b2a86d2d80, C4<0>, C4<0>, C4<0>;
v0x55b2a86a7d00_0 .net "A", 0 0, L_0x55b2a86d28c0;  alias, 1 drivers
v0x55b2a86a7df0_0 .net "B", 0 0, L_0x55b2a86d2cf0;  alias, 1 drivers
v0x55b2a86a7ec0_0 .net "Y", 0 0, L_0x55b2a86d2f30;  1 drivers
v0x55b2a86a7f90_0 .net *"_s0", 0 0, L_0x55b2a86d2d80;  1 drivers
S_0x55b2a86a80b0 .scope module, "_139_" "NOR" 5 302, 2 19 0, S_0x55b2a8668660;
 .timescale -9 -10;
    .port_info 0 /INPUT 1 "A"
    .port_info 1 /INPUT 1 "B"
    .port_info 2 /OUTPUT 1 "Y"
L_0x55b2a86d2fc0 .functor OR 1, L_0x55b2a86d30a0, L_0x55b2a86d27a0, C4<0>, C4<0>;
L_0x55b2a86d3030 .functor NOT 1, L_0x55b2a86d2fc0, C4<0>, C4<0>, C4<0>;
v0x55b2a86a82d0_0 .net "A", 0 0, L_0x55b2a86d30a0;  1 drivers
v0x55b2a86a83b0_0 .net "B", 0 0, L_0x55b2a86d27a0;  alias, 1 drivers
v0x55b2a86a8470_0 .net "Y", 0 0, L_0x55b2a86d3030;  alias, 1 drivers
v0x55b2a86a8540_0 .net *"_s0", 0 0, L_0x55b2a86d2fc0;  1 drivers
S_0x55b2a86a8680 .scope module, "_140_" "NAND" 5 307, 2 13 0, S_0x55b2a8668660;
 .timescale -9 -10;
    .port_info 0 /INPUT 1 "A"
    .port_info 1 /INPUT 1 "B"
    .port_info 2 /OUTPUT 1 "Y"
L_0x55b2a86d3230 .functor AND 1, L_0x55b2a86d0290, L_0x55b2a86d27a0, C4<1>, C4<1>;
L_0x55b2a86d32c0 .functor NOT 1, L_0x55b2a86d3230, C4<0>, C4<0>, C4<0>;
v0x55b2a86a88a0_0 .net "A", 0 0, L_0x55b2a86d0290;  alias, 1 drivers
v0x55b2a86a8990_0 .net "B", 0 0, L_0x55b2a86d27a0;  alias, 1 drivers
v0x55b2a86a8a30_0 .net "Y", 0 0, L_0x55b2a86d32c0;  alias, 1 drivers
v0x55b2a86a8b00_0 .net *"_s0", 0 0, L_0x55b2a86d3230;  1 drivers
S_0x55b2a86a8c40 .scope module, "_141_" "NAND" 5 312, 2 13 0, S_0x55b2a8668660;
 .timescale -9 -10;
    .port_info 0 /INPUT 1 "A"
    .port_info 1 /INPUT 1 "B"
    .port_info 2 /OUTPUT 1 "Y"
L_0x55b2a86d3350 .functor AND 1, v0x55b2a86ced50_0, L_0x55b2a86d32c0, C4<1>, C4<1>;
L_0x55b2a86d3470 .functor NOT 1, L_0x55b2a86d3350, C4<0>, C4<0>, C4<0>;
v0x55b2a86a8e10_0 .net "A", 0 0, v0x55b2a86ced50_0;  alias, 1 drivers
v0x55b2a86a8ed0_0 .net "B", 0 0, L_0x55b2a86d32c0;  alias, 1 drivers
v0x55b2a86a8fc0_0 .net "Y", 0 0, L_0x55b2a86d3470;  alias, 1 drivers
v0x55b2a86a9090_0 .net *"_s0", 0 0, L_0x55b2a86d3350;  1 drivers
S_0x55b2a86a91b0 .scope module, "_142_" "NOR" 5 317, 2 19 0, S_0x55b2a8668660;
 .timescale -9 -10;
    .port_info 0 /INPUT 1 "A"
    .port_info 1 /INPUT 1 "B"
    .port_info 2 /OUTPUT 1 "Y"
L_0x55b2a86d3500 .functor OR 1, L_0x55b2a86d3030, L_0x55b2a86d3470, C4<0>, C4<0>;
L_0x55b2a86d36b0 .functor NOT 1, L_0x55b2a86d3500, C4<0>, C4<0>, C4<0>;
v0x55b2a86a9380_0 .net "A", 0 0, L_0x55b2a86d3030;  alias, 1 drivers
v0x55b2a86a9470_0 .net "B", 0 0, L_0x55b2a86d3470;  alias, 1 drivers
v0x55b2a86a9540_0 .net "Y", 0 0, L_0x55b2a86d36b0;  1 drivers
v0x55b2a86a9610_0 .net *"_s0", 0 0, L_0x55b2a86d3500;  1 drivers
S_0x55b2a86a9730 .scope module, "_143_" "NOR" 5 322, 2 19 0, S_0x55b2a8668660;
 .timescale -9 -10;
    .port_info 0 /INPUT 1 "A"
    .port_info 1 /INPUT 1 "B"
    .port_info 2 /OUTPUT 1 "Y"
L_0x55b2a86d3740 .functor OR 1, L_0x55b2a86d3820, L_0x55b2a86d27a0, C4<0>, C4<0>;
L_0x55b2a86d37b0 .functor NOT 1, L_0x55b2a86d3740, C4<0>, C4<0>, C4<0>;
v0x55b2a86a9950_0 .net "A", 0 0, L_0x55b2a86d3820;  1 drivers
v0x55b2a86a9a30_0 .net "B", 0 0, L_0x55b2a86d27a0;  alias, 1 drivers
v0x55b2a86a9af0_0 .net "Y", 0 0, L_0x55b2a86d37b0;  alias, 1 drivers
v0x55b2a86a9bc0_0 .net *"_s0", 0 0, L_0x55b2a86d3740;  1 drivers
S_0x55b2a86a9d00 .scope module, "_144_" "NAND" 5 327, 2 13 0, S_0x55b2a8668660;
 .timescale -9 -10;
    .port_info 0 /INPUT 1 "A"
    .port_info 1 /INPUT 1 "B"
    .port_info 2 /OUTPUT 1 "Y"
L_0x55b2a86d3910 .functor AND 1, L_0x55b2a86d0450, L_0x55b2a86d27a0, C4<1>, C4<1>;
L_0x55b2a86d3a30 .functor NOT 1, L_0x55b2a86d3910, C4<0>, C4<0>, C4<0>;
v0x55b2a86a9f20_0 .net "A", 0 0, L_0x55b2a86d0450;  alias, 1 drivers
v0x55b2a86aa010_0 .net "B", 0 0, L_0x55b2a86d27a0;  alias, 1 drivers
v0x55b2a86aa0b0_0 .net "Y", 0 0, L_0x55b2a86d3a30;  alias, 1 drivers
v0x55b2a86aa180_0 .net *"_s0", 0 0, L_0x55b2a86d3910;  1 drivers
S_0x55b2a86aa2c0 .scope module, "_145_" "NAND" 5 332, 2 13 0, S_0x55b2a8668660;
 .timescale -9 -10;
    .port_info 0 /INPUT 1 "A"
    .port_info 1 /INPUT 1 "B"
    .port_info 2 /OUTPUT 1 "Y"
L_0x55b2a86d3ac0 .functor AND 1, v0x55b2a86ced50_0, L_0x55b2a86d3a30, C4<1>, C4<1>;
L_0x55b2a86d3be0 .functor NOT 1, L_0x55b2a86d3ac0, C4<0>, C4<0>, C4<0>;
v0x55b2a86aa4e0_0 .net "A", 0 0, v0x55b2a86ced50_0;  alias, 1 drivers
v0x55b2a86aa5a0_0 .net "B", 0 0, L_0x55b2a86d3a30;  alias, 1 drivers
v0x55b2a86aa690_0 .net "Y", 0 0, L_0x55b2a86d3be0;  alias, 1 drivers
v0x55b2a86aa760_0 .net *"_s0", 0 0, L_0x55b2a86d3ac0;  1 drivers
S_0x55b2a86aa880 .scope module, "_146_" "NOR" 5 337, 2 19 0, S_0x55b2a8668660;
 .timescale -9 -10;
    .port_info 0 /INPUT 1 "A"
    .port_info 1 /INPUT 1 "B"
    .port_info 2 /OUTPUT 1 "Y"
L_0x55b2a86d3c70 .functor OR 1, L_0x55b2a86d37b0, L_0x55b2a86d3be0, C4<0>, C4<0>;
L_0x55b2a86d3e20 .functor NOT 1, L_0x55b2a86d3c70, C4<0>, C4<0>, C4<0>;
v0x55b2a86aaaa0_0 .net "A", 0 0, L_0x55b2a86d37b0;  alias, 1 drivers
v0x55b2a86aab90_0 .net "B", 0 0, L_0x55b2a86d3be0;  alias, 1 drivers
v0x55b2a86aac60_0 .net "Y", 0 0, L_0x55b2a86d3e20;  1 drivers
v0x55b2a86aad30_0 .net *"_s0", 0 0, L_0x55b2a86d3c70;  1 drivers
S_0x55b2a86aae50 .scope module, "_147_" "NOR" 5 342, 2 19 0, S_0x55b2a8668660;
 .timescale -9 -10;
    .port_info 0 /INPUT 1 "A"
    .port_info 1 /INPUT 1 "B"
    .port_info 2 /OUTPUT 1 "Y"
L_0x55b2a86d3eb0 .functor OR 1, L_0x55b2a86d3f90, L_0x55b2a86d27a0, C4<0>, C4<0>;
L_0x55b2a86d3f20 .functor NOT 1, L_0x55b2a86d3eb0, C4<0>, C4<0>, C4<0>;
v0x55b2a86ab070_0 .net "A", 0 0, L_0x55b2a86d3f90;  1 drivers
v0x55b2a86ab150_0 .net "B", 0 0, L_0x55b2a86d27a0;  alias, 1 drivers
v0x55b2a86ab210_0 .net "Y", 0 0, L_0x55b2a86d3f20;  alias, 1 drivers
v0x55b2a86ab2e0_0 .net *"_s0", 0 0, L_0x55b2a86d3eb0;  1 drivers
S_0x55b2a86ab420 .scope module, "_148_" "NAND" 5 347, 2 13 0, S_0x55b2a8668660;
 .timescale -9 -10;
    .port_info 0 /INPUT 1 "A"
    .port_info 1 /INPUT 1 "B"
    .port_info 2 /OUTPUT 1 "Y"
L_0x55b2a86d4130 .functor AND 1, L_0x55b2a86d0580, L_0x55b2a86d27a0, C4<1>, C4<1>;
L_0x55b2a86d4250 .functor NOT 1, L_0x55b2a86d4130, C4<0>, C4<0>, C4<0>;
v0x55b2a86ab640_0 .net "A", 0 0, L_0x55b2a86d0580;  alias, 1 drivers
v0x55b2a86ab730_0 .net "B", 0 0, L_0x55b2a86d27a0;  alias, 1 drivers
v0x55b2a86ab7d0_0 .net "Y", 0 0, L_0x55b2a86d4250;  alias, 1 drivers
v0x55b2a86ab8a0_0 .net *"_s0", 0 0, L_0x55b2a86d4130;  1 drivers
S_0x55b2a86ab9e0 .scope module, "_149_" "NAND" 5 352, 2 13 0, S_0x55b2a8668660;
 .timescale -9 -10;
    .port_info 0 /INPUT 1 "A"
    .port_info 1 /INPUT 1 "B"
    .port_info 2 /OUTPUT 1 "Y"
L_0x55b2a86d42e0 .functor AND 1, v0x55b2a86ced50_0, L_0x55b2a86d4250, C4<1>, C4<1>;
L_0x55b2a86d4400 .functor NOT 1, L_0x55b2a86d42e0, C4<0>, C4<0>, C4<0>;
v0x55b2a86abc00_0 .net "A", 0 0, v0x55b2a86ced50_0;  alias, 1 drivers
v0x55b2a86abcc0_0 .net "B", 0 0, L_0x55b2a86d4250;  alias, 1 drivers
v0x55b2a86abdb0_0 .net "Y", 0 0, L_0x55b2a86d4400;  alias, 1 drivers
v0x55b2a86abe80_0 .net *"_s0", 0 0, L_0x55b2a86d42e0;  1 drivers
S_0x55b2a86abfa0 .scope module, "_150_" "NOR" 5 357, 2 19 0, S_0x55b2a8668660;
 .timescale -9 -10;
    .port_info 0 /INPUT 1 "A"
    .port_info 1 /INPUT 1 "B"
    .port_info 2 /OUTPUT 1 "Y"
L_0x55b2a86d4490 .functor OR 1, L_0x55b2a86d3f20, L_0x55b2a86d4400, C4<0>, C4<0>;
L_0x55b2a86d4640 .functor NOT 1, L_0x55b2a86d4490, C4<0>, C4<0>, C4<0>;
v0x55b2a86ac1c0_0 .net "A", 0 0, L_0x55b2a86d3f20;  alias, 1 drivers
v0x55b2a86ac2b0_0 .net "B", 0 0, L_0x55b2a86d4400;  alias, 1 drivers
v0x55b2a86ac380_0 .net "Y", 0 0, L_0x55b2a86d4640;  1 drivers
v0x55b2a86ac450_0 .net *"_s0", 0 0, L_0x55b2a86d4490;  1 drivers
S_0x55b2a86ac570 .scope module, "_151_" "NOR" 5 362, 2 19 0, S_0x55b2a8668660;
 .timescale -9 -10;
    .port_info 0 /INPUT 1 "A"
    .port_info 1 /INPUT 1 "B"
    .port_info 2 /OUTPUT 1 "Y"
L_0x55b2a86d46d0 .functor OR 1, L_0x55b2a86d3190, L_0x55b2a86d27a0, C4<0>, C4<0>;
L_0x55b2a86d4740 .functor NOT 1, L_0x55b2a86d46d0, C4<0>, C4<0>, C4<0>;
v0x55b2a86ac790_0 .net "A", 0 0, L_0x55b2a86d3190;  1 drivers
v0x55b2a86ac870_0 .net "B", 0 0, L_0x55b2a86d27a0;  alias, 1 drivers
v0x55b2a86ac930_0 .net "Y", 0 0, L_0x55b2a86d4740;  alias, 1 drivers
v0x55b2a86aca00_0 .net *"_s0", 0 0, L_0x55b2a86d46d0;  1 drivers
S_0x55b2a86acb40 .scope module, "_152_" "NAND" 5 367, 2 13 0, S_0x55b2a8668660;
 .timescale -9 -10;
    .port_info 0 /INPUT 1 "A"
    .port_info 1 /INPUT 1 "B"
    .port_info 2 /OUTPUT 1 "Y"
L_0x55b2a86d4800 .functor AND 1, L_0x55b2a86d0700, L_0x55b2a86d27a0, C4<1>, C4<1>;
L_0x55b2a86d4920 .functor NOT 1, L_0x55b2a86d4800, C4<0>, C4<0>, C4<0>;
v0x55b2a86acd60_0 .net "A", 0 0, L_0x55b2a86d0700;  alias, 1 drivers
v0x55b2a86ace50_0 .net "B", 0 0, L_0x55b2a86d27a0;  alias, 1 drivers
v0x55b2a86acef0_0 .net "Y", 0 0, L_0x55b2a86d4920;  alias, 1 drivers
v0x55b2a86acfc0_0 .net *"_s0", 0 0, L_0x55b2a86d4800;  1 drivers
S_0x55b2a86ad100 .scope module, "_153_" "NAND" 5 372, 2 13 0, S_0x55b2a8668660;
 .timescale -9 -10;
    .port_info 0 /INPUT 1 "A"
    .port_info 1 /INPUT 1 "B"
    .port_info 2 /OUTPUT 1 "Y"
L_0x55b2a86d49b0 .functor AND 1, v0x55b2a86ced50_0, L_0x55b2a86d4920, C4<1>, C4<1>;
L_0x55b2a86d4ad0 .functor NOT 1, L_0x55b2a86d49b0, C4<0>, C4<0>, C4<0>;
v0x55b2a86ad320_0 .net "A", 0 0, v0x55b2a86ced50_0;  alias, 1 drivers
v0x55b2a86ad3e0_0 .net "B", 0 0, L_0x55b2a86d4920;  alias, 1 drivers
v0x55b2a86ad4d0_0 .net "Y", 0 0, L_0x55b2a86d4ad0;  alias, 1 drivers
v0x55b2a86ad5a0_0 .net *"_s0", 0 0, L_0x55b2a86d49b0;  1 drivers
S_0x55b2a86ad6c0 .scope module, "_154_" "NOR" 5 377, 2 19 0, S_0x55b2a8668660;
 .timescale -9 -10;
    .port_info 0 /INPUT 1 "A"
    .port_info 1 /INPUT 1 "B"
    .port_info 2 /OUTPUT 1 "Y"
L_0x55b2a86d4b60 .functor OR 1, L_0x55b2a86d4740, L_0x55b2a86d4ad0, C4<0>, C4<0>;
L_0x55b2a86d4d10 .functor NOT 1, L_0x55b2a86d4b60, C4<0>, C4<0>, C4<0>;
v0x55b2a86ad8e0_0 .net "A", 0 0, L_0x55b2a86d4740;  alias, 1 drivers
v0x55b2a86ad9d0_0 .net "B", 0 0, L_0x55b2a86d4ad0;  alias, 1 drivers
v0x55b2a86adaa0_0 .net "Y", 0 0, L_0x55b2a86d4d10;  1 drivers
v0x55b2a86adb70_0 .net *"_s0", 0 0, L_0x55b2a86d4b60;  1 drivers
S_0x55b2a86adc90 .scope module, "_155_" "NOR" 5 382, 2 19 0, S_0x55b2a8668660;
 .timescale -9 -10;
    .port_info 0 /INPUT 1 "A"
    .port_info 1 /INPUT 1 "B"
    .port_info 2 /OUTPUT 1 "Y"
L_0x55b2a86d4da0 .functor OR 1, L_0x55b2a86d4e80, L_0x55b2a86d27a0, C4<0>, C4<0>;
L_0x55b2a86d4e10 .functor NOT 1, L_0x55b2a86d4da0, C4<0>, C4<0>, C4<0>;
v0x55b2a86adeb0_0 .net "A", 0 0, L_0x55b2a86d4e80;  1 drivers
v0x55b2a86adf90_0 .net "B", 0 0, L_0x55b2a86d27a0;  alias, 1 drivers
v0x55b2a86ae050_0 .net "Y", 0 0, L_0x55b2a86d4e10;  alias, 1 drivers
v0x55b2a86ae120_0 .net *"_s0", 0 0, L_0x55b2a86d4da0;  1 drivers
S_0x55b2a86ae260 .scope module, "_156_" "NAND" 5 387, 2 13 0, S_0x55b2a8668660;
 .timescale -9 -10;
    .port_info 0 /INPUT 1 "A"
    .port_info 1 /INPUT 1 "B"
    .port_info 2 /OUTPUT 1 "Y"
L_0x55b2a86d5030 .functor AND 1, L_0x55b2a86d0860, L_0x55b2a86d27a0, C4<1>, C4<1>;
L_0x55b2a86d5150 .functor NOT 1, L_0x55b2a86d5030, C4<0>, C4<0>, C4<0>;
v0x55b2a86ae480_0 .net "A", 0 0, L_0x55b2a86d0860;  alias, 1 drivers
v0x55b2a86ae570_0 .net "B", 0 0, L_0x55b2a86d27a0;  alias, 1 drivers
v0x55b2a86ae610_0 .net "Y", 0 0, L_0x55b2a86d5150;  alias, 1 drivers
v0x55b2a86ae6e0_0 .net *"_s0", 0 0, L_0x55b2a86d5030;  1 drivers
S_0x55b2a86ae820 .scope module, "_157_" "NAND" 5 392, 2 13 0, S_0x55b2a8668660;
 .timescale -9 -10;
    .port_info 0 /INPUT 1 "A"
    .port_info 1 /INPUT 1 "B"
    .port_info 2 /OUTPUT 1 "Y"
L_0x55b2a86d51e0 .functor AND 1, v0x55b2a86ced50_0, L_0x55b2a86d5150, C4<1>, C4<1>;
L_0x55b2a86d5300 .functor NOT 1, L_0x55b2a86d51e0, C4<0>, C4<0>, C4<0>;
v0x55b2a86aea40_0 .net "A", 0 0, v0x55b2a86ced50_0;  alias, 1 drivers
v0x55b2a86aeb00_0 .net "B", 0 0, L_0x55b2a86d5150;  alias, 1 drivers
v0x55b2a86aebf0_0 .net "Y", 0 0, L_0x55b2a86d5300;  alias, 1 drivers
v0x55b2a86aecc0_0 .net *"_s0", 0 0, L_0x55b2a86d51e0;  1 drivers
S_0x55b2a86aede0 .scope module, "_158_" "NOR" 5 397, 2 19 0, S_0x55b2a8668660;
 .timescale -9 -10;
    .port_info 0 /INPUT 1 "A"
    .port_info 1 /INPUT 1 "B"
    .port_info 2 /OUTPUT 1 "Y"
L_0x55b2a86d5390 .functor OR 1, L_0x55b2a86d4e10, L_0x55b2a86d5300, C4<0>, C4<0>;
L_0x55b2a86d5540 .functor NOT 1, L_0x55b2a86d5390, C4<0>, C4<0>, C4<0>;
v0x55b2a86af000_0 .net "A", 0 0, L_0x55b2a86d4e10;  alias, 1 drivers
v0x55b2a86af0f0_0 .net "B", 0 0, L_0x55b2a86d5300;  alias, 1 drivers
v0x55b2a86af1c0_0 .net "Y", 0 0, L_0x55b2a86d5540;  1 drivers
v0x55b2a86af290_0 .net *"_s0", 0 0, L_0x55b2a86d5390;  1 drivers
S_0x55b2a86af3b0 .scope module, "_159_" "NOR" 5 402, 2 19 0, S_0x55b2a8668660;
 .timescale -9 -10;
    .port_info 0 /INPUT 1 "A"
    .port_info 1 /INPUT 1 "B"
    .port_info 2 /OUTPUT 1 "Y"
L_0x55b2a86d55d0 .functor OR 1, L_0x55b2a86d56b0, L_0x55b2a86d27a0, C4<0>, C4<0>;
L_0x55b2a86d5640 .functor NOT 1, L_0x55b2a86d55d0, C4<0>, C4<0>, C4<0>;
v0x55b2a86af5d0_0 .net "A", 0 0, L_0x55b2a86d56b0;  1 drivers
v0x55b2a86af6b0_0 .net "B", 0 0, L_0x55b2a86d27a0;  alias, 1 drivers
v0x55b2a86af770_0 .net "Y", 0 0, L_0x55b2a86d5640;  alias, 1 drivers
v0x55b2a86af840_0 .net *"_s0", 0 0, L_0x55b2a86d55d0;  1 drivers
S_0x55b2a86af980 .scope module, "_160_" "NAND" 5 407, 2 13 0, S_0x55b2a8668660;
 .timescale -9 -10;
    .port_info 0 /INPUT 1 "A"
    .port_info 1 /INPUT 1 "B"
    .port_info 2 /OUTPUT 1 "Y"
L_0x55b2a86d57a0 .functor AND 1, L_0x55b2a86d0a20, L_0x55b2a86d27a0, C4<1>, C4<1>;
L_0x55b2a86d5cd0 .functor NOT 1, L_0x55b2a86d57a0, C4<0>, C4<0>, C4<0>;
v0x55b2a86afba0_0 .net "A", 0 0, L_0x55b2a86d0a20;  alias, 1 drivers
v0x55b2a86afc90_0 .net "B", 0 0, L_0x55b2a86d27a0;  alias, 1 drivers
v0x55b2a86afd30_0 .net "Y", 0 0, L_0x55b2a86d5cd0;  alias, 1 drivers
v0x55b2a86afe00_0 .net *"_s0", 0 0, L_0x55b2a86d57a0;  1 drivers
S_0x55b2a86aff40 .scope module, "_161_" "NAND" 5 412, 2 13 0, S_0x55b2a8668660;
 .timescale -9 -10;
    .port_info 0 /INPUT 1 "A"
    .port_info 1 /INPUT 1 "B"
    .port_info 2 /OUTPUT 1 "Y"
L_0x55b2a86d5d40 .functor AND 1, v0x55b2a86ced50_0, L_0x55b2a86d5cd0, C4<1>, C4<1>;
L_0x55b2a86d5e40 .functor NOT 1, L_0x55b2a86d5d40, C4<0>, C4<0>, C4<0>;
v0x55b2a86b0160_0 .net "A", 0 0, v0x55b2a86ced50_0;  alias, 1 drivers
v0x55b2a86b0220_0 .net "B", 0 0, L_0x55b2a86d5cd0;  alias, 1 drivers
v0x55b2a86b0310_0 .net "Y", 0 0, L_0x55b2a86d5e40;  alias, 1 drivers
v0x55b2a86b03e0_0 .net *"_s0", 0 0, L_0x55b2a86d5d40;  1 drivers
S_0x55b2a86b0500 .scope module, "_162_" "NOR" 5 417, 2 19 0, S_0x55b2a8668660;
 .timescale -9 -10;
    .port_info 0 /INPUT 1 "A"
    .port_info 1 /INPUT 1 "B"
    .port_info 2 /OUTPUT 1 "Y"
L_0x55b2a86d5eb0 .functor OR 1, L_0x55b2a86d5640, L_0x55b2a86d5e40, C4<0>, C4<0>;
L_0x55b2a86d6040 .functor NOT 1, L_0x55b2a86d5eb0, C4<0>, C4<0>, C4<0>;
v0x55b2a86b0720_0 .net "A", 0 0, L_0x55b2a86d5640;  alias, 1 drivers
v0x55b2a86b0810_0 .net "B", 0 0, L_0x55b2a86d5e40;  alias, 1 drivers
v0x55b2a86b08e0_0 .net "Y", 0 0, L_0x55b2a86d6040;  1 drivers
v0x55b2a86b09b0_0 .net *"_s0", 0 0, L_0x55b2a86d5eb0;  1 drivers
S_0x55b2a86b0ad0 .scope module, "_163_" "NOR" 5 422, 2 19 0, S_0x55b2a8668660;
 .timescale -9 -10;
    .port_info 0 /INPUT 1 "A"
    .port_info 1 /INPUT 1 "B"
    .port_info 2 /OUTPUT 1 "Y"
L_0x55b2a86d60b0 .functor OR 1, L_0x55b2a86d6190, L_0x55b2a86d27a0, C4<0>, C4<0>;
L_0x55b2a86d6120 .functor NOT 1, L_0x55b2a86d60b0, C4<0>, C4<0>, C4<0>;
v0x55b2a86b0cf0_0 .net "A", 0 0, L_0x55b2a86d6190;  1 drivers
v0x55b2a86b0dd0_0 .net "B", 0 0, L_0x55b2a86d27a0;  alias, 1 drivers
v0x55b2a86b0e90_0 .net "Y", 0 0, L_0x55b2a86d6120;  alias, 1 drivers
v0x55b2a86b0f60_0 .net *"_s0", 0 0, L_0x55b2a86d60b0;  1 drivers
S_0x55b2a86b10a0 .scope module, "_164_" "NAND" 5 427, 2 13 0, S_0x55b2a8668660;
 .timescale -9 -10;
    .port_info 0 /INPUT 1 "A"
    .port_info 1 /INPUT 1 "B"
    .port_info 2 /OUTPUT 1 "Y"
L_0x55b2a86d6300 .functor AND 1, L_0x55b2a86d0ba0, L_0x55b2a86d27a0, C4<1>, C4<1>;
L_0x55b2a86d6400 .functor NOT 1, L_0x55b2a86d6300, C4<0>, C4<0>, C4<0>;
v0x55b2a86b12c0_0 .net "A", 0 0, L_0x55b2a86d0ba0;  alias, 1 drivers
v0x55b2a86b13b0_0 .net "B", 0 0, L_0x55b2a86d27a0;  alias, 1 drivers
v0x55b2a86b1660_0 .net "Y", 0 0, L_0x55b2a86d6400;  alias, 1 drivers
v0x55b2a86b1730_0 .net *"_s0", 0 0, L_0x55b2a86d6300;  1 drivers
S_0x55b2a86b1870 .scope module, "_165_" "NAND" 5 432, 2 13 0, S_0x55b2a8668660;
 .timescale -9 -10;
    .port_info 0 /INPUT 1 "A"
    .port_info 1 /INPUT 1 "B"
    .port_info 2 /OUTPUT 1 "Y"
L_0x55b2a86d6470 .functor AND 1, v0x55b2a86ced50_0, L_0x55b2a86d6400, C4<1>, C4<1>;
L_0x55b2a86d6980 .functor NOT 1, L_0x55b2a86d6470, C4<0>, C4<0>, C4<0>;
v0x55b2a86b1a90_0 .net "A", 0 0, v0x55b2a86ced50_0;  alias, 1 drivers
v0x55b2a86b1b50_0 .net "B", 0 0, L_0x55b2a86d6400;  alias, 1 drivers
v0x55b2a86b1c40_0 .net "Y", 0 0, L_0x55b2a86d6980;  alias, 1 drivers
v0x55b2a86b1d10_0 .net *"_s0", 0 0, L_0x55b2a86d6470;  1 drivers
S_0x55b2a86b1e30 .scope module, "_166_" "NOR" 5 437, 2 19 0, S_0x55b2a8668660;
 .timescale -9 -10;
    .port_info 0 /INPUT 1 "A"
    .port_info 1 /INPUT 1 "B"
    .port_info 2 /OUTPUT 1 "Y"
L_0x55b2a86d69f0 .functor OR 1, L_0x55b2a86d6120, L_0x55b2a86d6980, C4<0>, C4<0>;
L_0x55b2a86d6b80 .functor NOT 1, L_0x55b2a86d69f0, C4<0>, C4<0>, C4<0>;
v0x55b2a86b2050_0 .net "A", 0 0, L_0x55b2a86d6120;  alias, 1 drivers
v0x55b2a86b2140_0 .net "B", 0 0, L_0x55b2a86d6980;  alias, 1 drivers
v0x55b2a86b2210_0 .net "Y", 0 0, L_0x55b2a86d6b80;  1 drivers
v0x55b2a86b22e0_0 .net *"_s0", 0 0, L_0x55b2a86d69f0;  1 drivers
S_0x55b2a86b2400 .scope module, "_167_" "NOR" 5 442, 2 19 0, S_0x55b2a8668660;
 .timescale -9 -10;
    .port_info 0 /INPUT 1 "A"
    .port_info 1 /INPUT 1 "B"
    .port_info 2 /OUTPUT 1 "Y"
L_0x55b2a86d6f10 .functor OR 1, L_0x55b2a86cfec0, v0x55b2a86c1930_0, C4<0>, C4<0>;
L_0x55b2a86d6f80 .functor NOT 1, L_0x55b2a86d6f10, C4<0>, C4<0>, C4<0>;
v0x55b2a86b2620_0 .net "A", 0 0, L_0x55b2a86cfec0;  alias, 1 drivers
v0x55b2a86b2730_0 .net "B", 0 0, v0x55b2a86c1930_0;  alias, 1 drivers
v0x55b2a86b2840_0 .net "Y", 0 0, L_0x55b2a86d6f80;  alias, 1 drivers
v0x55b2a86b28e0_0 .net *"_s0", 0 0, L_0x55b2a86d6f10;  1 drivers
S_0x55b2a86b2a20 .scope module, "_168_" "NOR" 5 447, 2 19 0, S_0x55b2a8668660;
 .timescale -9 -10;
    .port_info 0 /INPUT 1 "A"
    .port_info 1 /INPUT 1 "B"
    .port_info 2 /OUTPUT 1 "Y"
L_0x55b2a86d7040 .functor OR 1, L_0x55b2a86cfe30, L_0x55b2a86d6f80, C4<0>, C4<0>;
L_0x55b2a86d70b0 .functor NOT 1, L_0x55b2a86d7040, C4<0>, C4<0>, C4<0>;
v0x55b2a86b2c40_0 .net "A", 0 0, L_0x55b2a86cfe30;  alias, 1 drivers
v0x55b2a86b2d00_0 .net "B", 0 0, L_0x55b2a86d6f80;  alias, 1 drivers
v0x55b2a86b2dc0_0 .net "Y", 0 0, L_0x55b2a86d70b0;  alias, 1 drivers
v0x55b2a86b2e90_0 .net *"_s0", 0 0, L_0x55b2a86d7040;  1 drivers
S_0x55b2a86b2fb0 .scope module, "_169_" "NOR" 5 452, 2 19 0, S_0x55b2a8668660;
 .timescale -9 -10;
    .port_info 0 /INPUT 1 "A"
    .port_info 1 /INPUT 1 "B"
    .port_info 2 /OUTPUT 1 "Y"
L_0x55b2a86d7120 .functor OR 1, L_0x55b2a86d7250, L_0x55b2a86d70b0, C4<0>, C4<0>;
L_0x55b2a86d7190 .functor NOT 1, L_0x55b2a86d7120, C4<0>, C4<0>, C4<0>;
v0x55b2a86b31d0_0 .net "A", 0 0, L_0x55b2a86d7250;  1 drivers
v0x55b2a86b32b0_0 .net "B", 0 0, L_0x55b2a86d70b0;  alias, 1 drivers
v0x55b2a86b33a0_0 .net "Y", 0 0, L_0x55b2a86d7190;  alias, 1 drivers
v0x55b2a86b3470_0 .net *"_s0", 0 0, L_0x55b2a86d7120;  1 drivers
S_0x55b2a86b3590 .scope module, "_170_" "NAND" 5 457, 2 13 0, S_0x55b2a8668660;
 .timescale -9 -10;
    .port_info 0 /INPUT 1 "A"
    .port_info 1 /INPUT 1 "B"
    .port_info 2 /OUTPUT 1 "Y"
L_0x55b2a86d7420 .functor AND 1, L_0x55b2a86d0d70, L_0x55b2a86d70b0, C4<1>, C4<1>;
L_0x55b2a86d7520 .functor NOT 1, L_0x55b2a86d7420, C4<0>, C4<0>, C4<0>;
v0x55b2a86b37b0_0 .net "A", 0 0, L_0x55b2a86d0d70;  alias, 1 drivers
v0x55b2a86b38a0_0 .net "B", 0 0, L_0x55b2a86d70b0;  alias, 1 drivers
v0x55b2a86b3990_0 .net "Y", 0 0, L_0x55b2a86d7520;  alias, 1 drivers
v0x55b2a86b3a30_0 .net *"_s0", 0 0, L_0x55b2a86d7420;  1 drivers
S_0x55b2a86b3b70 .scope module, "_171_" "NAND" 5 462, 2 13 0, S_0x55b2a8668660;
 .timescale -9 -10;
    .port_info 0 /INPUT 1 "A"
    .port_info 1 /INPUT 1 "B"
    .port_info 2 /OUTPUT 1 "Y"
L_0x55b2a86d7590 .functor AND 1, v0x55b2a86ced50_0, L_0x55b2a86d7520, C4<1>, C4<1>;
L_0x55b2a86d7690 .functor NOT 1, L_0x55b2a86d7590, C4<0>, C4<0>, C4<0>;
v0x55b2a86b41a0_0 .net "A", 0 0, v0x55b2a86ced50_0;  alias, 1 drivers
v0x55b2a86b4260_0 .net "B", 0 0, L_0x55b2a86d7520;  alias, 1 drivers
v0x55b2a86b4350_0 .net "Y", 0 0, L_0x55b2a86d7690;  alias, 1 drivers
v0x55b2a86b4420_0 .net *"_s0", 0 0, L_0x55b2a86d7590;  1 drivers
S_0x55b2a86b4540 .scope module, "_172_" "NOR" 5 467, 2 19 0, S_0x55b2a8668660;
 .timescale -9 -10;
    .port_info 0 /INPUT 1 "A"
    .port_info 1 /INPUT 1 "B"
    .port_info 2 /OUTPUT 1 "Y"
L_0x55b2a86d7700 .functor OR 1, L_0x55b2a86d7190, L_0x55b2a86d7690, C4<0>, C4<0>;
L_0x55b2a86d7890 .functor NOT 1, L_0x55b2a86d7700, C4<0>, C4<0>, C4<0>;
v0x55b2a86b4760_0 .net "A", 0 0, L_0x55b2a86d7190;  alias, 1 drivers
v0x55b2a86b4850_0 .net "B", 0 0, L_0x55b2a86d7690;  alias, 1 drivers
v0x55b2a86b4920_0 .net "Y", 0 0, L_0x55b2a86d7890;  1 drivers
v0x55b2a86b49f0_0 .net *"_s0", 0 0, L_0x55b2a86d7700;  1 drivers
S_0x55b2a86b4b10 .scope module, "_173_" "NOR" 5 472, 2 19 0, S_0x55b2a8668660;
 .timescale -9 -10;
    .port_info 0 /INPUT 1 "A"
    .port_info 1 /INPUT 1 "B"
    .port_info 2 /OUTPUT 1 "Y"
L_0x55b2a86d7900 .functor OR 1, L_0x55b2a86d79e0, L_0x55b2a86d70b0, C4<0>, C4<0>;
L_0x55b2a86d7970 .functor NOT 1, L_0x55b2a86d7900, C4<0>, C4<0>, C4<0>;
v0x55b2a86b4d30_0 .net "A", 0 0, L_0x55b2a86d79e0;  1 drivers
v0x55b2a86b4e10_0 .net "B", 0 0, L_0x55b2a86d70b0;  alias, 1 drivers
v0x55b2a86b4ed0_0 .net "Y", 0 0, L_0x55b2a86d7970;  alias, 1 drivers
v0x55b2a86b4fa0_0 .net *"_s0", 0 0, L_0x55b2a86d7900;  1 drivers
S_0x55b2a86b50e0 .scope module, "_174_" "NAND" 5 477, 2 13 0, S_0x55b2a8668660;
 .timescale -9 -10;
    .port_info 0 /INPUT 1 "A"
    .port_info 1 /INPUT 1 "B"
    .port_info 2 /OUTPUT 1 "Y"
L_0x55b2a86d7b60 .functor AND 1, L_0x55b2a86d0ef0, L_0x55b2a86d70b0, C4<1>, C4<1>;
L_0x55b2a86d7c60 .functor NOT 1, L_0x55b2a86d7b60, C4<0>, C4<0>, C4<0>;
v0x55b2a86b5300_0 .net "A", 0 0, L_0x55b2a86d0ef0;  alias, 1 drivers
v0x55b2a86b53f0_0 .net "B", 0 0, L_0x55b2a86d70b0;  alias, 1 drivers
v0x55b2a86b5490_0 .net "Y", 0 0, L_0x55b2a86d7c60;  alias, 1 drivers
v0x55b2a86b5560_0 .net *"_s0", 0 0, L_0x55b2a86d7b60;  1 drivers
S_0x55b2a86b56a0 .scope module, "_175_" "NAND" 5 482, 2 13 0, S_0x55b2a8668660;
 .timescale -9 -10;
    .port_info 0 /INPUT 1 "A"
    .port_info 1 /INPUT 1 "B"
    .port_info 2 /OUTPUT 1 "Y"
L_0x55b2a86d7cd0 .functor AND 1, v0x55b2a86ced50_0, L_0x55b2a86d7c60, C4<1>, C4<1>;
L_0x55b2a86d7dd0 .functor NOT 1, L_0x55b2a86d7cd0, C4<0>, C4<0>, C4<0>;
v0x55b2a86b5870_0 .net "A", 0 0, v0x55b2a86ced50_0;  alias, 1 drivers
v0x55b2a86b5930_0 .net "B", 0 0, L_0x55b2a86d7c60;  alias, 1 drivers
v0x55b2a86b5a20_0 .net "Y", 0 0, L_0x55b2a86d7dd0;  alias, 1 drivers
v0x55b2a86b5af0_0 .net *"_s0", 0 0, L_0x55b2a86d7cd0;  1 drivers
S_0x55b2a86b5c10 .scope module, "_176_" "NOR" 5 487, 2 19 0, S_0x55b2a8668660;
 .timescale -9 -10;
    .port_info 0 /INPUT 1 "A"
    .port_info 1 /INPUT 1 "B"
    .port_info 2 /OUTPUT 1 "Y"
L_0x55b2a86d7e40 .functor OR 1, L_0x55b2a86d7970, L_0x55b2a86d7dd0, C4<0>, C4<0>;
L_0x55b2a86d7fd0 .functor NOT 1, L_0x55b2a86d7e40, C4<0>, C4<0>, C4<0>;
v0x55b2a86b5e30_0 .net "A", 0 0, L_0x55b2a86d7970;  alias, 1 drivers
v0x55b2a86b5f20_0 .net "B", 0 0, L_0x55b2a86d7dd0;  alias, 1 drivers
v0x55b2a86b5ff0_0 .net "Y", 0 0, L_0x55b2a86d7fd0;  1 drivers
v0x55b2a86b60c0_0 .net *"_s0", 0 0, L_0x55b2a86d7e40;  1 drivers
S_0x55b2a86b61e0 .scope module, "_177_" "NOR" 5 492, 2 19 0, S_0x55b2a8668660;
 .timescale -9 -10;
    .port_info 0 /INPUT 1 "A"
    .port_info 1 /INPUT 1 "B"
    .port_info 2 /OUTPUT 1 "Y"
L_0x55b2a86d8040 .functor OR 1, L_0x55b2a86d8120, L_0x55b2a86d70b0, C4<0>, C4<0>;
L_0x55b2a86d80b0 .functor NOT 1, L_0x55b2a86d8040, C4<0>, C4<0>, C4<0>;
v0x55b2a86b6400_0 .net "A", 0 0, L_0x55b2a86d8120;  1 drivers
v0x55b2a86b64e0_0 .net "B", 0 0, L_0x55b2a86d70b0;  alias, 1 drivers
v0x55b2a86b65a0_0 .net "Y", 0 0, L_0x55b2a86d80b0;  alias, 1 drivers
v0x55b2a86b6670_0 .net *"_s0", 0 0, L_0x55b2a86d8040;  1 drivers
S_0x55b2a86b67b0 .scope module, "_178_" "NAND" 5 497, 2 13 0, S_0x55b2a8668660;
 .timescale -9 -10;
    .port_info 0 /INPUT 1 "A"
    .port_info 1 /INPUT 1 "B"
    .port_info 2 /OUTPUT 1 "Y"
L_0x55b2a86d82b0 .functor AND 1, L_0x55b2a86d1080, L_0x55b2a86d70b0, C4<1>, C4<1>;
L_0x55b2a86d83b0 .functor NOT 1, L_0x55b2a86d82b0, C4<0>, C4<0>, C4<0>;
v0x55b2a86b69d0_0 .net "A", 0 0, L_0x55b2a86d1080;  alias, 1 drivers
v0x55b2a86b6ac0_0 .net "B", 0 0, L_0x55b2a86d70b0;  alias, 1 drivers
v0x55b2a86b6b60_0 .net "Y", 0 0, L_0x55b2a86d83b0;  alias, 1 drivers
v0x55b2a86b6c30_0 .net *"_s0", 0 0, L_0x55b2a86d82b0;  1 drivers
S_0x55b2a86b6d70 .scope module, "_179_" "NAND" 5 502, 2 13 0, S_0x55b2a8668660;
 .timescale -9 -10;
    .port_info 0 /INPUT 1 "A"
    .port_info 1 /INPUT 1 "B"
    .port_info 2 /OUTPUT 1 "Y"
L_0x55b2a86d8420 .functor AND 1, v0x55b2a86ced50_0, L_0x55b2a86d83b0, C4<1>, C4<1>;
L_0x55b2a86d8520 .functor NOT 1, L_0x55b2a86d8420, C4<0>, C4<0>, C4<0>;
v0x55b2a86b6f90_0 .net "A", 0 0, v0x55b2a86ced50_0;  alias, 1 drivers
v0x55b2a86b7050_0 .net "B", 0 0, L_0x55b2a86d83b0;  alias, 1 drivers
v0x55b2a86b7140_0 .net "Y", 0 0, L_0x55b2a86d8520;  alias, 1 drivers
v0x55b2a86b7210_0 .net *"_s0", 0 0, L_0x55b2a86d8420;  1 drivers
S_0x55b2a86b7330 .scope module, "_180_" "NOR" 5 507, 2 19 0, S_0x55b2a8668660;
 .timescale -9 -10;
    .port_info 0 /INPUT 1 "A"
    .port_info 1 /INPUT 1 "B"
    .port_info 2 /OUTPUT 1 "Y"
L_0x55b2a86d8590 .functor OR 1, L_0x55b2a86d80b0, L_0x55b2a86d8520, C4<0>, C4<0>;
L_0x55b2a86d8720 .functor NOT 1, L_0x55b2a86d8590, C4<0>, C4<0>, C4<0>;
v0x55b2a86b7550_0 .net "A", 0 0, L_0x55b2a86d80b0;  alias, 1 drivers
v0x55b2a86b7640_0 .net "B", 0 0, L_0x55b2a86d8520;  alias, 1 drivers
v0x55b2a86b7710_0 .net "Y", 0 0, L_0x55b2a86d8720;  1 drivers
v0x55b2a86b77e0_0 .net *"_s0", 0 0, L_0x55b2a86d8590;  1 drivers
S_0x55b2a86b7900 .scope module, "_181_" "NOR" 5 512, 2 19 0, S_0x55b2a8668660;
 .timescale -9 -10;
    .port_info 0 /INPUT 1 "A"
    .port_info 1 /INPUT 1 "B"
    .port_info 2 /OUTPUT 1 "Y"
L_0x55b2a86d8790 .functor OR 1, L_0x55b2a86d8870, L_0x55b2a86d70b0, C4<0>, C4<0>;
L_0x55b2a86d8800 .functor NOT 1, L_0x55b2a86d8790, C4<0>, C4<0>, C4<0>;
v0x55b2a86b7b20_0 .net "A", 0 0, L_0x55b2a86d8870;  1 drivers
v0x55b2a86b7c00_0 .net "B", 0 0, L_0x55b2a86d70b0;  alias, 1 drivers
v0x55b2a86b7cc0_0 .net "Y", 0 0, L_0x55b2a86d8800;  alias, 1 drivers
v0x55b2a86b7d90_0 .net *"_s0", 0 0, L_0x55b2a86d8790;  1 drivers
S_0x55b2a86b7ed0 .scope module, "_182_" "NAND" 5 517, 2 13 0, S_0x55b2a8668660;
 .timescale -9 -10;
    .port_info 0 /INPUT 1 "A"
    .port_info 1 /INPUT 1 "B"
    .port_info 2 /OUTPUT 1 "Y"
L_0x55b2a86d8960 .functor AND 1, L_0x55b2a86d11b0, L_0x55b2a86d70b0, C4<1>, C4<1>;
L_0x55b2a86d8a60 .functor NOT 1, L_0x55b2a86d8960, C4<0>, C4<0>, C4<0>;
v0x55b2a86b80f0_0 .net "A", 0 0, L_0x55b2a86d11b0;  alias, 1 drivers
v0x55b2a86b81e0_0 .net "B", 0 0, L_0x55b2a86d70b0;  alias, 1 drivers
v0x55b2a86b8280_0 .net "Y", 0 0, L_0x55b2a86d8a60;  alias, 1 drivers
v0x55b2a86b8350_0 .net *"_s0", 0 0, L_0x55b2a86d8960;  1 drivers
S_0x55b2a86b8490 .scope module, "_183_" "NAND" 5 522, 2 13 0, S_0x55b2a8668660;
 .timescale -9 -10;
    .port_info 0 /INPUT 1 "A"
    .port_info 1 /INPUT 1 "B"
    .port_info 2 /OUTPUT 1 "Y"
L_0x55b2a86d8ad0 .functor AND 1, v0x55b2a86ced50_0, L_0x55b2a86d8a60, C4<1>, C4<1>;
L_0x55b2a86d8bd0 .functor NOT 1, L_0x55b2a86d8ad0, C4<0>, C4<0>, C4<0>;
v0x55b2a86b86b0_0 .net "A", 0 0, v0x55b2a86ced50_0;  alias, 1 drivers
v0x55b2a86b8770_0 .net "B", 0 0, L_0x55b2a86d8a60;  alias, 1 drivers
v0x55b2a86b8860_0 .net "Y", 0 0, L_0x55b2a86d8bd0;  alias, 1 drivers
v0x55b2a86b8930_0 .net *"_s0", 0 0, L_0x55b2a86d8ad0;  1 drivers
S_0x55b2a86b8a50 .scope module, "_184_" "NOR" 5 527, 2 19 0, S_0x55b2a8668660;
 .timescale -9 -10;
    .port_info 0 /INPUT 1 "A"
    .port_info 1 /INPUT 1 "B"
    .port_info 2 /OUTPUT 1 "Y"
L_0x55b2a86d8c40 .functor OR 1, L_0x55b2a86d8800, L_0x55b2a86d8bd0, C4<0>, C4<0>;
L_0x55b2a86d8dd0 .functor NOT 1, L_0x55b2a86d8c40, C4<0>, C4<0>, C4<0>;
v0x55b2a86b8c70_0 .net "A", 0 0, L_0x55b2a86d8800;  alias, 1 drivers
v0x55b2a86b8d60_0 .net "B", 0 0, L_0x55b2a86d8bd0;  alias, 1 drivers
v0x55b2a86b8e30_0 .net "Y", 0 0, L_0x55b2a86d8dd0;  1 drivers
v0x55b2a86b8f00_0 .net *"_s0", 0 0, L_0x55b2a86d8c40;  1 drivers
S_0x55b2a86b9020 .scope module, "_185_" "NOR" 5 532, 2 19 0, S_0x55b2a8668660;
 .timescale -9 -10;
    .port_info 0 /INPUT 1 "A"
    .port_info 1 /INPUT 1 "B"
    .port_info 2 /OUTPUT 1 "Y"
L_0x55b2a86d8e40 .functor OR 1, L_0x55b2a86d8f20, L_0x55b2a86d70b0, C4<0>, C4<0>;
L_0x55b2a86d8eb0 .functor NOT 1, L_0x55b2a86d8e40, C4<0>, C4<0>, C4<0>;
v0x55b2a86b9240_0 .net "A", 0 0, L_0x55b2a86d8f20;  1 drivers
v0x55b2a86b9320_0 .net "B", 0 0, L_0x55b2a86d70b0;  alias, 1 drivers
v0x55b2a86b93e0_0 .net "Y", 0 0, L_0x55b2a86d8eb0;  alias, 1 drivers
v0x55b2a86b94b0_0 .net *"_s0", 0 0, L_0x55b2a86d8e40;  1 drivers
S_0x55b2a86b95f0 .scope module, "_186_" "NAND" 5 537, 2 13 0, S_0x55b2a8668660;
 .timescale -9 -10;
    .port_info 0 /INPUT 1 "A"
    .port_info 1 /INPUT 1 "B"
    .port_info 2 /OUTPUT 1 "Y"
L_0x55b2a86d9110 .functor AND 1, L_0x55b2a86d13a0, L_0x55b2a86d70b0, C4<1>, C4<1>;
L_0x55b2a86d9210 .functor NOT 1, L_0x55b2a86d9110, C4<0>, C4<0>, C4<0>;
v0x55b2a86b9810_0 .net "A", 0 0, L_0x55b2a86d13a0;  alias, 1 drivers
v0x55b2a86b9900_0 .net "B", 0 0, L_0x55b2a86d70b0;  alias, 1 drivers
v0x55b2a86b99a0_0 .net "Y", 0 0, L_0x55b2a86d9210;  alias, 1 drivers
v0x55b2a86b9a70_0 .net *"_s0", 0 0, L_0x55b2a86d9110;  1 drivers
S_0x55b2a86b9bb0 .scope module, "_187_" "NAND" 5 542, 2 13 0, S_0x55b2a8668660;
 .timescale -9 -10;
    .port_info 0 /INPUT 1 "A"
    .port_info 1 /INPUT 1 "B"
    .port_info 2 /OUTPUT 1 "Y"
L_0x55b2a86d9280 .functor AND 1, v0x55b2a86ced50_0, L_0x55b2a86d9210, C4<1>, C4<1>;
L_0x55b2a86d9380 .functor NOT 1, L_0x55b2a86d9280, C4<0>, C4<0>, C4<0>;
v0x55b2a86b9dd0_0 .net "A", 0 0, v0x55b2a86ced50_0;  alias, 1 drivers
v0x55b2a86b9e90_0 .net "B", 0 0, L_0x55b2a86d9210;  alias, 1 drivers
v0x55b2a86b9f80_0 .net "Y", 0 0, L_0x55b2a86d9380;  alias, 1 drivers
v0x55b2a86ba050_0 .net *"_s0", 0 0, L_0x55b2a86d9280;  1 drivers
S_0x55b2a86ba170 .scope module, "_188_" "NOR" 5 547, 2 19 0, S_0x55b2a8668660;
 .timescale -9 -10;
    .port_info 0 /INPUT 1 "A"
    .port_info 1 /INPUT 1 "B"
    .port_info 2 /OUTPUT 1 "Y"
L_0x55b2a86d93f0 .functor OR 1, L_0x55b2a86d8eb0, L_0x55b2a86d9380, C4<0>, C4<0>;
L_0x55b2a86d9580 .functor NOT 1, L_0x55b2a86d93f0, C4<0>, C4<0>, C4<0>;
v0x55b2a86ba390_0 .net "A", 0 0, L_0x55b2a86d8eb0;  alias, 1 drivers
v0x55b2a86ba480_0 .net "B", 0 0, L_0x55b2a86d9380;  alias, 1 drivers
v0x55b2a86ba550_0 .net "Y", 0 0, L_0x55b2a86d9580;  1 drivers
v0x55b2a86ba620_0 .net *"_s0", 0 0, L_0x55b2a86d93f0;  1 drivers
S_0x55b2a86ba740 .scope module, "_189_" "NOR" 5 552, 2 19 0, S_0x55b2a8668660;
 .timescale -9 -10;
    .port_info 0 /INPUT 1 "A"
    .port_info 1 /INPUT 1 "B"
    .port_info 2 /OUTPUT 1 "Y"
L_0x55b2a86d95f0 .functor OR 1, L_0x55b2a86d96d0, L_0x55b2a86d70b0, C4<0>, C4<0>;
L_0x55b2a86d9660 .functor NOT 1, L_0x55b2a86d95f0, C4<0>, C4<0>, C4<0>;
v0x55b2a86ba960_0 .net "A", 0 0, L_0x55b2a86d96d0;  1 drivers
v0x55b2a86baa40_0 .net "B", 0 0, L_0x55b2a86d70b0;  alias, 1 drivers
v0x55b2a86bab00_0 .net "Y", 0 0, L_0x55b2a86d9660;  alias, 1 drivers
v0x55b2a86babd0_0 .net *"_s0", 0 0, L_0x55b2a86d95f0;  1 drivers
S_0x55b2a86bad10 .scope module, "_190_" "NAND" 5 557, 2 13 0, S_0x55b2a8668660;
 .timescale -9 -10;
    .port_info 0 /INPUT 1 "A"
    .port_info 1 /INPUT 1 "B"
    .port_info 2 /OUTPUT 1 "Y"
L_0x55b2a86d98d0 .functor AND 1, L_0x55b2a86d1520, L_0x55b2a86d70b0, C4<1>, C4<1>;
L_0x55b2a86d9940 .functor NOT 1, L_0x55b2a86d98d0, C4<0>, C4<0>, C4<0>;
v0x55b2a86baf30_0 .net "A", 0 0, L_0x55b2a86d1520;  alias, 1 drivers
v0x55b2a86bb020_0 .net "B", 0 0, L_0x55b2a86d70b0;  alias, 1 drivers
v0x55b2a86bb0c0_0 .net "Y", 0 0, L_0x55b2a86d9940;  alias, 1 drivers
v0x55b2a86bb190_0 .net *"_s0", 0 0, L_0x55b2a86d98d0;  1 drivers
S_0x55b2a86bb2d0 .scope module, "_191_" "NAND" 5 562, 2 13 0, S_0x55b2a8668660;
 .timescale -9 -10;
    .port_info 0 /INPUT 1 "A"
    .port_info 1 /INPUT 1 "B"
    .port_info 2 /OUTPUT 1 "Y"
L_0x55b2a86d99b0 .functor AND 1, v0x55b2a86ced50_0, L_0x55b2a86d9940, C4<1>, C4<1>;
L_0x55b2a86d9ab0 .functor NOT 1, L_0x55b2a86d99b0, C4<0>, C4<0>, C4<0>;
v0x55b2a86bb4f0_0 .net "A", 0 0, v0x55b2a86ced50_0;  alias, 1 drivers
v0x55b2a86bb5b0_0 .net "B", 0 0, L_0x55b2a86d9940;  alias, 1 drivers
v0x55b2a86bb6a0_0 .net "Y", 0 0, L_0x55b2a86d9ab0;  alias, 1 drivers
v0x55b2a86bb770_0 .net *"_s0", 0 0, L_0x55b2a86d99b0;  1 drivers
S_0x55b2a86bb890 .scope module, "_192_" "NOR" 5 567, 2 19 0, S_0x55b2a8668660;
 .timescale -9 -10;
    .port_info 0 /INPUT 1 "A"
    .port_info 1 /INPUT 1 "B"
    .port_info 2 /OUTPUT 1 "Y"
L_0x55b2a86d9b20 .functor OR 1, L_0x55b2a86d9660, L_0x55b2a86d9ab0, C4<0>, C4<0>;
L_0x55b2a86d9cd0 .functor NOT 1, L_0x55b2a86d9b20, C4<0>, C4<0>, C4<0>;
v0x55b2a86bbab0_0 .net "A", 0 0, L_0x55b2a86d9660;  alias, 1 drivers
v0x55b2a86bbba0_0 .net "B", 0 0, L_0x55b2a86d9ab0;  alias, 1 drivers
v0x55b2a86bbc70_0 .net "Y", 0 0, L_0x55b2a86d9cd0;  1 drivers
v0x55b2a86bbd40_0 .net *"_s0", 0 0, L_0x55b2a86d9b20;  1 drivers
S_0x55b2a86bbe60 .scope module, "_193_" "NOR" 5 572, 2 19 0, S_0x55b2a8668660;
 .timescale -9 -10;
    .port_info 0 /INPUT 1 "A"
    .port_info 1 /INPUT 1 "B"
    .port_info 2 /OUTPUT 1 "Y"
L_0x55b2a86d9d60 .functor OR 1, L_0x55b2a86d9e40, L_0x55b2a86d70b0, C4<0>, C4<0>;
L_0x55b2a86d9dd0 .functor NOT 1, L_0x55b2a86d9d60, C4<0>, C4<0>, C4<0>;
v0x55b2a86bc080_0 .net "A", 0 0, L_0x55b2a86d9e40;  1 drivers
v0x55b2a86bc160_0 .net "B", 0 0, L_0x55b2a86d70b0;  alias, 1 drivers
v0x55b2a86bc220_0 .net "Y", 0 0, L_0x55b2a86d9dd0;  alias, 1 drivers
v0x55b2a86bc2f0_0 .net *"_s0", 0 0, L_0x55b2a86d9d60;  1 drivers
S_0x55b2a86bc430 .scope module, "_194_" "NAND" 5 577, 2 13 0, S_0x55b2a8668660;
 .timescale -9 -10;
    .port_info 0 /INPUT 1 "A"
    .port_info 1 /INPUT 1 "B"
    .port_info 2 /OUTPUT 1 "Y"
L_0x55b2a86da040 .functor AND 1, L_0x55b2a86d1330, L_0x55b2a86d70b0, C4<1>, C4<1>;
L_0x55b2a86da570 .functor NOT 1, L_0x55b2a86da040, C4<0>, C4<0>, C4<0>;
v0x55b2a86bc650_0 .net "A", 0 0, L_0x55b2a86d1330;  alias, 1 drivers
v0x55b2a86bc740_0 .net "B", 0 0, L_0x55b2a86d70b0;  alias, 1 drivers
v0x55b2a86bc7e0_0 .net "Y", 0 0, L_0x55b2a86da570;  alias, 1 drivers
v0x55b2a86bc8b0_0 .net *"_s0", 0 0, L_0x55b2a86da040;  1 drivers
S_0x55b2a86bc9f0 .scope module, "_195_" "NAND" 5 582, 2 13 0, S_0x55b2a8668660;
 .timescale -9 -10;
    .port_info 0 /INPUT 1 "A"
    .port_info 1 /INPUT 1 "B"
    .port_info 2 /OUTPUT 1 "Y"
L_0x55b2a86da600 .functor AND 1, v0x55b2a86ced50_0, L_0x55b2a86da570, C4<1>, C4<1>;
L_0x55b2a86da720 .functor NOT 1, L_0x55b2a86da600, C4<0>, C4<0>, C4<0>;
v0x55b2a86bcc10_0 .net "A", 0 0, v0x55b2a86ced50_0;  alias, 1 drivers
v0x55b2a86bccd0_0 .net "B", 0 0, L_0x55b2a86da570;  alias, 1 drivers
v0x55b2a86bcdc0_0 .net "Y", 0 0, L_0x55b2a86da720;  alias, 1 drivers
v0x55b2a86bce90_0 .net *"_s0", 0 0, L_0x55b2a86da600;  1 drivers
S_0x55b2a86bcfb0 .scope module, "_196_" "NOR" 5 587, 2 19 0, S_0x55b2a8668660;
 .timescale -9 -10;
    .port_info 0 /INPUT 1 "A"
    .port_info 1 /INPUT 1 "B"
    .port_info 2 /OUTPUT 1 "Y"
L_0x55b2a86da7b0 .functor OR 1, L_0x55b2a86d9dd0, L_0x55b2a86da720, C4<0>, C4<0>;
L_0x55b2a86da960 .functor NOT 1, L_0x55b2a86da7b0, C4<0>, C4<0>, C4<0>;
v0x55b2a86bd1d0_0 .net "A", 0 0, L_0x55b2a86d9dd0;  alias, 1 drivers
v0x55b2a86bd2c0_0 .net "B", 0 0, L_0x55b2a86da720;  alias, 1 drivers
v0x55b2a86bd390_0 .net "Y", 0 0, L_0x55b2a86da960;  1 drivers
v0x55b2a86bd460_0 .net *"_s0", 0 0, L_0x55b2a86da7b0;  1 drivers
S_0x55b2a86bd580 .scope module, "_197_" "NOR" 5 592, 2 19 0, S_0x55b2a8668660;
 .timescale -9 -10;
    .port_info 0 /INPUT 1 "A"
    .port_info 1 /INPUT 1 "B"
    .port_info 2 /OUTPUT 1 "Y"
L_0x55b2a86da9f0 .functor OR 1, L_0x55b2a86daad0, L_0x55b2a86d70b0, C4<0>, C4<0>;
L_0x55b2a86daa60 .functor NOT 1, L_0x55b2a86da9f0, C4<0>, C4<0>, C4<0>;
v0x55b2a86bd7a0_0 .net "A", 0 0, L_0x55b2a86daad0;  1 drivers
v0x55b2a86bd880_0 .net "B", 0 0, L_0x55b2a86d70b0;  alias, 1 drivers
v0x55b2a86bd940_0 .net "Y", 0 0, L_0x55b2a86daa60;  alias, 1 drivers
v0x55b2a86bda10_0 .net *"_s0", 0 0, L_0x55b2a86da9f0;  1 drivers
S_0x55b2a86bdb50 .scope module, "_198_" "NAND" 5 597, 2 13 0, S_0x55b2a8668660;
 .timescale -9 -10;
    .port_info 0 /INPUT 1 "A"
    .port_info 1 /INPUT 1 "B"
    .port_info 2 /OUTPUT 1 "Y"
L_0x55b2a86dabc0 .functor AND 1, L_0x55b2a86d1830, L_0x55b2a86d70b0, C4<1>, C4<1>;
L_0x55b2a86dace0 .functor NOT 1, L_0x55b2a86dabc0, C4<0>, C4<0>, C4<0>;
v0x55b2a86bdd70_0 .net "A", 0 0, L_0x55b2a86d1830;  alias, 1 drivers
v0x55b2a86bde60_0 .net "B", 0 0, L_0x55b2a86d70b0;  alias, 1 drivers
v0x55b2a86be110_0 .net "Y", 0 0, L_0x55b2a86dace0;  alias, 1 drivers
v0x55b2a86be1e0_0 .net *"_s0", 0 0, L_0x55b2a86dabc0;  1 drivers
S_0x55b2a86be320 .scope module, "_199_" "NAND" 5 602, 2 13 0, S_0x55b2a8668660;
 .timescale -9 -10;
    .port_info 0 /INPUT 1 "A"
    .port_info 1 /INPUT 1 "B"
    .port_info 2 /OUTPUT 1 "Y"
L_0x55b2a86dad70 .functor AND 1, v0x55b2a86ced50_0, L_0x55b2a86dace0, C4<1>, C4<1>;
L_0x55b2a86dae90 .functor NOT 1, L_0x55b2a86dad70, C4<0>, C4<0>, C4<0>;
v0x55b2a86be540_0 .net "A", 0 0, v0x55b2a86ced50_0;  alias, 1 drivers
v0x55b2a86be600_0 .net "B", 0 0, L_0x55b2a86dace0;  alias, 1 drivers
v0x55b2a86be6f0_0 .net "Y", 0 0, L_0x55b2a86dae90;  alias, 1 drivers
v0x55b2a86be7c0_0 .net *"_s0", 0 0, L_0x55b2a86dad70;  1 drivers
S_0x55b2a86be8e0 .scope module, "_200_" "NOR" 5 607, 2 19 0, S_0x55b2a8668660;
 .timescale -9 -10;
    .port_info 0 /INPUT 1 "A"
    .port_info 1 /INPUT 1 "B"
    .port_info 2 /OUTPUT 1 "Y"
L_0x55b2a86daf20 .functor OR 1, L_0x55b2a86daa60, L_0x55b2a86dae90, C4<0>, C4<0>;
L_0x55b2a86db0d0 .functor NOT 1, L_0x55b2a86daf20, C4<0>, C4<0>, C4<0>;
v0x55b2a86beb00_0 .net "A", 0 0, L_0x55b2a86daa60;  alias, 1 drivers
v0x55b2a86bebf0_0 .net "B", 0 0, L_0x55b2a86dae90;  alias, 1 drivers
v0x55b2a86becc0_0 .net "Y", 0 0, L_0x55b2a86db0d0;  1 drivers
v0x55b2a86bed90_0 .net *"_s0", 0 0, L_0x55b2a86daf20;  1 drivers
S_0x55b2a86beeb0 .scope module, "_201_" "NAND" 5 612, 2 13 0, S_0x55b2a8668660;
 .timescale -9 -10;
    .port_info 0 /INPUT 1 "A"
    .port_info 1 /INPUT 1 "B"
    .port_info 2 /OUTPUT 1 "Y"
L_0x55b2a86db5a0 .functor AND 1, v0x55b2a86ced50_0, L_0x55b2a86d2560, C4<1>, C4<1>;
L_0x55b2a86db610 .functor NOT 1, L_0x55b2a86db5a0, C4<0>, C4<0>, C4<0>;
v0x55b2a86bf0d0_0 .net "A", 0 0, v0x55b2a86ced50_0;  alias, 1 drivers
v0x55b2a86bf190_0 .net "B", 0 0, L_0x55b2a86d2560;  alias, 1 drivers
v0x55b2a86bf280_0 .net "Y", 0 0, L_0x55b2a86db610;  alias, 1 drivers
v0x55b2a86bf350_0 .net *"_s0", 0 0, L_0x55b2a86db5a0;  1 drivers
S_0x55b2a86bf470 .scope module, "_202_" "NOR" 5 617, 2 19 0, S_0x55b2a8668660;
 .timescale -9 -10;
    .port_info 0 /INPUT 1 "A"
    .port_info 1 /INPUT 1 "B"
    .port_info 2 /OUTPUT 1 "Y"
L_0x55b2a86db710 .functor OR 1, L_0x55b2a86cfe30, L_0x55b2a86db610, C4<0>, C4<0>;
L_0x55b2a86db7a0 .functor NOT 1, L_0x55b2a86db710, C4<0>, C4<0>, C4<0>;
v0x55b2a86bf690_0 .net "A", 0 0, L_0x55b2a86cfe30;  alias, 1 drivers
v0x55b2a86bf750_0 .net "B", 0 0, L_0x55b2a86db610;  alias, 1 drivers
v0x55b2a86bf840_0 .net "Y", 0 0, L_0x55b2a86db7a0;  alias, 1 drivers
v0x55b2a86bf910_0 .net *"_s0", 0 0, L_0x55b2a86db710;  1 drivers
S_0x55b2a86bfa30 .scope module, "_203_" "NOR" 5 622, 2 19 0, S_0x55b2a8668660;
 .timescale -9 -10;
    .port_info 0 /INPUT 1 "A"
    .port_info 1 /INPUT 1 "B"
    .port_info 2 /OUTPUT 1 "Y"
L_0x55b2a86db8c0 .functor OR 1, v0x55b2a86c1930_0, L_0x55b2a86db610, C4<0>, C4<0>;
L_0x55b2a86db950 .functor NOT 1, L_0x55b2a86db8c0, C4<0>, C4<0>, C4<0>;
v0x55b2a86bfc00_0 .net "A", 0 0, v0x55b2a86c1930_0;  alias, 1 drivers
v0x55b2a86bfcc0_0 .net "B", 0 0, L_0x55b2a86db610;  alias, 1 drivers
v0x55b2a86bfdd0_0 .net "Y", 0 0, L_0x55b2a86db950;  alias, 1 drivers
v0x55b2a86bfe70_0 .net *"_s0", 0 0, L_0x55b2a86db8c0;  1 drivers
S_0x55b2a86bffb0 .scope module, "_204_" "NOR" 5 627, 2 19 0, S_0x55b2a8668660;
 .timescale -9 -10;
    .port_info 0 /INPUT 1 "A"
    .port_info 1 /INPUT 1 "B"
    .port_info 2 /OUTPUT 1 "Y"
L_0x55b2a86dba30 .functor OR 1, L_0x55b2a86db7a0, L_0x55b2a86db950, C4<0>, C4<0>;
L_0x55b2a86dbb50 .functor NOT 1, L_0x55b2a86dba30, C4<0>, C4<0>, C4<0>;
v0x55b2a86c01d0_0 .net "A", 0 0, L_0x55b2a86db7a0;  alias, 1 drivers
v0x55b2a86c02c0_0 .net "B", 0 0, L_0x55b2a86db950;  alias, 1 drivers
v0x55b2a86c0390_0 .net "Y", 0 0, L_0x55b2a86dbb50;  alias, 1 drivers
v0x55b2a86c0460_0 .net *"_s0", 0 0, L_0x55b2a86dba30;  1 drivers
S_0x55b2a86c0580 .scope module, "_205_" "NOR" 5 632, 2 19 0, S_0x55b2a8668660;
 .timescale -9 -10;
    .port_info 0 /INPUT 1 "A"
    .port_info 1 /INPUT 1 "B"
    .port_info 2 /OUTPUT 1 "Y"
L_0x55b2a86dbbe0 .functor OR 1, L_0x55b2a86d0090, L_0x55b2a86d2560, C4<0>, C4<0>;
L_0x55b2a86dbd00 .functor NOT 1, L_0x55b2a86dbbe0, C4<0>, C4<0>, C4<0>;
v0x55b2a86c07a0_0 .net "A", 0 0, L_0x55b2a86d0090;  alias, 1 drivers
v0x55b2a86c0890_0 .net "B", 0 0, L_0x55b2a86d2560;  alias, 1 drivers
v0x55b2a86c0980_0 .net "Y", 0 0, L_0x55b2a86dbd00;  alias, 1 drivers
v0x55b2a86c0a20_0 .net *"_s0", 0 0, L_0x55b2a86dbbe0;  1 drivers
S_0x55b2a86c0b60 .scope module, "_206_" "DFF" 5 638, 2 25 0, S_0x55b2a8668660;
 .timescale -9 -10;
    .port_info 0 /INPUT 1 "C"
    .port_info 1 /INPUT 1 "D"
    .port_info 2 /OUTPUT 1 "Q"
v0x55b2a86c0d80_0 .net "C", 0 0, v0x55b2a86ce8d0_0;  alias, 1 drivers
v0x55b2a86c0e70_0 .net "D", 0 0, L_0x55b2a86db7a0;  alias, 1 drivers
v0x55b2a86c0f60_0 .var "Q", 0 0;
S_0x55b2a86c1060 .scope module, "_207_" "DFF" 5 644, 2 25 0, S_0x55b2a8668660;
 .timescale -9 -10;
    .port_info 0 /INPUT 1 "C"
    .port_info 1 /INPUT 1 "D"
    .port_info 2 /OUTPUT 1 "Q"
v0x55b2a86c1280_0 .net "C", 0 0, v0x55b2a86ce8d0_0;  alias, 1 drivers
v0x55b2a86c1390_0 .net "D", 0 0, L_0x55b2a86dbd00;  alias, 1 drivers
v0x55b2a86c1450_0 .var "Q", 0 0;
S_0x55b2a86c1560 .scope module, "_208_" "DFF" 5 650, 2 25 0, S_0x55b2a8668660;
 .timescale -9 -10;
    .port_info 0 /INPUT 1 "C"
    .port_info 1 /INPUT 1 "D"
    .port_info 2 /OUTPUT 1 "Q"
v0x55b2a86c1780_0 .net "C", 0 0, v0x55b2a86ce8d0_0;  alias, 1 drivers
v0x55b2a86c1840_0 .net "D", 0 0, L_0x55b2a86dbb50;  alias, 1 drivers
v0x55b2a86c1930_0 .var "Q", 0 0;
S_0x55b2a86c1a20 .scope module, "_209_" "DFF" 5 656, 2 25 0, S_0x55b2a8668660;
 .timescale -9 -10;
    .port_info 0 /INPUT 1 "C"
    .port_info 1 /INPUT 1 "D"
    .port_info 2 /OUTPUT 1 "Q"
v0x55b2a86c1bf0_0 .net "C", 0 0, v0x55b2a86ce8d0_0;  alias, 1 drivers
v0x55b2a86c1d40_0 .net "D", 0 0, L_0x55b2a86dbd90;  1 drivers
v0x55b2a86c1e00_0 .var "Q", 0 0;
S_0x55b2a86c1f50 .scope module, "_210_" "DFF" 5 662, 2 25 0, S_0x55b2a8668660;
 .timescale -9 -10;
    .port_info 0 /INPUT 1 "C"
    .port_info 1 /INPUT 1 "D"
    .port_info 2 /OUTPUT 1 "Q"
v0x55b2a86c2120_0 .net "C", 0 0, v0x55b2a86ce8d0_0;  alias, 1 drivers
v0x55b2a86c21e0_0 .net "D", 0 0, L_0x55b2a86dbe80;  1 drivers
v0x55b2a86c22a0_0 .var "Q", 0 0;
S_0x55b2a86c23f0 .scope module, "_211_" "DFF" 5 668, 2 25 0, S_0x55b2a8668660;
 .timescale -9 -10;
    .port_info 0 /INPUT 1 "C"
    .port_info 1 /INPUT 1 "D"
    .port_info 2 /OUTPUT 1 "Q"
v0x55b2a86c2610_0 .net "C", 0 0, v0x55b2a86ce8d0_0;  alias, 1 drivers
v0x55b2a86c26d0_0 .net "D", 0 0, L_0x55b2a86db480;  1 drivers
v0x55b2a86c2790_0 .var "Q", 0 0;
S_0x55b2a86c28e0 .scope module, "_212_" "DFF" 5 674, 2 25 0, S_0x55b2a8668660;
 .timescale -9 -10;
    .port_info 0 /INPUT 1 "C"
    .port_info 1 /INPUT 1 "D"
    .port_info 2 /OUTPUT 1 "Q"
v0x55b2a86c2b00_0 .net "C", 0 0, v0x55b2a86ce8d0_0;  alias, 1 drivers
v0x55b2a86c2bc0_0 .net "D", 0 0, L_0x55b2a86dc0e0;  1 drivers
v0x55b2a86c2c80_0 .var "Q", 0 0;
S_0x55b2a86c2dd0 .scope module, "_213_" "DFF" 5 680, 2 25 0, S_0x55b2a8668660;
 .timescale -9 -10;
    .port_info 0 /INPUT 1 "C"
    .port_info 1 /INPUT 1 "D"
    .port_info 2 /OUTPUT 1 "Q"
v0x55b2a86c2ff0_0 .net "C", 0 0, v0x55b2a86ce8d0_0;  alias, 1 drivers
v0x55b2a86c30b0_0 .net "D", 0 0, L_0x55b2a86dc2c0;  1 drivers
v0x55b2a86c3170_0 .var "Q", 0 0;
S_0x55b2a86c32c0 .scope module, "_214_" "DFF" 5 686, 2 25 0, S_0x55b2a8668660;
 .timescale -9 -10;
    .port_info 0 /INPUT 1 "C"
    .port_info 1 /INPUT 1 "D"
    .port_info 2 /OUTPUT 1 "Q"
v0x55b2a86c34e0_0 .net "C", 0 0, v0x55b2a86ce8d0_0;  alias, 1 drivers
v0x55b2a86c35a0_0 .net "D", 0 0, L_0x55b2a86dc360;  1 drivers
v0x55b2a86c3660_0 .var "Q", 0 0;
S_0x55b2a86c37b0 .scope module, "_215_" "DFF" 5 692, 2 25 0, S_0x55b2a8668660;
 .timescale -9 -10;
    .port_info 0 /INPUT 1 "C"
    .port_info 1 /INPUT 1 "D"
    .port_info 2 /OUTPUT 1 "Q"
v0x55b2a86c39d0_0 .net "C", 0 0, v0x55b2a86ce8d0_0;  alias, 1 drivers
v0x55b2a86c3a90_0 .net "D", 0 0, L_0x55b2a86dc550;  1 drivers
v0x55b2a86c3b50_0 .var "Q", 0 0;
S_0x55b2a86c3ca0 .scope module, "_216_" "DFF" 5 698, 2 25 0, S_0x55b2a8668660;
 .timescale -9 -10;
    .port_info 0 /INPUT 1 "C"
    .port_info 1 /INPUT 1 "D"
    .port_info 2 /OUTPUT 1 "Q"
v0x55b2a86c3ec0_0 .net "C", 0 0, v0x55b2a86ce8d0_0;  alias, 1 drivers
v0x55b2a86c3f80_0 .net "D", 0 0, L_0x55b2a86dc5f0;  1 drivers
v0x55b2a86c4040_0 .var "Q", 0 0;
S_0x55b2a86c4190 .scope module, "_217_" "DFF" 5 704, 2 25 0, S_0x55b2a8668660;
 .timescale -9 -10;
    .port_info 0 /INPUT 1 "C"
    .port_info 1 /INPUT 1 "D"
    .port_info 2 /OUTPUT 1 "Q"
v0x55b2a86c43b0_0 .net "C", 0 0, v0x55b2a86ce8d0_0;  alias, 1 drivers
v0x55b2a86c4470_0 .net "D", 0 0, L_0x55b2a86dc8f0;  1 drivers
v0x55b2a86c4530_0 .var "Q", 0 0;
S_0x55b2a86c4680 .scope module, "_218_" "DFF" 5 710, 2 25 0, S_0x55b2a8668660;
 .timescale -9 -10;
    .port_info 0 /INPUT 1 "C"
    .port_info 1 /INPUT 1 "D"
    .port_info 2 /OUTPUT 1 "Q"
v0x55b2a86c48a0_0 .net "C", 0 0, v0x55b2a86ce8d0_0;  alias, 1 drivers
v0x55b2a86c4960_0 .net "D", 0 0, L_0x55b2a86dcb80;  1 drivers
v0x55b2a86c4a20_0 .var "Q", 0 0;
S_0x55b2a86c4b70 .scope module, "_219_" "DFF" 5 716, 2 25 0, S_0x55b2a8668660;
 .timescale -9 -10;
    .port_info 0 /INPUT 1 "C"
    .port_info 1 /INPUT 1 "D"
    .port_info 2 /OUTPUT 1 "Q"
v0x55b2a86c4d90_0 .net "C", 0 0, v0x55b2a86ce8d0_0;  alias, 1 drivers
v0x55b2a86c4e50_0 .net "D", 0 0, L_0x55b2a86dcc20;  1 drivers
v0x55b2a86c4f10_0 .var "Q", 0 0;
S_0x55b2a86c5060 .scope module, "_220_" "DFF" 5 722, 2 25 0, S_0x55b2a8668660;
 .timescale -9 -10;
    .port_info 0 /INPUT 1 "C"
    .port_info 1 /INPUT 1 "D"
    .port_info 2 /OUTPUT 1 "Q"
v0x55b2a86c5280_0 .net "C", 0 0, v0x55b2a86ce8d0_0;  alias, 1 drivers
v0x55b2a86c5340_0 .net "D", 0 0, L_0x55b2a86dce70;  1 drivers
v0x55b2a86c5400_0 .var "Q", 0 0;
S_0x55b2a86c5550 .scope module, "_221_" "DFF" 5 728, 2 25 0, S_0x55b2a8668660;
 .timescale -9 -10;
    .port_info 0 /INPUT 1 "C"
    .port_info 1 /INPUT 1 "D"
    .port_info 2 /OUTPUT 1 "Q"
v0x55b2a86c5770_0 .net "C", 0 0, v0x55b2a86ce8d0_0;  alias, 1 drivers
v0x55b2a86c5a40_0 .net "D", 0 0, L_0x55b2a86dcf40;  1 drivers
v0x55b2a86c5b00_0 .var "Q", 0 0;
S_0x55b2a86c5c50 .scope module, "_222_" "DFF" 5 734, 2 25 0, S_0x55b2a8668660;
 .timescale -9 -10;
    .port_info 0 /INPUT 1 "C"
    .port_info 1 /INPUT 1 "D"
    .port_info 2 /OUTPUT 1 "Q"
v0x55b2a86c5e70_0 .net "C", 0 0, v0x55b2a86ce8d0_0;  alias, 1 drivers
v0x55b2a86c5f30_0 .net "D", 0 0, L_0x55b2a86dd1a0;  1 drivers
v0x55b2a86c5ff0_0 .var "Q", 0 0;
S_0x55b2a86c6140 .scope module, "_223_" "DFF" 5 740, 2 25 0, S_0x55b2a8668660;
 .timescale -9 -10;
    .port_info 0 /INPUT 1 "C"
    .port_info 1 /INPUT 1 "D"
    .port_info 2 /OUTPUT 1 "Q"
v0x55b2a86c6360_0 .net "C", 0 0, v0x55b2a86ce8d0_0;  alias, 1 drivers
v0x55b2a86c6420_0 .net "D", 0 0, L_0x55b2a86dd270;  1 drivers
v0x55b2a86c64e0_0 .var "Q", 0 0;
S_0x55b2a86c6630 .scope module, "_224_" "DFF" 5 746, 2 25 0, S_0x55b2a8668660;
 .timescale -9 -10;
    .port_info 0 /INPUT 1 "C"
    .port_info 1 /INPUT 1 "D"
    .port_info 2 /OUTPUT 1 "Q"
v0x55b2a86c6850_0 .net "C", 0 0, v0x55b2a86ce8d0_0;  alias, 1 drivers
v0x55b2a86c6910_0 .net "D", 0 0, L_0x55b2a86dd5f0;  1 drivers
v0x55b2a86c69d0_0 .var "Q", 0 0;
S_0x55b2a86c6b20 .scope module, "_225_" "DFF" 5 752, 2 25 0, S_0x55b2a8668660;
 .timescale -9 -10;
    .port_info 0 /INPUT 1 "C"
    .port_info 1 /INPUT 1 "D"
    .port_info 2 /OUTPUT 1 "Q"
v0x55b2a86c6d40_0 .net "C", 0 0, v0x55b2a86ce8d0_0;  alias, 1 drivers
v0x55b2a86c6e00_0 .net "D", 0 0, L_0x55b2a86d2210;  alias, 1 drivers
v0x55b2a86c6ef0_0 .var "Q", 0 0;
S_0x55b2a86ce620 .scope module, "prob" "probador" 3 32, 6 1 0, S_0x55b2a8663620;
 .timescale -9 -10;
    .port_info 0 /OUTPUT 1 "clk_2f"
    .port_info 1 /OUTPUT 1 "valid_in"
    .port_info 2 /OUTPUT 8 "data_in"
    .port_info 3 /OUTPUT 1 "reset"
    .port_info 4 /INPUT 8 "lane_0"
    .port_info 5 /INPUT 8 "lane_1"
    .port_info 6 /INPUT 1 "valid_0"
    .port_info 7 /INPUT 1 "valid_1"
    .port_info 8 /INPUT 8 "lane_0_synth"
    .port_info 9 /INPUT 8 "lane_1_synth"
    .port_info 10 /INPUT 1 "valid_0_synth"
    .port_info 11 /INPUT 1 "valid_1_synth"
v0x55b2a86ce8d0_0 .var "clk_2f", 0 0;
v0x55b2a86ce970_0 .var "data_in", 7 0;
v0x55b2a86cea80_0 .net "lane_0", 7 0, v0x55b2a868e6a0_0;  alias, 1 drivers
v0x55b2a86ceb20_0 .net "lane_0_synth", 7 0, L_0x55b2a86dc7f0;  alias, 1 drivers
v0x55b2a86cebc0_0 .net "lane_1", 7 0, v0x55b2a868e7d0_0;  alias, 1 drivers
v0x55b2a86cecb0_0 .net "lane_1_synth", 7 0, L_0x55b2a86dd6c0;  alias, 1 drivers
v0x55b2a86ced50_0 .var "reset", 0 0;
v0x55b2a86cedf0_0 .net "valid_0", 0 0, v0x55b2a868e970_0;  alias, 1 drivers
v0x55b2a86cee90_0 .net "valid_0_synth", 0 0, v0x55b2a86c0f60_0;  alias, 1 drivers
v0x55b2a86cefc0_0 .net "valid_1", 0 0, v0x55b2a868ea30_0;  alias, 1 drivers
v0x55b2a86cf060_0 .net "valid_1_synth", 0 0, v0x55b2a86c1450_0;  alias, 1 drivers
v0x55b2a86cf150_0 .var "valid_in", 0 0;
    .scope S_0x55b2a8660dd0;
T_0 ;
    %wait E_0x55b2a85c6fc0;
    %load/vec4 v0x55b2a8676410_0;
    %flag_set/vec4 8;
    %jmp/0xz  T_0.0, 8;
    %pushi/vec4 1, 0, 1;
    %assign/vec4 v0x55b2a8676c10_0, 0;
    %jmp T_0.1;
T_0.0 ;
    %load/vec4 v0x55b2a8676810_0;
    %flag_set/vec4 8;
    %jmp/0xz  T_0.2, 8;
    %pushi/vec4 0, 0, 1;
    %assign/vec4 v0x55b2a8676c10_0, 0;
    %jmp T_0.3;
T_0.2 ;
    %load/vec4 v0x55b2a8676fe0_0;
    %assign/vec4 v0x55b2a8676c10_0, 0;
T_0.3 ;
T_0.1 ;
    %jmp T_0;
    .thread T_0;
    .scope S_0x55b2a8665e40;
T_1 ;
    %wait E_0x55b2a85c70d0;
    %load/vec4 v0x55b2a868e8b0_0;
    %nor/r;
    %flag_set/vec4 8;
    %jmp/0xz  T_1.0, 8;
    %pushi/vec4 0, 0, 1;
    %assign/vec4 v0x55b2a868e460_0, 0;
    %pushi/vec4 1, 0, 1;
    %assign/vec4 v0x55b2a868e520_0, 0;
    %pushi/vec4 0, 0, 8;
    %assign/vec4 v0x55b2a868e6a0_0, 0;
    %pushi/vec4 0, 0, 8;
    %assign/vec4 v0x55b2a868e7d0_0, 0;
    %pushi/vec4 0, 0, 1;
    %assign/vec4 v0x55b2a868e970_0, 0;
    %pushi/vec4 0, 0, 1;
    %assign/vec4 v0x55b2a868ea30_0, 0;
    %jmp T_1.1;
T_1.0 ;
    %load/vec4 v0x55b2a868eaf0_0;
    %pad/u 32;
    %cmpi/e 1, 0, 32;
    %jmp/0xz  T_1.2, 4;
    %load/vec4 v0x55b2a868e460_0;
    %pad/u 32;
    %pushi/vec4 0, 0, 32;
    %cmp/e;
    %flag_get/vec4 4;
    %load/vec4 v0x55b2a868eaf0_0;
    %pad/u 32;
    %pushi/vec4 1, 0, 32;
    %cmp/e;
    %flag_get/vec4 4;
    %and;
    %flag_set/vec4 8;
    %jmp/0xz  T_1.4, 8;
    %load/vec4 v0x55b2a868e5c0_0;
    %assign/vec4 v0x55b2a868e6a0_0, 0;
    %load/vec4 v0x55b2a868e460_0;
    %pad/u 2;
    %addi 1, 0, 2;
    %pad/u 1;
    %assign/vec4 v0x55b2a868e460_0, 0;
    %load/vec4 v0x55b2a868e520_0;
    %pad/u 2;
    %addi 1, 0, 2;
    %pad/u 1;
    %assign/vec4 v0x55b2a868e520_0, 0;
    %pushi/vec4 1, 0, 1;
    %assign/vec4 v0x55b2a868e970_0, 0;
    %pushi/vec4 0, 0, 1;
    %assign/vec4 v0x55b2a868ea30_0, 0;
    %jmp T_1.5;
T_1.4 ;
    %load/vec4 v0x55b2a868e5c0_0;
    %assign/vec4 v0x55b2a868e7d0_0, 0;
    %load/vec4 v0x55b2a868e520_0;
    %pad/u 2;
    %addi 1, 0, 2;
    %pad/u 1;
    %assign/vec4 v0x55b2a868e520_0, 0;
    %load/vec4 v0x55b2a868e460_0;
    %pad/u 2;
    %addi 1, 0, 2;
    %pad/u 1;
    %assign/vec4 v0x55b2a868e460_0, 0;
    %pushi/vec4 0, 0, 1;
    %assign/vec4 v0x55b2a868e970_0, 0;
    %pushi/vec4 1, 0, 1;
    %assign/vec4 v0x55b2a868ea30_0, 0;
T_1.5 ;
    %load/vec4 v0x55b2a868e520_0;
    %pad/u 32;
    %pushi/vec4 0, 0, 32;
    %cmp/e;
    %flag_get/vec4 4;
    %load/vec4 v0x55b2a868eaf0_0;
    %pad/u 32;
    %pushi/vec4 1, 0, 32;
    %cmp/e;
    %flag_get/vec4 4;
    %and;
    %flag_set/vec4 8;
    %jmp/0xz  T_1.6, 8;
    %load/vec4 v0x55b2a868e5c0_0;
    %assign/vec4 v0x55b2a868e7d0_0, 0;
    %load/vec4 v0x55b2a868e520_0;
    %pad/u 2;
    %addi 1, 0, 2;
    %pad/u 1;
    %assign/vec4 v0x55b2a868e520_0, 0;
    %load/vec4 v0x55b2a868e460_0;
    %pad/u 2;
    %addi 1, 0, 2;
    %pad/u 1;
    %assign/vec4 v0x55b2a868e460_0, 0;
    %pushi/vec4 0, 0, 1;
    %assign/vec4 v0x55b2a868e970_0, 0;
    %pushi/vec4 1, 0, 1;
    %assign/vec4 v0x55b2a868ea30_0, 0;
    %jmp T_1.7;
T_1.6 ;
    %load/vec4 v0x55b2a868e5c0_0;
    %assign/vec4 v0x55b2a868e6a0_0, 0;
    %load/vec4 v0x55b2a868e460_0;
    %pad/u 2;
    %addi 1, 0, 2;
    %pad/u 1;
    %assign/vec4 v0x55b2a868e460_0, 0;
    %load/vec4 v0x55b2a868e520_0;
    %pad/u 2;
    %addi 1, 0, 2;
    %pad/u 1;
    %assign/vec4 v0x55b2a868e520_0, 0;
    %pushi/vec4 1, 0, 1;
    %assign/vec4 v0x55b2a868e970_0, 0;
    %pushi/vec4 0, 0, 1;
    %assign/vec4 v0x55b2a868ea30_0, 0;
T_1.7 ;
    %jmp T_1.3;
T_1.2 ;
    %pushi/vec4 0, 0, 1;
    %assign/vec4 v0x55b2a868e970_0, 0;
    %pushi/vec4 0, 0, 1;
    %assign/vec4 v0x55b2a868ea30_0, 0;
T_1.3 ;
T_1.1 ;
    %jmp T_1;
    .thread T_1;
    .scope S_0x55b2a86ce620;
T_2 ;
    %vpi_call 6 17 "$dumpfile", "byte_striping.vcd" {0 0 0};
    %vpi_call 6 18 "$dumpvars" {0 0 0};
    %wait E_0x55b2a85c70d0;
    %pushi/vec4 0, 0, 1;
    %assign/vec4 v0x55b2a86ced50_0, 0;
    %pushi/vec4 0, 0, 8;
    %assign/vec4 v0x55b2a86ce970_0, 0;
    %wait E_0x55b2a85c70d0;
    %pushi/vec4 1, 0, 1;
    %assign/vec4 v0x55b2a86ced50_0, 0;
    %pushi/vec4 0, 0, 1;
    %assign/vec4 v0x55b2a86cf150_0, 0;
    %pushi/vec4 0, 0, 8;
    %assign/vec4 v0x55b2a86ce970_0, 0;
    %wait E_0x55b2a85c70d0;
    %pushi/vec4 1, 0, 1;
    %assign/vec4 v0x55b2a86cf150_0, 0;
    %pushi/vec4 255, 0, 8;
    %assign/vec4 v0x55b2a86ce970_0, 0;
    %wait E_0x55b2a85c70d0;
    %pushi/vec4 238, 0, 8;
    %assign/vec4 v0x55b2a86ce970_0, 0;
    %wait E_0x55b2a85c70d0;
    %pushi/vec4 221, 0, 8;
    %assign/vec4 v0x55b2a86ce970_0, 0;
    %wait E_0x55b2a85c70d0;
    %pushi/vec4 204, 0, 8;
    %assign/vec4 v0x55b2a86ce970_0, 0;
    %wait E_0x55b2a85c70d0;
    %pushi/vec4 0, 0, 1;
    %assign/vec4 v0x55b2a86cf150_0, 0;
    %vpi_func 6 37 "$random" 32 {0 0 0};
    %pad/s 8;
    %assign/vec4 v0x55b2a86ce970_0, 0;
    %wait E_0x55b2a85c70d0;
    %pushi/vec4 0, 0, 1;
    %assign/vec4 v0x55b2a86cf150_0, 0;
    %vpi_func 6 40 "$random" 32 {0 0 0};
    %pad/s 8;
    %assign/vec4 v0x55b2a86ce970_0, 0;
    %wait E_0x55b2a85c70d0;
    %pushi/vec4 1, 0, 1;
    %assign/vec4 v0x55b2a86cf150_0, 0;
    %pushi/vec4 3, 0, 8;
    %store/vec4 v0x55b2a86ce970_0, 0, 8;
    %wait E_0x55b2a85c70d0;
    %pushi/vec4 1, 0, 1;
    %assign/vec4 v0x55b2a86cf150_0, 0;
    %pushi/vec4 4, 0, 8;
    %assign/vec4 v0x55b2a86ce970_0, 0;
    %wait E_0x55b2a85c70d0;
    %pushi/vec4 0, 0, 1;
    %assign/vec4 v0x55b2a86cf150_0, 0;
    %vpi_func 6 49 "$random" 32 {0 0 0};
    %pad/s 8;
    %assign/vec4 v0x55b2a86ce970_0, 0;
    %wait E_0x55b2a85c70d0;
    %pushi/vec4 0, 0, 1;
    %assign/vec4 v0x55b2a86cf150_0, 0;
    %vpi_func 6 52 "$random" 32 {0 0 0};
    %pad/s 8;
    %assign/vec4 v0x55b2a86ce970_0, 0;
    %wait E_0x55b2a85c70d0;
    %pushi/vec4 1, 0, 1;
    %assign/vec4 v0x55b2a86cf150_0, 0;
    %pushi/vec4 7, 0, 8;
    %store/vec4 v0x55b2a86ce970_0, 0, 8;
    %wait E_0x55b2a85c70d0;
    %pushi/vec4 1, 0, 1;
    %assign/vec4 v0x55b2a86cf150_0, 0;
    %pushi/vec4 8, 0, 8;
    %assign/vec4 v0x55b2a86ce970_0, 0;
    %wait E_0x55b2a85c70d0;
    %pushi/vec4 0, 0, 1;
    %assign/vec4 v0x55b2a86cf150_0, 0;
    %vpi_func 6 61 "$random" 32 {0 0 0};
    %pad/s 8;
    %assign/vec4 v0x55b2a86ce970_0, 0;
    %delay 150, 0;
    %vpi_call 6 64 "$finish" {0 0 0};
    %end;
    .thread T_2;
    .scope S_0x55b2a86ce620;
T_3 ;
    %pushi/vec4 0, 0, 1;
    %assign/vec4 v0x55b2a86ce8d0_0, 0;
    %end;
    .thread T_3;
    .scope S_0x55b2a86ce620;
T_4 ;
    %delay 20, 0;
    %load/vec4 v0x55b2a86ce8d0_0;
    %inv;
    %assign/vec4 v0x55b2a86ce8d0_0, 0;
    %jmp T_4;
    .thread T_4;
    .scope S_0x55b2a86c0b60;
T_5 ;
    %wait E_0x55b2a85c70d0;
    %load/vec4 v0x55b2a86c0e70_0;
    %assign/vec4 v0x55b2a86c0f60_0, 0;
    %jmp T_5;
    .thread T_5;
    .scope S_0x55b2a86c1060;
T_6 ;
    %wait E_0x55b2a85c70d0;
    %load/vec4 v0x55b2a86c1390_0;
    %assign/vec4 v0x55b2a86c1450_0, 0;
    %jmp T_6;
    .thread T_6;
    .scope S_0x55b2a86c1560;
T_7 ;
    %wait E_0x55b2a85c70d0;
    %load/vec4 v0x55b2a86c1840_0;
    %assign/vec4 v0x55b2a86c1930_0, 0;
    %jmp T_7;
    .thread T_7;
    .scope S_0x55b2a86c1a20;
T_8 ;
    %wait E_0x55b2a85c70d0;
    %load/vec4 v0x55b2a86c1d40_0;
    %assign/vec4 v0x55b2a86c1e00_0, 0;
    %jmp T_8;
    .thread T_8;
    .scope S_0x55b2a86c1f50;
T_9 ;
    %wait E_0x55b2a85c70d0;
    %load/vec4 v0x55b2a86c21e0_0;
    %assign/vec4 v0x55b2a86c22a0_0, 0;
    %jmp T_9;
    .thread T_9;
    .scope S_0x55b2a86c23f0;
T_10 ;
    %wait E_0x55b2a85c70d0;
    %load/vec4 v0x55b2a86c26d0_0;
    %assign/vec4 v0x55b2a86c2790_0, 0;
    %jmp T_10;
    .thread T_10;
    .scope S_0x55b2a86c28e0;
T_11 ;
    %wait E_0x55b2a85c70d0;
    %load/vec4 v0x55b2a86c2bc0_0;
    %assign/vec4 v0x55b2a86c2c80_0, 0;
    %jmp T_11;
    .thread T_11;
    .scope S_0x55b2a86c2dd0;
T_12 ;
    %wait E_0x55b2a85c70d0;
    %load/vec4 v0x55b2a86c30b0_0;
    %assign/vec4 v0x55b2a86c3170_0, 0;
    %jmp T_12;
    .thread T_12;
    .scope S_0x55b2a86c32c0;
T_13 ;
    %wait E_0x55b2a85c70d0;
    %load/vec4 v0x55b2a86c35a0_0;
    %assign/vec4 v0x55b2a86c3660_0, 0;
    %jmp T_13;
    .thread T_13;
    .scope S_0x55b2a86c37b0;
T_14 ;
    %wait E_0x55b2a85c70d0;
    %load/vec4 v0x55b2a86c3a90_0;
    %assign/vec4 v0x55b2a86c3b50_0, 0;
    %jmp T_14;
    .thread T_14;
    .scope S_0x55b2a86c3ca0;
T_15 ;
    %wait E_0x55b2a85c70d0;
    %load/vec4 v0x55b2a86c3f80_0;
    %assign/vec4 v0x55b2a86c4040_0, 0;
    %jmp T_15;
    .thread T_15;
    .scope S_0x55b2a86c4190;
T_16 ;
    %wait E_0x55b2a85c70d0;
    %load/vec4 v0x55b2a86c4470_0;
    %assign/vec4 v0x55b2a86c4530_0, 0;
    %jmp T_16;
    .thread T_16;
    .scope S_0x55b2a86c4680;
T_17 ;
    %wait E_0x55b2a85c70d0;
    %load/vec4 v0x55b2a86c4960_0;
    %assign/vec4 v0x55b2a86c4a20_0, 0;
    %jmp T_17;
    .thread T_17;
    .scope S_0x55b2a86c4b70;
T_18 ;
    %wait E_0x55b2a85c70d0;
    %load/vec4 v0x55b2a86c4e50_0;
    %assign/vec4 v0x55b2a86c4f10_0, 0;
    %jmp T_18;
    .thread T_18;
    .scope S_0x55b2a86c5060;
T_19 ;
    %wait E_0x55b2a85c70d0;
    %load/vec4 v0x55b2a86c5340_0;
    %assign/vec4 v0x55b2a86c5400_0, 0;
    %jmp T_19;
    .thread T_19;
    .scope S_0x55b2a86c5550;
T_20 ;
    %wait E_0x55b2a85c70d0;
    %load/vec4 v0x55b2a86c5a40_0;
    %assign/vec4 v0x55b2a86c5b00_0, 0;
    %jmp T_20;
    .thread T_20;
    .scope S_0x55b2a86c5c50;
T_21 ;
    %wait E_0x55b2a85c70d0;
    %load/vec4 v0x55b2a86c5f30_0;
    %assign/vec4 v0x55b2a86c5ff0_0, 0;
    %jmp T_21;
    .thread T_21;
    .scope S_0x55b2a86c6140;
T_22 ;
    %wait E_0x55b2a85c70d0;
    %load/vec4 v0x55b2a86c6420_0;
    %assign/vec4 v0x55b2a86c64e0_0, 0;
    %jmp T_22;
    .thread T_22;
    .scope S_0x55b2a86c6630;
T_23 ;
    %wait E_0x55b2a85c70d0;
    %load/vec4 v0x55b2a86c6910_0;
    %assign/vec4 v0x55b2a86c69d0_0, 0;
    %jmp T_23;
    .thread T_23;
    .scope S_0x55b2a86c6b20;
T_24 ;
    %wait E_0x55b2a85c70d0;
    %load/vec4 v0x55b2a86c6e00_0;
    %assign/vec4 v0x55b2a86c6ef0_0, 0;
    %jmp T_24;
    .thread T_24;
# The file index is used to find the file name in the following table.
:file_names 7;
    "N/A";
    "<interactive>";
    "./cmos_cells.v";
    "bancoprueba.v";
    "./byte_striping.v";
    "./byte_striping_synth.v";
    "./probador.v";
