#! /usr/bin/vvp
:ivl_version "0.9.7 " "(v0_9_7)";
:vpi_time_precision - 10;
:vpi_module "system";
:vpi_module "v2005_math";
:vpi_module "va_math";
S_0x2249140 .scope module, "BUF" "BUF" 2 1;
 .timescale -9 -10;
L_0x2282480 .functor BUFZ 1, C4<z>, C4<0>, C4<0>, C4<0>;
v0x21c2590_0 .net "A", 0 0, C4<z>; 0 drivers
v0x2260b40_0 .net "Y", 0 0, L_0x2282480; 1 drivers
S_0x2245840 .scope module, "DFFSR" "DFFSR" 2 32;
 .timescale -9 -10;
v0x2260c50_0 .net "C", 0 0, C4<z>; 0 drivers
v0x2260d10_0 .net "D", 0 0, C4<z>; 0 drivers
v0x2260db0_0 .var "Q", 0 0;
v0x2260e50_0 .net "R", 0 0, C4<z>; 0 drivers
v0x2260f00_0 .net "S", 0 0, C4<z>; 0 drivers
E_0x2260be0 .event posedge, v0x2260e50_0, v0x2260f00_0, v0x2260c50_0;
S_0x22451a0 .scope module, "bancopruebademux" "bancopruebademux" 3 13;
 .timescale -9 -10;
v0x2284de0_0 .net "clk_2f", 0 0, v0x2261160_0; 1 drivers
v0x2284e60_0 .net "data_in", 7 0, v0x2261220_0; 1 drivers
v0x2284ee0_0 .net "data_out_0", 7 0, v0x2284850_0; 1 drivers
v0x2284f60_0 .net "data_out_1", 7 0, v0x22848d0_0; 1 drivers
RS_0x2ae8ec148318/0/0 .resolv tri, L_0x228a3a0, L_0x228aac0, L_0x228b210, L_0x228ba50;
RS_0x2ae8ec148318/0/4 .resolv tri, L_0x228c280, L_0x228ca10, L_0x228d210, L_0x228d970;
RS_0x2ae8ec148318 .resolv tri, RS_0x2ae8ec148318/0/0, RS_0x2ae8ec148318/0/4, C4<zzzzzzzz>, C4<zzzzzzzz>;
v0x2284fe0_0 .net8 "out_synth0", 7 0, RS_0x2ae8ec148318; 8 drivers
RS_0x2ae8ec148348/0/0 .resolv tri, L_0x22865f0, L_0x2286cc0, L_0x22873d0, L_0x2287c00;
RS_0x2ae8ec148348/0/4 .resolv tri, L_0x22883b0, L_0x2288c30, L_0x2289390, L_0x2289b40;
RS_0x2ae8ec148348 .resolv tri, RS_0x2ae8ec148348/0/0, RS_0x2ae8ec148348/0/4, C4<zzzzzzzz>, C4<zzzzzzzz>;
v0x2285060_0 .net8 "out_synth1", 7 0, RS_0x2ae8ec148348; 8 drivers
v0x2285130_0 .net "reset", 0 0, v0x2261960_0; 1 drivers
v0x22851b0_0 .net "valid_in", 0 0, v0x2261a70_0; 1 drivers
v0x2285280_0 .net "valid_out0_synth", 0 0, L_0x2285b60; 1 drivers
v0x2285300_0 .net "valid_out1_synth", 0 0, L_0x2285aa0; 1 drivers
v0x2285380_0 .net "valid_out_0", 0 0, v0x2284ce0_0; 1 drivers
v0x2285400_0 .net "valid_out_1", 0 0, v0x2284d60_0; 1 drivers
S_0x2284660 .scope module, "dem" "demux" 3 32, 4 6, S_0x22451a0;
 .timescale -9 -10;
v0x2284750_0 .alias "clk_2f", 0 0, v0x2284de0_0;
v0x22847d0_0 .alias "data_in", 7 0, v0x2284e60_0;
v0x2284850_0 .var "data_out_0", 7 0;
v0x22848d0_0 .var "data_out_1", 7 0;
v0x2284950_0 .var "data_out_mem0", 7 0;
v0x22849d0_0 .var "data_out_mem1", 7 0;
v0x2284a50_0 .alias "reset", 0 0, v0x2285130_0;
v0x2284ad0_0 .var "selector", 0 0;
v0x2284b50_0 .var "selectorF", 0 0;
v0x2284bd0_0 .alias "valid_in", 0 0, v0x22851b0_0;
v0x2284ce0_0 .var "valid_out_0", 0 0;
v0x2284d60_0 .var "valid_out_1", 0 0;
E_0x227f460/0 .event edge, v0x2284950_0, v0x22849d0_0, v0x2261a70_0, v0x2284b50_0;
E_0x227f460/1 .event edge, v0x2261960_0, v0x2284ad0_0, v0x2261220_0;
E_0x227f460 .event/or E_0x227f460/0, E_0x227f460/1;
S_0x2261e20 .scope module, "synthdemux" "synth_demux" 3 44, 5 5, S_0x22451a0;
 .timescale -9 -10;
v0x2281be0_0 .net "_000_", 0 0, L_0x2285780; 1 drivers
v0x2281cd0_0 .net "_001_", 0 0, L_0x228ce70; 1 drivers
v0x2281da0_0 .net "_002_", 0 0, L_0x228d310; 1 drivers
v0x2281f40_0 .net "_003_", 0 0, L_0x228d010; 1 drivers
v0x2282010_0 .net "_004_", 0 0, L_0x2285540; 1 drivers
v0x22820e0_0 .net "_005_", 0 0, L_0x2285720; 1 drivers
v0x22821f0_0 .net "_006_", 0 0, L_0x22857e0; 1 drivers
v0x2282300_0 .net "_007_", 0 0, L_0x2284330; 1 drivers
v0x2282380_0 .net "_008_", 0 0, L_0x2285c70; 1 drivers
v0x2282400_0 .net "_009_", 0 0, L_0x2282270; 1 drivers
v0x22824e0_0 .net "_010_", 0 0, L_0x2282160; 1 drivers
v0x2282560_0 .net "_011_", 0 0, L_0x2286270; 1 drivers
v0x2282650_0 .net "_012_", 0 0, L_0x22866f0; 1 drivers
v0x2282720_0 .net "_013_", 0 0, L_0x22868f0; 1 drivers
v0x2282870_0 .net "_014_", 0 0, L_0x2286e50; 1 drivers
v0x2282940_0 .net "_015_", 0 0, L_0x2287000; 1 drivers
v0x22827a0_0 .net "_016_", 0 0, L_0x2280500; 1 drivers
v0x2282af0_0 .net "_017_", 0 0, L_0x2287840; 1 drivers
v0x2282c10_0 .net "_018_", 0 0, L_0x2287d10; 1 drivers
v0x2282ce0_0 .net "_019_", 0 0, L_0x2287f70; 1 drivers
v0x2282e10_0 .net "_020_", 0 0, L_0x22884b0; 1 drivers
v0x2282e90_0 .net "_021_", 0 0, L_0x227fef0; 1 drivers
v0x2282fd0_0 .net "_022_", 0 0, L_0x2288650; 1 drivers
v0x2283050_0 .net "_023_", 0 0, L_0x2289020; 1 drivers
v0x22831a0_0 .net "_024_", 0 0, L_0x22894e0; 1 drivers
v0x2283220_0 .net "_025_", 0 0, L_0x2289740; 1 drivers
v0x2283120_0 .net "_026_", 0 0, L_0x22896e0; 1 drivers
v0x2283380_0 .net "_027_", 0 0, L_0x2289da0; 1 drivers
v0x22832f0_0 .net "_028_", 0 0, L_0x2289fa0; 1 drivers
v0x2283540_0 .net "_029_", 0 0, L_0x228a4a0; 1 drivers
v0x2283450_0 .net "_030_", 0 0, L_0x228a1c0; 1 drivers
v0x2283710_0 .net "_031_", 0 0, L_0x228a6f0; 1 drivers
v0x2283610_0 .net "_032_", 0 0, L_0x228ae40; 1 drivers
v0x22838f0_0 .net "_033_", 0 0, L_0x228b310; 1 drivers
v0x22837e0_0 .net "_034_", 0 0, L_0x228b060; 1 drivers
v0x2283ae0_0 .net "_035_", 0 0, L_0x228b5a0; 1 drivers
v0x22839c0_0 .net "_036_", 0 0, L_0x228bd90; 1 drivers
v0x2283c90_0 .net "_037_", 0 0, L_0x227a8c0; 1 drivers
v0x2283bb0_0 .net "_038_", 0 0, L_0x228c1a0; 1 drivers
v0x2283e50_0 .net "_039_", 0 0, L_0x228c690; 1 drivers
v0x2283d60_0 .alias "clk_2f", 0 0, v0x2284de0_0;
v0x2281e70_0 .alias "data_in", 7 0, v0x2284e60_0;
RS_0x2ae8ec14a598/0/0 .resolv tri, L_0x228d660, L_0x228dc50, L_0x228dab0, L_0x228df50;
RS_0x2ae8ec14a598/0/4 .resolv tri, L_0x228dd90, L_0x228cab0, L_0x228e0c0, L_0x228e720;
RS_0x2ae8ec14a598 .resolv tri, RS_0x2ae8ec14a598/0/0, RS_0x2ae8ec14a598/0/4, C4<zzzzzzzz>, C4<zzzzzzzz>;
v0x2284030_0 .net8 "data_out_mem0", 7 0, RS_0x2ae8ec14a598; 8 drivers
RS_0x2ae8ec14a5c8/0/0 .resolv tri, L_0x228e480, L_0x228ebf0, L_0x228eaa0, L_0x228ef70;
RS_0x2ae8ec14a5c8/0/4 .resolv tri, L_0x228ed60, L_0x2288cd0, L_0x228f0e0, L_0x228f700;
RS_0x2ae8ec14a5c8 .resolv tri, RS_0x2ae8ec14a5c8/0/0, RS_0x2ae8ec14a5c8/0/4, C4<zzzzzzzz>, C4<zzzzzzzz>;
v0x22840b0_0 .net8 "data_out_mem1", 7 0, RS_0x2ae8ec14a5c8; 8 drivers
v0x2283ed0_0 .alias "out_synth0", 7 0, v0x2284fe0_0;
v0x2283f70_0 .alias "out_synth1", 7 0, v0x2285060_0;
v0x22842b0_0 .alias "reset", 0 0, v0x2285130_0;
v0x22843c0_0 .net "selectorF", 0 0, v0x2275060_0; 1 drivers
v0x2284130_0 .alias "valid_in", 0 0, v0x22851b0_0;
v0x22841d0_0 .alias "valid_out0_synth", 0 0, v0x2285280_0;
v0x22845e0_0 .alias "valid_out1_synth", 0 0, v0x2285300_0;
L_0x2285d20 .part v0x2261220_0, 0, 1;
L_0x2286320 .part RS_0x2ae8ec14a5c8, 0, 1;
L_0x22865f0 .part/pv L_0x2286590, 0, 1, 8;
L_0x22867a0 .part v0x2261220_0, 1, 1;
L_0x22869a0 .part RS_0x2ae8ec14a5c8, 1, 1;
L_0x2286cc0 .part/pv L_0x2286c60, 1, 1, 8;
L_0x2286eb0 .part v0x2261220_0, 2, 1;
L_0x22870b0 .part RS_0x2ae8ec14a5c8, 2, 1;
L_0x22873d0 .part/pv L_0x2287370, 2, 1, 8;
L_0x22876e0 .part v0x2261220_0, 3, 1;
L_0x22878a0 .part RS_0x2ae8ec14a5c8, 3, 1;
L_0x2287c00 .part/pv L_0x2287ba0, 3, 1, 8;
L_0x2287d70 .part v0x2261220_0, 4, 1;
L_0x2288020 .part RS_0x2ae8ec14a5c8, 4, 1;
L_0x22883b0 .part/pv L_0x2288330, 4, 1, 8;
L_0x2288560 .part v0x2261220_0, 5, 1;
L_0x2288970 .part RS_0x2ae8ec14a5c8, 5, 1;
L_0x2288c30 .part/pv L_0x2288bb0, 5, 1, 8;
L_0x2288ed0 .part v0x2261220_0, 6, 1;
L_0x22890d0 .part RS_0x2ae8ec14a5c8, 6, 1;
L_0x2289390 .part/pv L_0x2282db0, 6, 1, 8;
L_0x2289590 .part v0x2261220_0, 7, 1;
L_0x22897a0 .part RS_0x2ae8ec14a5c8, 7, 1;
L_0x2289b40 .part/pv L_0x2289ac0, 7, 1, 8;
L_0x2289e50 .part RS_0x2ae8ec14a598, 0, 1;
L_0x228a050 .part v0x2261220_0, 0, 1;
L_0x228a3a0 .part/pv L_0x228a340, 0, 1, 8;
L_0x228a550 .part RS_0x2ae8ec14a598, 1, 1;
L_0x228a7d0 .part v0x2261220_0, 1, 1;
L_0x228aac0 .part/pv L_0x228aa40, 1, 1, 8;
L_0x228acf0 .part RS_0x2ae8ec14a598, 2, 1;
L_0x228aef0 .part v0x2261220_0, 2, 1;
L_0x228b210 .part/pv L_0x228ac70, 2, 1, 8;
L_0x228b3c0 .part RS_0x2ae8ec14a598, 3, 1;
L_0x227a130 .part v0x2261220_0, 3, 1;
L_0x228ba50 .part/pv L_0x228b9f0, 3, 1, 8;
L_0x228bc20 .part RS_0x2ae8ec14a598, 4, 1;
L_0x228be40 .part v0x2261220_0, 4, 1;
L_0x228c280 .part/pv L_0x228bb80, 4, 1, 8;
L_0x228c590 .part RS_0x2ae8ec14a598, 5, 1;
L_0x228c780 .part v0x2261220_0, 5, 1;
L_0x228ca10 .part/pv L_0x2283c30, 5, 1, 8;
L_0x228cd20 .part RS_0x2ae8ec14a598, 6, 1;
L_0x228cf20 .part v0x2261220_0, 6, 1;
L_0x228d210 .part/pv L_0x228ccb0, 6, 1, 8;
L_0x228d3c0 .part RS_0x2ae8ec14a598, 7, 1;
L_0x228d0c0 .part v0x2261220_0, 7, 1;
L_0x228d970 .part/pv L_0x228d910, 7, 1, 8;
L_0x228d5c0 .part RS_0x2ae8ec148318, 0, 1;
L_0x228d660 .part/pv v0x2274da0_0, 0, 1, 8;
L_0x228dbb0 .part RS_0x2ae8ec148318, 1, 1;
L_0x228dc50 .part/pv v0x2274960_0, 1, 1, 8;
L_0x228da10 .part RS_0x2ae8ec148318, 2, 1;
L_0x228dab0 .part/pv v0x2274690_0, 2, 1, 8;
L_0x228deb0 .part RS_0x2ae8ec148318, 3, 1;
L_0x228df50 .part/pv v0x22743c0_0, 3, 1, 8;
L_0x228dcf0 .part RS_0x2ae8ec148318, 4, 1;
L_0x228dd90 .part/pv v0x22740f0_0, 4, 1, 8;
L_0x228e1d0 .part RS_0x2ae8ec148318, 5, 1;
L_0x228cab0 .part/pv v0x2273e20_0, 5, 1, 8;
L_0x228dff0 .part RS_0x2ae8ec148318, 6, 1;
L_0x228e0c0 .part/pv v0x2273b50_0, 6, 1, 8;
L_0x228e680 .part RS_0x2ae8ec148318, 7, 1;
L_0x228e720 .part/pv v0x2273880_0, 7, 1, 8;
L_0x228d4b0 .part RS_0x2ae8ec148348, 0, 1;
L_0x228e480 .part/pv v0x22735b0_0, 0, 1, 8;
L_0x228e550 .part RS_0x2ae8ec148348, 1, 1;
L_0x228ebf0 .part/pv v0x2273250_0, 1, 1, 8;
L_0x228e9d0 .part RS_0x2ae8ec148348, 2, 1;
L_0x228eaa0 .part/pv v0x2272f80_0, 2, 1, 8;
L_0x228eed0 .part RS_0x2ae8ec148348, 3, 1;
L_0x228ef70 .part/pv v0x2272cb0_0, 3, 1, 8;
L_0x228ec90 .part RS_0x2ae8ec148348, 4, 1;
L_0x228ed60 .part/pv v0x22729e0_0, 4, 1, 8;
L_0x228ee30 .part RS_0x2ae8ec148348, 5, 1;
L_0x2288cd0 .part/pv v0x2272680_0, 5, 1, 8;
L_0x228f010 .part RS_0x2ae8ec148348, 6, 1;
L_0x228f0e0 .part/pv v0x22723f0_0, 6, 1, 8;
L_0x228f1b0 .part RS_0x2ae8ec148348, 7, 1;
L_0x228f700 .part/pv v0x2272180_0, 7, 1, 8;
S_0x2281980 .scope module, "_040_" "NOT" 5 69, 2 7, S_0x2261e20;
 .timescale -9 -10;
L_0x2285540 .functor NOT 1, v0x2275060_0, C4<0>, C4<0>, C4<0>;
v0x2281a70_0 .alias "A", 0 0, v0x22843c0_0;
v0x2281b60_0 .alias "Y", 0 0, v0x2282010_0;
S_0x2281670 .scope module, "_041_" "NAND" 5 73, 2 13, S_0x2261e20;
 .timescale -9 -10;
L_0x2285630 .functor AND 1, L_0x2285540, v0x2261960_0, C4<1>, C4<1>;
L_0x2285720 .functor NOT 1, L_0x2285630, C4<0>, C4<0>, C4<0>;
v0x2281760_0 .alias "A", 0 0, v0x2282010_0;
v0x2281800_0 .alias "B", 0 0, v0x2285130_0;
v0x2281880_0 .alias "Y", 0 0, v0x22820e0_0;
v0x2281900_0 .net *"_s0", 0 0, L_0x2285630; 1 drivers
S_0x2281430 .scope module, "_042_" "NOT" 5 78, 2 7, S_0x2261e20;
 .timescale -9 -10;
L_0x2285780 .functor NOT 1, L_0x2285720, C4<0>, C4<0>, C4<0>;
v0x2281520_0 .alias "A", 0 0, v0x22820e0_0;
v0x22815f0_0 .alias "Y", 0 0, v0x2281be0_0;
S_0x22811f0 .scope module, "_043_" "NOT" 5 82, 2 7, S_0x2261e20;
 .timescale -9 -10;
L_0x22857e0 .functor NOT 1, v0x2261a70_0, C4<0>, C4<0>, C4<0>;
v0x22812e0_0 .alias "A", 0 0, v0x22851b0_0;
v0x22813b0_0 .alias "Y", 0 0, v0x22821f0_0;
S_0x2280e30 .scope module, "_044_" "NAND" 5 86, 2 13, S_0x2261e20;
 .timescale -9 -10;
L_0x2285840 .functor AND 1, v0x2275060_0, v0x2261960_0, C4<1>, C4<1>;
L_0x2284330 .functor NOT 1, L_0x2285840, C4<0>, C4<0>, C4<0>;
v0x2280f20_0 .alias "A", 0 0, v0x22843c0_0;
v0x2280fd0_0 .alias "B", 0 0, v0x2285130_0;
v0x22810a0_0 .alias "Y", 0 0, v0x2282300_0;
v0x2281170_0 .net *"_s0", 0 0, L_0x2285840; 1 drivers
S_0x2280b10 .scope module, "_045_" "NOR" 5 91, 2 19, S_0x2261e20;
 .timescale -9 -10;
L_0x2285a40 .functor OR 1, L_0x2284330, L_0x22857e0, C4<0>, C4<0>;
L_0x2285aa0 .functor NOT 1, L_0x2285a40, C4<0>, C4<0>, C4<0>;
v0x2280c00_0 .alias "A", 0 0, v0x2282300_0;
v0x2280cb0_0 .alias "B", 0 0, v0x22821f0_0;
v0x2280d30_0 .alias "Y", 0 0, v0x2285300_0;
v0x2280db0_0 .net *"_s0", 0 0, L_0x2285a40; 1 drivers
S_0x2280790 .scope module, "_046_" "NOR" 5 96, 2 19, S_0x2261e20;
 .timescale -9 -10;
L_0x2285b00 .functor OR 1, L_0x2285720, L_0x22857e0, C4<0>, C4<0>;
L_0x2285b60 .functor NOT 1, L_0x2285b00, C4<0>, C4<0>, C4<0>;
v0x2280880_0 .alias "A", 0 0, v0x22820e0_0;
v0x2280930_0 .alias "B", 0 0, v0x22821f0_0;
v0x22809e0_0 .alias "Y", 0 0, v0x2285280_0;
v0x2280a60_0 .net *"_s0", 0 0, L_0x2285b00; 1 drivers
S_0x2280390 .scope module, "_047_" "NAND" 5 101, 2 13, S_0x2261e20;
 .timescale -9 -10;
L_0x2285c10 .functor AND 1, L_0x2285aa0, L_0x2285d20, C4<1>, C4<1>;
L_0x2285c70 .functor NOT 1, L_0x2285c10, C4<0>, C4<0>, C4<0>;
v0x2280480_0 .alias "A", 0 0, v0x2285300_0;
v0x227d2a0_0 .net "B", 0 0, L_0x2285d20; 1 drivers
v0x2280630_0 .alias "Y", 0 0, v0x2282380_0;
v0x22806e0_0 .net *"_s0", 0 0, L_0x2285c10; 1 drivers
S_0x2280030 .scope module, "_048_" "NAND" 5 106, 2 13, S_0x2261e20;
 .timescale -9 -10;
L_0x2285ea0 .functor AND 1, L_0x22857e0, v0x2261960_0, C4<1>, C4<1>;
L_0x2282270 .functor NOT 1, L_0x2285ea0, C4<0>, C4<0>, C4<0>;
v0x2280120_0 .alias "A", 0 0, v0x22821f0_0;
v0x22801e0_0 .alias "B", 0 0, v0x2285130_0;
v0x2280290_0 .alias "Y", 0 0, v0x2282400_0;
v0x2280310_0 .net *"_s0", 0 0, L_0x2285ea0; 1 drivers
S_0x227fc50 .scope module, "_049_" "NAND" 5 111, 2 13, S_0x2261e20;
 .timescale -9 -10;
L_0x22860a0 .functor AND 1, L_0x2282270, L_0x2285720, C4<1>, C4<1>;
L_0x2282160 .functor NOT 1, L_0x22860a0, C4<0>, C4<0>, C4<0>;
v0x227fd40_0 .alias "A", 0 0, v0x2282400_0;
v0x227fdf0_0 .alias "B", 0 0, v0x22820e0_0;
v0x227fe70_0 .alias "Y", 0 0, v0x22824e0_0;
v0x227da40_0 .net *"_s0", 0 0, L_0x22860a0; 1 drivers
S_0x227f8c0 .scope module, "_050_" "NAND" 5 116, 2 13, S_0x2261e20;
 .timescale -9 -10;
L_0x2286210 .functor AND 1, L_0x2282160, L_0x2286320, C4<1>, C4<1>;
L_0x2286270 .functor NOT 1, L_0x2286210, C4<0>, C4<0>, C4<0>;
v0x227f9b0_0 .alias "A", 0 0, v0x22824e0_0;
v0x227fa50_0 .net "B", 0 0, L_0x2286320; 1 drivers
v0x227faf0_0 .alias "Y", 0 0, v0x2282560_0;
v0x227fba0_0 .net *"_s0", 0 0, L_0x2286210; 1 drivers
S_0x227f540 .scope module, "_051_" "NAND" 5 121, 2 13, S_0x2261e20;
 .timescale -9 -10;
L_0x2286410 .functor AND 1, L_0x2286270, L_0x2285c70, C4<1>, C4<1>;
L_0x2286590 .functor NOT 1, L_0x2286410, C4<0>, C4<0>, C4<0>;
v0x227f630_0 .alias "A", 0 0, v0x2282560_0;
v0x227f6d0_0 .alias "B", 0 0, v0x2282380_0;
v0x227f770_0 .net "Y", 0 0, L_0x2286590; 1 drivers
v0x227f810_0 .net *"_s0", 0 0, L_0x2286410; 1 drivers
S_0x227f1d0 .scope module, "_052_" "NAND" 5 126, 2 13, S_0x2261e20;
 .timescale -9 -10;
L_0x2286690 .functor AND 1, L_0x2285aa0, L_0x22867a0, C4<1>, C4<1>;
L_0x22866f0 .functor NOT 1, L_0x2286690, C4<0>, C4<0>, C4<0>;
v0x227f2c0_0 .alias "A", 0 0, v0x2285300_0;
v0x227f340_0 .net "B", 0 0, L_0x22867a0; 1 drivers
v0x227f3e0_0 .alias "Y", 0 0, v0x2282650_0;
v0x227f490_0 .net *"_s0", 0 0, L_0x2286690; 1 drivers
S_0x227ee40 .scope module, "_053_" "NAND" 5 131, 2 13, S_0x2261e20;
 .timescale -9 -10;
L_0x2286890 .functor AND 1, L_0x2282160, L_0x22869a0, C4<1>, C4<1>;
L_0x22868f0 .functor NOT 1, L_0x2286890, C4<0>, C4<0>, C4<0>;
v0x227ef30_0 .alias "A", 0 0, v0x22824e0_0;
v0x227efd0_0 .net "B", 0 0, L_0x22869a0; 1 drivers
v0x227f070_0 .alias "Y", 0 0, v0x2282720_0;
v0x227f120_0 .net *"_s0", 0 0, L_0x2286890; 1 drivers
S_0x227eac0 .scope module, "_054_" "NAND" 5 136, 2 13, S_0x2261e20;
 .timescale -9 -10;
L_0x2286ae0 .functor AND 1, L_0x22868f0, L_0x22866f0, C4<1>, C4<1>;
L_0x2286c60 .functor NOT 1, L_0x2286ae0, C4<0>, C4<0>, C4<0>;
v0x227ebb0_0 .alias "A", 0 0, v0x2282720_0;
v0x227ec50_0 .alias "B", 0 0, v0x2282650_0;
v0x227ecf0_0 .net "Y", 0 0, L_0x2286c60; 1 drivers
v0x227ed90_0 .net *"_s0", 0 0, L_0x2286ae0; 1 drivers
S_0x227e750 .scope module, "_055_" "NAND" 5 141, 2 13, S_0x2261e20;
 .timescale -9 -10;
L_0x2286df0 .functor AND 1, L_0x2285aa0, L_0x2286eb0, C4<1>, C4<1>;
L_0x2286e50 .functor NOT 1, L_0x2286df0, C4<0>, C4<0>, C4<0>;
v0x227e840_0 .alias "A", 0 0, v0x2285300_0;
v0x227e8c0_0 .net "B", 0 0, L_0x2286eb0; 1 drivers
v0x227e960_0 .alias "Y", 0 0, v0x2282870_0;
v0x227ea10_0 .net *"_s0", 0 0, L_0x2286df0; 1 drivers
S_0x227e3c0 .scope module, "_056_" "NAND" 5 146, 2 13, S_0x2261e20;
 .timescale -9 -10;
L_0x2286fa0 .functor AND 1, L_0x2282160, L_0x22870b0, C4<1>, C4<1>;
L_0x2287000 .functor NOT 1, L_0x2286fa0, C4<0>, C4<0>, C4<0>;
v0x227e4b0_0 .alias "A", 0 0, v0x22824e0_0;
v0x227e550_0 .net "B", 0 0, L_0x22870b0; 1 drivers
v0x227e5f0_0 .alias "Y", 0 0, v0x2282940_0;
v0x227e6a0_0 .net *"_s0", 0 0, L_0x2286fa0; 1 drivers
S_0x227e040 .scope module, "_057_" "NAND" 5 151, 2 13, S_0x2261e20;
 .timescale -9 -10;
L_0x22871f0 .functor AND 1, L_0x2287000, L_0x2286e50, C4<1>, C4<1>;
L_0x2287370 .functor NOT 1, L_0x22871f0, C4<0>, C4<0>, C4<0>;
v0x227e130_0 .alias "A", 0 0, v0x2282940_0;
v0x227e1d0_0 .alias "B", 0 0, v0x2282870_0;
v0x227e270_0 .net "Y", 0 0, L_0x2287370; 1 drivers
v0x227e310_0 .net *"_s0", 0 0, L_0x22871f0; 1 drivers
S_0x227dcd0 .scope module, "_058_" "NAND" 5 156, 2 13, S_0x2261e20;
 .timescale -9 -10;
L_0x2287470 .functor AND 1, L_0x2285aa0, L_0x22876e0, C4<1>, C4<1>;
L_0x2280500 .functor NOT 1, L_0x2287470, C4<0>, C4<0>, C4<0>;
v0x227ddc0_0 .alias "A", 0 0, v0x2285300_0;
v0x227de40_0 .net "B", 0 0, L_0x22876e0; 1 drivers
v0x227dee0_0 .alias "Y", 0 0, v0x22827a0_0;
v0x227df90_0 .net *"_s0", 0 0, L_0x2287470; 1 drivers
S_0x227d8b0 .scope module, "_059_" "NAND" 5 161, 2 13, S_0x2261e20;
 .timescale -9 -10;
L_0x22877e0 .functor AND 1, L_0x2282160, L_0x22878a0, C4<1>, C4<1>;
L_0x2287840 .functor NOT 1, L_0x22877e0, C4<0>, C4<0>, C4<0>;
v0x227d9a0_0 .alias "A", 0 0, v0x22824e0_0;
v0x227dad0_0 .net "B", 0 0, L_0x22878a0; 1 drivers
v0x227db70_0 .alias "Y", 0 0, v0x2282af0_0;
v0x227dc20_0 .net *"_s0", 0 0, L_0x22877e0; 1 drivers
S_0x227d530 .scope module, "_060_" "NAND" 5 166, 2 13, S_0x2261e20;
 .timescale -9 -10;
L_0x2287a20 .functor AND 1, L_0x2287840, L_0x2280500, C4<1>, C4<1>;
L_0x2287ba0 .functor NOT 1, L_0x2287a20, C4<0>, C4<0>, C4<0>;
v0x227d620_0 .alias "A", 0 0, v0x2282af0_0;
v0x227d6c0_0 .alias "B", 0 0, v0x22827a0_0;
v0x227d760_0 .net "Y", 0 0, L_0x2287ba0; 1 drivers
v0x227d800_0 .net *"_s0", 0 0, L_0x2287a20; 1 drivers
S_0x227d130 .scope module, "_061_" "NAND" 5 171, 2 13, S_0x2261e20;
 .timescale -9 -10;
L_0x2287780 .functor AND 1, L_0x2285aa0, L_0x2287d70, C4<1>, C4<1>;
L_0x2287d10 .functor NOT 1, L_0x2287780, C4<0>, C4<0>, C4<0>;
v0x227d220_0 .alias "A", 0 0, v0x2285300_0;
v0x227d330_0 .net "B", 0 0, L_0x2287d70; 1 drivers
v0x227d3d0_0 .alias "Y", 0 0, v0x2282c10_0;
v0x227d480_0 .net *"_s0", 0 0, L_0x2287780; 1 drivers
S_0x227cda0 .scope module, "_062_" "NAND" 5 176, 2 13, S_0x2261e20;
 .timescale -9 -10;
L_0x2285e10 .functor AND 1, L_0x2282160, L_0x2288020, C4<1>, C4<1>;
L_0x2287f70 .functor NOT 1, L_0x2285e10, C4<0>, C4<0>, C4<0>;
v0x227ce90_0 .alias "A", 0 0, v0x22824e0_0;
v0x227cf30_0 .net "B", 0 0, L_0x2288020; 1 drivers
v0x227cfd0_0 .alias "Y", 0 0, v0x2282ce0_0;
v0x227d080_0 .net *"_s0", 0 0, L_0x2285e10; 1 drivers
S_0x227ca20 .scope module, "_063_" "NAND" 5 181, 2 13, S_0x2261e20;
 .timescale -9 -10;
L_0x2288190 .functor AND 1, L_0x2287f70, L_0x2287d10, C4<1>, C4<1>;
L_0x2288330 .functor NOT 1, L_0x2288190, C4<0>, C4<0>, C4<0>;
v0x227cb10_0 .alias "A", 0 0, v0x2282ce0_0;
v0x227cbb0_0 .alias "B", 0 0, v0x2282c10_0;
v0x227cc50_0 .net "Y", 0 0, L_0x2288330; 1 drivers
v0x227ccf0_0 .net *"_s0", 0 0, L_0x2288190; 1 drivers
S_0x227c6b0 .scope module, "_064_" "NAND" 5 186, 2 13, S_0x2261e20;
 .timescale -9 -10;
L_0x2288450 .functor AND 1, L_0x2285aa0, L_0x2288560, C4<1>, C4<1>;
L_0x22884b0 .functor NOT 1, L_0x2288450, C4<0>, C4<0>, C4<0>;
v0x227c7a0_0 .alias "A", 0 0, v0x2285300_0;
v0x227c820_0 .net "B", 0 0, L_0x2288560; 1 drivers
v0x227c8c0_0 .alias "Y", 0 0, v0x2282e10_0;
v0x227c970_0 .net *"_s0", 0 0, L_0x2288450; 1 drivers
S_0x227c300 .scope module, "_065_" "NAND" 5 191, 2 13, S_0x2261e20;
 .timescale -9 -10;
L_0x22886e0 .functor AND 1, L_0x2282160, L_0x2288970, C4<1>, C4<1>;
L_0x227fef0 .functor NOT 1, L_0x22886e0, C4<0>, C4<0>, C4<0>;
v0x227c3f0_0 .alias "A", 0 0, v0x22824e0_0;
v0x227c4e0_0 .net "B", 0 0, L_0x2288970; 1 drivers
v0x227c580_0 .alias "Y", 0 0, v0x2282e90_0;
v0x227c600_0 .net *"_s0", 0 0, L_0x22886e0; 1 drivers
S_0x227bf80 .scope module, "_066_" "NAND" 5 196, 2 13, S_0x2261e20;
 .timescale -9 -10;
L_0x2288a10 .functor AND 1, L_0x227fef0, L_0x22884b0, C4<1>, C4<1>;
L_0x2288bb0 .functor NOT 1, L_0x2288a10, C4<0>, C4<0>, C4<0>;
v0x227c070_0 .alias "A", 0 0, v0x2282e90_0;
v0x227c110_0 .alias "B", 0 0, v0x2282e10_0;
v0x227c1b0_0 .net "Y", 0 0, L_0x2288bb0; 1 drivers
v0x227c250_0 .net *"_s0", 0 0, L_0x2288a10; 1 drivers
S_0x227bbf0 .scope module, "_067_" "NAND" 5 201, 2 13, S_0x2261e20;
 .timescale -9 -10;
L_0x2286d60 .functor AND 1, L_0x2285aa0, L_0x2288ed0, C4<1>, C4<1>;
L_0x2288650 .functor NOT 1, L_0x2286d60, C4<0>, C4<0>, C4<0>;
v0x227bce0_0 .alias "A", 0 0, v0x2285300_0;
v0x227bdb0_0 .net "B", 0 0, L_0x2288ed0; 1 drivers
v0x227be50_0 .alias "Y", 0 0, v0x2282fd0_0;
v0x227bed0_0 .net *"_s0", 0 0, L_0x2286d60; 1 drivers
S_0x227b850 .scope module, "_068_" "NAND" 5 206, 2 13, S_0x2261e20;
 .timescale -9 -10;
L_0x2288fc0 .functor AND 1, L_0x2282160, L_0x22890d0, C4<1>, C4<1>;
L_0x2289020 .functor NOT 1, L_0x2288fc0, C4<0>, C4<0>, C4<0>;
v0x227b940_0 .alias "A", 0 0, v0x22824e0_0;
v0x227ba10_0 .net "B", 0 0, L_0x22890d0; 1 drivers
v0x227ba90_0 .alias "Y", 0 0, v0x2283050_0;
v0x227bb40_0 .net *"_s0", 0 0, L_0x2288fc0; 1 drivers
S_0x227b4d0 .scope module, "_069_" "NAND" 5 211, 2 13, S_0x2261e20;
 .timescale -9 -10;
L_0x2288de0 .functor AND 1, L_0x2289020, L_0x2288650, C4<1>, C4<1>;
L_0x2282db0 .functor NOT 1, L_0x2288de0, C4<0>, C4<0>, C4<0>;
v0x227b5c0_0 .alias "A", 0 0, v0x2283050_0;
v0x227b660_0 .alias "B", 0 0, v0x2282fd0_0;
v0x227b700_0 .net "Y", 0 0, L_0x2282db0; 1 drivers
v0x227b7a0_0 .net *"_s0", 0 0, L_0x2288de0; 1 drivers
S_0x227b150 .scope module, "_070_" "NAND" 5 216, 2 13, S_0x2261e20;
 .timescale -9 -10;
L_0x2289480 .functor AND 1, L_0x2285aa0, L_0x2289590, C4<1>, C4<1>;
L_0x22894e0 .functor NOT 1, L_0x2289480, C4<0>, C4<0>, C4<0>;
v0x227b240_0 .alias "A", 0 0, v0x2285300_0;
v0x227b2f0_0 .net "B", 0 0, L_0x2289590; 1 drivers
v0x227b370_0 .alias "Y", 0 0, v0x22831a0_0;
v0x227b420_0 .net *"_s0", 0 0, L_0x2289480; 1 drivers
S_0x227ada0 .scope module, "_071_" "NAND" 5 221, 2 13, S_0x2261e20;
 .timescale -9 -10;
L_0x22891c0 .functor AND 1, L_0x2282160, L_0x22897a0, C4<1>, C4<1>;
L_0x2289740 .functor NOT 1, L_0x22891c0, C4<0>, C4<0>, C4<0>;
v0x227ae90_0 .alias "A", 0 0, v0x22824e0_0;
v0x227af50_0 .net "B", 0 0, L_0x22897a0; 1 drivers
v0x227aff0_0 .alias "Y", 0 0, v0x2283220_0;
v0x227b0a0_0 .net *"_s0", 0 0, L_0x22891c0; 1 drivers
S_0x227aa00 .scope module, "_072_" "NAND" 5 226, 2 13, S_0x2261e20;
 .timescale -9 -10;
L_0x2287990 .functor AND 1, L_0x2289740, L_0x22894e0, C4<1>, C4<1>;
L_0x2289ac0 .functor NOT 1, L_0x2287990, C4<0>, C4<0>, C4<0>;
v0x227aaf0_0 .alias "A", 0 0, v0x2283220_0;
v0x227abb0_0 .alias "B", 0 0, v0x22831a0_0;
v0x227ac50_0 .net "Y", 0 0, L_0x2289ac0; 1 drivers
v0x227acf0_0 .net *"_s0", 0 0, L_0x2287990; 1 drivers
S_0x227a630 .scope module, "_073_" "NAND" 5 231, 2 13, S_0x2261e20;
 .timescale -9 -10;
L_0x2289680 .functor AND 1, L_0x2282270, L_0x2284330, C4<1>, C4<1>;
L_0x22896e0 .functor NOT 1, L_0x2289680, C4<0>, C4<0>, C4<0>;
v0x227a720_0 .alias "A", 0 0, v0x2282400_0;
v0x227a7a0_0 .alias "B", 0 0, v0x2282300_0;
v0x227a840_0 .alias "Y", 0 0, v0x2283120_0;
v0x22784b0_0 .net *"_s0", 0 0, L_0x2289680; 1 drivers
S_0x227a340 .scope module, "_074_" "NAND" 5 236, 2 13, S_0x2261e20;
 .timescale -9 -10;
L_0x2289d20 .functor AND 1, L_0x22896e0, L_0x2289e50, C4<1>, C4<1>;
L_0x2289da0 .functor NOT 1, L_0x2289d20, C4<0>, C4<0>, C4<0>;
v0x227a430_0 .alias "A", 0 0, v0x2283120_0;
v0x227a4b0_0 .net "B", 0 0, L_0x2289e50; 1 drivers
v0x227a530_0 .alias "Y", 0 0, v0x2283380_0;
v0x227a5b0_0 .net *"_s0", 0 0, L_0x2289d20; 1 drivers
S_0x2279fc0 .scope module, "_075_" "NAND" 5 241, 2 13, S_0x2261e20;
 .timescale -9 -10;
L_0x2289f40 .functor AND 1, L_0x2285b60, L_0x228a050, C4<1>, C4<1>;
L_0x2289fa0 .functor NOT 1, L_0x2289f40, C4<0>, C4<0>, C4<0>;
v0x227a0b0_0 .alias "A", 0 0, v0x2285280_0;
v0x2277630_0 .net "B", 0 0, L_0x228a050; 1 drivers
v0x227a240_0 .alias "Y", 0 0, v0x22832f0_0;
v0x227a2c0_0 .net *"_s0", 0 0, L_0x2289f40; 1 drivers
S_0x2279c40 .scope module, "_076_" "NAND" 5 246, 2 13, S_0x2261e20;
 .timescale -9 -10;
L_0x2289be0 .functor AND 1, L_0x2289fa0, L_0x2289da0, C4<1>, C4<1>;
L_0x228a340 .functor NOT 1, L_0x2289be0, C4<0>, C4<0>, C4<0>;
v0x2279d30_0 .alias "A", 0 0, v0x22832f0_0;
v0x2279dd0_0 .alias "B", 0 0, v0x2283380_0;
v0x2279e70_0 .net "Y", 0 0, L_0x228a340; 1 drivers
v0x2279f10_0 .net *"_s0", 0 0, L_0x2289be0; 1 drivers
S_0x22798d0 .scope module, "_077_" "NAND" 5 251, 2 13, S_0x2261e20;
 .timescale -9 -10;
L_0x228a440 .functor AND 1, L_0x22896e0, L_0x228a550, C4<1>, C4<1>;
L_0x228a4a0 .functor NOT 1, L_0x228a440, C4<0>, C4<0>, C4<0>;
v0x22799c0_0 .alias "A", 0 0, v0x2283120_0;
v0x2279a40_0 .net "B", 0 0, L_0x228a550; 1 drivers
v0x2279ae0_0 .alias "Y", 0 0, v0x2283540_0;
v0x2279b90_0 .net *"_s0", 0 0, L_0x228a440; 1 drivers
S_0x2279540 .scope module, "_078_" "NAND" 5 256, 2 13, S_0x2261e20;
 .timescale -9 -10;
L_0x228a140 .functor AND 1, L_0x2285b60, L_0x228a7d0, C4<1>, C4<1>;
L_0x228a1c0 .functor NOT 1, L_0x228a140, C4<0>, C4<0>, C4<0>;
v0x2279630_0 .alias "A", 0 0, v0x2285280_0;
v0x22796d0_0 .net "B", 0 0, L_0x228a7d0; 1 drivers
v0x2279770_0 .alias "Y", 0 0, v0x2283450_0;
v0x2279820_0 .net *"_s0", 0 0, L_0x228a140; 1 drivers
S_0x22791c0 .scope module, "_079_" "NAND" 5 261, 2 13, S_0x2261e20;
 .timescale -9 -10;
L_0x228a8c0 .functor AND 1, L_0x228a1c0, L_0x228a4a0, C4<1>, C4<1>;
L_0x228aa40 .functor NOT 1, L_0x228a8c0, C4<0>, C4<0>, C4<0>;
v0x22792b0_0 .alias "A", 0 0, v0x2283450_0;
v0x2279350_0 .alias "B", 0 0, v0x2283540_0;
v0x22793f0_0 .net "Y", 0 0, L_0x228aa40; 1 drivers
v0x2279490_0 .net *"_s0", 0 0, L_0x228a8c0; 1 drivers
S_0x2278e50 .scope module, "_080_" "NAND" 5 266, 2 13, S_0x2261e20;
 .timescale -9 -10;
L_0x228a690 .functor AND 1, L_0x22896e0, L_0x228acf0, C4<1>, C4<1>;
L_0x228a6f0 .functor NOT 1, L_0x228a690, C4<0>, C4<0>, C4<0>;
v0x2278f40_0 .alias "A", 0 0, v0x2283120_0;
v0x2278fc0_0 .net "B", 0 0, L_0x228acf0; 1 drivers
v0x2279060_0 .alias "Y", 0 0, v0x2283710_0;
v0x2279110_0 .net *"_s0", 0 0, L_0x228a690; 1 drivers
S_0x2278ac0 .scope module, "_081_" "NAND" 5 271, 2 13, S_0x2261e20;
 .timescale -9 -10;
L_0x228ade0 .functor AND 1, L_0x2285b60, L_0x228aef0, C4<1>, C4<1>;
L_0x228ae40 .functor NOT 1, L_0x228ade0, C4<0>, C4<0>, C4<0>;
v0x2278bb0_0 .alias "A", 0 0, v0x2285280_0;
v0x2278c50_0 .net "B", 0 0, L_0x228aef0; 1 drivers
v0x2278cf0_0 .alias "Y", 0 0, v0x2283610_0;
v0x2278da0_0 .net *"_s0", 0 0, L_0x228ade0; 1 drivers
S_0x2278740 .scope module, "_082_" "NAND" 5 276, 2 13, S_0x2261e20;
 .timescale -9 -10;
L_0x228abf0 .functor AND 1, L_0x228ae40, L_0x228a6f0, C4<1>, C4<1>;
L_0x228ac70 .functor NOT 1, L_0x228abf0, C4<0>, C4<0>, C4<0>;
v0x2278830_0 .alias "A", 0 0, v0x2283610_0;
v0x22788d0_0 .alias "B", 0 0, v0x2283710_0;
v0x2278970_0 .net "Y", 0 0, L_0x228ac70; 1 drivers
v0x2278a10_0 .net *"_s0", 0 0, L_0x228abf0; 1 drivers
S_0x2278340 .scope module, "_083_" "NAND" 5 281, 2 13, S_0x2261e20;
 .timescale -9 -10;
L_0x228b2b0 .functor AND 1, L_0x22896e0, L_0x228b3c0, C4<1>, C4<1>;
L_0x228b310 .functor NOT 1, L_0x228b2b0, C4<0>, C4<0>, C4<0>;
v0x2278430_0 .alias "A", 0 0, v0x2283120_0;
v0x2278540_0 .net "B", 0 0, L_0x228b3c0; 1 drivers
v0x22785e0_0 .alias "Y", 0 0, v0x22838f0_0;
v0x2278690_0 .net *"_s0", 0 0, L_0x228b2b0; 1 drivers
S_0x2277fb0 .scope module, "_084_" "NAND" 5 286, 2 13, S_0x2261e20;
 .timescale -9 -10;
L_0x228afe0 .functor AND 1, L_0x2285b60, L_0x227a130, C4<1>, C4<1>;
L_0x228b060 .functor NOT 1, L_0x228afe0, C4<0>, C4<0>, C4<0>;
v0x22780a0_0 .alias "A", 0 0, v0x2285280_0;
v0x2278140_0 .net "B", 0 0, L_0x227a130; 1 drivers
v0x22781e0_0 .alias "Y", 0 0, v0x22837e0_0;
v0x2278290_0 .net *"_s0", 0 0, L_0x228afe0; 1 drivers
S_0x2277c30 .scope module, "_085_" "NAND" 5 291, 2 13, S_0x2261e20;
 .timescale -9 -10;
L_0x228b870 .functor AND 1, L_0x228b060, L_0x228b310, C4<1>, C4<1>;
L_0x228b9f0 .functor NOT 1, L_0x228b870, C4<0>, C4<0>, C4<0>;
v0x2277d20_0 .alias "A", 0 0, v0x22837e0_0;
v0x2277dc0_0 .alias "B", 0 0, v0x22838f0_0;
v0x2277e60_0 .net "Y", 0 0, L_0x228b9f0; 1 drivers
v0x2277f00_0 .net *"_s0", 0 0, L_0x228b870; 1 drivers
S_0x22778c0 .scope module, "_086_" "NAND" 5 296, 2 13, S_0x2261e20;
 .timescale -9 -10;
L_0x228b540 .functor AND 1, L_0x22896e0, L_0x228bc20, C4<1>, C4<1>;
L_0x228b5a0 .functor NOT 1, L_0x228b540, C4<0>, C4<0>, C4<0>;
v0x22779b0_0 .alias "A", 0 0, v0x2283120_0;
v0x2277a30_0 .net "B", 0 0, L_0x228bc20; 1 drivers
v0x2277ad0_0 .alias "Y", 0 0, v0x2283ae0_0;
v0x2277b80_0 .net *"_s0", 0 0, L_0x228b540; 1 drivers
S_0x22774a0 .scope module, "_087_" "NAND" 5 301, 2 13, S_0x2261e20;
 .timescale -9 -10;
L_0x228bd10 .functor AND 1, L_0x2285b60, L_0x228be40, C4<1>, C4<1>;
L_0x228bd90 .functor NOT 1, L_0x228bd10, C4<0>, C4<0>, C4<0>;
v0x2277590_0 .alias "A", 0 0, v0x2285280_0;
v0x22776c0_0 .net "B", 0 0, L_0x228be40; 1 drivers
v0x2277760_0 .alias "Y", 0 0, v0x22839c0_0;
v0x2277810_0 .net *"_s0", 0 0, L_0x228bd10; 1 drivers
S_0x2277120 .scope module, "_088_" "NAND" 5 306, 2 13, S_0x2261e20;
 .timescale -9 -10;
L_0x2287e60 .functor AND 1, L_0x228bd90, L_0x228b5a0, C4<1>, C4<1>;
L_0x228bb80 .functor NOT 1, L_0x2287e60, C4<0>, C4<0>, C4<0>;
v0x2277210_0 .alias "A", 0 0, v0x22839c0_0;
v0x22772b0_0 .alias "B", 0 0, v0x2283ae0_0;
v0x2277350_0 .net "Y", 0 0, L_0x228bb80; 1 drivers
v0x22773f0_0 .net *"_s0", 0 0, L_0x2287e60; 1 drivers
S_0x2276d90 .scope module, "_089_" "NAND" 5 311, 2 13, S_0x2261e20;
 .timescale -9 -10;
L_0x228c320 .functor AND 1, L_0x22896e0, L_0x228c590, C4<1>, C4<1>;
L_0x227a8c0 .functor NOT 1, L_0x228c320, C4<0>, C4<0>, C4<0>;
v0x2276e80_0 .alias "A", 0 0, v0x2283120_0;
v0x2276f50_0 .net "B", 0 0, L_0x228c590; 1 drivers
v0x2276ff0_0 .alias "Y", 0 0, v0x2283c90_0;
v0x2277070_0 .net *"_s0", 0 0, L_0x228c320; 1 drivers
S_0x2276a00 .scope module, "_090_" "NAND" 5 316, 2 13, S_0x2261e20;
 .timescale -9 -10;
L_0x228c140 .functor AND 1, L_0x2285b60, L_0x228c780, C4<1>, C4<1>;
L_0x228c1a0 .functor NOT 1, L_0x228c140, C4<0>, C4<0>, C4<0>;
v0x2276af0_0 .alias "A", 0 0, v0x2285280_0;
v0x2276b90_0 .net "B", 0 0, L_0x228c780; 1 drivers
v0x2276c30_0 .alias "Y", 0 0, v0x2283bb0_0;
v0x2276ce0_0 .net *"_s0", 0 0, L_0x228c140; 1 drivers
S_0x2276680 .scope module, "_091_" "NAND" 5 321, 2 13, S_0x2261e20;
 .timescale -9 -10;
L_0x228c870 .functor AND 1, L_0x228c1a0, L_0x227a8c0, C4<1>, C4<1>;
L_0x2283c30 .functor NOT 1, L_0x228c870, C4<0>, C4<0>, C4<0>;
v0x2276770_0 .alias "A", 0 0, v0x2283bb0_0;
v0x2276810_0 .alias "B", 0 0, v0x2283c90_0;
v0x22768b0_0 .net "Y", 0 0, L_0x2283c30; 1 drivers
v0x2276950_0 .net *"_s0", 0 0, L_0x228c870; 1 drivers
S_0x2276300 .scope module, "_092_" "NAND" 5 326, 2 13, S_0x2261e20;
 .timescale -9 -10;
L_0x228c630 .functor AND 1, L_0x22896e0, L_0x228cd20, C4<1>, C4<1>;
L_0x228c690 .functor NOT 1, L_0x228c630, C4<0>, C4<0>, C4<0>;
v0x22763f0_0 .alias "A", 0 0, v0x2283120_0;
v0x22764a0_0 .net "B", 0 0, L_0x228cd20; 1 drivers
v0x2276520_0 .alias "Y", 0 0, v0x2283e50_0;
v0x22765d0_0 .net *"_s0", 0 0, L_0x228c630; 1 drivers
S_0x2275f50 .scope module, "_093_" "NAND" 5 331, 2 13, S_0x2261e20;
 .timescale -9 -10;
L_0x228ce10 .functor AND 1, L_0x2285b60, L_0x228cf20, C4<1>, C4<1>;
L_0x228ce70 .functor NOT 1, L_0x228ce10, C4<0>, C4<0>, C4<0>;
v0x2276040_0 .alias "A", 0 0, v0x2285280_0;
v0x2276130_0 .net "B", 0 0, L_0x228cf20; 1 drivers
v0x22761d0_0 .alias "Y", 0 0, v0x2281cd0_0;
v0x2276250_0 .net *"_s0", 0 0, L_0x228ce10; 1 drivers
S_0x2275bd0 .scope module, "_094_" "NAND" 5 336, 2 13, S_0x2261e20;
 .timescale -9 -10;
L_0x228cbc0 .functor AND 1, L_0x228ce70, L_0x228c690, C4<1>, C4<1>;
L_0x228ccb0 .functor NOT 1, L_0x228cbc0, C4<0>, C4<0>, C4<0>;
v0x2275cc0_0 .alias "A", 0 0, v0x2281cd0_0;
v0x2275d60_0 .alias "B", 0 0, v0x2283e50_0;
v0x2275e00_0 .net "Y", 0 0, L_0x228ccb0; 1 drivers
v0x2275ea0_0 .net *"_s0", 0 0, L_0x228cbc0; 1 drivers
S_0x2275840 .scope module, "_095_" "NAND" 5 341, 2 13, S_0x2261e20;
 .timescale -9 -10;
L_0x228d2b0 .functor AND 1, L_0x22896e0, L_0x228d3c0, C4<1>, C4<1>;
L_0x228d310 .functor NOT 1, L_0x228d2b0, C4<0>, C4<0>, C4<0>;
v0x2275930_0 .alias "A", 0 0, v0x2283120_0;
v0x22759d0_0 .net "B", 0 0, L_0x228d3c0; 1 drivers
v0x2275a70_0 .alias "Y", 0 0, v0x2281da0_0;
v0x2275b20_0 .net *"_s0", 0 0, L_0x228d2b0; 1 drivers
S_0x22754a0 .scope module, "_096_" "NAND" 5 346, 2 13, S_0x2261e20;
 .timescale -9 -10;
L_0x228b4b0 .functor AND 1, L_0x2285b60, L_0x228d0c0, C4<1>, C4<1>;
L_0x228d010 .functor NOT 1, L_0x228b4b0, C4<0>, C4<0>, C4<0>;
v0x2275590_0 .alias "A", 0 0, v0x2285280_0;
v0x2275660_0 .net "B", 0 0, L_0x228d0c0; 1 drivers
v0x22756e0_0 .alias "Y", 0 0, v0x2281f40_0;
v0x2275790_0 .net *"_s0", 0 0, L_0x228b4b0; 1 drivers
S_0x2275100 .scope module, "_097_" "NAND" 5 351, 2 13, S_0x2261e20;
 .timescale -9 -10;
L_0x228d790 .functor AND 1, L_0x228d010, L_0x228d310, C4<1>, C4<1>;
L_0x228d910 .functor NOT 1, L_0x228d790, C4<0>, C4<0>, C4<0>;
v0x22751f0_0 .alias "A", 0 0, v0x2281f40_0;
v0x22752b0_0 .alias "B", 0 0, v0x2281da0_0;
v0x2275350_0 .net "Y", 0 0, L_0x228d910; 1 drivers
v0x22753f0_0 .net *"_s0", 0 0, L_0x228d790; 1 drivers
S_0x2274e20 .scope module, "_098_" "DFF" 5 356, 2 25, S_0x2261e20;
 .timescale -9 -10;
v0x2274f10_0 .alias "C", 0 0, v0x22851b0_0;
v0x2274fe0_0 .alias "D", 0 0, v0x2281be0_0;
v0x2275060_0 .var "Q", 0 0;
E_0x22613e0 .event posedge, v0x2261a70_0;
S_0x2274a00 .scope module, "_099_" "DFF" 5 361, 2 25, S_0x2261e20;
 .timescale -9 -10;
v0x2274af0_0 .alias "C", 0 0, v0x2284de0_0;
v0x2273480_0 .net "D", 0 0, L_0x228d5c0; 1 drivers
v0x2274da0_0 .var "Q", 0 0;
S_0x2274730 .scope module, "_100_" "DFF" 5 366, 2 25, S_0x2261e20;
 .timescale -9 -10;
v0x2274820_0 .alias "C", 0 0, v0x2284de0_0;
v0x22748c0_0 .net "D", 0 0, L_0x228dbb0; 1 drivers
v0x2274960_0 .var "Q", 0 0;
S_0x2274460 .scope module, "_101_" "DFF" 5 371, 2 25, S_0x2261e20;
 .timescale -9 -10;
v0x2274550_0 .alias "C", 0 0, v0x2284de0_0;
v0x22745f0_0 .net "D", 0 0, L_0x228da10; 1 drivers
v0x2274690_0 .var "Q", 0 0;
S_0x2274190 .scope module, "_102_" "DFF" 5 376, 2 25, S_0x2261e20;
 .timescale -9 -10;
v0x2274280_0 .alias "C", 0 0, v0x2284de0_0;
v0x2274320_0 .net "D", 0 0, L_0x228deb0; 1 drivers
v0x22743c0_0 .var "Q", 0 0;
S_0x2273ec0 .scope module, "_103_" "DFF" 5 381, 2 25, S_0x2261e20;
 .timescale -9 -10;
v0x2273fb0_0 .alias "C", 0 0, v0x2284de0_0;
v0x2274050_0 .net "D", 0 0, L_0x228dcf0; 1 drivers
v0x22740f0_0 .var "Q", 0 0;
S_0x2273bf0 .scope module, "_104_" "DFF" 5 386, 2 25, S_0x2261e20;
 .timescale -9 -10;
v0x2273ce0_0 .alias "C", 0 0, v0x2284de0_0;
v0x2273d80_0 .net "D", 0 0, L_0x228e1d0; 1 drivers
v0x2273e20_0 .var "Q", 0 0;
S_0x2273920 .scope module, "_105_" "DFF" 5 391, 2 25, S_0x2261e20;
 .timescale -9 -10;
v0x2273a10_0 .alias "C", 0 0, v0x2284de0_0;
v0x2273ab0_0 .net "D", 0 0, L_0x228dff0; 1 drivers
v0x2273b50_0 .var "Q", 0 0;
S_0x2273650 .scope module, "_106_" "DFF" 5 396, 2 25, S_0x2261e20;
 .timescale -9 -10;
v0x2273740_0 .alias "C", 0 0, v0x2284de0_0;
v0x22737e0_0 .net "D", 0 0, L_0x228e680; 1 drivers
v0x2273880_0 .var "Q", 0 0;
S_0x22732f0 .scope module, "_107_" "DFF" 5 401, 2 25, S_0x2261e20;
 .timescale -9 -10;
v0x22733e0_0 .alias "C", 0 0, v0x2284de0_0;
v0x22728b0_0 .net "D", 0 0, L_0x228d4b0; 1 drivers
v0x22735b0_0 .var "Q", 0 0;
S_0x2273020 .scope module, "_108_" "DFF" 5 406, 2 25, S_0x2261e20;
 .timescale -9 -10;
v0x2273110_0 .alias "C", 0 0, v0x2284de0_0;
v0x22731b0_0 .net "D", 0 0, L_0x228e550; 1 drivers
v0x2273250_0 .var "Q", 0 0;
S_0x2272d50 .scope module, "_109_" "DFF" 5 411, 2 25, S_0x2261e20;
 .timescale -9 -10;
v0x2272e40_0 .alias "C", 0 0, v0x2284de0_0;
v0x2272ee0_0 .net "D", 0 0, L_0x228e9d0; 1 drivers
v0x2272f80_0 .var "Q", 0 0;
S_0x2272a80 .scope module, "_110_" "DFF" 5 416, 2 25, S_0x2261e20;
 .timescale -9 -10;
v0x2272b70_0 .alias "C", 0 0, v0x2284de0_0;
v0x2272c10_0 .net "D", 0 0, L_0x228eed0; 1 drivers
v0x2272cb0_0 .var "Q", 0 0;
S_0x2272720 .scope module, "_111_" "DFF" 5 421, 2 25, S_0x2261e20;
 .timescale -9 -10;
v0x2272810_0 .alias "C", 0 0, v0x2284de0_0;
v0x2272940_0 .net "D", 0 0, L_0x228ec90; 1 drivers
v0x22729e0_0 .var "Q", 0 0;
S_0x2272470 .scope module, "_112_" "DFF" 5 426, 2 25, S_0x2261e20;
 .timescale -9 -10;
v0x2272560_0 .alias "C", 0 0, v0x2284de0_0;
v0x22725e0_0 .net "D", 0 0, L_0x228ee30; 1 drivers
v0x2272680_0 .var "Q", 0 0;
S_0x2272200 .scope module, "_113_" "DFF" 5 431, 2 25, S_0x2261e20;
 .timescale -9 -10;
v0x22722f0_0 .alias "C", 0 0, v0x2284de0_0;
v0x2272370_0 .net "D", 0 0, L_0x228f010; 1 drivers
v0x22723f0_0 .var "Q", 0 0;
S_0x2261f10 .scope module, "_114_" "DFF" 5 436, 2 25, S_0x2261e20;
 .timescale -9 -10;
v0x2262000_0 .alias "C", 0 0, v0x2284de0_0;
v0x22620a0_0 .net "D", 0 0, L_0x228f1b0; 1 drivers
v0x2272180_0 .var "Q", 0 0;
S_0x2260fa0 .scope module, "prob1" "probador_demux" 3 56, 6 2, S_0x22451a0;
 .timescale -9 -10;
v0x2261160_0 .var "clk_2f", 0 0;
v0x2261220_0 .var "data_in", 7 0;
v0x22612c0_0 .alias "data_out_0", 7 0, v0x2284ee0_0;
v0x2261360_0 .alias "data_out_1", 7 0, v0x2284f60_0;
v0x2261410_0 .var "error", 0 0;
v0x22614b0_0 .var "out0_pr_cond", 7 0;
v0x2261590_0 .var "out0_pr_est", 7 0;
v0x2261630_0 .var "out1_pr_cond", 7 0;
v0x2261720_0 .var "out1_pr_est", 7 0;
v0x22617c0_0 .alias "out_synth0", 7 0, v0x2284fe0_0;
v0x22618c0_0 .alias "out_synth1", 7 0, v0x2285060_0;
v0x2261960_0 .var "reset", 0 0;
v0x2261a70_0 .var "valid_in", 0 0;
v0x2261b10_0 .alias "valid_out0_synth", 0 0, v0x2285280_0;
v0x2261c30_0 .alias "valid_out1_synth", 0 0, v0x2285300_0;
v0x2261cd0_0 .alias "valid_out_0", 0 0, v0x2285380_0;
v0x2261b90_0 .alias "valid_out_1", 0 0, v0x2285400_0;
E_0x2261090 .event edge, v0x2261590_0, v0x22614b0_0, v0x2261720_0, v0x2261630_0;
E_0x2261110 .event posedge, v0x2261160_0;
    .scope S_0x2245840;
T_0 ;
    %wait E_0x2260be0;
    %load/v 8, v0x2260f00_0, 1;
    %jmp/0xz  T_0.0, 8;
    %ix/load 0, 1, 0;
    %assign/v0 v0x2260db0_0, 0, 1;
    %jmp T_0.1;
T_0.0 ;
    %load/v 8, v0x2260e50_0, 1;
    %jmp/0xz  T_0.2, 8;
    %ix/load 0, 1, 0;
    %assign/v0 v0x2260db0_0, 0, 0;
    %jmp T_0.3;
T_0.2 ;
    %load/v 8, v0x2260d10_0, 1;
    %ix/load 0, 1, 0;
    %assign/v0 v0x2260db0_0, 0, 8;
T_0.3 ;
T_0.1 ;
    %jmp T_0;
    .thread T_0;
    .scope S_0x2284660;
T_1 ;
    %wait E_0x227f460;
    %set/v v0x2284ce0_0, 0, 1;
    %set/v v0x2284d60_0, 0, 1;
    %load/v 8, v0x2284950_0, 8;
    %set/v v0x2284850_0, 8, 8;
    %load/v 8, v0x22849d0_0, 8;
    %set/v v0x22848d0_0, 8, 8;
    %load/v 8, v0x2284bd0_0, 1;
    %mov 9, 0, 2;
    %cmpi/u 8, 1, 3;
    %jmp/0xz  T_1.0, 4;
    %load/v 8, v0x2284b50_0, 1;
    %set/v v0x2284ad0_0, 8, 1;
    %load/v 8, v0x2284a50_0, 1;
    %mov 9, 0, 2;
    %cmpi/u 8, 1, 3;
    %jmp/0xz  T_1.2, 4;
    %load/v 8, v0x2284ad0_0, 1;
    %inv 8, 1;
    %jmp/0xz  T_1.4, 8;
    %load/v 8, v0x22847d0_0, 8;
    %set/v v0x2284850_0, 8, 8;
    %load/v 8, v0x22849d0_0, 8;
    %set/v v0x22848d0_0, 8, 8;
    %set/v v0x2284ce0_0, 1, 1;
    %set/v v0x2284d60_0, 0, 1;
    %jmp T_1.5;
T_1.4 ;
    %load/v 8, v0x22847d0_0, 8;
    %set/v v0x22848d0_0, 8, 8;
    %load/v 8, v0x2284950_0, 8;
    %set/v v0x2284850_0, 8, 8;
    %set/v v0x2284d60_0, 1, 1;
    %set/v v0x2284ce0_0, 0, 1;
T_1.5 ;
    %jmp T_1.3;
T_1.2 ;
    %set/v v0x2284850_0, 0, 8;
    %set/v v0x22848d0_0, 0, 8;
    %set/v v0x2284ad0_0, 0, 1;
T_1.3 ;
    %jmp T_1.1;
T_1.0 ;
    %load/v 8, v0x2284a50_0, 1;
    %mov 9, 0, 2;
    %cmpi/u 8, 1, 3;
    %jmp/0xz  T_1.6, 4;
    %load/v 8, v0x2284b50_0, 1;
    %set/v v0x2284ad0_0, 8, 1;
    %load/v 8, v0x2284950_0, 8;
    %set/v v0x2284850_0, 8, 8;
    %load/v 8, v0x22849d0_0, 8;
    %set/v v0x22848d0_0, 8, 8;
    %set/v v0x2284ce0_0, 0, 1;
    %set/v v0x2284d60_0, 0, 1;
    %jmp T_1.7;
T_1.6 ;
    %set/v v0x2284850_0, 0, 8;
    %set/v v0x22848d0_0, 0, 8;
    %set/v v0x2284ad0_0, 0, 1;
T_1.7 ;
T_1.1 ;
    %jmp T_1;
    .thread T_1, $push;
    .scope S_0x2284660;
T_2 ;
    %wait E_0x2261110;
    %load/v 8, v0x2284850_0, 8;
    %set/v v0x2284950_0, 8, 8;
    %load/v 8, v0x22848d0_0, 8;
    %set/v v0x22849d0_0, 8, 8;
    %jmp T_2;
    .thread T_2;
    .scope S_0x2284660;
T_3 ;
    %wait E_0x22613e0;
    %load/v 8, v0x2284a50_0, 1;
    %mov 9, 0, 2;
    %cmpi/u 8, 1, 3;
    %jmp/0xz  T_3.0, 4;
    %load/v 8, v0x2284b50_0, 1;
    %jmp/0xz  T_3.2, 8;
    %ix/load 0, 1, 0;
    %assign/v0 v0x2284b50_0, 0, 0;
    %jmp T_3.3;
T_3.2 ;
    %ix/load 0, 1, 0;
    %assign/v0 v0x2284b50_0, 0, 1;
T_3.3 ;
    %jmp T_3.1;
T_3.0 ;
    %ix/load 0, 1, 0;
    %assign/v0 v0x2284b50_0, 0, 0;
T_3.1 ;
    %jmp T_3;
    .thread T_3;
    .scope S_0x2274e20;
T_4 ;
    %wait E_0x22613e0;
    %load/v 8, v0x2274fe0_0, 1;
    %ix/load 0, 1, 0;
    %assign/v0 v0x2275060_0, 0, 8;
    %jmp T_4;
    .thread T_4;
    .scope S_0x2274a00;
T_5 ;
    %wait E_0x2261110;
    %load/v 8, v0x2273480_0, 1;
    %ix/load 0, 1, 0;
    %assign/v0 v0x2274da0_0, 0, 8;
    %jmp T_5;
    .thread T_5;
    .scope S_0x2274730;
T_6 ;
    %wait E_0x2261110;
    %load/v 8, v0x22748c0_0, 1;
    %ix/load 0, 1, 0;
    %assign/v0 v0x2274960_0, 0, 8;
    %jmp T_6;
    .thread T_6;
    .scope S_0x2274460;
T_7 ;
    %wait E_0x2261110;
    %load/v 8, v0x22745f0_0, 1;
    %ix/load 0, 1, 0;
    %assign/v0 v0x2274690_0, 0, 8;
    %jmp T_7;
    .thread T_7;
    .scope S_0x2274190;
T_8 ;
    %wait E_0x2261110;
    %load/v 8, v0x2274320_0, 1;
    %ix/load 0, 1, 0;
    %assign/v0 v0x22743c0_0, 0, 8;
    %jmp T_8;
    .thread T_8;
    .scope S_0x2273ec0;
T_9 ;
    %wait E_0x2261110;
    %load/v 8, v0x2274050_0, 1;
    %ix/load 0, 1, 0;
    %assign/v0 v0x22740f0_0, 0, 8;
    %jmp T_9;
    .thread T_9;
    .scope S_0x2273bf0;
T_10 ;
    %wait E_0x2261110;
    %load/v 8, v0x2273d80_0, 1;
    %ix/load 0, 1, 0;
    %assign/v0 v0x2273e20_0, 0, 8;
    %jmp T_10;
    .thread T_10;
    .scope S_0x2273920;
T_11 ;
    %wait E_0x2261110;
    %load/v 8, v0x2273ab0_0, 1;
    %ix/load 0, 1, 0;
    %assign/v0 v0x2273b50_0, 0, 8;
    %jmp T_11;
    .thread T_11;
    .scope S_0x2273650;
T_12 ;
    %wait E_0x2261110;
    %load/v 8, v0x22737e0_0, 1;
    %ix/load 0, 1, 0;
    %assign/v0 v0x2273880_0, 0, 8;
    %jmp T_12;
    .thread T_12;
    .scope S_0x22732f0;
T_13 ;
    %wait E_0x2261110;
    %load/v 8, v0x22728b0_0, 1;
    %ix/load 0, 1, 0;
    %assign/v0 v0x22735b0_0, 0, 8;
    %jmp T_13;
    .thread T_13;
    .scope S_0x2273020;
T_14 ;
    %wait E_0x2261110;
    %load/v 8, v0x22731b0_0, 1;
    %ix/load 0, 1, 0;
    %assign/v0 v0x2273250_0, 0, 8;
    %jmp T_14;
    .thread T_14;
    .scope S_0x2272d50;
T_15 ;
    %wait E_0x2261110;
    %load/v 8, v0x2272ee0_0, 1;
    %ix/load 0, 1, 0;
    %assign/v0 v0x2272f80_0, 0, 8;
    %jmp T_15;
    .thread T_15;
    .scope S_0x2272a80;
T_16 ;
    %wait E_0x2261110;
    %load/v 8, v0x2272c10_0, 1;
    %ix/load 0, 1, 0;
    %assign/v0 v0x2272cb0_0, 0, 8;
    %jmp T_16;
    .thread T_16;
    .scope S_0x2272720;
T_17 ;
    %wait E_0x2261110;
    %load/v 8, v0x2272940_0, 1;
    %ix/load 0, 1, 0;
    %assign/v0 v0x22729e0_0, 0, 8;
    %jmp T_17;
    .thread T_17;
    .scope S_0x2272470;
T_18 ;
    %wait E_0x2261110;
    %load/v 8, v0x22725e0_0, 1;
    %ix/load 0, 1, 0;
    %assign/v0 v0x2272680_0, 0, 8;
    %jmp T_18;
    .thread T_18;
    .scope S_0x2272200;
T_19 ;
    %wait E_0x2261110;
    %load/v 8, v0x2272370_0, 1;
    %ix/load 0, 1, 0;
    %assign/v0 v0x22723f0_0, 0, 8;
    %jmp T_19;
    .thread T_19;
    .scope S_0x2261f10;
T_20 ;
    %wait E_0x2261110;
    %load/v 8, v0x22620a0_0, 1;
    %ix/load 0, 1, 0;
    %assign/v0 v0x2272180_0, 0, 8;
    %jmp T_20;
    .thread T_20;
    .scope S_0x2260fa0;
T_21 ;
    %vpi_call 6 24 "$dumpfile", "demux.vcd";
    %vpi_call 6 25 "$dumpvars";
    %set/v v0x2261960_0, 0, 1;
    %set/v v0x2261160_0, 0, 1;
    %set/v v0x2261220_0, 0, 8;
    %wait E_0x2261110;
    %ix/load 0, 1, 0;
    %assign/v0 v0x2261a70_0, 0, 0;
    %ix/load 0, 1, 0;
    %assign/v0 v0x2261960_0, 0, 0;
    %movi 8, 14, 5;
T_21.0 %cmp/s 0, 8, 5;
    %jmp/0xz T_21.1, 5;
    %add 8, 1, 5;
    %wait E_0x2261110;
    %ix/load 0, 1, 0;
    %assign/v0 v0x2261960_0, 0, 1;
    %vpi_func 6 34 "$random", 13, 32;
    %ix/load 0, 8, 0;
    %assign/v0 v0x2261220_0, 0, 13;
    %vpi_func 6 37 "$random", 13, 32;
    %ix/load 0, 1, 0;
    %assign/v0 v0x2261a70_0, 0, 13;
    %jmp T_21.0;
T_21.1 ;
    %delay 100, 0;
    %vpi_call 6 45 "$finish";
    %end;
    .thread T_21;
    .scope S_0x2260fa0;
T_22 ;
    %wait E_0x2261110;
    %load/v 8, v0x22617c0_0, 8;
    %ix/load 0, 8, 0;
    %assign/v0 v0x2261590_0, 0, 8;
    %load/v 8, v0x22618c0_0, 8;
    %ix/load 0, 8, 0;
    %assign/v0 v0x2261720_0, 0, 8;
    %load/v 8, v0x22612c0_0, 8;
    %ix/load 0, 8, 0;
    %assign/v0 v0x22614b0_0, 0, 8;
    %load/v 8, v0x2261360_0, 8;
    %ix/load 0, 8, 0;
    %assign/v0 v0x2261630_0, 0, 8;
    %jmp T_22;
    .thread T_22;
    .scope S_0x2260fa0;
T_23 ;
    %wait E_0x2261090;
    %load/v 8, v0x2261590_0, 8;
    %load/v 16, v0x22614b0_0, 8;
    %cmp/u 8, 16, 8;
    %mov 8, 4, 1;
    %load/v 9, v0x2261720_0, 8;
    %load/v 17, v0x2261630_0, 8;
    %cmp/u 9, 17, 8;
    %mov 9, 4, 1;
    %and 8, 9, 1;
    %jmp/0xz  T_23.0, 8;
    %set/v v0x2261410_0, 0, 1;
    %jmp T_23.1;
T_23.0 ;
    %set/v v0x2261410_0, 1, 1;
T_23.1 ;
    %jmp T_23;
    .thread T_23, $push;
    .scope S_0x2260fa0;
T_24 ;
    %ix/load 0, 1, 0;
    %assign/v0 v0x2261160_0, 0, 0;
    %end;
    .thread T_24;
    .scope S_0x2260fa0;
T_25 ;
    %delay 20, 0;
    %load/v 8, v0x2261160_0, 1;
    %inv 8, 1;
    %ix/load 0, 1, 0;
    %assign/v0 v0x2261160_0, 0, 8;
    %jmp T_25;
    .thread T_25;
# The file index is used to find the file name in the following table.
:file_names 7;
    "N/A";
    "<interactive>";
    "./cmos_cells.v";
    "bancopruebademux.v";
    "./demux.v";
    "./synth_demux.v";
    "./probador_demux.v";
