#! /usr/bin/vvp
:ivl_version "10.1 (stable)";
:ivl_delay_selection "TYPICAL";
:vpi_time_precision - 10;
:vpi_module "system";
:vpi_module "vhdl_sys";
:vpi_module "v2005_math";
:vpi_module "va_math";
S_0x55977413e6e0 .scope module, "BUF" "BUF" 2 1;
 .timescale -9 -10;
    .port_info 0 /INPUT 1 "A"
    .port_info 1 /OUTPUT 1 "Y"
o0x7fc9bd638018 .functor BUFZ 1, C4<z>; HiZ drive
L_0x5597740552b0 .functor BUFZ 1, o0x7fc9bd638018, C4<0>, C4<0>, C4<0>;
v0x559774145190_0 .net "A", 0 0, o0x7fc9bd638018;  0 drivers
v0x559774144670_0 .net "Y", 0 0, L_0x5597740552b0;  1 drivers
S_0x55977412cdd0 .scope module, "DFFSR" "DFFSR" 2 32;
 .timescale -9 -10;
    .port_info 0 /INPUT 1 "C"
    .port_info 1 /INPUT 1 "D"
    .port_info 2 /OUTPUT 1 "Q"
    .port_info 3 /INPUT 1 "S"
    .port_info 4 /INPUT 1 "R"
o0x7fc9bd6380d8 .functor BUFZ 1, C4<z>; HiZ drive
v0x559774143b50_0 .net "C", 0 0, o0x7fc9bd6380d8;  0 drivers
o0x7fc9bd638108 .functor BUFZ 1, C4<z>; HiZ drive
v0x559774142fe0_0 .net "D", 0 0, o0x7fc9bd638108;  0 drivers
v0x559774142c10_0 .var "Q", 0 0;
o0x7fc9bd638168 .functor BUFZ 1, C4<z>; HiZ drive
v0x559774142810_0 .net "R", 0 0, o0x7fc9bd638168;  0 drivers
o0x7fc9bd638198 .functor BUFZ 1, C4<z>; HiZ drive
v0x559774142410_0 .net "S", 0 0, o0x7fc9bd638198;  0 drivers
E_0x559774092fc0 .event posedge, v0x559774142810_0, v0x559774142410_0, v0x559774143b50_0;
S_0x55977412f620 .scope module, "bancoprueba" "bancoprueba" 3 7;
 .timescale -9 -10;
v0x55977419b380_0 .net "clk_2f", 0 0, v0x55977419a8d0_0;  1 drivers
v0x55977419b440_0 .net "data_in", 7 0, v0x55977419a970_0;  1 drivers
v0x55977419b500_0 .net "lane_0", 7 0, v0x55977415a6a0_0;  1 drivers
v0x55977419b5f0_0 .net "lane_0_synth", 7 0, L_0x5597741a87f0;  1 drivers
v0x55977419b700_0 .net "lane_1", 7 0, v0x55977415a7d0_0;  1 drivers
v0x55977419b860_0 .net "lane_1_synth", 7 0, L_0x5597741a96c0;  1 drivers
v0x55977419b970_0 .net "reset", 0 0, v0x55977419ad50_0;  1 drivers
v0x55977419ba10_0 .net "valid_0", 0 0, v0x55977415a970_0;  1 drivers
v0x55977419bb00_0 .net "valid_0_synth", 0 0, v0x55977418cf60_0;  1 drivers
v0x55977419bc30_0 .net "valid_1", 0 0, v0x55977415aa30_0;  1 drivers
v0x55977419bcd0_0 .net "valid_1_synth", 0 0, v0x55977418d450_0;  1 drivers
v0x55977419bd70_0 .net "valid_in", 0 0, v0x55977419b150_0;  1 drivers
S_0x559774131e40 .scope module, "cond" "byte_striping" 3 21, 4 1 0, S_0x55977412f620;
 .timescale -9 -10;
    .port_info 0 /INPUT 1 "clk_2f"
    .port_info 1 /INPUT 1 "valid_in"
    .port_info 2 /INPUT 8 "data_in"
    .port_info 3 /INPUT 1 "reset"
    .port_info 4 /OUTPUT 8 "lane_0"
    .port_info 5 /OUTPUT 8 "lane_1"
    .port_info 6 /OUTPUT 1 "valid_0"
    .port_info 7 /OUTPUT 1 "valid_1"
v0x55977415a380_0 .net "clk_2f", 0 0, v0x55977419a8d0_0;  alias, 1 drivers
v0x55977415a460_0 .var "contador0", 0 0;
v0x55977415a520_0 .var "contador1", 0 0;
v0x55977415a5c0_0 .net "data_in", 7 0, v0x55977419a970_0;  alias, 1 drivers
v0x55977415a6a0_0 .var "lane_0", 7 0;
v0x55977415a7d0_0 .var "lane_1", 7 0;
v0x55977415a8b0_0 .net "reset", 0 0, v0x55977419ad50_0;  alias, 1 drivers
v0x55977415a970_0 .var "valid_0", 0 0;
v0x55977415aa30_0 .var "valid_1", 0 0;
v0x55977415aaf0_0 .net "valid_in", 0 0, v0x55977419b150_0;  alias, 1 drivers
E_0x5597740930d0 .event posedge, v0x55977415a380_0;
S_0x559774134660 .scope module, "est" "byte_striping_synth" 3 49, 5 5 0, S_0x55977412f620;
 .timescale -9 -10;
    .port_info 0 /INPUT 1 "clk_2f"
    .port_info 1 /INPUT 1 "valid_in"
    .port_info 2 /INPUT 8 "data_in"
    .port_info 3 /INPUT 1 "reset"
    .port_info 4 /OUTPUT 8 "lane_0_synth"
    .port_info 5 /OUTPUT 8 "lane_1_synth"
    .port_info 6 /OUTPUT 1 "valid_0_synth"
    .port_info 7 /OUTPUT 1 "valid_1_synth"
L_0x5597741a9a90 .functor BUFZ 1, L_0x55977419e210, C4<0>, C4<0>, C4<0>;
L_0x5597741ab7f0 .functor BUFZ 1, L_0x5597741a7b50, C4<0>, C4<0>, C4<0>;
L_0x5597741ab920 .functor BUFZ 1, L_0x5597741a7d00, C4<0>, C4<0>, C4<0>;
L_0x5597741aba50 .functor BUFZ 1, L_0x5597741a77a0, C4<0>, C4<0>, C4<0>;
v0x559774193030_0 .net "_000_", 0 0, L_0x55977419e210;  1 drivers
v0x559774193520_0 .net "_001_", 0 0, L_0x5597741a7b50;  1 drivers
v0x559774193630_0 .net "_002_", 7 0, L_0x5597741a7160;  1 drivers
v0x5597741936f0_0 .net "_003_", 7 0, L_0x5597741a2bf0;  1 drivers
v0x5597741937f0_0 .net "_004_", 0 0, L_0x5597741a77a0;  1 drivers
v0x559774193920_0 .net "_005_", 0 0, L_0x5597741a7d00;  1 drivers
v0x559774193a30_0 .net "_006_", 0 0, L_0x5597741a9a90;  1 drivers
v0x559774193af0_0 .net "_007_", 0 0, L_0x5597741ab7f0;  1 drivers
v0x559774193bd0_0 .net "_008_", 0 0, L_0x5597741aa910;  1 drivers
v0x559774193cb0_0 .net "_009_", 0 0, L_0x5597741aa9e0;  1 drivers
v0x559774193d90_0 .net "_010_", 0 0, L_0x5597741aacb0;  1 drivers
v0x559774193e70_0 .net "_011_", 0 0, L_0x5597741aad80;  1 drivers
v0x559774193f50_0 .net "_012_", 0 0, L_0x5597741ab060;  1 drivers
v0x559774194030_0 .net "_013_", 0 0, L_0x5597741ab130;  1 drivers
v0x559774194110_0 .net "_014_", 0 0, L_0x5597741ab420;  1 drivers
v0x5597741941f0_0 .net "_015_", 0 0, L_0x5597741ab4f0;  1 drivers
v0x5597741942d0_0 .net "_016_", 0 0, L_0x5597741a9b30;  1 drivers
v0x5597741943b0_0 .net "_017_", 0 0, L_0x5597741a9c00;  1 drivers
v0x559774194490_0 .net "_018_", 0 0, L_0x5597741a9e90;  1 drivers
v0x559774194570_0 .net "_019_", 0 0, L_0x5597741a9f60;  1 drivers
v0x559774194650_0 .net "_020_", 0 0, L_0x5597741aa200;  1 drivers
v0x559774194730_0 .net "_021_", 0 0, L_0x5597741aa2d0;  1 drivers
v0x559774194810_0 .net "_022_", 0 0, L_0x5597741aa580;  1 drivers
v0x5597741948f0_0 .net "_023_", 0 0, L_0x5597741aa650;  1 drivers
v0x5597741949d0_0 .net "_024_", 0 0, L_0x5597741aba50;  1 drivers
v0x559774194ab0_0 .net "_025_", 0 0, L_0x5597741ab920;  1 drivers
v0x559774194b90_0 .net "_026_", 0 0, L_0x5597741a1640;  1 drivers
v0x559774194c30_0 .net "_027_", 0 0, L_0x5597741a1cd0;  1 drivers
v0x559774194d20_0 .net "_028_", 0 0, L_0x5597741a1e40;  1 drivers
v0x559774194e10_0 .net "_029_", 0 0, L_0x5597741a2120;  1 drivers
v0x559774194f00_0 .net "_030_", 0 0, L_0x5597741a2400;  1 drivers
v0x559774194ff0_0 .net "_031_", 0 0, L_0x5597741a2980;  1 drivers
v0x5597741950e0_0 .net "_032_", 0 0, L_0x5597741a2f80;  1 drivers
v0x5597741953e0_0 .net "_033_", 0 0, L_0x5597741a30b0;  1 drivers
v0x559774195480_0 .net "_034_", 0 0, L_0x5597741a3190;  1 drivers
v0x559774195570_0 .net "_035_", 0 0, L_0x5597741a3520;  1 drivers
v0x559774195660_0 .net "_036_", 0 0, L_0x5597741a3690;  1 drivers
v0x559774195750_0 .net "_037_", 0 0, L_0x5597741a3970;  1 drivers
v0x559774195840_0 .net "_038_", 0 0, L_0x5597741a3c60;  1 drivers
v0x559774195930_0 .net "_039_", 0 0, L_0x5597741a3dd0;  1 drivers
v0x559774195a20_0 .net "_040_", 0 0, L_0x5597741a40b0;  1 drivers
v0x559774195b10_0 .net "_041_", 0 0, L_0x5597741a43b0;  1 drivers
v0x559774195c00_0 .net "_042_", 0 0, L_0x5597741a4520;  1 drivers
v0x559774195cf0_0 .net "_043_", 0 0, L_0x5597741a4800;  1 drivers
v0x559774195de0_0 .net "_044_", 0 0, L_0x5597741a4a60;  1 drivers
v0x559774195ed0_0 .net "_045_", 0 0, L_0x5597741a4bd0;  1 drivers
v0x559774195fc0_0 .net "_046_", 0 0, L_0x5597741a4eb0;  1 drivers
v0x5597741960b0_0 .net "_047_", 0 0, L_0x5597741a5210;  1 drivers
v0x5597741961a0_0 .net "_048_", 0 0, L_0x5597741a5380;  1 drivers
v0x559774196290_0 .net "_049_", 0 0, L_0x5597741a5660;  1 drivers
v0x559774196380_0 .net "_050_", 0 0, L_0x5597741a5940;  1 drivers
v0x559774196470_0 .net "_051_", 0 0, L_0x5597741a5ab0;  1 drivers
v0x559774196560_0 .net "_052_", 0 0, L_0x5597741a5dd0;  1 drivers
v0x559774196650_0 .net "_053_", 0 0, L_0x5597741a6570;  1 drivers
v0x559774196740_0 .net "_054_", 0 0, L_0x5597741a6720;  1 drivers
v0x559774196830_0 .net "_055_", 0 0, L_0x5597741a6a60;  1 drivers
v0x559774196920_0 .net "_056_", 0 0, L_0x5597741a6ce0;  1 drivers
v0x559774196a10_0 .net "_057_", 0 0, L_0x5597741a6e90;  1 drivers
v0x559774196b00_0 .net "_058_", 0 0, L_0x5597741a7610;  1 drivers
v0x559774196ba0_0 .net "_059_", 0 0, L_0x5597741a7950;  1 drivers
v0x559774196c90_0 .net "_060_", 0 0, L_0x55977419be30;  1 drivers
v0x559774196d30_0 .net "_061_", 0 0, L_0x55977419bec0;  1 drivers
v0x559774196dd0_0 .net "_062_", 0 0, L_0x55977419c090;  1 drivers
v0x559774196ec0_0 .net "_063_", 0 0, L_0x55977419c140;  1 drivers
v0x559774196fb0_0 .net "_064_", 0 0, L_0x55977419c290;  1 drivers
v0x5597741974b0_0 .net "_065_", 0 0, L_0x55977419c450;  1 drivers
v0x5597741975a0_0 .net "_066_", 0 0, L_0x55977419c580;  1 drivers
v0x559774197690_0 .net "_067_", 0 0, L_0x55977419c700;  1 drivers
v0x559774197780_0 .net "_068_", 0 0, L_0x55977419c860;  1 drivers
v0x559774197870_0 .net "_069_", 0 0, L_0x55977419ca20;  1 drivers
v0x559774197960_0 .net "_070_", 0 0, L_0x55977419cba0;  1 drivers
v0x559774197a50_0 .net "_071_", 0 0, L_0x55977419cd70;  1 drivers
v0x559774197b40_0 .net "_072_", 0 0, L_0x55977419cef0;  1 drivers
v0x559774197c30_0 .net "_073_", 0 0, L_0x55977419d080;  1 drivers
v0x559774197d20_0 .net "_074_", 0 0, L_0x55977419d1b0;  1 drivers
v0x559774197e10_0 .net "_075_", 0 0, L_0x55977419d3a0;  1 drivers
v0x559774197f00_0 .net "_076_", 0 0, L_0x55977419d520;  1 drivers
v0x559774197ff0_0 .net "_077_", 0 0, L_0x55977419d330;  1 drivers
v0x5597741980e0_0 .net "_078_", 0 0, L_0x55977419d830;  1 drivers
v0x5597741981d0_0 .net "_079_", 0 0, L_0x55977419da40;  1 drivers
v0x5597741982c0_0 .net "_080_", 0 0, L_0x55977419db80;  1 drivers
v0x559774198360_0 .net "_081_", 0 0, L_0x55977419ddb0;  1 drivers
v0x559774198450_0 .net "_082_", 0 0, L_0x55977419de90;  1 drivers
v0x559774198540_0 .net "_083_", 0 0, L_0x55977419e060;  1 drivers
v0x559774198630_0 .net "_084_", 0 0, L_0x55977419e440;  1 drivers
v0x559774198720_0 .net "_085_", 0 0, L_0x55977419e560;  1 drivers
v0x5597741987c0_0 .net "_086_", 0 0, L_0x55977419e7a0;  1 drivers
v0x559774198860_0 .net "_087_", 0 0, L_0x55977419e8c0;  1 drivers
v0x559774198950_0 .net "_088_", 0 0, L_0x55977419eb40;  1 drivers
v0x559774198a40_0 .net "_089_", 0 0, L_0x55977419ecf0;  1 drivers
v0x559774198b30_0 .net "_090_", 0 0, L_0x55977419f030;  1 drivers
v0x559774198c20_0 .net "_091_", 0 0, L_0x55977419f2c0;  1 drivers
v0x559774198d10_0 .net "_092_", 0 0, L_0x55977419f470;  1 drivers
v0x559774198e00_0 .net "_093_", 0 0, L_0x55977419f7b0;  1 drivers
v0x559774198ef0_0 .net "_094_", 0 0, L_0x55977419fa30;  1 drivers
v0x559774198fe0_0 .net "_095_", 0 0, L_0x55977419fbe0;  1 drivers
v0x5597741990d0_0 .net "_096_", 0 0, L_0x55977419ff20;  1 drivers
v0x5597741991c0_0 .net "_097_", 0 0, L_0x5597741a0250;  1 drivers
v0x5597741992b0_0 .net "_098_", 0 0, L_0x5597741a0400;  1 drivers
v0x5597741993a0_0 .net "_099_", 0 0, L_0x5597741a0740;  1 drivers
v0x559774199490_0 .net "_100_", 0 0, L_0x5597741a0920;  1 drivers
v0x559774199580_0 .net "_101_", 0 0, L_0x5597741a0ad0;  1 drivers
v0x559774199670_0 .net "_102_", 0 0, L_0x5597741a0e10;  1 drivers
v0x559774199760_0 .net "_103_", 0 0, L_0x5597741a1150;  1 drivers
v0x559774199850_0 .net "_104_", 0 0, L_0x5597741a1300;  1 drivers
v0x559774199940_0 .net "_105_", 31 0, L_0x5597741abb20;  1 drivers
v0x559774199a20_0 .net "_106_", 31 0, L_0x5597741bbf10;  1 drivers
L_0x7fc9bd5ef018 .functor BUFT 1, C4<000000000000000000000000000000>, C4<0>, C4<0>, C4<0>;
v0x559774199b00_0 .net/2u *"_s206", 29 0, L_0x7fc9bd5ef018;  1 drivers
v0x559774199ba0_0 .net *"_s208", 30 0, L_0x5597741bbc30;  1 drivers
L_0x7fc9bd5ef060 .functor BUFT 1, C4<000000000000000000000000000000>, C4<0>, C4<0>, C4<0>;
v0x559774199c40_0 .net/2u *"_s212", 29 0, L_0x7fc9bd5ef060;  1 drivers
v0x559774199ce0_0 .net *"_s214", 30 0, L_0x5597741bbfb0;  1 drivers
v0x559774199d80_0 .net "clk_2f", 0 0, v0x55977419a8d0_0;  alias, 1 drivers
v0x559774199e40_0 .net "contador0", 0 0, v0x559774192ef0_0;  1 drivers
v0x559774199f00_0 .net "contador1", 0 0, v0x55977418d930_0;  1 drivers
v0x559774199fc0_0 .net "data_in", 7 0, v0x55977419a970_0;  alias, 1 drivers
v0x55977419a0a0_0 .net "lane_0_synth", 7 0, L_0x5597741a87f0;  alias, 1 drivers
v0x55977419a160_0 .net "lane_1_synth", 7 0, L_0x5597741a96c0;  alias, 1 drivers
v0x55977419a260_0 .net "reset", 0 0, v0x55977419ad50_0;  alias, 1 drivers
v0x55977419a340_0 .net "valid_0_synth", 0 0, v0x55977418cf60_0;  alias, 1 drivers
v0x55977419a400_0 .net "valid_1_synth", 0 0, v0x55977418d450_0;  alias, 1 drivers
v0x55977419a4a0_0 .net "valid_in", 0 0, v0x55977419b150_0;  alias, 1 drivers
L_0x55977419c1d0 .part L_0x5597741a96c0, 0, 1;
L_0x55977419c320 .part L_0x5597741a96c0, 1, 1;
L_0x55977419c4e0 .part L_0x5597741a96c0, 2, 1;
L_0x55977419c610 .part L_0x5597741a96c0, 3, 1;
L_0x55977419c770 .part L_0x5597741a96c0, 4, 1;
L_0x55977419c8f0 .part L_0x5597741a96c0, 5, 1;
L_0x55977419cab0 .part L_0x5597741a96c0, 6, 1;
L_0x55977419cc30 .part L_0x5597741a96c0, 7, 1;
L_0x55977419ce00 .part v0x55977419a970_0, 0, 1;
L_0x55977419cf80 .part v0x55977419a970_0, 1, 1;
L_0x55977419d110 .part v0x55977419a970_0, 2, 1;
L_0x55977419d240 .part v0x55977419a970_0, 3, 1;
L_0x55977419d430 .part v0x55977419a970_0, 4, 1;
L_0x55977419d5b0 .part v0x55977419a970_0, 5, 1;
L_0x55977419d740 .part v0x55977419a970_0, 6, 1;
L_0x55977419d8c0 .part v0x55977419a970_0, 7, 1;
L_0x55977419e930 .part v0x55977419a970_0, 0, 1;
L_0x55977419f0a0 .part v0x55977419a970_0, 1, 1;
L_0x55977419f820 .part v0x55977419a970_0, 2, 1;
L_0x55977419ff90 .part v0x55977419a970_0, 3, 1;
L_0x55977419f190 .part v0x55977419a970_0, 4, 1;
L_0x5597741a0e80 .part v0x55977419a970_0, 5, 1;
L_0x5597741a16b0 .part v0x55977419a970_0, 6, 1;
L_0x5597741a2190 .part v0x55977419a970_0, 7, 1;
LS_0x5597741a2bf0_0_0 .concat8 [ 1 1 1 1], L_0x55977419ef30, L_0x55977419f6b0, L_0x55977419fe20, L_0x5597741a0640;
LS_0x5597741a2bf0_0_4 .concat8 [ 1 1 1 1], L_0x5597741a0d10, L_0x5597741a1540, L_0x5597741a2040, L_0x5597741a2b80;
L_0x5597741a2bf0 .concat8 [ 4 4 0 0], LS_0x5597741a2bf0_0_0, LS_0x5597741a2bf0_0_4;
L_0x5597741a3250 .part L_0x5597741a87f0, 0, 1;
L_0x5597741a39e0 .part L_0x5597741a87f0, 1, 1;
L_0x5597741a4120 .part L_0x5597741a87f0, 2, 1;
L_0x5597741a4870 .part L_0x5597741a87f0, 3, 1;
L_0x5597741a4f20 .part L_0x5597741a87f0, 4, 1;
L_0x5597741a56d0 .part L_0x5597741a87f0, 5, 1;
L_0x5597741a5e40 .part L_0x5597741a87f0, 6, 1;
L_0x5597741a6ad0 .part L_0x5597741a87f0, 7, 1;
LS_0x5597741a7160_0_0 .concat8 [ 1 1 1 1], L_0x5597741a3890, L_0x5597741a3fd0, L_0x5597741a4720, L_0x5597741a4dd0;
LS_0x5597741a7160_0_4 .concat8 [ 1 1 1 1], L_0x5597741a5580, L_0x5597741a5cd0, L_0x5597741a6960, L_0x5597741a70d0;
L_0x5597741a7160 .concat8 [ 4 4 0 0], LS_0x5597741a7160_0_0, LS_0x5597741a7160_0_4;
L_0x5597741a7d90 .part L_0x5597741a7160, 0, 1;
L_0x5597741a7e80 .part L_0x5597741a7160, 1, 1;
L_0x5597741a7480 .part L_0x5597741a7160, 2, 1;
L_0x5597741a80e0 .part L_0x5597741a7160, 3, 1;
L_0x5597741a82c0 .part L_0x5597741a7160, 4, 1;
L_0x5597741a8360 .part L_0x5597741a7160, 5, 1;
L_0x5597741a8550 .part L_0x5597741a7160, 6, 1;
L_0x5597741a85f0 .part L_0x5597741a7160, 7, 1;
LS_0x5597741a87f0_0_0 .concat8 [ 1 1 1 1], v0x55977418de00_0, v0x55977418e2a0_0, v0x55977418e790_0, v0x55977418ec80_0;
LS_0x5597741a87f0_0_4 .concat8 [ 1 1 1 1], v0x55977418f170_0, v0x55977418f660_0, v0x55977418fb50_0, v0x559774190040_0;
L_0x5597741a87f0 .concat8 [ 4 4 0 0], LS_0x5597741a87f0_0_0, LS_0x5597741a87f0_0_4;
L_0x5597741a88f0 .part L_0x5597741a2bf0, 0, 1;
L_0x5597741a8b80 .part L_0x5597741a2bf0, 1, 1;
L_0x5597741a8c20 .part L_0x5597741a2bf0, 2, 1;
L_0x5597741a8e70 .part L_0x5597741a2bf0, 3, 1;
L_0x5597741a8f40 .part L_0x5597741a2bf0, 4, 1;
L_0x5597741a91a0 .part L_0x5597741a2bf0, 5, 1;
L_0x5597741a9270 .part L_0x5597741a2bf0, 6, 1;
L_0x5597741a95f0 .part L_0x5597741a2bf0, 7, 1;
LS_0x5597741a96c0_0_0 .concat8 [ 1 1 1 1], v0x559774190530_0, v0x559774190a20_0, v0x559774190f10_0, v0x559774191400_0;
LS_0x5597741a96c0_0_4 .concat8 [ 1 1 1 1], v0x559774191b00_0, v0x559774191ff0_0, v0x5597741924e0_0, v0x5597741929d0_0;
L_0x5597741a96c0 .concat8 [ 4 4 0 0], LS_0x5597741a96c0_0_0, LS_0x5597741a96c0_0_4;
L_0x5597741a9b30 .part L_0x5597741a2bf0, 0, 1;
L_0x5597741a9c00 .part L_0x5597741a2bf0, 1, 1;
L_0x5597741a9e90 .part L_0x5597741a2bf0, 2, 1;
L_0x5597741a9f60 .part L_0x5597741a2bf0, 3, 1;
L_0x5597741aa200 .part L_0x5597741a2bf0, 4, 1;
L_0x5597741aa2d0 .part L_0x5597741a2bf0, 5, 1;
L_0x5597741aa580 .part L_0x5597741a2bf0, 6, 1;
L_0x5597741aa650 .part L_0x5597741a2bf0, 7, 1;
L_0x5597741aa910 .part L_0x5597741a7160, 0, 1;
L_0x5597741aa9e0 .part L_0x5597741a7160, 1, 1;
L_0x5597741aacb0 .part L_0x5597741a7160, 2, 1;
L_0x5597741aad80 .part L_0x5597741a7160, 3, 1;
L_0x5597741ab060 .part L_0x5597741a7160, 4, 1;
L_0x5597741ab130 .part L_0x5597741a7160, 5, 1;
L_0x5597741ab420 .part L_0x5597741a7160, 6, 1;
L_0x5597741ab4f0 .part L_0x5597741a7160, 7, 1;
L_0x5597741abb20 .part/pv L_0x5597741bbc30, 1, 31, 32;
L_0x5597741bbc30 .concat [ 1 30 0 0], v0x559774192ef0_0, L_0x7fc9bd5ef018;
L_0x5597741bbf10 .part/pv L_0x5597741bbfb0, 1, 31, 32;
L_0x5597741bbfb0 .concat [ 1 30 0 0], v0x55977418d930_0, L_0x7fc9bd5ef060;
S_0x559774136e80 .scope module, "_107_" "NOT" 5 163, 2 7 0, S_0x559774134660;
 .timescale -9 -10;
    .port_info 0 /INPUT 1 "A"
    .port_info 1 /OUTPUT 1 "Y"
L_0x55977419be30 .functor NOT 1, v0x55977419b150_0, C4<0>, C4<0>, C4<0>;
v0x55977416b160_0 .net "A", 0 0, v0x55977419b150_0;  alias, 1 drivers
v0x55977416b220_0 .net "Y", 0 0, L_0x55977419be30;  alias, 1 drivers
S_0x5597741396a0 .scope module, "_108_" "NOT" 5 167, 2 7 0, S_0x559774134660;
 .timescale -9 -10;
    .port_info 0 /INPUT 1 "A"
    .port_info 1 /OUTPUT 1 "Y"
L_0x55977419bec0 .functor NOT 1, v0x559774192ef0_0, C4<0>, C4<0>, C4<0>;
v0x55977416b370_0 .net "A", 0 0, v0x559774192ef0_0;  alias, 1 drivers
v0x55977416b450_0 .net "Y", 0 0, L_0x55977419bec0;  alias, 1 drivers
S_0x55977413bec0 .scope module, "_109_" "NOT" 5 171, 2 7 0, S_0x559774134660;
 .timescale -9 -10;
    .port_info 0 /INPUT 1 "A"
    .port_info 1 /OUTPUT 1 "Y"
L_0x55977419c090 .functor NOT 1, v0x55977419ad50_0, C4<0>, C4<0>, C4<0>;
v0x55977416b600_0 .net "A", 0 0, v0x55977419ad50_0;  alias, 1 drivers
v0x55977416b6a0_0 .net "Y", 0 0, L_0x55977419c090;  alias, 1 drivers
S_0x55977416b7a0 .scope module, "_110_" "NOT" 5 175, 2 7 0, S_0x559774134660;
 .timescale -9 -10;
    .port_info 0 /INPUT 1 "A"
    .port_info 1 /OUTPUT 1 "Y"
L_0x55977419c140 .functor NOT 1, L_0x55977419c1d0, C4<0>, C4<0>, C4<0>;
v0x55977416b9b0_0 .net "A", 0 0, L_0x55977419c1d0;  1 drivers
v0x55977416ba90_0 .net "Y", 0 0, L_0x55977419c140;  alias, 1 drivers
S_0x55977416bbb0 .scope module, "_111_" "NOT" 5 179, 2 7 0, S_0x559774134660;
 .timescale -9 -10;
    .port_info 0 /INPUT 1 "A"
    .port_info 1 /OUTPUT 1 "Y"
L_0x55977419c290 .functor NOT 1, L_0x55977419c320, C4<0>, C4<0>, C4<0>;
v0x55977416be10_0 .net "A", 0 0, L_0x55977419c320;  1 drivers
v0x55977416bef0_0 .net "Y", 0 0, L_0x55977419c290;  alias, 1 drivers
S_0x55977416c010 .scope module, "_112_" "NOT" 5 183, 2 7 0, S_0x559774134660;
 .timescale -9 -10;
    .port_info 0 /INPUT 1 "A"
    .port_info 1 /OUTPUT 1 "Y"
L_0x55977419c450 .functor NOT 1, L_0x55977419c4e0, C4<0>, C4<0>, C4<0>;
v0x55977416c220_0 .net "A", 0 0, L_0x55977419c4e0;  1 drivers
v0x55977416c300_0 .net "Y", 0 0, L_0x55977419c450;  alias, 1 drivers
S_0x55977416c420 .scope module, "_113_" "NOT" 5 187, 2 7 0, S_0x559774134660;
 .timescale -9 -10;
    .port_info 0 /INPUT 1 "A"
    .port_info 1 /OUTPUT 1 "Y"
L_0x55977419c580 .functor NOT 1, L_0x55977419c610, C4<0>, C4<0>, C4<0>;
v0x55977416c630_0 .net "A", 0 0, L_0x55977419c610;  1 drivers
v0x55977416c710_0 .net "Y", 0 0, L_0x55977419c580;  alias, 1 drivers
S_0x55977416c830 .scope module, "_114_" "NOT" 5 191, 2 7 0, S_0x559774134660;
 .timescale -9 -10;
    .port_info 0 /INPUT 1 "A"
    .port_info 1 /OUTPUT 1 "Y"
L_0x55977419c700 .functor NOT 1, L_0x55977419c770, C4<0>, C4<0>, C4<0>;
v0x55977416ca40_0 .net "A", 0 0, L_0x55977419c770;  1 drivers
v0x55977416cb20_0 .net "Y", 0 0, L_0x55977419c700;  alias, 1 drivers
S_0x55977416cc40 .scope module, "_115_" "NOT" 5 195, 2 7 0, S_0x559774134660;
 .timescale -9 -10;
    .port_info 0 /INPUT 1 "A"
    .port_info 1 /OUTPUT 1 "Y"
L_0x55977419c860 .functor NOT 1, L_0x55977419c8f0, C4<0>, C4<0>, C4<0>;
v0x55977416ce50_0 .net "A", 0 0, L_0x55977419c8f0;  1 drivers
v0x55977416cf30_0 .net "Y", 0 0, L_0x55977419c860;  alias, 1 drivers
S_0x55977416d050 .scope module, "_116_" "NOT" 5 199, 2 7 0, S_0x559774134660;
 .timescale -9 -10;
    .port_info 0 /INPUT 1 "A"
    .port_info 1 /OUTPUT 1 "Y"
L_0x55977419ca20 .functor NOT 1, L_0x55977419cab0, C4<0>, C4<0>, C4<0>;
v0x55977416d210_0 .net "A", 0 0, L_0x55977419cab0;  1 drivers
v0x55977416d2f0_0 .net "Y", 0 0, L_0x55977419ca20;  alias, 1 drivers
S_0x55977416d410 .scope module, "_117_" "NOT" 5 203, 2 7 0, S_0x559774134660;
 .timescale -9 -10;
    .port_info 0 /INPUT 1 "A"
    .port_info 1 /OUTPUT 1 "Y"
L_0x55977419cba0 .functor NOT 1, L_0x55977419cc30, C4<0>, C4<0>, C4<0>;
v0x55977416d620_0 .net "A", 0 0, L_0x55977419cc30;  1 drivers
v0x55977416d700_0 .net "Y", 0 0, L_0x55977419cba0;  alias, 1 drivers
S_0x55977416d820 .scope module, "_118_" "NOT" 5 207, 2 7 0, S_0x559774134660;
 .timescale -9 -10;
    .port_info 0 /INPUT 1 "A"
    .port_info 1 /OUTPUT 1 "Y"
L_0x55977419cd70 .functor NOT 1, L_0x55977419ce00, C4<0>, C4<0>, C4<0>;
v0x55977416da30_0 .net "A", 0 0, L_0x55977419ce00;  1 drivers
v0x55977416db10_0 .net "Y", 0 0, L_0x55977419cd70;  alias, 1 drivers
S_0x55977416dc30 .scope module, "_119_" "NOT" 5 211, 2 7 0, S_0x559774134660;
 .timescale -9 -10;
    .port_info 0 /INPUT 1 "A"
    .port_info 1 /OUTPUT 1 "Y"
L_0x55977419cef0 .functor NOT 1, L_0x55977419cf80, C4<0>, C4<0>, C4<0>;
v0x55977416de40_0 .net "A", 0 0, L_0x55977419cf80;  1 drivers
v0x55977416df20_0 .net "Y", 0 0, L_0x55977419cef0;  alias, 1 drivers
S_0x55977416e040 .scope module, "_120_" "NOT" 5 215, 2 7 0, S_0x559774134660;
 .timescale -9 -10;
    .port_info 0 /INPUT 1 "A"
    .port_info 1 /OUTPUT 1 "Y"
L_0x55977419d080 .functor NOT 1, L_0x55977419d110, C4<0>, C4<0>, C4<0>;
v0x55977416e250_0 .net "A", 0 0, L_0x55977419d110;  1 drivers
v0x55977416e330_0 .net "Y", 0 0, L_0x55977419d080;  alias, 1 drivers
S_0x55977416e450 .scope module, "_121_" "NOT" 5 219, 2 7 0, S_0x559774134660;
 .timescale -9 -10;
    .port_info 0 /INPUT 1 "A"
    .port_info 1 /OUTPUT 1 "Y"
L_0x55977419d1b0 .functor NOT 1, L_0x55977419d240, C4<0>, C4<0>, C4<0>;
v0x55977416e660_0 .net "A", 0 0, L_0x55977419d240;  1 drivers
v0x55977416e740_0 .net "Y", 0 0, L_0x55977419d1b0;  alias, 1 drivers
S_0x55977416e860 .scope module, "_122_" "NOT" 5 223, 2 7 0, S_0x559774134660;
 .timescale -9 -10;
    .port_info 0 /INPUT 1 "A"
    .port_info 1 /OUTPUT 1 "Y"
L_0x55977419d3a0 .functor NOT 1, L_0x55977419d430, C4<0>, C4<0>, C4<0>;
v0x55977416ea70_0 .net "A", 0 0, L_0x55977419d430;  1 drivers
v0x55977416eb50_0 .net "Y", 0 0, L_0x55977419d3a0;  alias, 1 drivers
S_0x55977416ec70 .scope module, "_123_" "NOT" 5 227, 2 7 0, S_0x559774134660;
 .timescale -9 -10;
    .port_info 0 /INPUT 1 "A"
    .port_info 1 /OUTPUT 1 "Y"
L_0x55977419d520 .functor NOT 1, L_0x55977419d5b0, C4<0>, C4<0>, C4<0>;
v0x55977416ee80_0 .net "A", 0 0, L_0x55977419d5b0;  1 drivers
v0x55977416ef60_0 .net "Y", 0 0, L_0x55977419d520;  alias, 1 drivers
S_0x55977416f080 .scope module, "_124_" "NOT" 5 231, 2 7 0, S_0x559774134660;
 .timescale -9 -10;
    .port_info 0 /INPUT 1 "A"
    .port_info 1 /OUTPUT 1 "Y"
L_0x55977419d330 .functor NOT 1, L_0x55977419d740, C4<0>, C4<0>, C4<0>;
v0x55977416f290_0 .net "A", 0 0, L_0x55977419d740;  1 drivers
v0x55977416f370_0 .net "Y", 0 0, L_0x55977419d330;  alias, 1 drivers
S_0x55977416f490 .scope module, "_125_" "NOT" 5 235, 2 7 0, S_0x559774134660;
 .timescale -9 -10;
    .port_info 0 /INPUT 1 "A"
    .port_info 1 /OUTPUT 1 "Y"
L_0x55977419d830 .functor NOT 1, L_0x55977419d8c0, C4<0>, C4<0>, C4<0>;
v0x55977416f6a0_0 .net "A", 0 0, L_0x55977419d8c0;  1 drivers
v0x55977416f780_0 .net "Y", 0 0, L_0x55977419d830;  alias, 1 drivers
S_0x55977416f8a0 .scope module, "_126_" "NOT" 5 239, 2 7 0, S_0x559774134660;
 .timescale -9 -10;
    .port_info 0 /INPUT 1 "A"
    .port_info 1 /OUTPUT 1 "Y"
L_0x55977419da40 .functor NOT 1, v0x55977418d930_0, C4<0>, C4<0>, C4<0>;
v0x55977416fab0_0 .net "A", 0 0, v0x55977418d930_0;  alias, 1 drivers
v0x55977416fb90_0 .net "Y", 0 0, L_0x55977419da40;  alias, 1 drivers
S_0x55977416fcb0 .scope module, "_127_" "NOR" 5 243, 2 19 0, S_0x559774134660;
 .timescale -9 -10;
    .port_info 0 /INPUT 1 "A"
    .port_info 1 /INPUT 1 "B"
    .port_info 2 /OUTPUT 1 "Y"
L_0x55977419daf0 .functor OR 1, L_0x55977419be30, L_0x55977419bec0, C4<0>, C4<0>;
L_0x55977419db80 .functor NOT 1, L_0x55977419daf0, C4<0>, C4<0>, C4<0>;
v0x55977416fed0_0 .net "A", 0 0, L_0x55977419be30;  alias, 1 drivers
v0x55977416ff90_0 .net "B", 0 0, L_0x55977419bec0;  alias, 1 drivers
v0x559774170060_0 .net "Y", 0 0, L_0x55977419db80;  alias, 1 drivers
v0x559774170130_0 .net *"_s0", 0 0, L_0x55977419daf0;  1 drivers
S_0x559774170250 .scope module, "_128_" "NOR" 5 248, 2 19 0, S_0x559774134660;
 .timescale -9 -10;
    .port_info 0 /INPUT 1 "A"
    .port_info 1 /INPUT 1 "B"
    .port_info 2 /OUTPUT 1 "Y"
L_0x55977419dc10 .functor OR 1, v0x55977419b150_0, v0x559774192ef0_0, C4<0>, C4<0>;
L_0x55977419ddb0 .functor NOT 1, L_0x55977419dc10, C4<0>, C4<0>, C4<0>;
v0x559774170470_0 .net "A", 0 0, v0x55977419b150_0;  alias, 1 drivers
v0x559774170580_0 .net "B", 0 0, v0x559774192ef0_0;  alias, 1 drivers
v0x559774170640_0 .net "Y", 0 0, L_0x55977419ddb0;  alias, 1 drivers
v0x559774170710_0 .net *"_s0", 0 0, L_0x55977419dc10;  1 drivers
S_0x559774170830 .scope module, "_129_" "NOT" 5 253, 2 7 0, S_0x559774134660;
 .timescale -9 -10;
    .port_info 0 /INPUT 1 "A"
    .port_info 1 /OUTPUT 1 "Y"
L_0x55977419de90 .functor NOT 1, L_0x55977419ddb0, C4<0>, C4<0>, C4<0>;
v0x559774170a40_0 .net "A", 0 0, L_0x55977419ddb0;  alias, 1 drivers
v0x559774170b30_0 .net "Y", 0 0, L_0x55977419de90;  alias, 1 drivers
S_0x559774170c30 .scope module, "_130_" "NAND" 5 257, 2 13 0, S_0x559774134660;
 .timescale -9 -10;
    .port_info 0 /INPUT 1 "A"
    .port_info 1 /INPUT 1 "B"
    .port_info 2 /OUTPUT 1 "Y"
L_0x55977419df40 .functor AND 1, v0x55977419ad50_0, L_0x55977419de90, C4<1>, C4<1>;
L_0x55977419e060 .functor NOT 1, L_0x55977419df40, C4<0>, C4<0>, C4<0>;
v0x559774170e50_0 .net "A", 0 0, v0x55977419ad50_0;  alias, 1 drivers
v0x559774170f60_0 .net "B", 0 0, L_0x55977419de90;  alias, 1 drivers
v0x559774171020_0 .net "Y", 0 0, L_0x55977419e060;  alias, 1 drivers
v0x5597741710f0_0 .net *"_s0", 0 0, L_0x55977419df40;  1 drivers
S_0x559774171210 .scope module, "_131_" "NOR" 5 262, 2 19 0, S_0x559774134660;
 .timescale -9 -10;
    .port_info 0 /INPUT 1 "A"
    .port_info 1 /INPUT 1 "B"
    .port_info 2 /OUTPUT 1 "Y"
L_0x55977419e0f0 .functor OR 1, L_0x55977419db80, L_0x55977419e060, C4<0>, C4<0>;
L_0x55977419e210 .functor NOT 1, L_0x55977419e0f0, C4<0>, C4<0>, C4<0>;
v0x559774171430_0 .net "A", 0 0, L_0x55977419db80;  alias, 1 drivers
v0x559774171520_0 .net "B", 0 0, L_0x55977419e060;  alias, 1 drivers
v0x5597741715f0_0 .net "Y", 0 0, L_0x55977419e210;  alias, 1 drivers
v0x5597741716c0_0 .net *"_s0", 0 0, L_0x55977419e0f0;  1 drivers
S_0x5597741717e0 .scope module, "_132_" "NOR" 5 267, 2 19 0, S_0x559774134660;
 .timescale -9 -10;
    .port_info 0 /INPUT 1 "A"
    .port_info 1 /INPUT 1 "B"
    .port_info 2 /OUTPUT 1 "Y"
L_0x55977419e2a0 .functor OR 1, L_0x55977419be30, v0x55977418d930_0, C4<0>, C4<0>;
L_0x55977419e440 .functor NOT 1, L_0x55977419e2a0, C4<0>, C4<0>, C4<0>;
v0x559774171a00_0 .net "A", 0 0, L_0x55977419be30;  alias, 1 drivers
v0x559774171b10_0 .net "B", 0 0, v0x55977418d930_0;  alias, 1 drivers
v0x559774171bd0_0 .net "Y", 0 0, L_0x55977419e440;  alias, 1 drivers
v0x559774171ca0_0 .net *"_s0", 0 0, L_0x55977419e2a0;  1 drivers
S_0x559774171dc0 .scope module, "_133_" "NAND" 5 272, 2 13 0, S_0x559774134660;
 .timescale -9 -10;
    .port_info 0 /INPUT 1 "A"
    .port_info 1 /INPUT 1 "B"
    .port_info 2 /OUTPUT 1 "Y"
L_0x55977419e4d0 .functor AND 1, v0x55977419b150_0, L_0x55977419da40, C4<1>, C4<1>;
L_0x55977419e560 .functor NOT 1, L_0x55977419e4d0, C4<0>, C4<0>, C4<0>;
v0x559774171fe0_0 .net "A", 0 0, v0x55977419b150_0;  alias, 1 drivers
v0x5597741720a0_0 .net "B", 0 0, L_0x55977419da40;  alias, 1 drivers
v0x559774172190_0 .net "Y", 0 0, L_0x55977419e560;  alias, 1 drivers
v0x559774172260_0 .net *"_s0", 0 0, L_0x55977419e4d0;  1 drivers
S_0x559774172380 .scope module, "_134_" "NOR" 5 277, 2 19 0, S_0x559774134660;
 .timescale -9 -10;
    .port_info 0 /INPUT 1 "A"
    .port_info 1 /INPUT 1 "B"
    .port_info 2 /OUTPUT 1 "Y"
L_0x55977419e680 .functor OR 1, L_0x55977419db80, L_0x55977419e440, C4<0>, C4<0>;
L_0x55977419e7a0 .functor NOT 1, L_0x55977419e680, C4<0>, C4<0>, C4<0>;
v0x5597741725a0_0 .net "A", 0 0, L_0x55977419db80;  alias, 1 drivers
v0x5597741726b0_0 .net "B", 0 0, L_0x55977419e440;  alias, 1 drivers
v0x559774172770_0 .net "Y", 0 0, L_0x55977419e7a0;  alias, 1 drivers
v0x559774172840_0 .net *"_s0", 0 0, L_0x55977419e680;  1 drivers
S_0x559774172960 .scope module, "_135_" "NOR" 5 282, 2 19 0, S_0x559774134660;
 .timescale -9 -10;
    .port_info 0 /INPUT 1 "A"
    .port_info 1 /INPUT 1 "B"
    .port_info 2 /OUTPUT 1 "Y"
L_0x55977419e830 .functor OR 1, L_0x55977419e930, L_0x55977419e7a0, C4<0>, C4<0>;
L_0x55977419e8c0 .functor NOT 1, L_0x55977419e830, C4<0>, C4<0>, C4<0>;
v0x559774172b80_0 .net "A", 0 0, L_0x55977419e930;  1 drivers
v0x559774172c60_0 .net "B", 0 0, L_0x55977419e7a0;  alias, 1 drivers
v0x559774172d50_0 .net "Y", 0 0, L_0x55977419e8c0;  alias, 1 drivers
v0x559774172e20_0 .net *"_s0", 0 0, L_0x55977419e830;  1 drivers
S_0x559774172f40 .scope module, "_136_" "NAND" 5 287, 2 13 0, S_0x559774134660;
 .timescale -9 -10;
    .port_info 0 /INPUT 1 "A"
    .port_info 1 /INPUT 1 "B"
    .port_info 2 /OUTPUT 1 "Y"
L_0x55977419ea20 .functor AND 1, L_0x55977419c140, L_0x55977419e7a0, C4<1>, C4<1>;
L_0x55977419eb40 .functor NOT 1, L_0x55977419ea20, C4<0>, C4<0>, C4<0>;
v0x559774173160_0 .net "A", 0 0, L_0x55977419c140;  alias, 1 drivers
v0x559774173250_0 .net "B", 0 0, L_0x55977419e7a0;  alias, 1 drivers
v0x559774173340_0 .net "Y", 0 0, L_0x55977419eb40;  alias, 1 drivers
v0x5597741733e0_0 .net *"_s0", 0 0, L_0x55977419ea20;  1 drivers
S_0x559774173520 .scope module, "_137_" "NAND" 5 292, 2 13 0, S_0x559774134660;
 .timescale -9 -10;
    .port_info 0 /INPUT 1 "A"
    .port_info 1 /INPUT 1 "B"
    .port_info 2 /OUTPUT 1 "Y"
L_0x55977419ebd0 .functor AND 1, v0x55977419ad50_0, L_0x55977419eb40, C4<1>, C4<1>;
L_0x55977419ecf0 .functor NOT 1, L_0x55977419ebd0, C4<0>, C4<0>, C4<0>;
v0x559774173740_0 .net "A", 0 0, v0x55977419ad50_0;  alias, 1 drivers
v0x559774173800_0 .net "B", 0 0, L_0x55977419eb40;  alias, 1 drivers
v0x5597741738f0_0 .net "Y", 0 0, L_0x55977419ecf0;  alias, 1 drivers
v0x5597741739c0_0 .net *"_s0", 0 0, L_0x55977419ebd0;  1 drivers
S_0x559774173ae0 .scope module, "_138_" "NOR" 5 297, 2 19 0, S_0x559774134660;
 .timescale -9 -10;
    .port_info 0 /INPUT 1 "A"
    .port_info 1 /INPUT 1 "B"
    .port_info 2 /OUTPUT 1 "Y"
L_0x55977419ed80 .functor OR 1, L_0x55977419e8c0, L_0x55977419ecf0, C4<0>, C4<0>;
L_0x55977419ef30 .functor NOT 1, L_0x55977419ed80, C4<0>, C4<0>, C4<0>;
v0x559774173d00_0 .net "A", 0 0, L_0x55977419e8c0;  alias, 1 drivers
v0x559774173df0_0 .net "B", 0 0, L_0x55977419ecf0;  alias, 1 drivers
v0x559774173ec0_0 .net "Y", 0 0, L_0x55977419ef30;  1 drivers
v0x559774173f90_0 .net *"_s0", 0 0, L_0x55977419ed80;  1 drivers
S_0x5597741740b0 .scope module, "_139_" "NOR" 5 302, 2 19 0, S_0x559774134660;
 .timescale -9 -10;
    .port_info 0 /INPUT 1 "A"
    .port_info 1 /INPUT 1 "B"
    .port_info 2 /OUTPUT 1 "Y"
L_0x55977419efc0 .functor OR 1, L_0x55977419f0a0, L_0x55977419e7a0, C4<0>, C4<0>;
L_0x55977419f030 .functor NOT 1, L_0x55977419efc0, C4<0>, C4<0>, C4<0>;
v0x5597741742d0_0 .net "A", 0 0, L_0x55977419f0a0;  1 drivers
v0x5597741743b0_0 .net "B", 0 0, L_0x55977419e7a0;  alias, 1 drivers
v0x559774174470_0 .net "Y", 0 0, L_0x55977419f030;  alias, 1 drivers
v0x559774174540_0 .net *"_s0", 0 0, L_0x55977419efc0;  1 drivers
S_0x559774174680 .scope module, "_140_" "NAND" 5 307, 2 13 0, S_0x559774134660;
 .timescale -9 -10;
    .port_info 0 /INPUT 1 "A"
    .port_info 1 /INPUT 1 "B"
    .port_info 2 /OUTPUT 1 "Y"
L_0x55977419f230 .functor AND 1, L_0x55977419c290, L_0x55977419e7a0, C4<1>, C4<1>;
L_0x55977419f2c0 .functor NOT 1, L_0x55977419f230, C4<0>, C4<0>, C4<0>;
v0x5597741748a0_0 .net "A", 0 0, L_0x55977419c290;  alias, 1 drivers
v0x559774174990_0 .net "B", 0 0, L_0x55977419e7a0;  alias, 1 drivers
v0x559774174a30_0 .net "Y", 0 0, L_0x55977419f2c0;  alias, 1 drivers
v0x559774174b00_0 .net *"_s0", 0 0, L_0x55977419f230;  1 drivers
S_0x559774174c40 .scope module, "_141_" "NAND" 5 312, 2 13 0, S_0x559774134660;
 .timescale -9 -10;
    .port_info 0 /INPUT 1 "A"
    .port_info 1 /INPUT 1 "B"
    .port_info 2 /OUTPUT 1 "Y"
L_0x55977419f350 .functor AND 1, v0x55977419ad50_0, L_0x55977419f2c0, C4<1>, C4<1>;
L_0x55977419f470 .functor NOT 1, L_0x55977419f350, C4<0>, C4<0>, C4<0>;
v0x559774174e10_0 .net "A", 0 0, v0x55977419ad50_0;  alias, 1 drivers
v0x559774174ed0_0 .net "B", 0 0, L_0x55977419f2c0;  alias, 1 drivers
v0x559774174fc0_0 .net "Y", 0 0, L_0x55977419f470;  alias, 1 drivers
v0x559774175090_0 .net *"_s0", 0 0, L_0x55977419f350;  1 drivers
S_0x5597741751b0 .scope module, "_142_" "NOR" 5 317, 2 19 0, S_0x559774134660;
 .timescale -9 -10;
    .port_info 0 /INPUT 1 "A"
    .port_info 1 /INPUT 1 "B"
    .port_info 2 /OUTPUT 1 "Y"
L_0x55977419f500 .functor OR 1, L_0x55977419f030, L_0x55977419f470, C4<0>, C4<0>;
L_0x55977419f6b0 .functor NOT 1, L_0x55977419f500, C4<0>, C4<0>, C4<0>;
v0x559774175380_0 .net "A", 0 0, L_0x55977419f030;  alias, 1 drivers
v0x559774175470_0 .net "B", 0 0, L_0x55977419f470;  alias, 1 drivers
v0x559774175540_0 .net "Y", 0 0, L_0x55977419f6b0;  1 drivers
v0x559774175610_0 .net *"_s0", 0 0, L_0x55977419f500;  1 drivers
S_0x559774175730 .scope module, "_143_" "NOR" 5 322, 2 19 0, S_0x559774134660;
 .timescale -9 -10;
    .port_info 0 /INPUT 1 "A"
    .port_info 1 /INPUT 1 "B"
    .port_info 2 /OUTPUT 1 "Y"
L_0x55977419f740 .functor OR 1, L_0x55977419f820, L_0x55977419e7a0, C4<0>, C4<0>;
L_0x55977419f7b0 .functor NOT 1, L_0x55977419f740, C4<0>, C4<0>, C4<0>;
v0x559774175950_0 .net "A", 0 0, L_0x55977419f820;  1 drivers
v0x559774175a30_0 .net "B", 0 0, L_0x55977419e7a0;  alias, 1 drivers
v0x559774175af0_0 .net "Y", 0 0, L_0x55977419f7b0;  alias, 1 drivers
v0x559774175bc0_0 .net *"_s0", 0 0, L_0x55977419f740;  1 drivers
S_0x559774175d00 .scope module, "_144_" "NAND" 5 327, 2 13 0, S_0x559774134660;
 .timescale -9 -10;
    .port_info 0 /INPUT 1 "A"
    .port_info 1 /INPUT 1 "B"
    .port_info 2 /OUTPUT 1 "Y"
L_0x55977419f910 .functor AND 1, L_0x55977419c450, L_0x55977419e7a0, C4<1>, C4<1>;
L_0x55977419fa30 .functor NOT 1, L_0x55977419f910, C4<0>, C4<0>, C4<0>;
v0x559774175f20_0 .net "A", 0 0, L_0x55977419c450;  alias, 1 drivers
v0x559774176010_0 .net "B", 0 0, L_0x55977419e7a0;  alias, 1 drivers
v0x5597741760b0_0 .net "Y", 0 0, L_0x55977419fa30;  alias, 1 drivers
v0x559774176180_0 .net *"_s0", 0 0, L_0x55977419f910;  1 drivers
S_0x5597741762c0 .scope module, "_145_" "NAND" 5 332, 2 13 0, S_0x559774134660;
 .timescale -9 -10;
    .port_info 0 /INPUT 1 "A"
    .port_info 1 /INPUT 1 "B"
    .port_info 2 /OUTPUT 1 "Y"
L_0x55977419fac0 .functor AND 1, v0x55977419ad50_0, L_0x55977419fa30, C4<1>, C4<1>;
L_0x55977419fbe0 .functor NOT 1, L_0x55977419fac0, C4<0>, C4<0>, C4<0>;
v0x5597741764e0_0 .net "A", 0 0, v0x55977419ad50_0;  alias, 1 drivers
v0x5597741765a0_0 .net "B", 0 0, L_0x55977419fa30;  alias, 1 drivers
v0x559774176690_0 .net "Y", 0 0, L_0x55977419fbe0;  alias, 1 drivers
v0x559774176760_0 .net *"_s0", 0 0, L_0x55977419fac0;  1 drivers
S_0x559774176880 .scope module, "_146_" "NOR" 5 337, 2 19 0, S_0x559774134660;
 .timescale -9 -10;
    .port_info 0 /INPUT 1 "A"
    .port_info 1 /INPUT 1 "B"
    .port_info 2 /OUTPUT 1 "Y"
L_0x55977419fc70 .functor OR 1, L_0x55977419f7b0, L_0x55977419fbe0, C4<0>, C4<0>;
L_0x55977419fe20 .functor NOT 1, L_0x55977419fc70, C4<0>, C4<0>, C4<0>;
v0x559774176aa0_0 .net "A", 0 0, L_0x55977419f7b0;  alias, 1 drivers
v0x559774176b90_0 .net "B", 0 0, L_0x55977419fbe0;  alias, 1 drivers
v0x559774176c60_0 .net "Y", 0 0, L_0x55977419fe20;  1 drivers
v0x559774176d30_0 .net *"_s0", 0 0, L_0x55977419fc70;  1 drivers
S_0x559774176e50 .scope module, "_147_" "NOR" 5 342, 2 19 0, S_0x559774134660;
 .timescale -9 -10;
    .port_info 0 /INPUT 1 "A"
    .port_info 1 /INPUT 1 "B"
    .port_info 2 /OUTPUT 1 "Y"
L_0x55977419feb0 .functor OR 1, L_0x55977419ff90, L_0x55977419e7a0, C4<0>, C4<0>;
L_0x55977419ff20 .functor NOT 1, L_0x55977419feb0, C4<0>, C4<0>, C4<0>;
v0x559774177070_0 .net "A", 0 0, L_0x55977419ff90;  1 drivers
v0x559774177150_0 .net "B", 0 0, L_0x55977419e7a0;  alias, 1 drivers
v0x559774177210_0 .net "Y", 0 0, L_0x55977419ff20;  alias, 1 drivers
v0x5597741772e0_0 .net *"_s0", 0 0, L_0x55977419feb0;  1 drivers
S_0x559774177420 .scope module, "_148_" "NAND" 5 347, 2 13 0, S_0x559774134660;
 .timescale -9 -10;
    .port_info 0 /INPUT 1 "A"
    .port_info 1 /INPUT 1 "B"
    .port_info 2 /OUTPUT 1 "Y"
L_0x5597741a0130 .functor AND 1, L_0x55977419c580, L_0x55977419e7a0, C4<1>, C4<1>;
L_0x5597741a0250 .functor NOT 1, L_0x5597741a0130, C4<0>, C4<0>, C4<0>;
v0x559774177640_0 .net "A", 0 0, L_0x55977419c580;  alias, 1 drivers
v0x559774177730_0 .net "B", 0 0, L_0x55977419e7a0;  alias, 1 drivers
v0x5597741777d0_0 .net "Y", 0 0, L_0x5597741a0250;  alias, 1 drivers
v0x5597741778a0_0 .net *"_s0", 0 0, L_0x5597741a0130;  1 drivers
S_0x5597741779e0 .scope module, "_149_" "NAND" 5 352, 2 13 0, S_0x559774134660;
 .timescale -9 -10;
    .port_info 0 /INPUT 1 "A"
    .port_info 1 /INPUT 1 "B"
    .port_info 2 /OUTPUT 1 "Y"
L_0x5597741a02e0 .functor AND 1, v0x55977419ad50_0, L_0x5597741a0250, C4<1>, C4<1>;
L_0x5597741a0400 .functor NOT 1, L_0x5597741a02e0, C4<0>, C4<0>, C4<0>;
v0x559774177c00_0 .net "A", 0 0, v0x55977419ad50_0;  alias, 1 drivers
v0x559774177cc0_0 .net "B", 0 0, L_0x5597741a0250;  alias, 1 drivers
v0x559774177db0_0 .net "Y", 0 0, L_0x5597741a0400;  alias, 1 drivers
v0x559774177e80_0 .net *"_s0", 0 0, L_0x5597741a02e0;  1 drivers
S_0x559774177fa0 .scope module, "_150_" "NOR" 5 357, 2 19 0, S_0x559774134660;
 .timescale -9 -10;
    .port_info 0 /INPUT 1 "A"
    .port_info 1 /INPUT 1 "B"
    .port_info 2 /OUTPUT 1 "Y"
L_0x5597741a0490 .functor OR 1, L_0x55977419ff20, L_0x5597741a0400, C4<0>, C4<0>;
L_0x5597741a0640 .functor NOT 1, L_0x5597741a0490, C4<0>, C4<0>, C4<0>;
v0x5597741781c0_0 .net "A", 0 0, L_0x55977419ff20;  alias, 1 drivers
v0x5597741782b0_0 .net "B", 0 0, L_0x5597741a0400;  alias, 1 drivers
v0x559774178380_0 .net "Y", 0 0, L_0x5597741a0640;  1 drivers
v0x559774178450_0 .net *"_s0", 0 0, L_0x5597741a0490;  1 drivers
S_0x559774178570 .scope module, "_151_" "NOR" 5 362, 2 19 0, S_0x559774134660;
 .timescale -9 -10;
    .port_info 0 /INPUT 1 "A"
    .port_info 1 /INPUT 1 "B"
    .port_info 2 /OUTPUT 1 "Y"
L_0x5597741a06d0 .functor OR 1, L_0x55977419f190, L_0x55977419e7a0, C4<0>, C4<0>;
L_0x5597741a0740 .functor NOT 1, L_0x5597741a06d0, C4<0>, C4<0>, C4<0>;
v0x559774178790_0 .net "A", 0 0, L_0x55977419f190;  1 drivers
v0x559774178870_0 .net "B", 0 0, L_0x55977419e7a0;  alias, 1 drivers
v0x559774178930_0 .net "Y", 0 0, L_0x5597741a0740;  alias, 1 drivers
v0x559774178a00_0 .net *"_s0", 0 0, L_0x5597741a06d0;  1 drivers
S_0x559774178b40 .scope module, "_152_" "NAND" 5 367, 2 13 0, S_0x559774134660;
 .timescale -9 -10;
    .port_info 0 /INPUT 1 "A"
    .port_info 1 /INPUT 1 "B"
    .port_info 2 /OUTPUT 1 "Y"
L_0x5597741a0800 .functor AND 1, L_0x55977419c700, L_0x55977419e7a0, C4<1>, C4<1>;
L_0x5597741a0920 .functor NOT 1, L_0x5597741a0800, C4<0>, C4<0>, C4<0>;
v0x559774178d60_0 .net "A", 0 0, L_0x55977419c700;  alias, 1 drivers
v0x559774178e50_0 .net "B", 0 0, L_0x55977419e7a0;  alias, 1 drivers
v0x559774178ef0_0 .net "Y", 0 0, L_0x5597741a0920;  alias, 1 drivers
v0x559774178fc0_0 .net *"_s0", 0 0, L_0x5597741a0800;  1 drivers
S_0x559774179100 .scope module, "_153_" "NAND" 5 372, 2 13 0, S_0x559774134660;
 .timescale -9 -10;
    .port_info 0 /INPUT 1 "A"
    .port_info 1 /INPUT 1 "B"
    .port_info 2 /OUTPUT 1 "Y"
L_0x5597741a09b0 .functor AND 1, v0x55977419ad50_0, L_0x5597741a0920, C4<1>, C4<1>;
L_0x5597741a0ad0 .functor NOT 1, L_0x5597741a09b0, C4<0>, C4<0>, C4<0>;
v0x559774179320_0 .net "A", 0 0, v0x55977419ad50_0;  alias, 1 drivers
v0x5597741793e0_0 .net "B", 0 0, L_0x5597741a0920;  alias, 1 drivers
v0x5597741794d0_0 .net "Y", 0 0, L_0x5597741a0ad0;  alias, 1 drivers
v0x5597741795a0_0 .net *"_s0", 0 0, L_0x5597741a09b0;  1 drivers
S_0x5597741796c0 .scope module, "_154_" "NOR" 5 377, 2 19 0, S_0x559774134660;
 .timescale -9 -10;
    .port_info 0 /INPUT 1 "A"
    .port_info 1 /INPUT 1 "B"
    .port_info 2 /OUTPUT 1 "Y"
L_0x5597741a0b60 .functor OR 1, L_0x5597741a0740, L_0x5597741a0ad0, C4<0>, C4<0>;
L_0x5597741a0d10 .functor NOT 1, L_0x5597741a0b60, C4<0>, C4<0>, C4<0>;
v0x5597741798e0_0 .net "A", 0 0, L_0x5597741a0740;  alias, 1 drivers
v0x5597741799d0_0 .net "B", 0 0, L_0x5597741a0ad0;  alias, 1 drivers
v0x559774179aa0_0 .net "Y", 0 0, L_0x5597741a0d10;  1 drivers
v0x559774179b70_0 .net *"_s0", 0 0, L_0x5597741a0b60;  1 drivers
S_0x559774179c90 .scope module, "_155_" "NOR" 5 382, 2 19 0, S_0x559774134660;
 .timescale -9 -10;
    .port_info 0 /INPUT 1 "A"
    .port_info 1 /INPUT 1 "B"
    .port_info 2 /OUTPUT 1 "Y"
L_0x5597741a0da0 .functor OR 1, L_0x5597741a0e80, L_0x55977419e7a0, C4<0>, C4<0>;
L_0x5597741a0e10 .functor NOT 1, L_0x5597741a0da0, C4<0>, C4<0>, C4<0>;
v0x559774179eb0_0 .net "A", 0 0, L_0x5597741a0e80;  1 drivers
v0x559774179f90_0 .net "B", 0 0, L_0x55977419e7a0;  alias, 1 drivers
v0x55977417a050_0 .net "Y", 0 0, L_0x5597741a0e10;  alias, 1 drivers
v0x55977417a120_0 .net *"_s0", 0 0, L_0x5597741a0da0;  1 drivers
S_0x55977417a260 .scope module, "_156_" "NAND" 5 387, 2 13 0, S_0x559774134660;
 .timescale -9 -10;
    .port_info 0 /INPUT 1 "A"
    .port_info 1 /INPUT 1 "B"
    .port_info 2 /OUTPUT 1 "Y"
L_0x5597741a1030 .functor AND 1, L_0x55977419c860, L_0x55977419e7a0, C4<1>, C4<1>;
L_0x5597741a1150 .functor NOT 1, L_0x5597741a1030, C4<0>, C4<0>, C4<0>;
v0x55977417a480_0 .net "A", 0 0, L_0x55977419c860;  alias, 1 drivers
v0x55977417a570_0 .net "B", 0 0, L_0x55977419e7a0;  alias, 1 drivers
v0x55977417a610_0 .net "Y", 0 0, L_0x5597741a1150;  alias, 1 drivers
v0x55977417a6e0_0 .net *"_s0", 0 0, L_0x5597741a1030;  1 drivers
S_0x55977417a820 .scope module, "_157_" "NAND" 5 392, 2 13 0, S_0x559774134660;
 .timescale -9 -10;
    .port_info 0 /INPUT 1 "A"
    .port_info 1 /INPUT 1 "B"
    .port_info 2 /OUTPUT 1 "Y"
L_0x5597741a11e0 .functor AND 1, v0x55977419ad50_0, L_0x5597741a1150, C4<1>, C4<1>;
L_0x5597741a1300 .functor NOT 1, L_0x5597741a11e0, C4<0>, C4<0>, C4<0>;
v0x55977417aa40_0 .net "A", 0 0, v0x55977419ad50_0;  alias, 1 drivers
v0x55977417ab00_0 .net "B", 0 0, L_0x5597741a1150;  alias, 1 drivers
v0x55977417abf0_0 .net "Y", 0 0, L_0x5597741a1300;  alias, 1 drivers
v0x55977417acc0_0 .net *"_s0", 0 0, L_0x5597741a11e0;  1 drivers
S_0x55977417ade0 .scope module, "_158_" "NOR" 5 397, 2 19 0, S_0x559774134660;
 .timescale -9 -10;
    .port_info 0 /INPUT 1 "A"
    .port_info 1 /INPUT 1 "B"
    .port_info 2 /OUTPUT 1 "Y"
L_0x5597741a1390 .functor OR 1, L_0x5597741a0e10, L_0x5597741a1300, C4<0>, C4<0>;
L_0x5597741a1540 .functor NOT 1, L_0x5597741a1390, C4<0>, C4<0>, C4<0>;
v0x55977417b000_0 .net "A", 0 0, L_0x5597741a0e10;  alias, 1 drivers
v0x55977417b0f0_0 .net "B", 0 0, L_0x5597741a1300;  alias, 1 drivers
v0x55977417b1c0_0 .net "Y", 0 0, L_0x5597741a1540;  1 drivers
v0x55977417b290_0 .net *"_s0", 0 0, L_0x5597741a1390;  1 drivers
S_0x55977417b3b0 .scope module, "_159_" "NOR" 5 402, 2 19 0, S_0x559774134660;
 .timescale -9 -10;
    .port_info 0 /INPUT 1 "A"
    .port_info 1 /INPUT 1 "B"
    .port_info 2 /OUTPUT 1 "Y"
L_0x5597741a15d0 .functor OR 1, L_0x5597741a16b0, L_0x55977419e7a0, C4<0>, C4<0>;
L_0x5597741a1640 .functor NOT 1, L_0x5597741a15d0, C4<0>, C4<0>, C4<0>;
v0x55977417b5d0_0 .net "A", 0 0, L_0x5597741a16b0;  1 drivers
v0x55977417b6b0_0 .net "B", 0 0, L_0x55977419e7a0;  alias, 1 drivers
v0x55977417b770_0 .net "Y", 0 0, L_0x5597741a1640;  alias, 1 drivers
v0x55977417b840_0 .net *"_s0", 0 0, L_0x5597741a15d0;  1 drivers
S_0x55977417b980 .scope module, "_160_" "NAND" 5 407, 2 13 0, S_0x559774134660;
 .timescale -9 -10;
    .port_info 0 /INPUT 1 "A"
    .port_info 1 /INPUT 1 "B"
    .port_info 2 /OUTPUT 1 "Y"
L_0x5597741a17a0 .functor AND 1, L_0x55977419ca20, L_0x55977419e7a0, C4<1>, C4<1>;
L_0x5597741a1cd0 .functor NOT 1, L_0x5597741a17a0, C4<0>, C4<0>, C4<0>;
v0x55977417bba0_0 .net "A", 0 0, L_0x55977419ca20;  alias, 1 drivers
v0x55977417bc90_0 .net "B", 0 0, L_0x55977419e7a0;  alias, 1 drivers
v0x55977417bd30_0 .net "Y", 0 0, L_0x5597741a1cd0;  alias, 1 drivers
v0x55977417be00_0 .net *"_s0", 0 0, L_0x5597741a17a0;  1 drivers
S_0x55977417bf40 .scope module, "_161_" "NAND" 5 412, 2 13 0, S_0x559774134660;
 .timescale -9 -10;
    .port_info 0 /INPUT 1 "A"
    .port_info 1 /INPUT 1 "B"
    .port_info 2 /OUTPUT 1 "Y"
L_0x5597741a1d40 .functor AND 1, v0x55977419ad50_0, L_0x5597741a1cd0, C4<1>, C4<1>;
L_0x5597741a1e40 .functor NOT 1, L_0x5597741a1d40, C4<0>, C4<0>, C4<0>;
v0x55977417c160_0 .net "A", 0 0, v0x55977419ad50_0;  alias, 1 drivers
v0x55977417c220_0 .net "B", 0 0, L_0x5597741a1cd0;  alias, 1 drivers
v0x55977417c310_0 .net "Y", 0 0, L_0x5597741a1e40;  alias, 1 drivers
v0x55977417c3e0_0 .net *"_s0", 0 0, L_0x5597741a1d40;  1 drivers
S_0x55977417c500 .scope module, "_162_" "NOR" 5 417, 2 19 0, S_0x559774134660;
 .timescale -9 -10;
    .port_info 0 /INPUT 1 "A"
    .port_info 1 /INPUT 1 "B"
    .port_info 2 /OUTPUT 1 "Y"
L_0x5597741a1eb0 .functor OR 1, L_0x5597741a1640, L_0x5597741a1e40, C4<0>, C4<0>;
L_0x5597741a2040 .functor NOT 1, L_0x5597741a1eb0, C4<0>, C4<0>, C4<0>;
v0x55977417c720_0 .net "A", 0 0, L_0x5597741a1640;  alias, 1 drivers
v0x55977417c810_0 .net "B", 0 0, L_0x5597741a1e40;  alias, 1 drivers
v0x55977417c8e0_0 .net "Y", 0 0, L_0x5597741a2040;  1 drivers
v0x55977417c9b0_0 .net *"_s0", 0 0, L_0x5597741a1eb0;  1 drivers
S_0x55977417cad0 .scope module, "_163_" "NOR" 5 422, 2 19 0, S_0x559774134660;
 .timescale -9 -10;
    .port_info 0 /INPUT 1 "A"
    .port_info 1 /INPUT 1 "B"
    .port_info 2 /OUTPUT 1 "Y"
L_0x5597741a20b0 .functor OR 1, L_0x5597741a2190, L_0x55977419e7a0, C4<0>, C4<0>;
L_0x5597741a2120 .functor NOT 1, L_0x5597741a20b0, C4<0>, C4<0>, C4<0>;
v0x55977417ccf0_0 .net "A", 0 0, L_0x5597741a2190;  1 drivers
v0x55977417cdd0_0 .net "B", 0 0, L_0x55977419e7a0;  alias, 1 drivers
v0x55977417ce90_0 .net "Y", 0 0, L_0x5597741a2120;  alias, 1 drivers
v0x55977417cf60_0 .net *"_s0", 0 0, L_0x5597741a20b0;  1 drivers
S_0x55977417d0a0 .scope module, "_164_" "NAND" 5 427, 2 13 0, S_0x559774134660;
 .timescale -9 -10;
    .port_info 0 /INPUT 1 "A"
    .port_info 1 /INPUT 1 "B"
    .port_info 2 /OUTPUT 1 "Y"
L_0x5597741a2300 .functor AND 1, L_0x55977419cba0, L_0x55977419e7a0, C4<1>, C4<1>;
L_0x5597741a2400 .functor NOT 1, L_0x5597741a2300, C4<0>, C4<0>, C4<0>;
v0x55977417d2c0_0 .net "A", 0 0, L_0x55977419cba0;  alias, 1 drivers
v0x55977417d3b0_0 .net "B", 0 0, L_0x55977419e7a0;  alias, 1 drivers
v0x55977417d660_0 .net "Y", 0 0, L_0x5597741a2400;  alias, 1 drivers
v0x55977417d730_0 .net *"_s0", 0 0, L_0x5597741a2300;  1 drivers
S_0x55977417d870 .scope module, "_165_" "NAND" 5 432, 2 13 0, S_0x559774134660;
 .timescale -9 -10;
    .port_info 0 /INPUT 1 "A"
    .port_info 1 /INPUT 1 "B"
    .port_info 2 /OUTPUT 1 "Y"
L_0x5597741a2470 .functor AND 1, v0x55977419ad50_0, L_0x5597741a2400, C4<1>, C4<1>;
L_0x5597741a2980 .functor NOT 1, L_0x5597741a2470, C4<0>, C4<0>, C4<0>;
v0x55977417da90_0 .net "A", 0 0, v0x55977419ad50_0;  alias, 1 drivers
v0x55977417db50_0 .net "B", 0 0, L_0x5597741a2400;  alias, 1 drivers
v0x55977417dc40_0 .net "Y", 0 0, L_0x5597741a2980;  alias, 1 drivers
v0x55977417dd10_0 .net *"_s0", 0 0, L_0x5597741a2470;  1 drivers
S_0x55977417de30 .scope module, "_166_" "NOR" 5 437, 2 19 0, S_0x559774134660;
 .timescale -9 -10;
    .port_info 0 /INPUT 1 "A"
    .port_info 1 /INPUT 1 "B"
    .port_info 2 /OUTPUT 1 "Y"
L_0x5597741a29f0 .functor OR 1, L_0x5597741a2120, L_0x5597741a2980, C4<0>, C4<0>;
L_0x5597741a2b80 .functor NOT 1, L_0x5597741a29f0, C4<0>, C4<0>, C4<0>;
v0x55977417e050_0 .net "A", 0 0, L_0x5597741a2120;  alias, 1 drivers
v0x55977417e140_0 .net "B", 0 0, L_0x5597741a2980;  alias, 1 drivers
v0x55977417e210_0 .net "Y", 0 0, L_0x5597741a2b80;  1 drivers
v0x55977417e2e0_0 .net *"_s0", 0 0, L_0x5597741a29f0;  1 drivers
S_0x55977417e400 .scope module, "_167_" "NOR" 5 442, 2 19 0, S_0x559774134660;
 .timescale -9 -10;
    .port_info 0 /INPUT 1 "A"
    .port_info 1 /INPUT 1 "B"
    .port_info 2 /OUTPUT 1 "Y"
L_0x5597741a2f10 .functor OR 1, L_0x55977419bec0, v0x55977418d930_0, C4<0>, C4<0>;
L_0x5597741a2f80 .functor NOT 1, L_0x5597741a2f10, C4<0>, C4<0>, C4<0>;
v0x55977417e620_0 .net "A", 0 0, L_0x55977419bec0;  alias, 1 drivers
v0x55977417e730_0 .net "B", 0 0, v0x55977418d930_0;  alias, 1 drivers
v0x55977417e840_0 .net "Y", 0 0, L_0x5597741a2f80;  alias, 1 drivers
v0x55977417e8e0_0 .net *"_s0", 0 0, L_0x5597741a2f10;  1 drivers
S_0x55977417ea20 .scope module, "_168_" "NOR" 5 447, 2 19 0, S_0x559774134660;
 .timescale -9 -10;
    .port_info 0 /INPUT 1 "A"
    .port_info 1 /INPUT 1 "B"
    .port_info 2 /OUTPUT 1 "Y"
L_0x5597741a3040 .functor OR 1, L_0x55977419be30, L_0x5597741a2f80, C4<0>, C4<0>;
L_0x5597741a30b0 .functor NOT 1, L_0x5597741a3040, C4<0>, C4<0>, C4<0>;
v0x55977417ec40_0 .net "A", 0 0, L_0x55977419be30;  alias, 1 drivers
v0x55977417ed00_0 .net "B", 0 0, L_0x5597741a2f80;  alias, 1 drivers
v0x55977417edc0_0 .net "Y", 0 0, L_0x5597741a30b0;  alias, 1 drivers
v0x55977417ee90_0 .net *"_s0", 0 0, L_0x5597741a3040;  1 drivers
S_0x55977417efb0 .scope module, "_169_" "NOR" 5 452, 2 19 0, S_0x559774134660;
 .timescale -9 -10;
    .port_info 0 /INPUT 1 "A"
    .port_info 1 /INPUT 1 "B"
    .port_info 2 /OUTPUT 1 "Y"
L_0x5597741a3120 .functor OR 1, L_0x5597741a3250, L_0x5597741a30b0, C4<0>, C4<0>;
L_0x5597741a3190 .functor NOT 1, L_0x5597741a3120, C4<0>, C4<0>, C4<0>;
v0x55977417f1d0_0 .net "A", 0 0, L_0x5597741a3250;  1 drivers
v0x55977417f2b0_0 .net "B", 0 0, L_0x5597741a30b0;  alias, 1 drivers
v0x55977417f3a0_0 .net "Y", 0 0, L_0x5597741a3190;  alias, 1 drivers
v0x55977417f470_0 .net *"_s0", 0 0, L_0x5597741a3120;  1 drivers
S_0x55977417f590 .scope module, "_170_" "NAND" 5 457, 2 13 0, S_0x559774134660;
 .timescale -9 -10;
    .port_info 0 /INPUT 1 "A"
    .port_info 1 /INPUT 1 "B"
    .port_info 2 /OUTPUT 1 "Y"
L_0x5597741a3420 .functor AND 1, L_0x55977419cd70, L_0x5597741a30b0, C4<1>, C4<1>;
L_0x5597741a3520 .functor NOT 1, L_0x5597741a3420, C4<0>, C4<0>, C4<0>;
v0x55977417f7b0_0 .net "A", 0 0, L_0x55977419cd70;  alias, 1 drivers
v0x55977417f8a0_0 .net "B", 0 0, L_0x5597741a30b0;  alias, 1 drivers
v0x55977417f990_0 .net "Y", 0 0, L_0x5597741a3520;  alias, 1 drivers
v0x55977417fa30_0 .net *"_s0", 0 0, L_0x5597741a3420;  1 drivers
S_0x55977417fb70 .scope module, "_171_" "NAND" 5 462, 2 13 0, S_0x559774134660;
 .timescale -9 -10;
    .port_info 0 /INPUT 1 "A"
    .port_info 1 /INPUT 1 "B"
    .port_info 2 /OUTPUT 1 "Y"
L_0x5597741a3590 .functor AND 1, v0x55977419ad50_0, L_0x5597741a3520, C4<1>, C4<1>;
L_0x5597741a3690 .functor NOT 1, L_0x5597741a3590, C4<0>, C4<0>, C4<0>;
v0x5597741801a0_0 .net "A", 0 0, v0x55977419ad50_0;  alias, 1 drivers
v0x559774180260_0 .net "B", 0 0, L_0x5597741a3520;  alias, 1 drivers
v0x559774180350_0 .net "Y", 0 0, L_0x5597741a3690;  alias, 1 drivers
v0x559774180420_0 .net *"_s0", 0 0, L_0x5597741a3590;  1 drivers
S_0x559774180540 .scope module, "_172_" "NOR" 5 467, 2 19 0, S_0x559774134660;
 .timescale -9 -10;
    .port_info 0 /INPUT 1 "A"
    .port_info 1 /INPUT 1 "B"
    .port_info 2 /OUTPUT 1 "Y"
L_0x5597741a3700 .functor OR 1, L_0x5597741a3190, L_0x5597741a3690, C4<0>, C4<0>;
L_0x5597741a3890 .functor NOT 1, L_0x5597741a3700, C4<0>, C4<0>, C4<0>;
v0x559774180760_0 .net "A", 0 0, L_0x5597741a3190;  alias, 1 drivers
v0x559774180850_0 .net "B", 0 0, L_0x5597741a3690;  alias, 1 drivers
v0x559774180920_0 .net "Y", 0 0, L_0x5597741a3890;  1 drivers
v0x5597741809f0_0 .net *"_s0", 0 0, L_0x5597741a3700;  1 drivers
S_0x559774180b10 .scope module, "_173_" "NOR" 5 472, 2 19 0, S_0x559774134660;
 .timescale -9 -10;
    .port_info 0 /INPUT 1 "A"
    .port_info 1 /INPUT 1 "B"
    .port_info 2 /OUTPUT 1 "Y"
L_0x5597741a3900 .functor OR 1, L_0x5597741a39e0, L_0x5597741a30b0, C4<0>, C4<0>;
L_0x5597741a3970 .functor NOT 1, L_0x5597741a3900, C4<0>, C4<0>, C4<0>;
v0x559774180d30_0 .net "A", 0 0, L_0x5597741a39e0;  1 drivers
v0x559774180e10_0 .net "B", 0 0, L_0x5597741a30b0;  alias, 1 drivers
v0x559774180ed0_0 .net "Y", 0 0, L_0x5597741a3970;  alias, 1 drivers
v0x559774180fa0_0 .net *"_s0", 0 0, L_0x5597741a3900;  1 drivers
S_0x5597741810e0 .scope module, "_174_" "NAND" 5 477, 2 13 0, S_0x559774134660;
 .timescale -9 -10;
    .port_info 0 /INPUT 1 "A"
    .port_info 1 /INPUT 1 "B"
    .port_info 2 /OUTPUT 1 "Y"
L_0x5597741a3b60 .functor AND 1, L_0x55977419cef0, L_0x5597741a30b0, C4<1>, C4<1>;
L_0x5597741a3c60 .functor NOT 1, L_0x5597741a3b60, C4<0>, C4<0>, C4<0>;
v0x559774181300_0 .net "A", 0 0, L_0x55977419cef0;  alias, 1 drivers
v0x5597741813f0_0 .net "B", 0 0, L_0x5597741a30b0;  alias, 1 drivers
v0x559774181490_0 .net "Y", 0 0, L_0x5597741a3c60;  alias, 1 drivers
v0x559774181560_0 .net *"_s0", 0 0, L_0x5597741a3b60;  1 drivers
S_0x5597741816a0 .scope module, "_175_" "NAND" 5 482, 2 13 0, S_0x559774134660;
 .timescale -9 -10;
    .port_info 0 /INPUT 1 "A"
    .port_info 1 /INPUT 1 "B"
    .port_info 2 /OUTPUT 1 "Y"
L_0x5597741a3cd0 .functor AND 1, v0x55977419ad50_0, L_0x5597741a3c60, C4<1>, C4<1>;
L_0x5597741a3dd0 .functor NOT 1, L_0x5597741a3cd0, C4<0>, C4<0>, C4<0>;
v0x559774181870_0 .net "A", 0 0, v0x55977419ad50_0;  alias, 1 drivers
v0x559774181930_0 .net "B", 0 0, L_0x5597741a3c60;  alias, 1 drivers
v0x559774181a20_0 .net "Y", 0 0, L_0x5597741a3dd0;  alias, 1 drivers
v0x559774181af0_0 .net *"_s0", 0 0, L_0x5597741a3cd0;  1 drivers
S_0x559774181c10 .scope module, "_176_" "NOR" 5 487, 2 19 0, S_0x559774134660;
 .timescale -9 -10;
    .port_info 0 /INPUT 1 "A"
    .port_info 1 /INPUT 1 "B"
    .port_info 2 /OUTPUT 1 "Y"
L_0x5597741a3e40 .functor OR 1, L_0x5597741a3970, L_0x5597741a3dd0, C4<0>, C4<0>;
L_0x5597741a3fd0 .functor NOT 1, L_0x5597741a3e40, C4<0>, C4<0>, C4<0>;
v0x559774181e30_0 .net "A", 0 0, L_0x5597741a3970;  alias, 1 drivers
v0x559774181f20_0 .net "B", 0 0, L_0x5597741a3dd0;  alias, 1 drivers
v0x559774181ff0_0 .net "Y", 0 0, L_0x5597741a3fd0;  1 drivers
v0x5597741820c0_0 .net *"_s0", 0 0, L_0x5597741a3e40;  1 drivers
S_0x5597741821e0 .scope module, "_177_" "NOR" 5 492, 2 19 0, S_0x559774134660;
 .timescale -9 -10;
    .port_info 0 /INPUT 1 "A"
    .port_info 1 /INPUT 1 "B"
    .port_info 2 /OUTPUT 1 "Y"
L_0x5597741a4040 .functor OR 1, L_0x5597741a4120, L_0x5597741a30b0, C4<0>, C4<0>;
L_0x5597741a40b0 .functor NOT 1, L_0x5597741a4040, C4<0>, C4<0>, C4<0>;
v0x559774182400_0 .net "A", 0 0, L_0x5597741a4120;  1 drivers
v0x5597741824e0_0 .net "B", 0 0, L_0x5597741a30b0;  alias, 1 drivers
v0x5597741825a0_0 .net "Y", 0 0, L_0x5597741a40b0;  alias, 1 drivers
v0x559774182670_0 .net *"_s0", 0 0, L_0x5597741a4040;  1 drivers
S_0x5597741827b0 .scope module, "_178_" "NAND" 5 497, 2 13 0, S_0x559774134660;
 .timescale -9 -10;
    .port_info 0 /INPUT 1 "A"
    .port_info 1 /INPUT 1 "B"
    .port_info 2 /OUTPUT 1 "Y"
L_0x5597741a42b0 .functor AND 1, L_0x55977419d080, L_0x5597741a30b0, C4<1>, C4<1>;
L_0x5597741a43b0 .functor NOT 1, L_0x5597741a42b0, C4<0>, C4<0>, C4<0>;
v0x5597741829d0_0 .net "A", 0 0, L_0x55977419d080;  alias, 1 drivers
v0x559774182ac0_0 .net "B", 0 0, L_0x5597741a30b0;  alias, 1 drivers
v0x559774182b60_0 .net "Y", 0 0, L_0x5597741a43b0;  alias, 1 drivers
v0x559774182c30_0 .net *"_s0", 0 0, L_0x5597741a42b0;  1 drivers
S_0x559774182d70 .scope module, "_179_" "NAND" 5 502, 2 13 0, S_0x559774134660;
 .timescale -9 -10;
    .port_info 0 /INPUT 1 "A"
    .port_info 1 /INPUT 1 "B"
    .port_info 2 /OUTPUT 1 "Y"
L_0x5597741a4420 .functor AND 1, v0x55977419ad50_0, L_0x5597741a43b0, C4<1>, C4<1>;
L_0x5597741a4520 .functor NOT 1, L_0x5597741a4420, C4<0>, C4<0>, C4<0>;
v0x559774182f90_0 .net "A", 0 0, v0x55977419ad50_0;  alias, 1 drivers
v0x559774183050_0 .net "B", 0 0, L_0x5597741a43b0;  alias, 1 drivers
v0x559774183140_0 .net "Y", 0 0, L_0x5597741a4520;  alias, 1 drivers
v0x559774183210_0 .net *"_s0", 0 0, L_0x5597741a4420;  1 drivers
S_0x559774183330 .scope module, "_180_" "NOR" 5 507, 2 19 0, S_0x559774134660;
 .timescale -9 -10;
    .port_info 0 /INPUT 1 "A"
    .port_info 1 /INPUT 1 "B"
    .port_info 2 /OUTPUT 1 "Y"
L_0x5597741a4590 .functor OR 1, L_0x5597741a40b0, L_0x5597741a4520, C4<0>, C4<0>;
L_0x5597741a4720 .functor NOT 1, L_0x5597741a4590, C4<0>, C4<0>, C4<0>;
v0x559774183550_0 .net "A", 0 0, L_0x5597741a40b0;  alias, 1 drivers
v0x559774183640_0 .net "B", 0 0, L_0x5597741a4520;  alias, 1 drivers
v0x559774183710_0 .net "Y", 0 0, L_0x5597741a4720;  1 drivers
v0x5597741837e0_0 .net *"_s0", 0 0, L_0x5597741a4590;  1 drivers
S_0x559774183900 .scope module, "_181_" "NOR" 5 512, 2 19 0, S_0x559774134660;
 .timescale -9 -10;
    .port_info 0 /INPUT 1 "A"
    .port_info 1 /INPUT 1 "B"
    .port_info 2 /OUTPUT 1 "Y"
L_0x5597741a4790 .functor OR 1, L_0x5597741a4870, L_0x5597741a30b0, C4<0>, C4<0>;
L_0x5597741a4800 .functor NOT 1, L_0x5597741a4790, C4<0>, C4<0>, C4<0>;
v0x559774183b20_0 .net "A", 0 0, L_0x5597741a4870;  1 drivers
v0x559774183c00_0 .net "B", 0 0, L_0x5597741a30b0;  alias, 1 drivers
v0x559774183cc0_0 .net "Y", 0 0, L_0x5597741a4800;  alias, 1 drivers
v0x559774183d90_0 .net *"_s0", 0 0, L_0x5597741a4790;  1 drivers
S_0x559774183ed0 .scope module, "_182_" "NAND" 5 517, 2 13 0, S_0x559774134660;
 .timescale -9 -10;
    .port_info 0 /INPUT 1 "A"
    .port_info 1 /INPUT 1 "B"
    .port_info 2 /OUTPUT 1 "Y"
L_0x5597741a4960 .functor AND 1, L_0x55977419d1b0, L_0x5597741a30b0, C4<1>, C4<1>;
L_0x5597741a4a60 .functor NOT 1, L_0x5597741a4960, C4<0>, C4<0>, C4<0>;
v0x5597741840f0_0 .net "A", 0 0, L_0x55977419d1b0;  alias, 1 drivers
v0x5597741841e0_0 .net "B", 0 0, L_0x5597741a30b0;  alias, 1 drivers
v0x559774184280_0 .net "Y", 0 0, L_0x5597741a4a60;  alias, 1 drivers
v0x559774184350_0 .net *"_s0", 0 0, L_0x5597741a4960;  1 drivers
S_0x559774184490 .scope module, "_183_" "NAND" 5 522, 2 13 0, S_0x559774134660;
 .timescale -9 -10;
    .port_info 0 /INPUT 1 "A"
    .port_info 1 /INPUT 1 "B"
    .port_info 2 /OUTPUT 1 "Y"
L_0x5597741a4ad0 .functor AND 1, v0x55977419ad50_0, L_0x5597741a4a60, C4<1>, C4<1>;
L_0x5597741a4bd0 .functor NOT 1, L_0x5597741a4ad0, C4<0>, C4<0>, C4<0>;
v0x5597741846b0_0 .net "A", 0 0, v0x55977419ad50_0;  alias, 1 drivers
v0x559774184770_0 .net "B", 0 0, L_0x5597741a4a60;  alias, 1 drivers
v0x559774184860_0 .net "Y", 0 0, L_0x5597741a4bd0;  alias, 1 drivers
v0x559774184930_0 .net *"_s0", 0 0, L_0x5597741a4ad0;  1 drivers
S_0x559774184a50 .scope module, "_184_" "NOR" 5 527, 2 19 0, S_0x559774134660;
 .timescale -9 -10;
    .port_info 0 /INPUT 1 "A"
    .port_info 1 /INPUT 1 "B"
    .port_info 2 /OUTPUT 1 "Y"
L_0x5597741a4c40 .functor OR 1, L_0x5597741a4800, L_0x5597741a4bd0, C4<0>, C4<0>;
L_0x5597741a4dd0 .functor NOT 1, L_0x5597741a4c40, C4<0>, C4<0>, C4<0>;
v0x559774184c70_0 .net "A", 0 0, L_0x5597741a4800;  alias, 1 drivers
v0x559774184d60_0 .net "B", 0 0, L_0x5597741a4bd0;  alias, 1 drivers
v0x559774184e30_0 .net "Y", 0 0, L_0x5597741a4dd0;  1 drivers
v0x559774184f00_0 .net *"_s0", 0 0, L_0x5597741a4c40;  1 drivers
S_0x559774185020 .scope module, "_185_" "NOR" 5 532, 2 19 0, S_0x559774134660;
 .timescale -9 -10;
    .port_info 0 /INPUT 1 "A"
    .port_info 1 /INPUT 1 "B"
    .port_info 2 /OUTPUT 1 "Y"
L_0x5597741a4e40 .functor OR 1, L_0x5597741a4f20, L_0x5597741a30b0, C4<0>, C4<0>;
L_0x5597741a4eb0 .functor NOT 1, L_0x5597741a4e40, C4<0>, C4<0>, C4<0>;
v0x559774185240_0 .net "A", 0 0, L_0x5597741a4f20;  1 drivers
v0x559774185320_0 .net "B", 0 0, L_0x5597741a30b0;  alias, 1 drivers
v0x5597741853e0_0 .net "Y", 0 0, L_0x5597741a4eb0;  alias, 1 drivers
v0x5597741854b0_0 .net *"_s0", 0 0, L_0x5597741a4e40;  1 drivers
S_0x5597741855f0 .scope module, "_186_" "NAND" 5 537, 2 13 0, S_0x559774134660;
 .timescale -9 -10;
    .port_info 0 /INPUT 1 "A"
    .port_info 1 /INPUT 1 "B"
    .port_info 2 /OUTPUT 1 "Y"
L_0x5597741a5110 .functor AND 1, L_0x55977419d3a0, L_0x5597741a30b0, C4<1>, C4<1>;
L_0x5597741a5210 .functor NOT 1, L_0x5597741a5110, C4<0>, C4<0>, C4<0>;
v0x559774185810_0 .net "A", 0 0, L_0x55977419d3a0;  alias, 1 drivers
v0x559774185900_0 .net "B", 0 0, L_0x5597741a30b0;  alias, 1 drivers
v0x5597741859a0_0 .net "Y", 0 0, L_0x5597741a5210;  alias, 1 drivers
v0x559774185a70_0 .net *"_s0", 0 0, L_0x5597741a5110;  1 drivers
S_0x559774185bb0 .scope module, "_187_" "NAND" 5 542, 2 13 0, S_0x559774134660;
 .timescale -9 -10;
    .port_info 0 /INPUT 1 "A"
    .port_info 1 /INPUT 1 "B"
    .port_info 2 /OUTPUT 1 "Y"
L_0x5597741a5280 .functor AND 1, v0x55977419ad50_0, L_0x5597741a5210, C4<1>, C4<1>;
L_0x5597741a5380 .functor NOT 1, L_0x5597741a5280, C4<0>, C4<0>, C4<0>;
v0x559774185dd0_0 .net "A", 0 0, v0x55977419ad50_0;  alias, 1 drivers
v0x559774185e90_0 .net "B", 0 0, L_0x5597741a5210;  alias, 1 drivers
v0x559774185f80_0 .net "Y", 0 0, L_0x5597741a5380;  alias, 1 drivers
v0x559774186050_0 .net *"_s0", 0 0, L_0x5597741a5280;  1 drivers
S_0x559774186170 .scope module, "_188_" "NOR" 5 547, 2 19 0, S_0x559774134660;
 .timescale -9 -10;
    .port_info 0 /INPUT 1 "A"
    .port_info 1 /INPUT 1 "B"
    .port_info 2 /OUTPUT 1 "Y"
L_0x5597741a53f0 .functor OR 1, L_0x5597741a4eb0, L_0x5597741a5380, C4<0>, C4<0>;
L_0x5597741a5580 .functor NOT 1, L_0x5597741a53f0, C4<0>, C4<0>, C4<0>;
v0x559774186390_0 .net "A", 0 0, L_0x5597741a4eb0;  alias, 1 drivers
v0x559774186480_0 .net "B", 0 0, L_0x5597741a5380;  alias, 1 drivers
v0x559774186550_0 .net "Y", 0 0, L_0x5597741a5580;  1 drivers
v0x559774186620_0 .net *"_s0", 0 0, L_0x5597741a53f0;  1 drivers
S_0x559774186740 .scope module, "_189_" "NOR" 5 552, 2 19 0, S_0x559774134660;
 .timescale -9 -10;
    .port_info 0 /INPUT 1 "A"
    .port_info 1 /INPUT 1 "B"
    .port_info 2 /OUTPUT 1 "Y"
L_0x5597741a55f0 .functor OR 1, L_0x5597741a56d0, L_0x5597741a30b0, C4<0>, C4<0>;
L_0x5597741a5660 .functor NOT 1, L_0x5597741a55f0, C4<0>, C4<0>, C4<0>;
v0x559774186960_0 .net "A", 0 0, L_0x5597741a56d0;  1 drivers
v0x559774186a40_0 .net "B", 0 0, L_0x5597741a30b0;  alias, 1 drivers
v0x559774186b00_0 .net "Y", 0 0, L_0x5597741a5660;  alias, 1 drivers
v0x559774186bd0_0 .net *"_s0", 0 0, L_0x5597741a55f0;  1 drivers
S_0x559774186d10 .scope module, "_190_" "NAND" 5 557, 2 13 0, S_0x559774134660;
 .timescale -9 -10;
    .port_info 0 /INPUT 1 "A"
    .port_info 1 /INPUT 1 "B"
    .port_info 2 /OUTPUT 1 "Y"
L_0x5597741a58d0 .functor AND 1, L_0x55977419d520, L_0x5597741a30b0, C4<1>, C4<1>;
L_0x5597741a5940 .functor NOT 1, L_0x5597741a58d0, C4<0>, C4<0>, C4<0>;
v0x559774186f30_0 .net "A", 0 0, L_0x55977419d520;  alias, 1 drivers
v0x559774187020_0 .net "B", 0 0, L_0x5597741a30b0;  alias, 1 drivers
v0x5597741870c0_0 .net "Y", 0 0, L_0x5597741a5940;  alias, 1 drivers
v0x559774187190_0 .net *"_s0", 0 0, L_0x5597741a58d0;  1 drivers
S_0x5597741872d0 .scope module, "_191_" "NAND" 5 562, 2 13 0, S_0x559774134660;
 .timescale -9 -10;
    .port_info 0 /INPUT 1 "A"
    .port_info 1 /INPUT 1 "B"
    .port_info 2 /OUTPUT 1 "Y"
L_0x5597741a59b0 .functor AND 1, v0x55977419ad50_0, L_0x5597741a5940, C4<1>, C4<1>;
L_0x5597741a5ab0 .functor NOT 1, L_0x5597741a59b0, C4<0>, C4<0>, C4<0>;
v0x5597741874f0_0 .net "A", 0 0, v0x55977419ad50_0;  alias, 1 drivers
v0x5597741875b0_0 .net "B", 0 0, L_0x5597741a5940;  alias, 1 drivers
v0x5597741876a0_0 .net "Y", 0 0, L_0x5597741a5ab0;  alias, 1 drivers
v0x559774187770_0 .net *"_s0", 0 0, L_0x5597741a59b0;  1 drivers
S_0x559774187890 .scope module, "_192_" "NOR" 5 567, 2 19 0, S_0x559774134660;
 .timescale -9 -10;
    .port_info 0 /INPUT 1 "A"
    .port_info 1 /INPUT 1 "B"
    .port_info 2 /OUTPUT 1 "Y"
L_0x5597741a5b20 .functor OR 1, L_0x5597741a5660, L_0x5597741a5ab0, C4<0>, C4<0>;
L_0x5597741a5cd0 .functor NOT 1, L_0x5597741a5b20, C4<0>, C4<0>, C4<0>;
v0x559774187ab0_0 .net "A", 0 0, L_0x5597741a5660;  alias, 1 drivers
v0x559774187ba0_0 .net "B", 0 0, L_0x5597741a5ab0;  alias, 1 drivers
v0x559774187c70_0 .net "Y", 0 0, L_0x5597741a5cd0;  1 drivers
v0x559774187d40_0 .net *"_s0", 0 0, L_0x5597741a5b20;  1 drivers
S_0x559774187e60 .scope module, "_193_" "NOR" 5 572, 2 19 0, S_0x559774134660;
 .timescale -9 -10;
    .port_info 0 /INPUT 1 "A"
    .port_info 1 /INPUT 1 "B"
    .port_info 2 /OUTPUT 1 "Y"
L_0x5597741a5d60 .functor OR 1, L_0x5597741a5e40, L_0x5597741a30b0, C4<0>, C4<0>;
L_0x5597741a5dd0 .functor NOT 1, L_0x5597741a5d60, C4<0>, C4<0>, C4<0>;
v0x559774188080_0 .net "A", 0 0, L_0x5597741a5e40;  1 drivers
v0x559774188160_0 .net "B", 0 0, L_0x5597741a30b0;  alias, 1 drivers
v0x559774188220_0 .net "Y", 0 0, L_0x5597741a5dd0;  alias, 1 drivers
v0x5597741882f0_0 .net *"_s0", 0 0, L_0x5597741a5d60;  1 drivers
S_0x559774188430 .scope module, "_194_" "NAND" 5 577, 2 13 0, S_0x559774134660;
 .timescale -9 -10;
    .port_info 0 /INPUT 1 "A"
    .port_info 1 /INPUT 1 "B"
    .port_info 2 /OUTPUT 1 "Y"
L_0x5597741a6040 .functor AND 1, L_0x55977419d330, L_0x5597741a30b0, C4<1>, C4<1>;
L_0x5597741a6570 .functor NOT 1, L_0x5597741a6040, C4<0>, C4<0>, C4<0>;
v0x559774188650_0 .net "A", 0 0, L_0x55977419d330;  alias, 1 drivers
v0x559774188740_0 .net "B", 0 0, L_0x5597741a30b0;  alias, 1 drivers
v0x5597741887e0_0 .net "Y", 0 0, L_0x5597741a6570;  alias, 1 drivers
v0x5597741888b0_0 .net *"_s0", 0 0, L_0x5597741a6040;  1 drivers
S_0x5597741889f0 .scope module, "_195_" "NAND" 5 582, 2 13 0, S_0x559774134660;
 .timescale -9 -10;
    .port_info 0 /INPUT 1 "A"
    .port_info 1 /INPUT 1 "B"
    .port_info 2 /OUTPUT 1 "Y"
L_0x5597741a6600 .functor AND 1, v0x55977419ad50_0, L_0x5597741a6570, C4<1>, C4<1>;
L_0x5597741a6720 .functor NOT 1, L_0x5597741a6600, C4<0>, C4<0>, C4<0>;
v0x559774188c10_0 .net "A", 0 0, v0x55977419ad50_0;  alias, 1 drivers
v0x559774188cd0_0 .net "B", 0 0, L_0x5597741a6570;  alias, 1 drivers
v0x559774188dc0_0 .net "Y", 0 0, L_0x5597741a6720;  alias, 1 drivers
v0x559774188e90_0 .net *"_s0", 0 0, L_0x5597741a6600;  1 drivers
S_0x559774188fb0 .scope module, "_196_" "NOR" 5 587, 2 19 0, S_0x559774134660;
 .timescale -9 -10;
    .port_info 0 /INPUT 1 "A"
    .port_info 1 /INPUT 1 "B"
    .port_info 2 /OUTPUT 1 "Y"
L_0x5597741a67b0 .functor OR 1, L_0x5597741a5dd0, L_0x5597741a6720, C4<0>, C4<0>;
L_0x5597741a6960 .functor NOT 1, L_0x5597741a67b0, C4<0>, C4<0>, C4<0>;
v0x5597741891d0_0 .net "A", 0 0, L_0x5597741a5dd0;  alias, 1 drivers
v0x5597741892c0_0 .net "B", 0 0, L_0x5597741a6720;  alias, 1 drivers
v0x559774189390_0 .net "Y", 0 0, L_0x5597741a6960;  1 drivers
v0x559774189460_0 .net *"_s0", 0 0, L_0x5597741a67b0;  1 drivers
S_0x559774189580 .scope module, "_197_" "NOR" 5 592, 2 19 0, S_0x559774134660;
 .timescale -9 -10;
    .port_info 0 /INPUT 1 "A"
    .port_info 1 /INPUT 1 "B"
    .port_info 2 /OUTPUT 1 "Y"
L_0x5597741a69f0 .functor OR 1, L_0x5597741a6ad0, L_0x5597741a30b0, C4<0>, C4<0>;
L_0x5597741a6a60 .functor NOT 1, L_0x5597741a69f0, C4<0>, C4<0>, C4<0>;
v0x5597741897a0_0 .net "A", 0 0, L_0x5597741a6ad0;  1 drivers
v0x559774189880_0 .net "B", 0 0, L_0x5597741a30b0;  alias, 1 drivers
v0x559774189940_0 .net "Y", 0 0, L_0x5597741a6a60;  alias, 1 drivers
v0x559774189a10_0 .net *"_s0", 0 0, L_0x5597741a69f0;  1 drivers
S_0x559774189b50 .scope module, "_198_" "NAND" 5 597, 2 13 0, S_0x559774134660;
 .timescale -9 -10;
    .port_info 0 /INPUT 1 "A"
    .port_info 1 /INPUT 1 "B"
    .port_info 2 /OUTPUT 1 "Y"
L_0x5597741a6bc0 .functor AND 1, L_0x55977419d830, L_0x5597741a30b0, C4<1>, C4<1>;
L_0x5597741a6ce0 .functor NOT 1, L_0x5597741a6bc0, C4<0>, C4<0>, C4<0>;
v0x559774189d70_0 .net "A", 0 0, L_0x55977419d830;  alias, 1 drivers
v0x559774189e60_0 .net "B", 0 0, L_0x5597741a30b0;  alias, 1 drivers
v0x55977418a110_0 .net "Y", 0 0, L_0x5597741a6ce0;  alias, 1 drivers
v0x55977418a1e0_0 .net *"_s0", 0 0, L_0x5597741a6bc0;  1 drivers
S_0x55977418a320 .scope module, "_199_" "NAND" 5 602, 2 13 0, S_0x559774134660;
 .timescale -9 -10;
    .port_info 0 /INPUT 1 "A"
    .port_info 1 /INPUT 1 "B"
    .port_info 2 /OUTPUT 1 "Y"
L_0x5597741a6d70 .functor AND 1, v0x55977419ad50_0, L_0x5597741a6ce0, C4<1>, C4<1>;
L_0x5597741a6e90 .functor NOT 1, L_0x5597741a6d70, C4<0>, C4<0>, C4<0>;
v0x55977418a540_0 .net "A", 0 0, v0x55977419ad50_0;  alias, 1 drivers
v0x55977418a600_0 .net "B", 0 0, L_0x5597741a6ce0;  alias, 1 drivers
v0x55977418a6f0_0 .net "Y", 0 0, L_0x5597741a6e90;  alias, 1 drivers
v0x55977418a7c0_0 .net *"_s0", 0 0, L_0x5597741a6d70;  1 drivers
S_0x55977418a8e0 .scope module, "_200_" "NOR" 5 607, 2 19 0, S_0x559774134660;
 .timescale -9 -10;
    .port_info 0 /INPUT 1 "A"
    .port_info 1 /INPUT 1 "B"
    .port_info 2 /OUTPUT 1 "Y"
L_0x5597741a6f20 .functor OR 1, L_0x5597741a6a60, L_0x5597741a6e90, C4<0>, C4<0>;
L_0x5597741a70d0 .functor NOT 1, L_0x5597741a6f20, C4<0>, C4<0>, C4<0>;
v0x55977418ab00_0 .net "A", 0 0, L_0x5597741a6a60;  alias, 1 drivers
v0x55977418abf0_0 .net "B", 0 0, L_0x5597741a6e90;  alias, 1 drivers
v0x55977418acc0_0 .net "Y", 0 0, L_0x5597741a70d0;  1 drivers
v0x55977418ad90_0 .net *"_s0", 0 0, L_0x5597741a6f20;  1 drivers
S_0x55977418aeb0 .scope module, "_201_" "NAND" 5 612, 2 13 0, S_0x559774134660;
 .timescale -9 -10;
    .port_info 0 /INPUT 1 "A"
    .port_info 1 /INPUT 1 "B"
    .port_info 2 /OUTPUT 1 "Y"
L_0x5597741a75a0 .functor AND 1, v0x55977419ad50_0, L_0x55977419e560, C4<1>, C4<1>;
L_0x5597741a7610 .functor NOT 1, L_0x5597741a75a0, C4<0>, C4<0>, C4<0>;
v0x55977418b0d0_0 .net "A", 0 0, v0x55977419ad50_0;  alias, 1 drivers
v0x55977418b190_0 .net "B", 0 0, L_0x55977419e560;  alias, 1 drivers
v0x55977418b280_0 .net "Y", 0 0, L_0x5597741a7610;  alias, 1 drivers
v0x55977418b350_0 .net *"_s0", 0 0, L_0x5597741a75a0;  1 drivers
S_0x55977418b470 .scope module, "_202_" "NOR" 5 617, 2 19 0, S_0x559774134660;
 .timescale -9 -10;
    .port_info 0 /INPUT 1 "A"
    .port_info 1 /INPUT 1 "B"
    .port_info 2 /OUTPUT 1 "Y"
L_0x5597741a7710 .functor OR 1, L_0x55977419be30, L_0x5597741a7610, C4<0>, C4<0>;
L_0x5597741a77a0 .functor NOT 1, L_0x5597741a7710, C4<0>, C4<0>, C4<0>;
v0x55977418b690_0 .net "A", 0 0, L_0x55977419be30;  alias, 1 drivers
v0x55977418b750_0 .net "B", 0 0, L_0x5597741a7610;  alias, 1 drivers
v0x55977418b840_0 .net "Y", 0 0, L_0x5597741a77a0;  alias, 1 drivers
v0x55977418b910_0 .net *"_s0", 0 0, L_0x5597741a7710;  1 drivers
S_0x55977418ba30 .scope module, "_203_" "NOR" 5 622, 2 19 0, S_0x559774134660;
 .timescale -9 -10;
    .port_info 0 /INPUT 1 "A"
    .port_info 1 /INPUT 1 "B"
    .port_info 2 /OUTPUT 1 "Y"
L_0x5597741a78c0 .functor OR 1, v0x55977418d930_0, L_0x5597741a7610, C4<0>, C4<0>;
L_0x5597741a7950 .functor NOT 1, L_0x5597741a78c0, C4<0>, C4<0>, C4<0>;
v0x55977418bc00_0 .net "A", 0 0, v0x55977418d930_0;  alias, 1 drivers
v0x55977418bcc0_0 .net "B", 0 0, L_0x5597741a7610;  alias, 1 drivers
v0x55977418bdd0_0 .net "Y", 0 0, L_0x5597741a7950;  alias, 1 drivers
v0x55977418be70_0 .net *"_s0", 0 0, L_0x5597741a78c0;  1 drivers
S_0x55977418bfb0 .scope module, "_204_" "NOR" 5 627, 2 19 0, S_0x559774134660;
 .timescale -9 -10;
    .port_info 0 /INPUT 1 "A"
    .port_info 1 /INPUT 1 "B"
    .port_info 2 /OUTPUT 1 "Y"
L_0x5597741a7a30 .functor OR 1, L_0x5597741a77a0, L_0x5597741a7950, C4<0>, C4<0>;
L_0x5597741a7b50 .functor NOT 1, L_0x5597741a7a30, C4<0>, C4<0>, C4<0>;
v0x55977418c1d0_0 .net "A", 0 0, L_0x5597741a77a0;  alias, 1 drivers
v0x55977418c2c0_0 .net "B", 0 0, L_0x5597741a7950;  alias, 1 drivers
v0x55977418c390_0 .net "Y", 0 0, L_0x5597741a7b50;  alias, 1 drivers
v0x55977418c460_0 .net *"_s0", 0 0, L_0x5597741a7a30;  1 drivers
S_0x55977418c580 .scope module, "_205_" "NOR" 5 632, 2 19 0, S_0x559774134660;
 .timescale -9 -10;
    .port_info 0 /INPUT 1 "A"
    .port_info 1 /INPUT 1 "B"
    .port_info 2 /OUTPUT 1 "Y"
L_0x5597741a7be0 .functor OR 1, L_0x55977419c090, L_0x55977419e560, C4<0>, C4<0>;
L_0x5597741a7d00 .functor NOT 1, L_0x5597741a7be0, C4<0>, C4<0>, C4<0>;
v0x55977418c7a0_0 .net "A", 0 0, L_0x55977419c090;  alias, 1 drivers
v0x55977418c890_0 .net "B", 0 0, L_0x55977419e560;  alias, 1 drivers
v0x55977418c980_0 .net "Y", 0 0, L_0x5597741a7d00;  alias, 1 drivers
v0x55977418ca20_0 .net *"_s0", 0 0, L_0x5597741a7be0;  1 drivers
S_0x55977418cb60 .scope module, "_206_" "DFF" 5 638, 2 25 0, S_0x559774134660;
 .timescale -9 -10;
    .port_info 0 /INPUT 1 "C"
    .port_info 1 /INPUT 1 "D"
    .port_info 2 /OUTPUT 1 "Q"
v0x55977418cd80_0 .net "C", 0 0, v0x55977419a8d0_0;  alias, 1 drivers
v0x55977418ce70_0 .net "D", 0 0, L_0x5597741a77a0;  alias, 1 drivers
v0x55977418cf60_0 .var "Q", 0 0;
S_0x55977418d060 .scope module, "_207_" "DFF" 5 644, 2 25 0, S_0x559774134660;
 .timescale -9 -10;
    .port_info 0 /INPUT 1 "C"
    .port_info 1 /INPUT 1 "D"
    .port_info 2 /OUTPUT 1 "Q"
v0x55977418d280_0 .net "C", 0 0, v0x55977419a8d0_0;  alias, 1 drivers
v0x55977418d390_0 .net "D", 0 0, L_0x5597741a7d00;  alias, 1 drivers
v0x55977418d450_0 .var "Q", 0 0;
S_0x55977418d560 .scope module, "_208_" "DFF" 5 650, 2 25 0, S_0x559774134660;
 .timescale -9 -10;
    .port_info 0 /INPUT 1 "C"
    .port_info 1 /INPUT 1 "D"
    .port_info 2 /OUTPUT 1 "Q"
v0x55977418d780_0 .net "C", 0 0, v0x55977419a8d0_0;  alias, 1 drivers
v0x55977418d840_0 .net "D", 0 0, L_0x5597741a7b50;  alias, 1 drivers
v0x55977418d930_0 .var "Q", 0 0;
S_0x55977418da20 .scope module, "_209_" "DFF" 5 656, 2 25 0, S_0x559774134660;
 .timescale -9 -10;
    .port_info 0 /INPUT 1 "C"
    .port_info 1 /INPUT 1 "D"
    .port_info 2 /OUTPUT 1 "Q"
v0x55977418dbf0_0 .net "C", 0 0, v0x55977419a8d0_0;  alias, 1 drivers
v0x55977418dd40_0 .net "D", 0 0, L_0x5597741a7d90;  1 drivers
v0x55977418de00_0 .var "Q", 0 0;
S_0x55977418df50 .scope module, "_210_" "DFF" 5 662, 2 25 0, S_0x559774134660;
 .timescale -9 -10;
    .port_info 0 /INPUT 1 "C"
    .port_info 1 /INPUT 1 "D"
    .port_info 2 /OUTPUT 1 "Q"
v0x55977418e120_0 .net "C", 0 0, v0x55977419a8d0_0;  alias, 1 drivers
v0x55977418e1e0_0 .net "D", 0 0, L_0x5597741a7e80;  1 drivers
v0x55977418e2a0_0 .var "Q", 0 0;
S_0x55977418e3f0 .scope module, "_211_" "DFF" 5 668, 2 25 0, S_0x559774134660;
 .timescale -9 -10;
    .port_info 0 /INPUT 1 "C"
    .port_info 1 /INPUT 1 "D"
    .port_info 2 /OUTPUT 1 "Q"
v0x55977418e610_0 .net "C", 0 0, v0x55977419a8d0_0;  alias, 1 drivers
v0x55977418e6d0_0 .net "D", 0 0, L_0x5597741a7480;  1 drivers
v0x55977418e790_0 .var "Q", 0 0;
S_0x55977418e8e0 .scope module, "_212_" "DFF" 5 674, 2 25 0, S_0x559774134660;
 .timescale -9 -10;
    .port_info 0 /INPUT 1 "C"
    .port_info 1 /INPUT 1 "D"
    .port_info 2 /OUTPUT 1 "Q"
v0x55977418eb00_0 .net "C", 0 0, v0x55977419a8d0_0;  alias, 1 drivers
v0x55977418ebc0_0 .net "D", 0 0, L_0x5597741a80e0;  1 drivers
v0x55977418ec80_0 .var "Q", 0 0;
S_0x55977418edd0 .scope module, "_213_" "DFF" 5 680, 2 25 0, S_0x559774134660;
 .timescale -9 -10;
    .port_info 0 /INPUT 1 "C"
    .port_info 1 /INPUT 1 "D"
    .port_info 2 /OUTPUT 1 "Q"
v0x55977418eff0_0 .net "C", 0 0, v0x55977419a8d0_0;  alias, 1 drivers
v0x55977418f0b0_0 .net "D", 0 0, L_0x5597741a82c0;  1 drivers
v0x55977418f170_0 .var "Q", 0 0;
S_0x55977418f2c0 .scope module, "_214_" "DFF" 5 686, 2 25 0, S_0x559774134660;
 .timescale -9 -10;
    .port_info 0 /INPUT 1 "C"
    .port_info 1 /INPUT 1 "D"
    .port_info 2 /OUTPUT 1 "Q"
v0x55977418f4e0_0 .net "C", 0 0, v0x55977419a8d0_0;  alias, 1 drivers
v0x55977418f5a0_0 .net "D", 0 0, L_0x5597741a8360;  1 drivers
v0x55977418f660_0 .var "Q", 0 0;
S_0x55977418f7b0 .scope module, "_215_" "DFF" 5 692, 2 25 0, S_0x559774134660;
 .timescale -9 -10;
    .port_info 0 /INPUT 1 "C"
    .port_info 1 /INPUT 1 "D"
    .port_info 2 /OUTPUT 1 "Q"
v0x55977418f9d0_0 .net "C", 0 0, v0x55977419a8d0_0;  alias, 1 drivers
v0x55977418fa90_0 .net "D", 0 0, L_0x5597741a8550;  1 drivers
v0x55977418fb50_0 .var "Q", 0 0;
S_0x55977418fca0 .scope module, "_216_" "DFF" 5 698, 2 25 0, S_0x559774134660;
 .timescale -9 -10;
    .port_info 0 /INPUT 1 "C"
    .port_info 1 /INPUT 1 "D"
    .port_info 2 /OUTPUT 1 "Q"
v0x55977418fec0_0 .net "C", 0 0, v0x55977419a8d0_0;  alias, 1 drivers
v0x55977418ff80_0 .net "D", 0 0, L_0x5597741a85f0;  1 drivers
v0x559774190040_0 .var "Q", 0 0;
S_0x559774190190 .scope module, "_217_" "DFF" 5 704, 2 25 0, S_0x559774134660;
 .timescale -9 -10;
    .port_info 0 /INPUT 1 "C"
    .port_info 1 /INPUT 1 "D"
    .port_info 2 /OUTPUT 1 "Q"
v0x5597741903b0_0 .net "C", 0 0, v0x55977419a8d0_0;  alias, 1 drivers
v0x559774190470_0 .net "D", 0 0, L_0x5597741a88f0;  1 drivers
v0x559774190530_0 .var "Q", 0 0;
S_0x559774190680 .scope module, "_218_" "DFF" 5 710, 2 25 0, S_0x559774134660;
 .timescale -9 -10;
    .port_info 0 /INPUT 1 "C"
    .port_info 1 /INPUT 1 "D"
    .port_info 2 /OUTPUT 1 "Q"
v0x5597741908a0_0 .net "C", 0 0, v0x55977419a8d0_0;  alias, 1 drivers
v0x559774190960_0 .net "D", 0 0, L_0x5597741a8b80;  1 drivers
v0x559774190a20_0 .var "Q", 0 0;
S_0x559774190b70 .scope module, "_219_" "DFF" 5 716, 2 25 0, S_0x559774134660;
 .timescale -9 -10;
    .port_info 0 /INPUT 1 "C"
    .port_info 1 /INPUT 1 "D"
    .port_info 2 /OUTPUT 1 "Q"
v0x559774190d90_0 .net "C", 0 0, v0x55977419a8d0_0;  alias, 1 drivers
v0x559774190e50_0 .net "D", 0 0, L_0x5597741a8c20;  1 drivers
v0x559774190f10_0 .var "Q", 0 0;
S_0x559774191060 .scope module, "_220_" "DFF" 5 722, 2 25 0, S_0x559774134660;
 .timescale -9 -10;
    .port_info 0 /INPUT 1 "C"
    .port_info 1 /INPUT 1 "D"
    .port_info 2 /OUTPUT 1 "Q"
v0x559774191280_0 .net "C", 0 0, v0x55977419a8d0_0;  alias, 1 drivers
v0x559774191340_0 .net "D", 0 0, L_0x5597741a8e70;  1 drivers
v0x559774191400_0 .var "Q", 0 0;
S_0x559774191550 .scope module, "_221_" "DFF" 5 728, 2 25 0, S_0x559774134660;
 .timescale -9 -10;
    .port_info 0 /INPUT 1 "C"
    .port_info 1 /INPUT 1 "D"
    .port_info 2 /OUTPUT 1 "Q"
v0x559774191770_0 .net "C", 0 0, v0x55977419a8d0_0;  alias, 1 drivers
v0x559774191a40_0 .net "D", 0 0, L_0x5597741a8f40;  1 drivers
v0x559774191b00_0 .var "Q", 0 0;
S_0x559774191c50 .scope module, "_222_" "DFF" 5 734, 2 25 0, S_0x559774134660;
 .timescale -9 -10;
    .port_info 0 /INPUT 1 "C"
    .port_info 1 /INPUT 1 "D"
    .port_info 2 /OUTPUT 1 "Q"
v0x559774191e70_0 .net "C", 0 0, v0x55977419a8d0_0;  alias, 1 drivers
v0x559774191f30_0 .net "D", 0 0, L_0x5597741a91a0;  1 drivers
v0x559774191ff0_0 .var "Q", 0 0;
S_0x559774192140 .scope module, "_223_" "DFF" 5 740, 2 25 0, S_0x559774134660;
 .timescale -9 -10;
    .port_info 0 /INPUT 1 "C"
    .port_info 1 /INPUT 1 "D"
    .port_info 2 /OUTPUT 1 "Q"
v0x559774192360_0 .net "C", 0 0, v0x55977419a8d0_0;  alias, 1 drivers
v0x559774192420_0 .net "D", 0 0, L_0x5597741a9270;  1 drivers
v0x5597741924e0_0 .var "Q", 0 0;
S_0x559774192630 .scope module, "_224_" "DFF" 5 746, 2 25 0, S_0x559774134660;
 .timescale -9 -10;
    .port_info 0 /INPUT 1 "C"
    .port_info 1 /INPUT 1 "D"
    .port_info 2 /OUTPUT 1 "Q"
v0x559774192850_0 .net "C", 0 0, v0x55977419a8d0_0;  alias, 1 drivers
v0x559774192910_0 .net "D", 0 0, L_0x5597741a95f0;  1 drivers
v0x5597741929d0_0 .var "Q", 0 0;
S_0x559774192b20 .scope module, "_225_" "DFF" 5 752, 2 25 0, S_0x559774134660;
 .timescale -9 -10;
    .port_info 0 /INPUT 1 "C"
    .port_info 1 /INPUT 1 "D"
    .port_info 2 /OUTPUT 1 "Q"
v0x559774192d40_0 .net "C", 0 0, v0x55977419a8d0_0;  alias, 1 drivers
v0x559774192e00_0 .net "D", 0 0, L_0x55977419e210;  alias, 1 drivers
v0x559774192ef0_0 .var "Q", 0 0;
S_0x55977419a620 .scope module, "prob" "probador" 3 32, 6 1 0, S_0x55977412f620;
 .timescale -9 -10;
    .port_info 0 /OUTPUT 1 "clk_2f"
    .port_info 1 /OUTPUT 1 "valid_in"
    .port_info 2 /OUTPUT 8 "data_in"
    .port_info 3 /OUTPUT 1 "reset"
    .port_info 4 /INPUT 8 "lane_0"
    .port_info 5 /INPUT 8 "lane_1"
    .port_info 6 /INPUT 1 "valid_0"
    .port_info 7 /INPUT 1 "valid_1"
    .port_info 8 /INPUT 8 "lane_0_synth"
    .port_info 9 /INPUT 8 "lane_1_synth"
    .port_info 10 /INPUT 1 "valid_0_synth"
    .port_info 11 /INPUT 1 "valid_1_synth"
v0x55977419a8d0_0 .var "clk_2f", 0 0;
v0x55977419a970_0 .var "data_in", 7 0;
v0x55977419aa80_0 .net "lane_0", 7 0, v0x55977415a6a0_0;  alias, 1 drivers
v0x55977419ab20_0 .net "lane_0_synth", 7 0, L_0x5597741a87f0;  alias, 1 drivers
v0x55977419abc0_0 .net "lane_1", 7 0, v0x55977415a7d0_0;  alias, 1 drivers
v0x55977419acb0_0 .net "lane_1_synth", 7 0, L_0x5597741a96c0;  alias, 1 drivers
v0x55977419ad50_0 .var "reset", 0 0;
v0x55977419adf0_0 .net "valid_0", 0 0, v0x55977415a970_0;  alias, 1 drivers
v0x55977419ae90_0 .net "valid_0_synth", 0 0, v0x55977418cf60_0;  alias, 1 drivers
v0x55977419afc0_0 .net "valid_1", 0 0, v0x55977415aa30_0;  alias, 1 drivers
v0x55977419b060_0 .net "valid_1_synth", 0 0, v0x55977418d450_0;  alias, 1 drivers
v0x55977419b150_0 .var "valid_in", 0 0;
    .scope S_0x55977412cdd0;
T_0 ;
    %wait E_0x559774092fc0;
    %load/vec4 v0x559774142410_0;
    %flag_set/vec4 8;
    %jmp/0xz  T_0.0, 8;
    %pushi/vec4 1, 0, 1;
    %assign/vec4 v0x559774142c10_0, 0;
    %jmp T_0.1;
T_0.0 ;
    %load/vec4 v0x559774142810_0;
    %flag_set/vec4 8;
    %jmp/0xz  T_0.2, 8;
    %pushi/vec4 0, 0, 1;
    %assign/vec4 v0x559774142c10_0, 0;
    %jmp T_0.3;
T_0.2 ;
    %load/vec4 v0x559774142fe0_0;
    %assign/vec4 v0x559774142c10_0, 0;
T_0.3 ;
T_0.1 ;
    %jmp T_0;
    .thread T_0;
    .scope S_0x559774131e40;
T_1 ;
    %wait E_0x5597740930d0;
    %load/vec4 v0x55977415a8b0_0;
    %nor/r;
    %flag_set/vec4 8;
    %jmp/0xz  T_1.0, 8;
    %pushi/vec4 0, 0, 1;
    %assign/vec4 v0x55977415a460_0, 0;
    %pushi/vec4 1, 0, 1;
    %assign/vec4 v0x55977415a520_0, 0;
    %pushi/vec4 0, 0, 8;
    %assign/vec4 v0x55977415a6a0_0, 0;
    %pushi/vec4 0, 0, 8;
    %assign/vec4 v0x55977415a7d0_0, 0;
    %pushi/vec4 0, 0, 1;
    %assign/vec4 v0x55977415a970_0, 0;
    %pushi/vec4 0, 0, 1;
    %assign/vec4 v0x55977415aa30_0, 0;
    %jmp T_1.1;
T_1.0 ;
    %load/vec4 v0x55977415aaf0_0;
    %pad/u 32;
    %cmpi/e 1, 0, 32;
    %jmp/0xz  T_1.2, 4;
    %load/vec4 v0x55977415a460_0;
    %pad/u 32;
    %pushi/vec4 0, 0, 32;
    %cmp/e;
    %flag_get/vec4 4;
    %load/vec4 v0x55977415aaf0_0;
    %pad/u 32;
    %pushi/vec4 1, 0, 32;
    %cmp/e;
    %flag_get/vec4 4;
    %and;
    %flag_set/vec4 8;
    %jmp/0xz  T_1.4, 8;
    %load/vec4 v0x55977415a5c0_0;
    %assign/vec4 v0x55977415a6a0_0, 0;
    %load/vec4 v0x55977415a460_0;
    %pad/u 2;
    %addi 1, 0, 2;
    %pad/u 1;
    %assign/vec4 v0x55977415a460_0, 0;
    %load/vec4 v0x55977415a520_0;
    %pad/u 2;
    %addi 1, 0, 2;
    %pad/u 1;
    %assign/vec4 v0x55977415a520_0, 0;
    %pushi/vec4 1, 0, 1;
    %assign/vec4 v0x55977415a970_0, 0;
    %pushi/vec4 0, 0, 1;
    %assign/vec4 v0x55977415aa30_0, 0;
    %jmp T_1.5;
T_1.4 ;
    %load/vec4 v0x55977415a5c0_0;
    %assign/vec4 v0x55977415a7d0_0, 0;
    %load/vec4 v0x55977415a520_0;
    %pad/u 2;
    %addi 1, 0, 2;
    %pad/u 1;
    %assign/vec4 v0x55977415a520_0, 0;
    %load/vec4 v0x55977415a460_0;
    %pad/u 2;
    %addi 1, 0, 2;
    %pad/u 1;
    %assign/vec4 v0x55977415a460_0, 0;
    %pushi/vec4 0, 0, 1;
    %assign/vec4 v0x55977415a970_0, 0;
    %pushi/vec4 1, 0, 1;
    %assign/vec4 v0x55977415aa30_0, 0;
T_1.5 ;
    %load/vec4 v0x55977415a520_0;
    %pad/u 32;
    %pushi/vec4 0, 0, 32;
    %cmp/e;
    %flag_get/vec4 4;
    %load/vec4 v0x55977415aaf0_0;
    %pad/u 32;
    %pushi/vec4 1, 0, 32;
    %cmp/e;
    %flag_get/vec4 4;
    %and;
    %flag_set/vec4 8;
    %jmp/0xz  T_1.6, 8;
    %load/vec4 v0x55977415a5c0_0;
    %assign/vec4 v0x55977415a7d0_0, 0;
    %load/vec4 v0x55977415a520_0;
    %pad/u 2;
    %addi 1, 0, 2;
    %pad/u 1;
    %assign/vec4 v0x55977415a520_0, 0;
    %load/vec4 v0x55977415a460_0;
    %pad/u 2;
    %addi 1, 0, 2;
    %pad/u 1;
    %assign/vec4 v0x55977415a460_0, 0;
    %pushi/vec4 0, 0, 1;
    %assign/vec4 v0x55977415a970_0, 0;
    %pushi/vec4 1, 0, 1;
    %assign/vec4 v0x55977415aa30_0, 0;
    %jmp T_1.7;
T_1.6 ;
    %load/vec4 v0x55977415a5c0_0;
    %assign/vec4 v0x55977415a6a0_0, 0;
    %load/vec4 v0x55977415a460_0;
    %pad/u 2;
    %addi 1, 0, 2;
    %pad/u 1;
    %assign/vec4 v0x55977415a460_0, 0;
    %load/vec4 v0x55977415a520_0;
    %pad/u 2;
    %addi 1, 0, 2;
    %pad/u 1;
    %assign/vec4 v0x55977415a520_0, 0;
    %pushi/vec4 1, 0, 1;
    %assign/vec4 v0x55977415a970_0, 0;
    %pushi/vec4 0, 0, 1;
    %assign/vec4 v0x55977415aa30_0, 0;
T_1.7 ;
    %jmp T_1.3;
T_1.2 ;
    %pushi/vec4 0, 0, 1;
    %assign/vec4 v0x55977415a970_0, 0;
    %pushi/vec4 0, 0, 1;
    %assign/vec4 v0x55977415aa30_0, 0;
T_1.3 ;
T_1.1 ;
    %jmp T_1;
    .thread T_1;
    .scope S_0x55977419a620;
T_2 ;
    %vpi_call 6 17 "$dumpfile", "byte_striping.vcd" {0 0 0};
    %vpi_call 6 18 "$dumpvars" {0 0 0};
    %wait E_0x5597740930d0;
    %pushi/vec4 0, 0, 1;
    %assign/vec4 v0x55977419ad50_0, 0;
    %pushi/vec4 0, 0, 8;
    %assign/vec4 v0x55977419a970_0, 0;
    %wait E_0x5597740930d0;
    %pushi/vec4 1, 0, 1;
    %assign/vec4 v0x55977419ad50_0, 0;
    %pushi/vec4 0, 0, 1;
    %assign/vec4 v0x55977419b150_0, 0;
    %pushi/vec4 0, 0, 8;
    %assign/vec4 v0x55977419a970_0, 0;
    %wait E_0x5597740930d0;
    %pushi/vec4 1, 0, 1;
    %assign/vec4 v0x55977419b150_0, 0;
    %pushi/vec4 255, 0, 8;
    %assign/vec4 v0x55977419a970_0, 0;
    %wait E_0x5597740930d0;
    %pushi/vec4 238, 0, 8;
    %assign/vec4 v0x55977419a970_0, 0;
    %wait E_0x5597740930d0;
    %pushi/vec4 221, 0, 8;
    %assign/vec4 v0x55977419a970_0, 0;
    %wait E_0x5597740930d0;
    %pushi/vec4 204, 0, 8;
    %assign/vec4 v0x55977419a970_0, 0;
    %wait E_0x5597740930d0;
    %pushi/vec4 0, 0, 1;
    %assign/vec4 v0x55977419b150_0, 0;
    %vpi_func 6 37 "$random" 32 {0 0 0};
    %pad/s 8;
    %assign/vec4 v0x55977419a970_0, 0;
    %wait E_0x5597740930d0;
    %pushi/vec4 0, 0, 1;
    %assign/vec4 v0x55977419b150_0, 0;
    %vpi_func 6 40 "$random" 32 {0 0 0};
    %pad/s 8;
    %assign/vec4 v0x55977419a970_0, 0;
    %wait E_0x5597740930d0;
    %pushi/vec4 1, 0, 1;
    %assign/vec4 v0x55977419b150_0, 0;
    %pushi/vec4 3, 0, 8;
    %store/vec4 v0x55977419a970_0, 0, 8;
    %wait E_0x5597740930d0;
    %pushi/vec4 1, 0, 1;
    %assign/vec4 v0x55977419b150_0, 0;
    %pushi/vec4 4, 0, 8;
    %assign/vec4 v0x55977419a970_0, 0;
    %wait E_0x5597740930d0;
    %pushi/vec4 0, 0, 1;
    %assign/vec4 v0x55977419b150_0, 0;
    %vpi_func 6 49 "$random" 32 {0 0 0};
    %pad/s 8;
    %assign/vec4 v0x55977419a970_0, 0;
    %wait E_0x5597740930d0;
    %pushi/vec4 0, 0, 1;
    %assign/vec4 v0x55977419b150_0, 0;
    %vpi_func 6 52 "$random" 32 {0 0 0};
    %pad/s 8;
    %assign/vec4 v0x55977419a970_0, 0;
    %wait E_0x5597740930d0;
    %pushi/vec4 1, 0, 1;
    %assign/vec4 v0x55977419b150_0, 0;
    %pushi/vec4 7, 0, 8;
    %store/vec4 v0x55977419a970_0, 0, 8;
    %wait E_0x5597740930d0;
    %pushi/vec4 1, 0, 1;
    %assign/vec4 v0x55977419b150_0, 0;
    %pushi/vec4 8, 0, 8;
    %assign/vec4 v0x55977419a970_0, 0;
    %wait E_0x5597740930d0;
    %pushi/vec4 0, 0, 1;
    %assign/vec4 v0x55977419b150_0, 0;
    %vpi_func 6 61 "$random" 32 {0 0 0};
    %pad/s 8;
    %assign/vec4 v0x55977419a970_0, 0;
    %delay 150, 0;
    %vpi_call 6 64 "$finish" {0 0 0};
    %end;
    .thread T_2;
    .scope S_0x55977419a620;
T_3 ;
    %pushi/vec4 0, 0, 1;
    %assign/vec4 v0x55977419a8d0_0, 0;
    %end;
    .thread T_3;
    .scope S_0x55977419a620;
T_4 ;
    %delay 20, 0;
    %load/vec4 v0x55977419a8d0_0;
    %inv;
    %assign/vec4 v0x55977419a8d0_0, 0;
    %jmp T_4;
    .thread T_4;
    .scope S_0x55977418cb60;
T_5 ;
    %wait E_0x5597740930d0;
    %load/vec4 v0x55977418ce70_0;
    %assign/vec4 v0x55977418cf60_0, 0;
    %jmp T_5;
    .thread T_5;
    .scope S_0x55977418d060;
T_6 ;
    %wait E_0x5597740930d0;
    %load/vec4 v0x55977418d390_0;
    %assign/vec4 v0x55977418d450_0, 0;
    %jmp T_6;
    .thread T_6;
    .scope S_0x55977418d560;
T_7 ;
    %wait E_0x5597740930d0;
    %load/vec4 v0x55977418d840_0;
    %assign/vec4 v0x55977418d930_0, 0;
    %jmp T_7;
    .thread T_7;
    .scope S_0x55977418da20;
T_8 ;
    %wait E_0x5597740930d0;
    %load/vec4 v0x55977418dd40_0;
    %assign/vec4 v0x55977418de00_0, 0;
    %jmp T_8;
    .thread T_8;
    .scope S_0x55977418df50;
T_9 ;
    %wait E_0x5597740930d0;
    %load/vec4 v0x55977418e1e0_0;
    %assign/vec4 v0x55977418e2a0_0, 0;
    %jmp T_9;
    .thread T_9;
    .scope S_0x55977418e3f0;
T_10 ;
    %wait E_0x5597740930d0;
    %load/vec4 v0x55977418e6d0_0;
    %assign/vec4 v0x55977418e790_0, 0;
    %jmp T_10;
    .thread T_10;
    .scope S_0x55977418e8e0;
T_11 ;
    %wait E_0x5597740930d0;
    %load/vec4 v0x55977418ebc0_0;
    %assign/vec4 v0x55977418ec80_0, 0;
    %jmp T_11;
    .thread T_11;
    .scope S_0x55977418edd0;
T_12 ;
    %wait E_0x5597740930d0;
    %load/vec4 v0x55977418f0b0_0;
    %assign/vec4 v0x55977418f170_0, 0;
    %jmp T_12;
    .thread T_12;
    .scope S_0x55977418f2c0;
T_13 ;
    %wait E_0x5597740930d0;
    %load/vec4 v0x55977418f5a0_0;
    %assign/vec4 v0x55977418f660_0, 0;
    %jmp T_13;
    .thread T_13;
    .scope S_0x55977418f7b0;
T_14 ;
    %wait E_0x5597740930d0;
    %load/vec4 v0x55977418fa90_0;
    %assign/vec4 v0x55977418fb50_0, 0;
    %jmp T_14;
    .thread T_14;
    .scope S_0x55977418fca0;
T_15 ;
    %wait E_0x5597740930d0;
    %load/vec4 v0x55977418ff80_0;
    %assign/vec4 v0x559774190040_0, 0;
    %jmp T_15;
    .thread T_15;
    .scope S_0x559774190190;
T_16 ;
    %wait E_0x5597740930d0;
    %load/vec4 v0x559774190470_0;
    %assign/vec4 v0x559774190530_0, 0;
    %jmp T_16;
    .thread T_16;
    .scope S_0x559774190680;
T_17 ;
    %wait E_0x5597740930d0;
    %load/vec4 v0x559774190960_0;
    %assign/vec4 v0x559774190a20_0, 0;
    %jmp T_17;
    .thread T_17;
    .scope S_0x559774190b70;
T_18 ;
    %wait E_0x5597740930d0;
    %load/vec4 v0x559774190e50_0;
    %assign/vec4 v0x559774190f10_0, 0;
    %jmp T_18;
    .thread T_18;
    .scope S_0x559774191060;
T_19 ;
    %wait E_0x5597740930d0;
    %load/vec4 v0x559774191340_0;
    %assign/vec4 v0x559774191400_0, 0;
    %jmp T_19;
    .thread T_19;
    .scope S_0x559774191550;
T_20 ;
    %wait E_0x5597740930d0;
    %load/vec4 v0x559774191a40_0;
    %assign/vec4 v0x559774191b00_0, 0;
    %jmp T_20;
    .thread T_20;
    .scope S_0x559774191c50;
T_21 ;
    %wait E_0x5597740930d0;
    %load/vec4 v0x559774191f30_0;
    %assign/vec4 v0x559774191ff0_0, 0;
    %jmp T_21;
    .thread T_21;
    .scope S_0x559774192140;
T_22 ;
    %wait E_0x5597740930d0;
    %load/vec4 v0x559774192420_0;
    %assign/vec4 v0x5597741924e0_0, 0;
    %jmp T_22;
    .thread T_22;
    .scope S_0x559774192630;
T_23 ;
    %wait E_0x5597740930d0;
    %load/vec4 v0x559774192910_0;
    %assign/vec4 v0x5597741929d0_0, 0;
    %jmp T_23;
    .thread T_23;
    .scope S_0x559774192b20;
T_24 ;
    %wait E_0x5597740930d0;
    %load/vec4 v0x559774192e00_0;
    %assign/vec4 v0x559774192ef0_0, 0;
    %jmp T_24;
    .thread T_24;
# The file index is used to find the file name in the following table.
:file_names 7;
    "N/A";
    "<interactive>";
    "./cmos_cells.v";
    "bancoprueba.v";
    "./byte_striping.v";
    "./byte_striping_synth.v";
    "./probador.v";
