#! /usr/bin/vvp
:ivl_version "10.1 (stable)";
:ivl_delay_selection "TYPICAL";
:vpi_time_precision - 10;
:vpi_module "system";
:vpi_module "vhdl_sys";
:vpi_module "v2005_math";
:vpi_module "va_math";
S_0x5567b7787390 .scope module, "BUF" "BUF" 2 1;
 .timescale -9 -10;
    .port_info 0 /INPUT 1 "A"
    .port_info 1 /OUTPUT 1 "Y"
o0x7ff72ebe3018 .functor BUFZ 1, C4<z>; HiZ drive
L_0x5567b76df2b0 .functor BUFZ 1, o0x7ff72ebe3018, C4<0>, C4<0>, C4<0>;
v0x5567b7788c00_0 .net "A", 0 0, o0x7ff72ebe3018;  0 drivers
v0x5567b777c120_0 .net "Y", 0 0, L_0x5567b76df2b0;  1 drivers
S_0x5567b7780260 .scope module, "DFFSR" "DFFSR" 2 32;
 .timescale -9 -10;
    .port_info 0 /INPUT 1 "C"
    .port_info 1 /INPUT 1 "D"
    .port_info 2 /OUTPUT 1 "Q"
    .port_info 3 /INPUT 1 "S"
    .port_info 4 /INPUT 1 "R"
o0x7ff72ebe30d8 .functor BUFZ 1, C4<z>; HiZ drive
v0x5567b7782cf0_0 .net "C", 0 0, o0x7ff72ebe30d8;  0 drivers
o0x7ff72ebe3108 .functor BUFZ 1, C4<z>; HiZ drive
v0x5567b77850e0_0 .net "D", 0 0, o0x7ff72ebe3108;  0 drivers
v0x5567b7797f70_0 .var "Q", 0 0;
o0x7ff72ebe3168 .functor BUFZ 1, C4<z>; HiZ drive
v0x5567b77983b0_0 .net "R", 0 0, o0x7ff72ebe3168;  0 drivers
o0x7ff72ebe3198 .functor BUFZ 1, C4<z>; HiZ drive
v0x5567b7799790_0 .net "S", 0 0, o0x7ff72ebe3198;  0 drivers
E_0x5567b770e8f0 .event posedge, v0x5567b77983b0_0, v0x5567b7799790_0, v0x5567b7782cf0_0;
S_0x5567b7781a00 .scope module, "bancopruebademux" "bancopruebademux" 3 13;
 .timescale -9 -10;
v0x5567b77d7140_0 .net "clk_2f", 0 0, v0x5567b77a70d0_0;  1 drivers
v0x5567b77d71e0_0 .net "data_in", 7 0, v0x5567b77a7190_0;  1 drivers
v0x5567b77d7280_0 .net "data_out_0", 7 0, v0x5567b77a6620_0;  1 drivers
v0x5567b77d7320_0 .net "data_out_1", 7 0, v0x5567b77a66e0_0;  1 drivers
v0x5567b77d7410_0 .net "out_synth0", 7 0, L_0x5567b77dba90;  1 drivers
v0x5567b77d7550_0 .net "out_synth1", 7 0, L_0x5567b77dfd90;  1 drivers
v0x5567b77d7640_0 .net "reset", 0 0, v0x5567b77a79e0_0;  1 drivers
v0x5567b77d76e0_0 .net "valid_in", 0 0, v0x5567b77a7a80_0;  1 drivers
v0x5567b77d7780_0 .net "valid_out0_synth", 0 0, L_0x5567b77d87c0;  1 drivers
v0x5567b77d7820_0 .net "valid_out1_synth", 0 0, L_0x5567b77d80f0;  1 drivers
v0x5567b77d78c0_0 .net "valid_out_0", 0 0, v0x5567b77a6cd0_0;  1 drivers
v0x5567b77d7960_0 .net "valid_out_1", 0 0, v0x5567b77a6d90_0;  1 drivers
S_0x5567b7782650 .scope module, "dem" "demux" 3 32, 4 6 0, S_0x5567b7781a00;
 .timescale -9 -10;
    .port_info 0 /INPUT 1 "clk_2f"
    .port_info 1 /INPUT 1 "reset"
    .port_info 2 /INPUT 1 "valid_in"
    .port_info 3 /OUTPUT 8 "data_out_0"
    .port_info 4 /OUTPUT 8 "data_out_1"
    .port_info 5 /OUTPUT 1 "valid_out_0"
    .port_info 6 /OUTPUT 1 "valid_out_1"
    .port_info 7 /INPUT 8 "data_in"
v0x5567b77a6460_0 .net "clk_2f", 0 0, v0x5567b77a70d0_0;  alias, 1 drivers
v0x5567b77a6540_0 .net "data_in", 7 0, v0x5567b77a7190_0;  alias, 1 drivers
v0x5567b77a6620_0 .var "data_out_0", 7 0;
v0x5567b77a66e0_0 .var "data_out_1", 7 0;
v0x5567b77a67c0_0 .var "data_out_mem0", 7 0;
v0x5567b77a68f0_0 .var "data_out_mem1", 7 0;
v0x5567b77a69d0_0 .net "reset", 0 0, v0x5567b77a79e0_0;  alias, 1 drivers
v0x5567b77a6a90_0 .var "selector", 0 0;
v0x5567b77a6b50_0 .var "selectorF", 0 0;
v0x5567b77a6c10_0 .net "valid_in", 0 0, v0x5567b77a7a80_0;  alias, 1 drivers
v0x5567b77a6cd0_0 .var "valid_out_0", 0 0;
v0x5567b77a6d90_0 .var "valid_out_1", 0 0;
E_0x5567b770ea00 .event posedge, v0x5567b77a6c10_0;
E_0x5567b76a77b0 .event posedge, v0x5567b77a6460_0;
E_0x5567b779a2f0/0 .event edge, v0x5567b77a67c0_0, v0x5567b77a68f0_0, v0x5567b77a6c10_0, v0x5567b77a6b50_0;
E_0x5567b779a2f0/1 .event edge, v0x5567b77a69d0_0, v0x5567b77a6a90_0, v0x5567b77a6540_0;
E_0x5567b779a2f0 .event/or E_0x5567b779a2f0/0, E_0x5567b779a2f0/1;
S_0x5567b7783df0 .scope module, "prob1" "probador_demux" 3 56, 5 2 0, S_0x5567b7781a00;
 .timescale -9 -10;
    .port_info 0 /OUTPUT 1 "clk_2f"
    .port_info 1 /OUTPUT 1 "reset"
    .port_info 2 /INPUT 8 "data_out_0"
    .port_info 3 /INPUT 8 "data_out_1"
    .port_info 4 /OUTPUT 8 "data_in"
    .port_info 5 /OUTPUT 1 "valid_in"
    .port_info 6 /INPUT 1 "valid_out_0"
    .port_info 7 /INPUT 1 "valid_out_1"
    .port_info 8 /INPUT 1 "valid_out0_synth"
    .port_info 9 /INPUT 1 "valid_out1_synth"
    .port_info 10 /INPUT 8 "out_synth0"
    .port_info 11 /INPUT 8 "out_synth1"
v0x5567b77a70d0_0 .var "clk_2f", 0 0;
v0x5567b77a7190_0 .var "data_in", 7 0;
v0x5567b77a7230_0 .net "data_out_0", 7 0, v0x5567b77a6620_0;  alias, 1 drivers
v0x5567b77a7300_0 .net "data_out_1", 7 0, v0x5567b77a66e0_0;  alias, 1 drivers
v0x5567b77a73d0_0 .var "error", 0 0;
v0x5567b77a74c0_0 .var "out0_pr_cond", 7 0;
v0x5567b77a7580_0 .var "out0_pr_est", 7 0;
v0x5567b77a7660_0 .var "out1_pr_cond", 7 0;
v0x5567b77a7740_0 .var "out1_pr_est", 7 0;
v0x5567b77a7820_0 .net "out_synth0", 7 0, L_0x5567b77dba90;  alias, 1 drivers
v0x5567b77a7900_0 .net "out_synth1", 7 0, L_0x5567b77dfd90;  alias, 1 drivers
v0x5567b77a79e0_0 .var "reset", 0 0;
v0x5567b77a7a80_0 .var "valid_in", 0 0;
v0x5567b77a7b50_0 .net "valid_out0_synth", 0 0, L_0x5567b77d87c0;  alias, 1 drivers
v0x5567b77a7bf0_0 .net "valid_out1_synth", 0 0, L_0x5567b77d80f0;  alias, 1 drivers
v0x5567b77a7c90_0 .net "valid_out_0", 0 0, v0x5567b77a6cd0_0;  alias, 1 drivers
v0x5567b77a7d60_0 .net "valid_out_1", 0 0, v0x5567b77a6d90_0;  alias, 1 drivers
E_0x5567b779a510 .event edge, v0x5567b77a7580_0, v0x5567b77a74c0_0, v0x5567b77a7740_0, v0x5567b77a7660_0;
S_0x5567b7784a40 .scope module, "synthdemux" "synth_demux" 3 44, 6 5 0, S_0x5567b7781a00;
 .timescale -9 -10;
    .port_info 0 /INPUT 1 "clk_2f"
    .port_info 1 /INPUT 1 "reset"
    .port_info 2 /INPUT 1 "valid_in"
    .port_info 3 /OUTPUT 8 "out_synth0"
    .port_info 4 /OUTPUT 8 "out_synth1"
    .port_info 5 /OUTPUT 1 "valid_out0_synth"
    .port_info 6 /OUTPUT 1 "valid_out1_synth"
    .port_info 7 /INPUT 8 "data_in"
L_0x5567b77e1d80 .functor BUFZ 1, L_0x5567b77d7dc0, C4<0>, C4<0>, C4<0>;
L_0x5567b77e2e10 .functor BUFZ 1, L_0x5567b77d87c0, C4<0>, C4<0>, C4<0>;
L_0x5567b77e3fa0 .functor BUFZ 1, L_0x5567b77d80f0, C4<0>, C4<0>, C4<0>;
v0x5567b77d2b10_0 .net "_000_", 0 0, L_0x5567b77d7dc0;  1 drivers
v0x5567b77d2e60_0 .net "_001_", 0 0, L_0x5567b77e1d80;  1 drivers
v0x5567b77d2f40_0 .net "_002_", 0 0, L_0x5567b77e1e20;  1 drivers
v0x5567b77d3000_0 .net "_003_", 0 0, L_0x5567b77e1ef0;  1 drivers
v0x5567b77d30e0_0 .net "_004_", 0 0, L_0x5567b77e2180;  1 drivers
v0x5567b77d3210_0 .net "_005_", 0 0, L_0x5567b77e2250;  1 drivers
v0x5567b77d32f0_0 .net "_006_", 0 0, L_0x5567b77e24f0;  1 drivers
v0x5567b77d33d0_0 .net "_007_", 0 0, L_0x5567b77e27d0;  1 drivers
v0x5567b77d34b0_0 .net "_008_", 0 0, L_0x5567b77e2a80;  1 drivers
v0x5567b77d3590_0 .net "_009_", 0 0, L_0x5567b77e2b50;  1 drivers
v0x5567b77d3670_0 .net "_010_", 0 0, L_0x5567b77e2eb0;  1 drivers
v0x5567b77d3750_0 .net "_011_", 0 0, L_0x5567b77e2f80;  1 drivers
v0x5567b77d3830_0 .net "_012_", 0 0, L_0x5567b77e3250;  1 drivers
v0x5567b77d3910_0 .net "_013_", 0 0, L_0x5567b77e3320;  1 drivers
v0x5567b77d39f0_0 .net "_014_", 0 0, L_0x5567b77e3600;  1 drivers
v0x5567b77d3ad0_0 .net "_015_", 0 0, L_0x5567b77e38e0;  1 drivers
v0x5567b77d3bb0_0 .net "_016_", 0 0, L_0x5567b77e3bd0;  1 drivers
v0x5567b77d3c90_0 .net "_017_", 0 0, L_0x5567b77e3ca0;  1 drivers
v0x5567b77d3d70_0 .net "_018_", 0 0, L_0x5567b77defe0;  1 drivers
v0x5567b77d3e10_0 .net "_019_", 0 0, L_0x5567b77df2d0;  1 drivers
v0x5567b77d3f00_0 .net "_020_", 0 0, L_0x5567b77df730;  1 drivers
v0x5567b77d3ff0_0 .net "_021_", 0 0, L_0x5567b77dfa30;  1 drivers
v0x5567b77d40e0_0 .net "_022_", 0 0, L_0x5567b77d7a50;  1 drivers
v0x5567b77d4180_0 .net "_023_", 0 0, L_0x5567b77d7be0;  1 drivers
v0x5567b77d4270_0 .net "_024_", 0 0, L_0x5567b77d7cc0;  1 drivers
v0x5567b77d4310_0 .net "_025_", 0 0, L_0x5567b77d7fd0;  1 drivers
v0x5567b77d43b0_0 .net "_026_", 0 0, L_0x5567b77d8180;  1 drivers
v0x5567b77d44a0_0 .net "_027_", 0 0, L_0x5567b77d82c0;  1 drivers
v0x5567b77d4540_0 .net "_028_", 0 0, L_0x5567b77d8500;  1 drivers
v0x5567b77d45e0_0 .net "_029_", 0 0, L_0x5567b77d8620;  1 drivers
v0x5567b77d46d0_0 .net "_030_", 0 0, L_0x5567b77d8930;  1 drivers
v0x5567b77d47c0_0 .net "_031_", 0 0, L_0x5567b77d8e20;  1 drivers
v0x5567b77d48b0_0 .net "_032_", 0 0, L_0x5567b77d9010;  1 drivers
v0x5567b77d49a0_0 .net "_033_", 0 0, L_0x5567b77d9450;  1 drivers
v0x5567b77d4a90_0 .net "_034_", 0 0, L_0x5567b77d9640;  1 drivers
v0x5567b77d4b80_0 .net "_035_", 0 0, L_0x5567b77d9ae0;  1 drivers
v0x5567b77d4c70_0 .net "_036_", 0 0, L_0x5567b77d9d60;  1 drivers
v0x5567b77d4d60_0 .net "_037_", 0 0, L_0x5567b77da1c0;  1 drivers
v0x5567b77d4e50_0 .net "_038_", 0 0, L_0x5567b77da3b0;  1 drivers
v0x5567b77d4f40_0 .net "_039_", 0 0, L_0x5567b77da7e0;  1 drivers
v0x5567b77d5030_0 .net "_040_", 0 0, L_0x5567b77da980;  1 drivers
v0x5567b77d5120_0 .net "_041_", 0 0, L_0x5567b77dae50;  1 drivers
v0x5567b77d5210_0 .net "_042_", 0 0, L_0x5567b77db040;  1 drivers
v0x5567b77d5300_0 .net "_043_", 0 0, L_0x5567b77db4b0;  1 drivers
v0x5567b77d53f0_0 .net "_044_", 0 0, L_0x5567b77db6a0;  1 drivers
v0x5567b77d54e0_0 .net "_045_", 0 0, L_0x5567b77dbe20;  1 drivers
v0x5567b77d55d0_0 .net "_046_", 0 0, L_0x5567b77dc100;  1 drivers
v0x5567b77d5670_0 .net "_047_", 0 0, L_0x5567b77dc270;  1 drivers
v0x5567b77d5760_0 .net "_048_", 0 0, L_0x5567b77dc830;  1 drivers
v0x5567b77d5850_0 .net "_049_", 0 0, L_0x5567b77dcad0;  1 drivers
v0x5567b77d5940_0 .net "_050_", 0 0, L_0x5567b77dcee0;  1 drivers
v0x5567b77d5a30_0 .net "_051_", 0 0, L_0x5567b77dd190;  1 drivers
v0x5567b77d5b20_0 .net "_052_", 0 0, L_0x5567b77dd5f0;  1 drivers
v0x5567b77d5c10_0 .net "_053_", 0 0, L_0x5567b77dd8b0;  1 drivers
v0x5567b77d5d00_0 .net "_054_", 0 0, L_0x5567b77ddda0;  1 drivers
v0x5567b77d5df0_0 .net "_055_", 0 0, L_0x5567b77de230;  1 drivers
v0x5567b77d5ee0_0 .net "_056_", 0 0, L_0x5567b77de690;  1 drivers
v0x5567b77d5fd0_0 .net "_057_", 0 0, L_0x5567b77deb80;  1 drivers
v0x5567b77d60c0_0 .net "_058_", 0 0, L_0x5567b77e2e10;  1 drivers
v0x5567b77d63b0_0 .net "_059_", 0 0, L_0x5567b77e3fa0;  1 drivers
v0x5567b77d6490_0 .net "clk_2f", 0 0, v0x5567b77a70d0_0;  alias, 1 drivers
v0x5567b77d6550_0 .net "data_in", 7 0, v0x5567b77a7190_0;  alias, 1 drivers
v0x5567b77d6680_0 .net "data_out_mem0", 7 0, L_0x5567b77e0be0;  1 drivers
v0x5567b77d6780_0 .net "data_out_mem1", 7 0, L_0x5567b77e19b0;  1 drivers
v0x5567b77d6880_0 .net "out_synth0", 7 0, L_0x5567b77dba90;  alias, 1 drivers
v0x5567b77d6d30_0 .net "out_synth1", 7 0, L_0x5567b77dfd90;  alias, 1 drivers
v0x5567b77d6dd0_0 .net "reset", 0 0, v0x5567b77a79e0_0;  alias, 1 drivers
v0x5567b77d6e70_0 .net "selectorF", 0 0, v0x5567b77cd660_0;  1 drivers
v0x5567b77d6f10_0 .net "valid_in", 0 0, v0x5567b77a7a80_0;  alias, 1 drivers
v0x5567b77d6fb0_0 .net "valid_out0_synth", 0 0, L_0x5567b77d87c0;  alias, 1 drivers
v0x5567b77d7050_0 .net "valid_out1_synth", 0 0, L_0x5567b77d80f0;  alias, 1 drivers
L_0x5567b77d8690 .part L_0x5567b77e0be0, 0, 1;
L_0x5567b77d89f0 .part v0x5567b77a7190_0, 0, 1;
L_0x5567b77d8e90 .part L_0x5567b77e0be0, 1, 1;
L_0x5567b77d90d0 .part v0x5567b77a7190_0, 1, 1;
L_0x5567b77d94c0 .part L_0x5567b77e0be0, 2, 1;
L_0x5567b77d9700 .part v0x5567b77a7190_0, 2, 1;
L_0x5567b77d9b50 .part L_0x5567b77e0be0, 3, 1;
L_0x5567b77d9dd0 .part v0x5567b77a7190_0, 3, 1;
L_0x5567b77da230 .part L_0x5567b77e0be0, 4, 1;
L_0x5567b77da470 .part v0x5567b77a7190_0, 4, 1;
L_0x5567b77da850 .part L_0x5567b77e0be0, 5, 1;
L_0x5567b77daa40 .part v0x5567b77a7190_0, 5, 1;
L_0x5567b77daec0 .part L_0x5567b77e0be0, 6, 1;
L_0x5567b77db100 .part v0x5567b77a7190_0, 6, 1;
L_0x5567b77db520 .part L_0x5567b77e0be0, 7, 1;
L_0x5567b77db760 .part v0x5567b77a7190_0, 7, 1;
LS_0x5567b77dba90_0_0 .concat8 [ 1 1 1 1], L_0x5567b77d8d20, L_0x5567b77d9350, L_0x5567b77d99e0, L_0x5567b77da0c0;
LS_0x5567b77dba90_0_4 .concat8 [ 1 1 1 1], L_0x5567b77da6e0, L_0x5567b77dad50, L_0x5567b77db3b0, L_0x5567b77dba00;
L_0x5567b77dba90 .concat8 [ 4 4 0 0], LS_0x5567b77dba90_0_0, LS_0x5567b77dba90_0_4;
L_0x5567b77dbee0 .part v0x5567b77a7190_0, 0, 1;
L_0x5567b77dc330 .part L_0x5567b77e19b0, 0, 1;
L_0x5567b77dc8a0 .part v0x5567b77a7190_0, 1, 1;
L_0x5567b77dbfd0 .part L_0x5567b77e19b0, 1, 1;
L_0x5567b77dcf50 .part v0x5567b77a7190_0, 2, 1;
L_0x5567b77dd250 .part L_0x5567b77e19b0, 2, 1;
L_0x5567b77dd660 .part v0x5567b77a7190_0, 3, 1;
L_0x5567b77dd970 .part L_0x5567b77e19b0, 3, 1;
L_0x5567b77dde10 .part v0x5567b77a7190_0, 4, 1;
L_0x5567b77de2f0 .part L_0x5567b77e19b0, 4, 1;
L_0x5567b77de700 .part v0x5567b77a7190_0, 5, 1;
L_0x5567b77dec40 .part L_0x5567b77e19b0, 5, 1;
L_0x5567b77df050 .part v0x5567b77a7190_0, 6, 1;
L_0x5567b77df390 .part L_0x5567b77e19b0, 6, 1;
L_0x5567b77df7a0 .part v0x5567b77a7190_0, 7, 1;
L_0x5567b77dfaf0 .part L_0x5567b77e19b0, 7, 1;
LS_0x5567b77dfd90_0_0 .concat8 [ 1 1 1 1], L_0x5567b77dc520, L_0x5567b77dcde0, L_0x5567b77dd4f0, L_0x5567b77ddca0;
LS_0x5567b77dfd90_0_4 .concat8 [ 1 1 1 1], L_0x5567b77de590, L_0x5567b77deee0, L_0x5567b77df630, L_0x5567b77dfd00;
L_0x5567b77dfd90 .concat8 [ 4 4 0 0], LS_0x5567b77dfd90_0_0, LS_0x5567b77dfd90_0_4;
L_0x5567b77e01d0 .part L_0x5567b77dba90, 0, 1;
L_0x5567b77e0300 .part L_0x5567b77dba90, 1, 1;
L_0x5567b77e00b0 .part L_0x5567b77dba90, 2, 1;
L_0x5567b77e04d0 .part L_0x5567b77dba90, 3, 1;
L_0x5567b77e06b0 .part L_0x5567b77dba90, 4, 1;
L_0x5567b77e0750 .part L_0x5567b77dba90, 5, 1;
L_0x5567b77e0940 .part L_0x5567b77dba90, 6, 1;
L_0x5567b77e09e0 .part L_0x5567b77dba90, 7, 1;
LS_0x5567b77e0be0_0_0 .concat8 [ 1 1 1 1], v0x5567b77cdb40_0, v0x5567b77ce000_0, v0x5567b77ce4c0_0, v0x5567b77ce960_0;
LS_0x5567b77e0be0_0_4 .concat8 [ 1 1 1 1], v0x5567b77cf260_0, v0x5567b77cf750_0, v0x5567b77cfd50_0, v0x5567b77d0240_0;
L_0x5567b77e0be0 .concat8 [ 4 4 0 0], LS_0x5567b77e0be0_0_0, LS_0x5567b77e0be0_0_4;
L_0x5567b77e0d10 .part L_0x5567b77dfd90, 0, 1;
L_0x5567b77e0f50 .part L_0x5567b77dfd90, 1, 1;
L_0x5567b77e1020 .part L_0x5567b77dfd90, 2, 1;
L_0x5567b77e1270 .part L_0x5567b77dfd90, 3, 1;
L_0x5567b77e1340 .part L_0x5567b77dfd90, 4, 1;
L_0x5567b77e15a0 .part L_0x5567b77dfd90, 5, 1;
L_0x5567b77e1670 .part L_0x5567b77dfd90, 6, 1;
L_0x5567b77e18e0 .part L_0x5567b77dfd90, 7, 1;
LS_0x5567b77e19b0_0_0 .concat8 [ 1 1 1 1], v0x5567b77d0730_0, v0x5567b77d0c20_0, v0x5567b77d1110_0, v0x5567b77d1600_0;
LS_0x5567b77e19b0_0_4 .concat8 [ 1 1 1 1], v0x5567b77d1af0_0, v0x5567b77d1fe0_0, v0x5567b77d24d0_0, v0x5567b77d29c0_0;
L_0x5567b77e19b0 .concat8 [ 4 4 0 0], LS_0x5567b77e19b0_0_0, LS_0x5567b77e19b0_0_4;
L_0x5567b77e1e20 .part L_0x5567b77dba90, 0, 1;
L_0x5567b77e1ef0 .part L_0x5567b77dba90, 1, 1;
L_0x5567b77e2180 .part L_0x5567b77dba90, 2, 1;
L_0x5567b77e2250 .part L_0x5567b77dba90, 3, 1;
L_0x5567b77e24f0 .part L_0x5567b77dba90, 4, 1;
L_0x5567b77e27d0 .part L_0x5567b77dba90, 5, 1;
L_0x5567b77e2a80 .part L_0x5567b77dba90, 6, 1;
L_0x5567b77e2b50 .part L_0x5567b77dba90, 7, 1;
L_0x5567b77e2eb0 .part L_0x5567b77dfd90, 0, 1;
L_0x5567b77e2f80 .part L_0x5567b77dfd90, 1, 1;
L_0x5567b77e3250 .part L_0x5567b77dfd90, 2, 1;
L_0x5567b77e3320 .part L_0x5567b77dfd90, 3, 1;
L_0x5567b77e3600 .part L_0x5567b77dfd90, 4, 1;
L_0x5567b77e38e0 .part L_0x5567b77dfd90, 5, 1;
L_0x5567b77e3bd0 .part L_0x5567b77dfd90, 6, 1;
L_0x5567b77e3ca0 .part L_0x5567b77dfd90, 7, 1;
S_0x5567b77861e0 .scope module, "_060_" "NOT" 6 111, 2 7 0, S_0x5567b7784a40;
 .timescale -9 -10;
    .port_info 0 /INPUT 1 "A"
    .port_info 1 /OUTPUT 1 "Y"
L_0x5567b77d7a50 .functor NOT 1, v0x5567b77cd660_0, C4<0>, C4<0>, C4<0>;
v0x5567b77b83b0_0 .net "A", 0 0, v0x5567b77cd660_0;  alias, 1 drivers
v0x5567b77b8490_0 .net "Y", 0 0, L_0x5567b77d7a50;  alias, 1 drivers
S_0x5567b7786e30 .scope module, "_061_" "NOT" 6 115, 2 7 0, S_0x5567b7784a40;
 .timescale -9 -10;
    .port_info 0 /INPUT 1 "A"
    .port_info 1 /OUTPUT 1 "Y"
L_0x5567b77d7be0 .functor NOT 1, v0x5567b77a7a80_0, C4<0>, C4<0>, C4<0>;
v0x5567b77b8640_0 .net "A", 0 0, v0x5567b77a7a80_0;  alias, 1 drivers
v0x5567b77b8750_0 .net "Y", 0 0, L_0x5567b77d7be0;  alias, 1 drivers
S_0x5567b77b8870 .scope module, "_062_" "NAND" 6 119, 2 13 0, S_0x5567b7784a40;
 .timescale -9 -10;
    .port_info 0 /INPUT 1 "A"
    .port_info 1 /INPUT 1 "B"
    .port_info 2 /OUTPUT 1 "Y"
L_0x5567b77d7c50 .functor AND 1, v0x5567b77a79e0_0, L_0x5567b77d7a50, C4<1>, C4<1>;
L_0x5567b77d7cc0 .functor NOT 1, L_0x5567b77d7c50, C4<0>, C4<0>, C4<0>;
v0x5567b77b8a90_0 .net "A", 0 0, v0x5567b77a79e0_0;  alias, 1 drivers
v0x5567b77b8b80_0 .net "B", 0 0, L_0x5567b77d7a50;  alias, 1 drivers
v0x5567b77b8c40_0 .net "Y", 0 0, L_0x5567b77d7cc0;  alias, 1 drivers
v0x5567b77b8d10_0 .net *"_s0", 0 0, L_0x5567b77d7c50;  1 drivers
S_0x5567b77b8e30 .scope module, "_063_" "NOT" 6 124, 2 7 0, S_0x5567b7784a40;
 .timescale -9 -10;
    .port_info 0 /INPUT 1 "A"
    .port_info 1 /OUTPUT 1 "Y"
L_0x5567b77d7dc0 .functor NOT 1, L_0x5567b77d7cc0, C4<0>, C4<0>, C4<0>;
v0x5567b77b9040_0 .net "A", 0 0, L_0x5567b77d7cc0;  alias, 1 drivers
v0x5567b77b9130_0 .net "Y", 0 0, L_0x5567b77d7dc0;  alias, 1 drivers
S_0x5567b77b9230 .scope module, "_064_" "NAND" 6 128, 2 13 0, S_0x5567b7784a40;
 .timescale -9 -10;
    .port_info 0 /INPUT 1 "A"
    .port_info 1 /INPUT 1 "B"
    .port_info 2 /OUTPUT 1 "Y"
L_0x5567b77d7e30 .functor AND 1, v0x5567b77a79e0_0, v0x5567b77a7a80_0, C4<1>, C4<1>;
L_0x5567b77d7fd0 .functor NOT 1, L_0x5567b77d7e30, C4<0>, C4<0>, C4<0>;
v0x5567b77b94a0_0 .net "A", 0 0, v0x5567b77a79e0_0;  alias, 1 drivers
v0x5567b77b9560_0 .net "B", 0 0, v0x5567b77a7a80_0;  alias, 1 drivers
v0x5567b77b9620_0 .net "Y", 0 0, L_0x5567b77d7fd0;  alias, 1 drivers
v0x5567b77b96c0_0 .net *"_s0", 0 0, L_0x5567b77d7e30;  1 drivers
S_0x5567b77b9800 .scope module, "_065_" "NOR" 6 133, 2 19 0, S_0x5567b7784a40;
 .timescale -9 -10;
    .port_info 0 /INPUT 1 "A"
    .port_info 1 /INPUT 1 "B"
    .port_info 2 /OUTPUT 1 "Y"
L_0x5567b77d8060 .functor OR 1, L_0x5567b77d7a50, L_0x5567b77d7fd0, C4<0>, C4<0>;
L_0x5567b77d80f0 .functor NOT 1, L_0x5567b77d8060, C4<0>, C4<0>, C4<0>;
v0x5567b77b9a20_0 .net "A", 0 0, L_0x5567b77d7a50;  alias, 1 drivers
v0x5567b77b9b30_0 .net "B", 0 0, L_0x5567b77d7fd0;  alias, 1 drivers
v0x5567b77b9bf0_0 .net "Y", 0 0, L_0x5567b77d80f0;  alias, 1 drivers
v0x5567b77b9cf0_0 .net *"_s0", 0 0, L_0x5567b77d8060;  1 drivers
S_0x5567b77b9dd0 .scope module, "_066_" "NOT" 6 138, 2 7 0, S_0x5567b7784a40;
 .timescale -9 -10;
    .port_info 0 /INPUT 1 "A"
    .port_info 1 /OUTPUT 1 "Y"
L_0x5567b77d8180 .functor NOT 1, L_0x5567b77d80f0, C4<0>, C4<0>, C4<0>;
v0x5567b77b9fe0_0 .net "A", 0 0, L_0x5567b77d80f0;  alias, 1 drivers
v0x5567b77ba0f0_0 .net "Y", 0 0, L_0x5567b77d8180;  alias, 1 drivers
S_0x5567b77ba210 .scope module, "_067_" "NAND" 6 142, 2 13 0, S_0x5567b7784a40;
 .timescale -9 -10;
    .port_info 0 /INPUT 1 "A"
    .port_info 1 /INPUT 1 "B"
    .port_info 2 /OUTPUT 1 "Y"
L_0x5567b77d8230 .functor AND 1, v0x5567b77a79e0_0, L_0x5567b77d7be0, C4<1>, C4<1>;
L_0x5567b77d82c0 .functor NOT 1, L_0x5567b77d8230, C4<0>, C4<0>, C4<0>;
v0x5567b77ba430_0 .net "A", 0 0, v0x5567b77a79e0_0;  alias, 1 drivers
v0x5567b77ba4f0_0 .net "B", 0 0, L_0x5567b77d7be0;  alias, 1 drivers
v0x5567b77ba5b0_0 .net "Y", 0 0, L_0x5567b77d82c0;  alias, 1 drivers
v0x5567b77ba680_0 .net *"_s0", 0 0, L_0x5567b77d8230;  1 drivers
S_0x5567b77ba7a0 .scope module, "_068_" "NAND" 6 147, 2 13 0, S_0x5567b7784a40;
 .timescale -9 -10;
    .port_info 0 /INPUT 1 "A"
    .port_info 1 /INPUT 1 "B"
    .port_info 2 /OUTPUT 1 "Y"
L_0x5567b77d83e0 .functor AND 1, L_0x5567b77d8180, L_0x5567b77d82c0, C4<1>, C4<1>;
L_0x5567b77d8500 .functor NOT 1, L_0x5567b77d83e0, C4<0>, C4<0>, C4<0>;
v0x5567b77ba920_0 .net "A", 0 0, L_0x5567b77d8180;  alias, 1 drivers
v0x5567b77baa10_0 .net "B", 0 0, L_0x5567b77d82c0;  alias, 1 drivers
v0x5567b77baae0_0 .net "Y", 0 0, L_0x5567b77d8500;  alias, 1 drivers
v0x5567b77babb0_0 .net *"_s0", 0 0, L_0x5567b77d83e0;  1 drivers
S_0x5567b77bacd0 .scope module, "_069_" "NAND" 6 152, 2 13 0, S_0x5567b7784a40;
 .timescale -9 -10;
    .port_info 0 /INPUT 1 "A"
    .port_info 1 /INPUT 1 "B"
    .port_info 2 /OUTPUT 1 "Y"
L_0x5567b77d8590 .functor AND 1, L_0x5567b77d8690, L_0x5567b77d8500, C4<1>, C4<1>;
L_0x5567b77d8620 .functor NOT 1, L_0x5567b77d8590, C4<0>, C4<0>, C4<0>;
v0x5567b77baef0_0 .net "A", 0 0, L_0x5567b77d8690;  1 drivers
v0x5567b77bafd0_0 .net "B", 0 0, L_0x5567b77d8500;  alias, 1 drivers
v0x5567b77bb0c0_0 .net "Y", 0 0, L_0x5567b77d8620;  alias, 1 drivers
v0x5567b77bb190_0 .net *"_s0", 0 0, L_0x5567b77d8590;  1 drivers
S_0x5567b77bb2b0 .scope module, "_070_" "NOR" 6 157, 2 19 0, S_0x5567b7784a40;
 .timescale -9 -10;
    .port_info 0 /INPUT 1 "A"
    .port_info 1 /INPUT 1 "B"
    .port_info 2 /OUTPUT 1 "Y"
L_0x5567b77d8730 .functor OR 1, v0x5567b77cd660_0, L_0x5567b77d7fd0, C4<0>, C4<0>;
L_0x5567b77d87c0 .functor NOT 1, L_0x5567b77d8730, C4<0>, C4<0>, C4<0>;
v0x5567b77bb4d0_0 .net "A", 0 0, v0x5567b77cd660_0;  alias, 1 drivers
v0x5567b77bb5c0_0 .net "B", 0 0, L_0x5567b77d7fd0;  alias, 1 drivers
v0x5567b77bb6b0_0 .net "Y", 0 0, L_0x5567b77d87c0;  alias, 1 drivers
v0x5567b77bb780_0 .net *"_s0", 0 0, L_0x5567b77d8730;  1 drivers
S_0x5567b77bb880 .scope module, "_071_" "NAND" 6 162, 2 13 0, S_0x5567b7784a40;
 .timescale -9 -10;
    .port_info 0 /INPUT 1 "A"
    .port_info 1 /INPUT 1 "B"
    .port_info 2 /OUTPUT 1 "Y"
L_0x5567b77d88a0 .functor AND 1, L_0x5567b77d89f0, L_0x5567b77d87c0, C4<1>, C4<1>;
L_0x5567b77d8930 .functor NOT 1, L_0x5567b77d88a0, C4<0>, C4<0>, C4<0>;
v0x5567b77bbaa0_0 .net "A", 0 0, L_0x5567b77d89f0;  1 drivers
v0x5567b77bbb80_0 .net "B", 0 0, L_0x5567b77d87c0;  alias, 1 drivers
v0x5567b77bbc90_0 .net "Y", 0 0, L_0x5567b77d8930;  alias, 1 drivers
v0x5567b77bbd30_0 .net *"_s0", 0 0, L_0x5567b77d88a0;  1 drivers
S_0x5567b77bbe70 .scope module, "_072_" "NAND" 6 167, 2 13 0, S_0x5567b7784a40;
 .timescale -9 -10;
    .port_info 0 /INPUT 1 "A"
    .port_info 1 /INPUT 1 "B"
    .port_info 2 /OUTPUT 1 "Y"
L_0x5567b77d8b70 .functor AND 1, L_0x5567b77d8620, L_0x5567b77d8930, C4<1>, C4<1>;
L_0x5567b77d8d20 .functor NOT 1, L_0x5567b77d8b70, C4<0>, C4<0>, C4<0>;
v0x5567b77bc090_0 .net "A", 0 0, L_0x5567b77d8620;  alias, 1 drivers
v0x5567b77bc180_0 .net "B", 0 0, L_0x5567b77d8930;  alias, 1 drivers
v0x5567b77bc250_0 .net "Y", 0 0, L_0x5567b77d8d20;  1 drivers
v0x5567b77bc320_0 .net *"_s0", 0 0, L_0x5567b77d8b70;  1 drivers
S_0x5567b77bc440 .scope module, "_073_" "NAND" 6 172, 2 13 0, S_0x5567b7784a40;
 .timescale -9 -10;
    .port_info 0 /INPUT 1 "A"
    .port_info 1 /INPUT 1 "B"
    .port_info 2 /OUTPUT 1 "Y"
L_0x5567b77d8db0 .functor AND 1, L_0x5567b77d8e90, L_0x5567b77d8500, C4<1>, C4<1>;
L_0x5567b77d8e20 .functor NOT 1, L_0x5567b77d8db0, C4<0>, C4<0>, C4<0>;
v0x5567b77bc660_0 .net "A", 0 0, L_0x5567b77d8e90;  1 drivers
v0x5567b77bc740_0 .net "B", 0 0, L_0x5567b77d8500;  alias, 1 drivers
v0x5567b77bc850_0 .net "Y", 0 0, L_0x5567b77d8e20;  alias, 1 drivers
v0x5567b77bc8f0_0 .net *"_s0", 0 0, L_0x5567b77d8db0;  1 drivers
S_0x5567b77bca30 .scope module, "_074_" "NAND" 6 177, 2 13 0, S_0x5567b7784a40;
 .timescale -9 -10;
    .port_info 0 /INPUT 1 "A"
    .port_info 1 /INPUT 1 "B"
    .port_info 2 /OUTPUT 1 "Y"
L_0x5567b77d8f80 .functor AND 1, L_0x5567b77d90d0, L_0x5567b77d87c0, C4<1>, C4<1>;
L_0x5567b77d9010 .functor NOT 1, L_0x5567b77d8f80, C4<0>, C4<0>, C4<0>;
v0x5567b77bcc50_0 .net "A", 0 0, L_0x5567b77d90d0;  1 drivers
v0x5567b77bcd30_0 .net "B", 0 0, L_0x5567b77d87c0;  alias, 1 drivers
v0x5567b77bcdf0_0 .net "Y", 0 0, L_0x5567b77d9010;  alias, 1 drivers
v0x5567b77bcec0_0 .net *"_s0", 0 0, L_0x5567b77d8f80;  1 drivers
S_0x5567b77bd000 .scope module, "_075_" "NAND" 6 182, 2 13 0, S_0x5567b7784a40;
 .timescale -9 -10;
    .port_info 0 /INPUT 1 "A"
    .port_info 1 /INPUT 1 "B"
    .port_info 2 /OUTPUT 1 "Y"
L_0x5567b77d91c0 .functor AND 1, L_0x5567b77d8e20, L_0x5567b77d9010, C4<1>, C4<1>;
L_0x5567b77d9350 .functor NOT 1, L_0x5567b77d91c0, C4<0>, C4<0>, C4<0>;
v0x5567b77bd220_0 .net "A", 0 0, L_0x5567b77d8e20;  alias, 1 drivers
v0x5567b77bd310_0 .net "B", 0 0, L_0x5567b77d9010;  alias, 1 drivers
v0x5567b77bd3e0_0 .net "Y", 0 0, L_0x5567b77d9350;  1 drivers
v0x5567b77bd4b0_0 .net *"_s0", 0 0, L_0x5567b77d91c0;  1 drivers
S_0x5567b77bd5d0 .scope module, "_076_" "NAND" 6 187, 2 13 0, S_0x5567b7784a40;
 .timescale -9 -10;
    .port_info 0 /INPUT 1 "A"
    .port_info 1 /INPUT 1 "B"
    .port_info 2 /OUTPUT 1 "Y"
L_0x5567b77d93e0 .functor AND 1, L_0x5567b77d94c0, L_0x5567b77d8500, C4<1>, C4<1>;
L_0x5567b77d9450 .functor NOT 1, L_0x5567b77d93e0, C4<0>, C4<0>, C4<0>;
v0x5567b77bd7f0_0 .net "A", 0 0, L_0x5567b77d94c0;  1 drivers
v0x5567b77bd8d0_0 .net "B", 0 0, L_0x5567b77d8500;  alias, 1 drivers
v0x5567b77bd990_0 .net "Y", 0 0, L_0x5567b77d9450;  alias, 1 drivers
v0x5567b77bda60_0 .net *"_s0", 0 0, L_0x5567b77d93e0;  1 drivers
S_0x5567b77bdba0 .scope module, "_077_" "NAND" 6 192, 2 13 0, S_0x5567b7784a40;
 .timescale -9 -10;
    .port_info 0 /INPUT 1 "A"
    .port_info 1 /INPUT 1 "B"
    .port_info 2 /OUTPUT 1 "Y"
L_0x5567b77d95b0 .functor AND 1, L_0x5567b77d9700, L_0x5567b77d87c0, C4<1>, C4<1>;
L_0x5567b77d9640 .functor NOT 1, L_0x5567b77d95b0, C4<0>, C4<0>, C4<0>;
v0x5567b77bddc0_0 .net "A", 0 0, L_0x5567b77d9700;  1 drivers
v0x5567b77bdea0_0 .net "B", 0 0, L_0x5567b77d87c0;  alias, 1 drivers
v0x5567b77bdf60_0 .net "Y", 0 0, L_0x5567b77d9640;  alias, 1 drivers
v0x5567b77be030_0 .net *"_s0", 0 0, L_0x5567b77d95b0;  1 drivers
S_0x5567b77be170 .scope module, "_078_" "NAND" 6 197, 2 13 0, S_0x5567b7784a40;
 .timescale -9 -10;
    .port_info 0 /INPUT 1 "A"
    .port_info 1 /INPUT 1 "B"
    .port_info 2 /OUTPUT 1 "Y"
L_0x5567b77d9830 .functor AND 1, L_0x5567b77d9450, L_0x5567b77d9640, C4<1>, C4<1>;
L_0x5567b77d99e0 .functor NOT 1, L_0x5567b77d9830, C4<0>, C4<0>, C4<0>;
v0x5567b77be340_0 .net "A", 0 0, L_0x5567b77d9450;  alias, 1 drivers
v0x5567b77be430_0 .net "B", 0 0, L_0x5567b77d9640;  alias, 1 drivers
v0x5567b77be500_0 .net "Y", 0 0, L_0x5567b77d99e0;  1 drivers
v0x5567b77be5d0_0 .net *"_s0", 0 0, L_0x5567b77d9830;  1 drivers
S_0x5567b77be6f0 .scope module, "_079_" "NAND" 6 202, 2 13 0, S_0x5567b7784a40;
 .timescale -9 -10;
    .port_info 0 /INPUT 1 "A"
    .port_info 1 /INPUT 1 "B"
    .port_info 2 /OUTPUT 1 "Y"
L_0x5567b77d9a70 .functor AND 1, L_0x5567b77d9b50, L_0x5567b77d8500, C4<1>, C4<1>;
L_0x5567b77d9ae0 .functor NOT 1, L_0x5567b77d9a70, C4<0>, C4<0>, C4<0>;
v0x5567b77be910_0 .net "A", 0 0, L_0x5567b77d9b50;  1 drivers
v0x5567b77be9f0_0 .net "B", 0 0, L_0x5567b77d8500;  alias, 1 drivers
v0x5567b77beb40_0 .net "Y", 0 0, L_0x5567b77d9ae0;  alias, 1 drivers
v0x5567b77bec10_0 .net *"_s0", 0 0, L_0x5567b77d9a70;  1 drivers
S_0x5567b77bed50 .scope module, "_080_" "NAND" 6 207, 2 13 0, S_0x5567b7784a40;
 .timescale -9 -10;
    .port_info 0 /INPUT 1 "A"
    .port_info 1 /INPUT 1 "B"
    .port_info 2 /OUTPUT 1 "Y"
L_0x5567b77d9cd0 .functor AND 1, L_0x5567b77d9dd0, L_0x5567b77d87c0, C4<1>, C4<1>;
L_0x5567b77d9d60 .functor NOT 1, L_0x5567b77d9cd0, C4<0>, C4<0>, C4<0>;
v0x5567b77bef20_0 .net "A", 0 0, L_0x5567b77d9dd0;  1 drivers
v0x5567b77bf000_0 .net "B", 0 0, L_0x5567b77d87c0;  alias, 1 drivers
v0x5567b77bf0c0_0 .net "Y", 0 0, L_0x5567b77d9d60;  alias, 1 drivers
v0x5567b77bf190_0 .net *"_s0", 0 0, L_0x5567b77d9cd0;  1 drivers
S_0x5567b77bf2d0 .scope module, "_081_" "NAND" 6 212, 2 13 0, S_0x5567b7784a40;
 .timescale -9 -10;
    .port_info 0 /INPUT 1 "A"
    .port_info 1 /INPUT 1 "B"
    .port_info 2 /OUTPUT 1 "Y"
L_0x5567b77d9f10 .functor AND 1, L_0x5567b77d9ae0, L_0x5567b77d9d60, C4<1>, C4<1>;
L_0x5567b77da0c0 .functor NOT 1, L_0x5567b77d9f10, C4<0>, C4<0>, C4<0>;
v0x5567b77bf4f0_0 .net "A", 0 0, L_0x5567b77d9ae0;  alias, 1 drivers
v0x5567b77bf5e0_0 .net "B", 0 0, L_0x5567b77d9d60;  alias, 1 drivers
v0x5567b77bf6b0_0 .net "Y", 0 0, L_0x5567b77da0c0;  1 drivers
v0x5567b77bf780_0 .net *"_s0", 0 0, L_0x5567b77d9f10;  1 drivers
S_0x5567b77bf8a0 .scope module, "_082_" "NAND" 6 217, 2 13 0, S_0x5567b7784a40;
 .timescale -9 -10;
    .port_info 0 /INPUT 1 "A"
    .port_info 1 /INPUT 1 "B"
    .port_info 2 /OUTPUT 1 "Y"
L_0x5567b77da150 .functor AND 1, L_0x5567b77da230, L_0x5567b77d8500, C4<1>, C4<1>;
L_0x5567b77da1c0 .functor NOT 1, L_0x5567b77da150, C4<0>, C4<0>, C4<0>;
v0x5567b77bfac0_0 .net "A", 0 0, L_0x5567b77da230;  1 drivers
v0x5567b77bfba0_0 .net "B", 0 0, L_0x5567b77d8500;  alias, 1 drivers
v0x5567b77bfc60_0 .net "Y", 0 0, L_0x5567b77da1c0;  alias, 1 drivers
v0x5567b77bfd30_0 .net *"_s0", 0 0, L_0x5567b77da150;  1 drivers
S_0x5567b77bfe70 .scope module, "_083_" "NAND" 6 222, 2 13 0, S_0x5567b7784a40;
 .timescale -9 -10;
    .port_info 0 /INPUT 1 "A"
    .port_info 1 /INPUT 1 "B"
    .port_info 2 /OUTPUT 1 "Y"
L_0x5567b77da320 .functor AND 1, L_0x5567b77da470, L_0x5567b77d87c0, C4<1>, C4<1>;
L_0x5567b77da3b0 .functor NOT 1, L_0x5567b77da320, C4<0>, C4<0>, C4<0>;
v0x5567b77c0090_0 .net "A", 0 0, L_0x5567b77da470;  1 drivers
v0x5567b77c0170_0 .net "B", 0 0, L_0x5567b77d87c0;  alias, 1 drivers
v0x5567b77c0230_0 .net "Y", 0 0, L_0x5567b77da3b0;  alias, 1 drivers
v0x5567b77c0300_0 .net *"_s0", 0 0, L_0x5567b77da320;  1 drivers
S_0x5567b77c0440 .scope module, "_084_" "NAND" 6 227, 2 13 0, S_0x5567b7784a40;
 .timescale -9 -10;
    .port_info 0 /INPUT 1 "A"
    .port_info 1 /INPUT 1 "B"
    .port_info 2 /OUTPUT 1 "Y"
L_0x5567b77da5c0 .functor AND 1, L_0x5567b77da1c0, L_0x5567b77da3b0, C4<1>, C4<1>;
L_0x5567b77da6e0 .functor NOT 1, L_0x5567b77da5c0, C4<0>, C4<0>, C4<0>;
v0x5567b77c0660_0 .net "A", 0 0, L_0x5567b77da1c0;  alias, 1 drivers
v0x5567b77c0750_0 .net "B", 0 0, L_0x5567b77da3b0;  alias, 1 drivers
v0x5567b77c0820_0 .net "Y", 0 0, L_0x5567b77da6e0;  1 drivers
v0x5567b77c08f0_0 .net *"_s0", 0 0, L_0x5567b77da5c0;  1 drivers
S_0x5567b77c0a10 .scope module, "_085_" "NAND" 6 232, 2 13 0, S_0x5567b7784a40;
 .timescale -9 -10;
    .port_info 0 /INPUT 1 "A"
    .port_info 1 /INPUT 1 "B"
    .port_info 2 /OUTPUT 1 "Y"
L_0x5567b77da770 .functor AND 1, L_0x5567b77da850, L_0x5567b77d8500, C4<1>, C4<1>;
L_0x5567b77da7e0 .functor NOT 1, L_0x5567b77da770, C4<0>, C4<0>, C4<0>;
v0x5567b77c0c30_0 .net "A", 0 0, L_0x5567b77da850;  1 drivers
v0x5567b77c0d10_0 .net "B", 0 0, L_0x5567b77d8500;  alias, 1 drivers
v0x5567b77c0dd0_0 .net "Y", 0 0, L_0x5567b77da7e0;  alias, 1 drivers
v0x5567b77c0ea0_0 .net *"_s0", 0 0, L_0x5567b77da770;  1 drivers
S_0x5567b77c0fe0 .scope module, "_086_" "NAND" 6 237, 2 13 0, S_0x5567b7784a40;
 .timescale -9 -10;
    .port_info 0 /INPUT 1 "A"
    .port_info 1 /INPUT 1 "B"
    .port_info 2 /OUTPUT 1 "Y"
L_0x5567b77da8f0 .functor AND 1, L_0x5567b77daa40, L_0x5567b77d87c0, C4<1>, C4<1>;
L_0x5567b77da980 .functor NOT 1, L_0x5567b77da8f0, C4<0>, C4<0>, C4<0>;
v0x5567b77c1200_0 .net "A", 0 0, L_0x5567b77daa40;  1 drivers
v0x5567b77c12e0_0 .net "B", 0 0, L_0x5567b77d87c0;  alias, 1 drivers
v0x5567b77c13a0_0 .net "Y", 0 0, L_0x5567b77da980;  alias, 1 drivers
v0x5567b77c1470_0 .net *"_s0", 0 0, L_0x5567b77da8f0;  1 drivers
S_0x5567b77c15b0 .scope module, "_087_" "NAND" 6 242, 2 13 0, S_0x5567b7784a40;
 .timescale -9 -10;
    .port_info 0 /INPUT 1 "A"
    .port_info 1 /INPUT 1 "B"
    .port_info 2 /OUTPUT 1 "Y"
L_0x5567b77daba0 .functor AND 1, L_0x5567b77da7e0, L_0x5567b77da980, C4<1>, C4<1>;
L_0x5567b77dad50 .functor NOT 1, L_0x5567b77daba0, C4<0>, C4<0>, C4<0>;
v0x5567b77c17d0_0 .net "A", 0 0, L_0x5567b77da7e0;  alias, 1 drivers
v0x5567b77c18c0_0 .net "B", 0 0, L_0x5567b77da980;  alias, 1 drivers
v0x5567b77c1990_0 .net "Y", 0 0, L_0x5567b77dad50;  1 drivers
v0x5567b77c1a60_0 .net *"_s0", 0 0, L_0x5567b77daba0;  1 drivers
S_0x5567b77c1b80 .scope module, "_088_" "NAND" 6 247, 2 13 0, S_0x5567b7784a40;
 .timescale -9 -10;
    .port_info 0 /INPUT 1 "A"
    .port_info 1 /INPUT 1 "B"
    .port_info 2 /OUTPUT 1 "Y"
L_0x5567b77dade0 .functor AND 1, L_0x5567b77daec0, L_0x5567b77d8500, C4<1>, C4<1>;
L_0x5567b77dae50 .functor NOT 1, L_0x5567b77dade0, C4<0>, C4<0>, C4<0>;
v0x5567b77c1da0_0 .net "A", 0 0, L_0x5567b77daec0;  1 drivers
v0x5567b77c1e80_0 .net "B", 0 0, L_0x5567b77d8500;  alias, 1 drivers
v0x5567b77c1f40_0 .net "Y", 0 0, L_0x5567b77dae50;  alias, 1 drivers
v0x5567b77c2010_0 .net *"_s0", 0 0, L_0x5567b77dade0;  1 drivers
S_0x5567b77c2150 .scope module, "_089_" "NAND" 6 252, 2 13 0, S_0x5567b7784a40;
 .timescale -9 -10;
    .port_info 0 /INPUT 1 "A"
    .port_info 1 /INPUT 1 "B"
    .port_info 2 /OUTPUT 1 "Y"
L_0x5567b77dafb0 .functor AND 1, L_0x5567b77db100, L_0x5567b77d87c0, C4<1>, C4<1>;
L_0x5567b77db040 .functor NOT 1, L_0x5567b77dafb0, C4<0>, C4<0>, C4<0>;
v0x5567b77c2370_0 .net "A", 0 0, L_0x5567b77db100;  1 drivers
v0x5567b77c2450_0 .net "B", 0 0, L_0x5567b77d87c0;  alias, 1 drivers
v0x5567b77c2620_0 .net "Y", 0 0, L_0x5567b77db040;  alias, 1 drivers
v0x5567b77c26f0_0 .net *"_s0", 0 0, L_0x5567b77dafb0;  1 drivers
S_0x5567b77c2830 .scope module, "_090_" "NAND" 6 257, 2 13 0, S_0x5567b7784a40;
 .timescale -9 -10;
    .port_info 0 /INPUT 1 "A"
    .port_info 1 /INPUT 1 "B"
    .port_info 2 /OUTPUT 1 "Y"
L_0x5567b77dab30 .functor AND 1, L_0x5567b77dae50, L_0x5567b77db040, C4<1>, C4<1>;
L_0x5567b77db3b0 .functor NOT 1, L_0x5567b77dab30, C4<0>, C4<0>, C4<0>;
v0x5567b77c2a50_0 .net "A", 0 0, L_0x5567b77dae50;  alias, 1 drivers
v0x5567b77c2b40_0 .net "B", 0 0, L_0x5567b77db040;  alias, 1 drivers
v0x5567b77c2c10_0 .net "Y", 0 0, L_0x5567b77db3b0;  1 drivers
v0x5567b77c2ce0_0 .net *"_s0", 0 0, L_0x5567b77dab30;  1 drivers
S_0x5567b77c2e00 .scope module, "_091_" "NAND" 6 262, 2 13 0, S_0x5567b7784a40;
 .timescale -9 -10;
    .port_info 0 /INPUT 1 "A"
    .port_info 1 /INPUT 1 "B"
    .port_info 2 /OUTPUT 1 "Y"
L_0x5567b77db440 .functor AND 1, L_0x5567b77db520, L_0x5567b77d8500, C4<1>, C4<1>;
L_0x5567b77db4b0 .functor NOT 1, L_0x5567b77db440, C4<0>, C4<0>, C4<0>;
v0x5567b77c3020_0 .net "A", 0 0, L_0x5567b77db520;  1 drivers
v0x5567b77c3100_0 .net "B", 0 0, L_0x5567b77d8500;  alias, 1 drivers
v0x5567b77c32d0_0 .net "Y", 0 0, L_0x5567b77db4b0;  alias, 1 drivers
v0x5567b77c33a0_0 .net *"_s0", 0 0, L_0x5567b77db440;  1 drivers
S_0x5567b77c34e0 .scope module, "_092_" "NAND" 6 267, 2 13 0, S_0x5567b7784a40;
 .timescale -9 -10;
    .port_info 0 /INPUT 1 "A"
    .port_info 1 /INPUT 1 "B"
    .port_info 2 /OUTPUT 1 "Y"
L_0x5567b77db610 .functor AND 1, L_0x5567b77db760, L_0x5567b77d87c0, C4<1>, C4<1>;
L_0x5567b77db6a0 .functor NOT 1, L_0x5567b77db610, C4<0>, C4<0>, C4<0>;
v0x5567b77c3700_0 .net "A", 0 0, L_0x5567b77db760;  1 drivers
v0x5567b77c37e0_0 .net "B", 0 0, L_0x5567b77d87c0;  alias, 1 drivers
v0x5567b77c38a0_0 .net "Y", 0 0, L_0x5567b77db6a0;  alias, 1 drivers
v0x5567b77c3970_0 .net *"_s0", 0 0, L_0x5567b77db610;  1 drivers
S_0x5567b77c3ab0 .scope module, "_093_" "NAND" 6 272, 2 13 0, S_0x5567b7784a40;
 .timescale -9 -10;
    .port_info 0 /INPUT 1 "A"
    .port_info 1 /INPUT 1 "B"
    .port_info 2 /OUTPUT 1 "Y"
L_0x5567b77db8e0 .functor AND 1, L_0x5567b77db4b0, L_0x5567b77db6a0, C4<1>, C4<1>;
L_0x5567b77dba00 .functor NOT 1, L_0x5567b77db8e0, C4<0>, C4<0>, C4<0>;
v0x5567b77c3cd0_0 .net "A", 0 0, L_0x5567b77db4b0;  alias, 1 drivers
v0x5567b77c3dc0_0 .net "B", 0 0, L_0x5567b77db6a0;  alias, 1 drivers
v0x5567b77c3e90_0 .net "Y", 0 0, L_0x5567b77dba00;  1 drivers
v0x5567b77c3f60_0 .net *"_s0", 0 0, L_0x5567b77db8e0;  1 drivers
S_0x5567b77c4080 .scope module, "_094_" "NAND" 6 277, 2 13 0, S_0x5567b7784a40;
 .timescale -9 -10;
    .port_info 0 /INPUT 1 "A"
    .port_info 1 /INPUT 1 "B"
    .port_info 2 /OUTPUT 1 "Y"
L_0x5567b77dbdb0 .functor AND 1, L_0x5567b77dbee0, L_0x5567b77d80f0, C4<1>, C4<1>;
L_0x5567b77dbe20 .functor NOT 1, L_0x5567b77dbdb0, C4<0>, C4<0>, C4<0>;
v0x5567b77c42a0_0 .net "A", 0 0, L_0x5567b77dbee0;  1 drivers
v0x5567b77c4380_0 .net "B", 0 0, L_0x5567b77d80f0;  alias, 1 drivers
v0x5567b77c4440_0 .net "Y", 0 0, L_0x5567b77dbe20;  alias, 1 drivers
v0x5567b77c4510_0 .net *"_s0", 0 0, L_0x5567b77dbdb0;  1 drivers
S_0x5567b77c4650 .scope module, "_095_" "NAND" 6 282, 2 13 0, S_0x5567b7784a40;
 .timescale -9 -10;
    .port_info 0 /INPUT 1 "A"
    .port_info 1 /INPUT 1 "B"
    .port_info 2 /OUTPUT 1 "Y"
L_0x5567b77dc070 .functor AND 1, L_0x5567b77d7cc0, L_0x5567b77d82c0, C4<1>, C4<1>;
L_0x5567b77dc100 .functor NOT 1, L_0x5567b77dc070, C4<0>, C4<0>, C4<0>;
v0x5567b77c4870_0 .net "A", 0 0, L_0x5567b77d7cc0;  alias, 1 drivers
v0x5567b77c4980_0 .net "B", 0 0, L_0x5567b77d82c0;  alias, 1 drivers
v0x5567b77c4a90_0 .net "Y", 0 0, L_0x5567b77dc100;  alias, 1 drivers
v0x5567b77c4b30_0 .net *"_s0", 0 0, L_0x5567b77dc070;  1 drivers
S_0x5567b77c4c70 .scope module, "_096_" "NAND" 6 287, 2 13 0, S_0x5567b7784a40;
 .timescale -9 -10;
    .port_info 0 /INPUT 1 "A"
    .port_info 1 /INPUT 1 "B"
    .port_info 2 /OUTPUT 1 "Y"
L_0x5567b77dc1e0 .functor AND 1, L_0x5567b77dc330, L_0x5567b77dc100, C4<1>, C4<1>;
L_0x5567b77dc270 .functor NOT 1, L_0x5567b77dc1e0, C4<0>, C4<0>, C4<0>;
v0x5567b77c4e90_0 .net "A", 0 0, L_0x5567b77dc330;  1 drivers
v0x5567b77c4f70_0 .net "B", 0 0, L_0x5567b77dc100;  alias, 1 drivers
v0x5567b77c5030_0 .net "Y", 0 0, L_0x5567b77dc270;  alias, 1 drivers
v0x5567b77c5100_0 .net *"_s0", 0 0, L_0x5567b77dc1e0;  1 drivers
S_0x5567b77c5220 .scope module, "_097_" "NAND" 6 292, 2 13 0, S_0x5567b7784a40;
 .timescale -9 -10;
    .port_info 0 /INPUT 1 "A"
    .port_info 1 /INPUT 1 "B"
    .port_info 2 /OUTPUT 1 "Y"
L_0x5567b77dc420 .functor AND 1, L_0x5567b77dbe20, L_0x5567b77dc270, C4<1>, C4<1>;
L_0x5567b77dc520 .functor NOT 1, L_0x5567b77dc420, C4<0>, C4<0>, C4<0>;
v0x5567b77c5440_0 .net "A", 0 0, L_0x5567b77dbe20;  alias, 1 drivers
v0x5567b77c5530_0 .net "B", 0 0, L_0x5567b77dc270;  alias, 1 drivers
v0x5567b77c5600_0 .net "Y", 0 0, L_0x5567b77dc520;  1 drivers
v0x5567b77c56d0_0 .net *"_s0", 0 0, L_0x5567b77dc420;  1 drivers
S_0x5567b77c57f0 .scope module, "_098_" "NAND" 6 297, 2 13 0, S_0x5567b7784a40;
 .timescale -9 -10;
    .port_info 0 /INPUT 1 "A"
    .port_info 1 /INPUT 1 "B"
    .port_info 2 /OUTPUT 1 "Y"
L_0x5567b77dc5b0 .functor AND 1, L_0x5567b77dc8a0, L_0x5567b77d80f0, C4<1>, C4<1>;
L_0x5567b77dc830 .functor NOT 1, L_0x5567b77dc5b0, C4<0>, C4<0>, C4<0>;
v0x5567b77c5a10_0 .net "A", 0 0, L_0x5567b77dc8a0;  1 drivers
v0x5567b77c5af0_0 .net "B", 0 0, L_0x5567b77d80f0;  alias, 1 drivers
v0x5567b77c5bb0_0 .net "Y", 0 0, L_0x5567b77dc830;  alias, 1 drivers
v0x5567b77c5c80_0 .net *"_s0", 0 0, L_0x5567b77dc5b0;  1 drivers
S_0x5567b77c5dc0 .scope module, "_099_" "NAND" 6 302, 2 13 0, S_0x5567b7784a40;
 .timescale -9 -10;
    .port_info 0 /INPUT 1 "A"
    .port_info 1 /INPUT 1 "B"
    .port_info 2 /OUTPUT 1 "Y"
L_0x5567b77dca40 .functor AND 1, L_0x5567b77dbfd0, L_0x5567b77dc100, C4<1>, C4<1>;
L_0x5567b77dcad0 .functor NOT 1, L_0x5567b77dca40, C4<0>, C4<0>, C4<0>;
v0x5567b77c5f90_0 .net "A", 0 0, L_0x5567b77dbfd0;  1 drivers
v0x5567b77c6070_0 .net "B", 0 0, L_0x5567b77dc100;  alias, 1 drivers
v0x5567b77c6180_0 .net "Y", 0 0, L_0x5567b77dcad0;  alias, 1 drivers
v0x5567b77c6220_0 .net *"_s0", 0 0, L_0x5567b77dca40;  1 drivers
S_0x5567b77c6360 .scope module, "_100_" "NAND" 6 307, 2 13 0, S_0x5567b7784a40;
 .timescale -9 -10;
    .port_info 0 /INPUT 1 "A"
    .port_info 1 /INPUT 1 "B"
    .port_info 2 /OUTPUT 1 "Y"
L_0x5567b77dcc30 .functor AND 1, L_0x5567b77dc830, L_0x5567b77dcad0, C4<1>, C4<1>;
L_0x5567b77dcde0 .functor NOT 1, L_0x5567b77dcc30, C4<0>, C4<0>, C4<0>;
v0x5567b77c6580_0 .net "A", 0 0, L_0x5567b77dc830;  alias, 1 drivers
v0x5567b77c6670_0 .net "B", 0 0, L_0x5567b77dcad0;  alias, 1 drivers
v0x5567b77c6740_0 .net "Y", 0 0, L_0x5567b77dcde0;  1 drivers
v0x5567b77c6810_0 .net *"_s0", 0 0, L_0x5567b77dcc30;  1 drivers
S_0x5567b77c6930 .scope module, "_101_" "NAND" 6 312, 2 13 0, S_0x5567b7784a40;
 .timescale -9 -10;
    .port_info 0 /INPUT 1 "A"
    .port_info 1 /INPUT 1 "B"
    .port_info 2 /OUTPUT 1 "Y"
L_0x5567b77dce70 .functor AND 1, L_0x5567b77dcf50, L_0x5567b77d80f0, C4<1>, C4<1>;
L_0x5567b77dcee0 .functor NOT 1, L_0x5567b77dce70, C4<0>, C4<0>, C4<0>;
v0x5567b77c6b50_0 .net "A", 0 0, L_0x5567b77dcf50;  1 drivers
v0x5567b77c6c30_0 .net "B", 0 0, L_0x5567b77d80f0;  alias, 1 drivers
v0x5567b77c6cf0_0 .net "Y", 0 0, L_0x5567b77dcee0;  alias, 1 drivers
v0x5567b77c6dc0_0 .net *"_s0", 0 0, L_0x5567b77dce70;  1 drivers
S_0x5567b77c6f00 .scope module, "_102_" "NAND" 6 317, 2 13 0, S_0x5567b7784a40;
 .timescale -9 -10;
    .port_info 0 /INPUT 1 "A"
    .port_info 1 /INPUT 1 "B"
    .port_info 2 /OUTPUT 1 "Y"
L_0x5567b77dd100 .functor AND 1, L_0x5567b77dd250, L_0x5567b77dc100, C4<1>, C4<1>;
L_0x5567b77dd190 .functor NOT 1, L_0x5567b77dd100, C4<0>, C4<0>, C4<0>;
v0x5567b77c7120_0 .net "A", 0 0, L_0x5567b77dd250;  1 drivers
v0x5567b77c7200_0 .net "B", 0 0, L_0x5567b77dc100;  alias, 1 drivers
v0x5567b77c72c0_0 .net "Y", 0 0, L_0x5567b77dd190;  alias, 1 drivers
v0x5567b77c7390_0 .net *"_s0", 0 0, L_0x5567b77dd100;  1 drivers
S_0x5567b77c74d0 .scope module, "_103_" "NAND" 6 322, 2 13 0, S_0x5567b7784a40;
 .timescale -9 -10;
    .port_info 0 /INPUT 1 "A"
    .port_info 1 /INPUT 1 "B"
    .port_info 2 /OUTPUT 1 "Y"
L_0x5567b77dd340 .functor AND 1, L_0x5567b77dcee0, L_0x5567b77dd190, C4<1>, C4<1>;
L_0x5567b77dd4f0 .functor NOT 1, L_0x5567b77dd340, C4<0>, C4<0>, C4<0>;
v0x5567b77c76f0_0 .net "A", 0 0, L_0x5567b77dcee0;  alias, 1 drivers
v0x5567b77c77e0_0 .net "B", 0 0, L_0x5567b77dd190;  alias, 1 drivers
v0x5567b77c78b0_0 .net "Y", 0 0, L_0x5567b77dd4f0;  1 drivers
v0x5567b77c7980_0 .net *"_s0", 0 0, L_0x5567b77dd340;  1 drivers
S_0x5567b77c7aa0 .scope module, "_104_" "NAND" 6 327, 2 13 0, S_0x5567b7784a40;
 .timescale -9 -10;
    .port_info 0 /INPUT 1 "A"
    .port_info 1 /INPUT 1 "B"
    .port_info 2 /OUTPUT 1 "Y"
L_0x5567b77dd580 .functor AND 1, L_0x5567b77dd660, L_0x5567b77d80f0, C4<1>, C4<1>;
L_0x5567b77dd5f0 .functor NOT 1, L_0x5567b77dd580, C4<0>, C4<0>, C4<0>;
v0x5567b77c7cc0_0 .net "A", 0 0, L_0x5567b77dd660;  1 drivers
v0x5567b77c7da0_0 .net "B", 0 0, L_0x5567b77d80f0;  alias, 1 drivers
v0x5567b77c7e60_0 .net "Y", 0 0, L_0x5567b77dd5f0;  alias, 1 drivers
v0x5567b77c7f30_0 .net *"_s0", 0 0, L_0x5567b77dd580;  1 drivers
S_0x5567b77c8070 .scope module, "_105_" "NAND" 6 332, 2 13 0, S_0x5567b7784a40;
 .timescale -9 -10;
    .port_info 0 /INPUT 1 "A"
    .port_info 1 /INPUT 1 "B"
    .port_info 2 /OUTPUT 1 "Y"
L_0x5567b77dd820 .functor AND 1, L_0x5567b77dd970, L_0x5567b77dc100, C4<1>, C4<1>;
L_0x5567b77dd8b0 .functor NOT 1, L_0x5567b77dd820, C4<0>, C4<0>, C4<0>;
v0x5567b77c8290_0 .net "A", 0 0, L_0x5567b77dd970;  1 drivers
v0x5567b77c8370_0 .net "B", 0 0, L_0x5567b77dc100;  alias, 1 drivers
v0x5567b77c8430_0 .net "Y", 0 0, L_0x5567b77dd8b0;  alias, 1 drivers
v0x5567b77c8500_0 .net *"_s0", 0 0, L_0x5567b77dd820;  1 drivers
S_0x5567b77c8640 .scope module, "_106_" "NAND" 6 337, 2 13 0, S_0x5567b7784a40;
 .timescale -9 -10;
    .port_info 0 /INPUT 1 "A"
    .port_info 1 /INPUT 1 "B"
    .port_info 2 /OUTPUT 1 "Y"
L_0x5567b77ddaf0 .functor AND 1, L_0x5567b77dd5f0, L_0x5567b77dd8b0, C4<1>, C4<1>;
L_0x5567b77ddca0 .functor NOT 1, L_0x5567b77ddaf0, C4<0>, C4<0>, C4<0>;
v0x5567b77c8810_0 .net "A", 0 0, L_0x5567b77dd5f0;  alias, 1 drivers
v0x5567b77c8900_0 .net "B", 0 0, L_0x5567b77dd8b0;  alias, 1 drivers
v0x5567b77c89d0_0 .net "Y", 0 0, L_0x5567b77ddca0;  1 drivers
v0x5567b77c8aa0_0 .net *"_s0", 0 0, L_0x5567b77ddaf0;  1 drivers
S_0x5567b77c8bc0 .scope module, "_107_" "NAND" 6 342, 2 13 0, S_0x5567b7784a40;
 .timescale -9 -10;
    .port_info 0 /INPUT 1 "A"
    .port_info 1 /INPUT 1 "B"
    .port_info 2 /OUTPUT 1 "Y"
L_0x5567b77ddd30 .functor AND 1, L_0x5567b77dde10, L_0x5567b77d80f0, C4<1>, C4<1>;
L_0x5567b77ddda0 .functor NOT 1, L_0x5567b77ddd30, C4<0>, C4<0>, C4<0>;
v0x5567b77c8de0_0 .net "A", 0 0, L_0x5567b77dde10;  1 drivers
v0x5567b77c8ec0_0 .net "B", 0 0, L_0x5567b77d80f0;  alias, 1 drivers
v0x5567b77c8f80_0 .net "Y", 0 0, L_0x5567b77ddda0;  alias, 1 drivers
v0x5567b77c9050_0 .net *"_s0", 0 0, L_0x5567b77ddd30;  1 drivers
S_0x5567b77c9190 .scope module, "_108_" "NAND" 6 347, 2 13 0, S_0x5567b7784a40;
 .timescale -9 -10;
    .port_info 0 /INPUT 1 "A"
    .port_info 1 /INPUT 1 "B"
    .port_info 2 /OUTPUT 1 "Y"
L_0x5567b77de1a0 .functor AND 1, L_0x5567b77de2f0, L_0x5567b77dc100, C4<1>, C4<1>;
L_0x5567b77de230 .functor NOT 1, L_0x5567b77de1a0, C4<0>, C4<0>, C4<0>;
v0x5567b77c93b0_0 .net "A", 0 0, L_0x5567b77de2f0;  1 drivers
v0x5567b77c9490_0 .net "B", 0 0, L_0x5567b77dc100;  alias, 1 drivers
v0x5567b77c9550_0 .net "Y", 0 0, L_0x5567b77de230;  alias, 1 drivers
v0x5567b77c9620_0 .net *"_s0", 0 0, L_0x5567b77de1a0;  1 drivers
S_0x5567b77c9760 .scope module, "_109_" "NAND" 6 352, 2 13 0, S_0x5567b7784a40;
 .timescale -9 -10;
    .port_info 0 /INPUT 1 "A"
    .port_info 1 /INPUT 1 "B"
    .port_info 2 /OUTPUT 1 "Y"
L_0x5567b77de3e0 .functor AND 1, L_0x5567b77ddda0, L_0x5567b77de230, C4<1>, C4<1>;
L_0x5567b77de590 .functor NOT 1, L_0x5567b77de3e0, C4<0>, C4<0>, C4<0>;
v0x5567b77c9980_0 .net "A", 0 0, L_0x5567b77ddda0;  alias, 1 drivers
v0x5567b77c9a70_0 .net "B", 0 0, L_0x5567b77de230;  alias, 1 drivers
v0x5567b77c9b40_0 .net "Y", 0 0, L_0x5567b77de590;  1 drivers
v0x5567b77c9c10_0 .net *"_s0", 0 0, L_0x5567b77de3e0;  1 drivers
S_0x5567b77c9d30 .scope module, "_110_" "NAND" 6 357, 2 13 0, S_0x5567b7784a40;
 .timescale -9 -10;
    .port_info 0 /INPUT 1 "A"
    .port_info 1 /INPUT 1 "B"
    .port_info 2 /OUTPUT 1 "Y"
L_0x5567b77de620 .functor AND 1, L_0x5567b77de700, L_0x5567b77d80f0, C4<1>, C4<1>;
L_0x5567b77de690 .functor NOT 1, L_0x5567b77de620, C4<0>, C4<0>, C4<0>;
v0x5567b77c9f50_0 .net "A", 0 0, L_0x5567b77de700;  1 drivers
v0x5567b77ca030_0 .net "B", 0 0, L_0x5567b77d80f0;  alias, 1 drivers
v0x5567b77ca0f0_0 .net "Y", 0 0, L_0x5567b77de690;  alias, 1 drivers
v0x5567b77ca1c0_0 .net *"_s0", 0 0, L_0x5567b77de620;  1 drivers
S_0x5567b77ca300 .scope module, "_111_" "NAND" 6 362, 2 13 0, S_0x5567b7784a40;
 .timescale -9 -10;
    .port_info 0 /INPUT 1 "A"
    .port_info 1 /INPUT 1 "B"
    .port_info 2 /OUTPUT 1 "Y"
L_0x5567b77de8e0 .functor AND 1, L_0x5567b77dec40, L_0x5567b77dc100, C4<1>, C4<1>;
L_0x5567b77deb80 .functor NOT 1, L_0x5567b77de8e0, C4<0>, C4<0>, C4<0>;
v0x5567b77ca520_0 .net "A", 0 0, L_0x5567b77dec40;  1 drivers
v0x5567b77ca600_0 .net "B", 0 0, L_0x5567b77dc100;  alias, 1 drivers
v0x5567b77ca6c0_0 .net "Y", 0 0, L_0x5567b77deb80;  alias, 1 drivers
v0x5567b77ca790_0 .net *"_s0", 0 0, L_0x5567b77de8e0;  1 drivers
S_0x5567b77ca8d0 .scope module, "_112_" "NAND" 6 367, 2 13 0, S_0x5567b7784a40;
 .timescale -9 -10;
    .port_info 0 /INPUT 1 "A"
    .port_info 1 /INPUT 1 "B"
    .port_info 2 /OUTPUT 1 "Y"
L_0x5567b77ded30 .functor AND 1, L_0x5567b77de690, L_0x5567b77deb80, C4<1>, C4<1>;
L_0x5567b77deee0 .functor NOT 1, L_0x5567b77ded30, C4<0>, C4<0>, C4<0>;
v0x5567b77caaf0_0 .net "A", 0 0, L_0x5567b77de690;  alias, 1 drivers
v0x5567b77cabe0_0 .net "B", 0 0, L_0x5567b77deb80;  alias, 1 drivers
v0x5567b77cacb0_0 .net "Y", 0 0, L_0x5567b77deee0;  1 drivers
v0x5567b77cad80_0 .net *"_s0", 0 0, L_0x5567b77ded30;  1 drivers
S_0x5567b77caea0 .scope module, "_113_" "NAND" 6 372, 2 13 0, S_0x5567b7784a40;
 .timescale -9 -10;
    .port_info 0 /INPUT 1 "A"
    .port_info 1 /INPUT 1 "B"
    .port_info 2 /OUTPUT 1 "Y"
L_0x5567b77def70 .functor AND 1, L_0x5567b77df050, L_0x5567b77d80f0, C4<1>, C4<1>;
L_0x5567b77defe0 .functor NOT 1, L_0x5567b77def70, C4<0>, C4<0>, C4<0>;
v0x5567b77cb0c0_0 .net "A", 0 0, L_0x5567b77df050;  1 drivers
v0x5567b77cb1a0_0 .net "B", 0 0, L_0x5567b77d80f0;  alias, 1 drivers
v0x5567b77cb260_0 .net "Y", 0 0, L_0x5567b77defe0;  alias, 1 drivers
v0x5567b77cb330_0 .net *"_s0", 0 0, L_0x5567b77def70;  1 drivers
S_0x5567b77cb470 .scope module, "_114_" "NAND" 6 377, 2 13 0, S_0x5567b7784a40;
 .timescale -9 -10;
    .port_info 0 /INPUT 1 "A"
    .port_info 1 /INPUT 1 "B"
    .port_info 2 /OUTPUT 1 "Y"
L_0x5567b77df240 .functor AND 1, L_0x5567b77df390, L_0x5567b77dc100, C4<1>, C4<1>;
L_0x5567b77df2d0 .functor NOT 1, L_0x5567b77df240, C4<0>, C4<0>, C4<0>;
v0x5567b77cb690_0 .net "A", 0 0, L_0x5567b77df390;  1 drivers
v0x5567b77cb770_0 .net "B", 0 0, L_0x5567b77dc100;  alias, 1 drivers
v0x5567b77cb830_0 .net "Y", 0 0, L_0x5567b77df2d0;  alias, 1 drivers
v0x5567b77cb900_0 .net *"_s0", 0 0, L_0x5567b77df240;  1 drivers
S_0x5567b77cba40 .scope module, "_115_" "NAND" 6 382, 2 13 0, S_0x5567b7784a40;
 .timescale -9 -10;
    .port_info 0 /INPUT 1 "A"
    .port_info 1 /INPUT 1 "B"
    .port_info 2 /OUTPUT 1 "Y"
L_0x5567b77df480 .functor AND 1, L_0x5567b77defe0, L_0x5567b77df2d0, C4<1>, C4<1>;
L_0x5567b77df630 .functor NOT 1, L_0x5567b77df480, C4<0>, C4<0>, C4<0>;
v0x5567b77cbc60_0 .net "A", 0 0, L_0x5567b77defe0;  alias, 1 drivers
v0x5567b77cbd50_0 .net "B", 0 0, L_0x5567b77df2d0;  alias, 1 drivers
v0x5567b77cbe20_0 .net "Y", 0 0, L_0x5567b77df630;  1 drivers
v0x5567b77cbef0_0 .net *"_s0", 0 0, L_0x5567b77df480;  1 drivers
S_0x5567b77cc010 .scope module, "_116_" "NAND" 6 387, 2 13 0, S_0x5567b7784a40;
 .timescale -9 -10;
    .port_info 0 /INPUT 1 "A"
    .port_info 1 /INPUT 1 "B"
    .port_info 2 /OUTPUT 1 "Y"
L_0x5567b77df6c0 .functor AND 1, L_0x5567b77df7a0, L_0x5567b77d80f0, C4<1>, C4<1>;
L_0x5567b77df730 .functor NOT 1, L_0x5567b77df6c0, C4<0>, C4<0>, C4<0>;
v0x5567b77cc230_0 .net "A", 0 0, L_0x5567b77df7a0;  1 drivers
v0x5567b77cc310_0 .net "B", 0 0, L_0x5567b77d80f0;  alias, 1 drivers
v0x5567b77cc3d0_0 .net "Y", 0 0, L_0x5567b77df730;  alias, 1 drivers
v0x5567b77cc4a0_0 .net *"_s0", 0 0, L_0x5567b77df6c0;  1 drivers
S_0x5567b77cc5e0 .scope module, "_117_" "NAND" 6 392, 2 13 0, S_0x5567b7784a40;
 .timescale -9 -10;
    .port_info 0 /INPUT 1 "A"
    .port_info 1 /INPUT 1 "B"
    .port_info 2 /OUTPUT 1 "Y"
L_0x5567b77df9a0 .functor AND 1, L_0x5567b77dfaf0, L_0x5567b77dc100, C4<1>, C4<1>;
L_0x5567b77dfa30 .functor NOT 1, L_0x5567b77df9a0, C4<0>, C4<0>, C4<0>;
v0x5567b77cc800_0 .net "A", 0 0, L_0x5567b77dfaf0;  1 drivers
v0x5567b77cc8e0_0 .net "B", 0 0, L_0x5567b77dc100;  alias, 1 drivers
v0x5567b77ccab0_0 .net "Y", 0 0, L_0x5567b77dfa30;  alias, 1 drivers
v0x5567b77ccb80_0 .net *"_s0", 0 0, L_0x5567b77df9a0;  1 drivers
S_0x5567b77cccc0 .scope module, "_118_" "NAND" 6 397, 2 13 0, S_0x5567b7784a40;
 .timescale -9 -10;
    .port_info 0 /INPUT 1 "A"
    .port_info 1 /INPUT 1 "B"
    .port_info 2 /OUTPUT 1 "Y"
L_0x5567b77dfbe0 .functor AND 1, L_0x5567b77df730, L_0x5567b77dfa30, C4<1>, C4<1>;
L_0x5567b77dfd00 .functor NOT 1, L_0x5567b77dfbe0, C4<0>, C4<0>, C4<0>;
v0x5567b77ccee0_0 .net "A", 0 0, L_0x5567b77df730;  alias, 1 drivers
v0x5567b77ccfd0_0 .net "B", 0 0, L_0x5567b77dfa30;  alias, 1 drivers
v0x5567b77cd0a0_0 .net "Y", 0 0, L_0x5567b77dfd00;  1 drivers
v0x5567b77cd170_0 .net *"_s0", 0 0, L_0x5567b77dfbe0;  1 drivers
S_0x5567b77cd290 .scope module, "_119_" "DFF" 6 403, 2 25 0, S_0x5567b7784a40;
 .timescale -9 -10;
    .port_info 0 /INPUT 1 "C"
    .port_info 1 /INPUT 1 "D"
    .port_info 2 /OUTPUT 1 "Q"
v0x5567b77cd4b0_0 .net "C", 0 0, v0x5567b77a7a80_0;  alias, 1 drivers
v0x5567b77cd570_0 .net "D", 0 0, L_0x5567b77d7dc0;  alias, 1 drivers
v0x5567b77cd660_0 .var "Q", 0 0;
S_0x5567b77cd750 .scope module, "_120_" "DFF" 6 409, 2 25 0, S_0x5567b7784a40;
 .timescale -9 -10;
    .port_info 0 /INPUT 1 "C"
    .port_info 1 /INPUT 1 "D"
    .port_info 2 /OUTPUT 1 "Q"
v0x5567b77cd970_0 .net "C", 0 0, v0x5567b77a70d0_0;  alias, 1 drivers
v0x5567b77cda80_0 .net "D", 0 0, L_0x5567b77e01d0;  1 drivers
v0x5567b77cdb40_0 .var "Q", 0 0;
S_0x5567b77cdc60 .scope module, "_121_" "DFF" 6 415, 2 25 0, S_0x5567b7784a40;
 .timescale -9 -10;
    .port_info 0 /INPUT 1 "C"
    .port_info 1 /INPUT 1 "D"
    .port_info 2 /OUTPUT 1 "Q"
v0x5567b77cde80_0 .net "C", 0 0, v0x5567b77a70d0_0;  alias, 1 drivers
v0x5567b77cdf40_0 .net "D", 0 0, L_0x5567b77e0300;  1 drivers
v0x5567b77ce000_0 .var "Q", 0 0;
S_0x5567b77ce120 .scope module, "_122_" "DFF" 6 421, 2 25 0, S_0x5567b7784a40;
 .timescale -9 -10;
    .port_info 0 /INPUT 1 "C"
    .port_info 1 /INPUT 1 "D"
    .port_info 2 /OUTPUT 1 "Q"
v0x5567b77ce340_0 .net "C", 0 0, v0x5567b77a70d0_0;  alias, 1 drivers
v0x5567b77ce400_0 .net "D", 0 0, L_0x5567b77e00b0;  1 drivers
v0x5567b77ce4c0_0 .var "Q", 0 0;
S_0x5567b77ce610 .scope module, "_123_" "DFF" 6 427, 2 25 0, S_0x5567b7784a40;
 .timescale -9 -10;
    .port_info 0 /INPUT 1 "C"
    .port_info 1 /INPUT 1 "D"
    .port_info 2 /OUTPUT 1 "Q"
v0x5567b77ce7e0_0 .net "C", 0 0, v0x5567b77a70d0_0;  alias, 1 drivers
v0x5567b77ce8a0_0 .net "D", 0 0, L_0x5567b77e04d0;  1 drivers
v0x5567b77ce960_0 .var "Q", 0 0;
S_0x5567b77ceab0 .scope module, "_124_" "DFF" 6 433, 2 25 0, S_0x5567b7784a40;
 .timescale -9 -10;
    .port_info 0 /INPUT 1 "C"
    .port_info 1 /INPUT 1 "D"
    .port_info 2 /OUTPUT 1 "Q"
v0x5567b77cf0e0_0 .net "C", 0 0, v0x5567b77a70d0_0;  alias, 1 drivers
v0x5567b77cf1a0_0 .net "D", 0 0, L_0x5567b77e06b0;  1 drivers
v0x5567b77cf260_0 .var "Q", 0 0;
S_0x5567b77cf3b0 .scope module, "_125_" "DFF" 6 439, 2 25 0, S_0x5567b7784a40;
 .timescale -9 -10;
    .port_info 0 /INPUT 1 "C"
    .port_info 1 /INPUT 1 "D"
    .port_info 2 /OUTPUT 1 "Q"
v0x5567b77cf5d0_0 .net "C", 0 0, v0x5567b77a70d0_0;  alias, 1 drivers
v0x5567b77cf690_0 .net "D", 0 0, L_0x5567b77e0750;  1 drivers
v0x5567b77cf750_0 .var "Q", 0 0;
S_0x5567b77cf8a0 .scope module, "_126_" "DFF" 6 445, 2 25 0, S_0x5567b7784a40;
 .timescale -9 -10;
    .port_info 0 /INPUT 1 "C"
    .port_info 1 /INPUT 1 "D"
    .port_info 2 /OUTPUT 1 "Q"
v0x5567b77cfac0_0 .net "C", 0 0, v0x5567b77a70d0_0;  alias, 1 drivers
v0x5567b77cfc90_0 .net "D", 0 0, L_0x5567b77e0940;  1 drivers
v0x5567b77cfd50_0 .var "Q", 0 0;
S_0x5567b77cfea0 .scope module, "_127_" "DFF" 6 451, 2 25 0, S_0x5567b7784a40;
 .timescale -9 -10;
    .port_info 0 /INPUT 1 "C"
    .port_info 1 /INPUT 1 "D"
    .port_info 2 /OUTPUT 1 "Q"
v0x5567b77d00c0_0 .net "C", 0 0, v0x5567b77a70d0_0;  alias, 1 drivers
v0x5567b77d0180_0 .net "D", 0 0, L_0x5567b77e09e0;  1 drivers
v0x5567b77d0240_0 .var "Q", 0 0;
S_0x5567b77d0390 .scope module, "_128_" "DFF" 6 457, 2 25 0, S_0x5567b7784a40;
 .timescale -9 -10;
    .port_info 0 /INPUT 1 "C"
    .port_info 1 /INPUT 1 "D"
    .port_info 2 /OUTPUT 1 "Q"
v0x5567b77d05b0_0 .net "C", 0 0, v0x5567b77a70d0_0;  alias, 1 drivers
v0x5567b77d0670_0 .net "D", 0 0, L_0x5567b77e0d10;  1 drivers
v0x5567b77d0730_0 .var "Q", 0 0;
S_0x5567b77d0880 .scope module, "_129_" "DFF" 6 463, 2 25 0, S_0x5567b7784a40;
 .timescale -9 -10;
    .port_info 0 /INPUT 1 "C"
    .port_info 1 /INPUT 1 "D"
    .port_info 2 /OUTPUT 1 "Q"
v0x5567b77d0aa0_0 .net "C", 0 0, v0x5567b77a70d0_0;  alias, 1 drivers
v0x5567b77d0b60_0 .net "D", 0 0, L_0x5567b77e0f50;  1 drivers
v0x5567b77d0c20_0 .var "Q", 0 0;
S_0x5567b77d0d70 .scope module, "_130_" "DFF" 6 469, 2 25 0, S_0x5567b7784a40;
 .timescale -9 -10;
    .port_info 0 /INPUT 1 "C"
    .port_info 1 /INPUT 1 "D"
    .port_info 2 /OUTPUT 1 "Q"
v0x5567b77d0f90_0 .net "C", 0 0, v0x5567b77a70d0_0;  alias, 1 drivers
v0x5567b77d1050_0 .net "D", 0 0, L_0x5567b77e1020;  1 drivers
v0x5567b77d1110_0 .var "Q", 0 0;
S_0x5567b77d1260 .scope module, "_131_" "DFF" 6 475, 2 25 0, S_0x5567b7784a40;
 .timescale -9 -10;
    .port_info 0 /INPUT 1 "C"
    .port_info 1 /INPUT 1 "D"
    .port_info 2 /OUTPUT 1 "Q"
v0x5567b77d1480_0 .net "C", 0 0, v0x5567b77a70d0_0;  alias, 1 drivers
v0x5567b77d1540_0 .net "D", 0 0, L_0x5567b77e1270;  1 drivers
v0x5567b77d1600_0 .var "Q", 0 0;
S_0x5567b77d1750 .scope module, "_132_" "DFF" 6 481, 2 25 0, S_0x5567b7784a40;
 .timescale -9 -10;
    .port_info 0 /INPUT 1 "C"
    .port_info 1 /INPUT 1 "D"
    .port_info 2 /OUTPUT 1 "Q"
v0x5567b77d1970_0 .net "C", 0 0, v0x5567b77a70d0_0;  alias, 1 drivers
v0x5567b77d1a30_0 .net "D", 0 0, L_0x5567b77e1340;  1 drivers
v0x5567b77d1af0_0 .var "Q", 0 0;
S_0x5567b77d1c40 .scope module, "_133_" "DFF" 6 487, 2 25 0, S_0x5567b7784a40;
 .timescale -9 -10;
    .port_info 0 /INPUT 1 "C"
    .port_info 1 /INPUT 1 "D"
    .port_info 2 /OUTPUT 1 "Q"
v0x5567b77d1e60_0 .net "C", 0 0, v0x5567b77a70d0_0;  alias, 1 drivers
v0x5567b77d1f20_0 .net "D", 0 0, L_0x5567b77e15a0;  1 drivers
v0x5567b77d1fe0_0 .var "Q", 0 0;
S_0x5567b77d2130 .scope module, "_134_" "DFF" 6 493, 2 25 0, S_0x5567b7784a40;
 .timescale -9 -10;
    .port_info 0 /INPUT 1 "C"
    .port_info 1 /INPUT 1 "D"
    .port_info 2 /OUTPUT 1 "Q"
v0x5567b77d2350_0 .net "C", 0 0, v0x5567b77a70d0_0;  alias, 1 drivers
v0x5567b77d2410_0 .net "D", 0 0, L_0x5567b77e1670;  1 drivers
v0x5567b77d24d0_0 .var "Q", 0 0;
S_0x5567b77d2620 .scope module, "_135_" "DFF" 6 499, 2 25 0, S_0x5567b7784a40;
 .timescale -9 -10;
    .port_info 0 /INPUT 1 "C"
    .port_info 1 /INPUT 1 "D"
    .port_info 2 /OUTPUT 1 "Q"
v0x5567b77d2840_0 .net "C", 0 0, v0x5567b77a70d0_0;  alias, 1 drivers
v0x5567b77d2900_0 .net "D", 0 0, L_0x5567b77e18e0;  1 drivers
v0x5567b77d29c0_0 .var "Q", 0 0;
    .scope S_0x5567b7780260;
T_0 ;
    %wait E_0x5567b770e8f0;
    %load/vec4 v0x5567b7799790_0;
    %flag_set/vec4 8;
    %jmp/0xz  T_0.0, 8;
    %pushi/vec4 1, 0, 1;
    %assign/vec4 v0x5567b7797f70_0, 0;
    %jmp T_0.1;
T_0.0 ;
    %load/vec4 v0x5567b77983b0_0;
    %flag_set/vec4 8;
    %jmp/0xz  T_0.2, 8;
    %pushi/vec4 0, 0, 1;
    %assign/vec4 v0x5567b7797f70_0, 0;
    %jmp T_0.3;
T_0.2 ;
    %load/vec4 v0x5567b77850e0_0;
    %assign/vec4 v0x5567b7797f70_0, 0;
T_0.3 ;
T_0.1 ;
    %jmp T_0;
    .thread T_0;
    .scope S_0x5567b7782650;
T_1 ;
    %wait E_0x5567b779a2f0;
    %pushi/vec4 0, 0, 1;
    %store/vec4 v0x5567b77a6cd0_0, 0, 1;
    %pushi/vec4 0, 0, 1;
    %store/vec4 v0x5567b77a6d90_0, 0, 1;
    %load/vec4 v0x5567b77a67c0_0;
    %store/vec4 v0x5567b77a6620_0, 0, 8;
    %load/vec4 v0x5567b77a68f0_0;
    %store/vec4 v0x5567b77a66e0_0, 0, 8;
    %load/vec4 v0x5567b77a6c10_0;
    %pad/u 32;
    %cmpi/e 1, 0, 32;
    %jmp/0xz  T_1.0, 4;
    %load/vec4 v0x5567b77a6b50_0;
    %store/vec4 v0x5567b77a6a90_0, 0, 1;
    %load/vec4 v0x5567b77a69d0_0;
    %pad/u 32;
    %cmpi/e 1, 0, 32;
    %jmp/0xz  T_1.2, 4;
    %load/vec4 v0x5567b77a6a90_0;
    %nor/r;
    %flag_set/vec4 8;
    %jmp/0xz  T_1.4, 8;
    %load/vec4 v0x5567b77a6540_0;
    %store/vec4 v0x5567b77a6620_0, 0, 8;
    %load/vec4 v0x5567b77a68f0_0;
    %store/vec4 v0x5567b77a66e0_0, 0, 8;
    %pushi/vec4 1, 0, 1;
    %store/vec4 v0x5567b77a6cd0_0, 0, 1;
    %pushi/vec4 0, 0, 1;
    %store/vec4 v0x5567b77a6d90_0, 0, 1;
    %jmp T_1.5;
T_1.4 ;
    %load/vec4 v0x5567b77a6540_0;
    %store/vec4 v0x5567b77a66e0_0, 0, 8;
    %load/vec4 v0x5567b77a67c0_0;
    %store/vec4 v0x5567b77a6620_0, 0, 8;
    %pushi/vec4 1, 0, 1;
    %store/vec4 v0x5567b77a6d90_0, 0, 1;
    %pushi/vec4 0, 0, 1;
    %store/vec4 v0x5567b77a6cd0_0, 0, 1;
T_1.5 ;
    %jmp T_1.3;
T_1.2 ;
    %pushi/vec4 0, 0, 8;
    %store/vec4 v0x5567b77a6620_0, 0, 8;
    %pushi/vec4 0, 0, 8;
    %store/vec4 v0x5567b77a66e0_0, 0, 8;
    %pushi/vec4 0, 0, 1;
    %store/vec4 v0x5567b77a6a90_0, 0, 1;
T_1.3 ;
    %jmp T_1.1;
T_1.0 ;
    %load/vec4 v0x5567b77a69d0_0;
    %pad/u 32;
    %cmpi/e 1, 0, 32;
    %jmp/0xz  T_1.6, 4;
    %load/vec4 v0x5567b77a6b50_0;
    %store/vec4 v0x5567b77a6a90_0, 0, 1;
    %load/vec4 v0x5567b77a67c0_0;
    %store/vec4 v0x5567b77a6620_0, 0, 8;
    %load/vec4 v0x5567b77a68f0_0;
    %store/vec4 v0x5567b77a66e0_0, 0, 8;
    %pushi/vec4 0, 0, 1;
    %store/vec4 v0x5567b77a6cd0_0, 0, 1;
    %pushi/vec4 0, 0, 1;
    %store/vec4 v0x5567b77a6d90_0, 0, 1;
    %jmp T_1.7;
T_1.6 ;
    %pushi/vec4 0, 0, 8;
    %store/vec4 v0x5567b77a6620_0, 0, 8;
    %pushi/vec4 0, 0, 8;
    %store/vec4 v0x5567b77a66e0_0, 0, 8;
    %pushi/vec4 0, 0, 1;
    %store/vec4 v0x5567b77a6a90_0, 0, 1;
T_1.7 ;
T_1.1 ;
    %jmp T_1;
    .thread T_1, $push;
    .scope S_0x5567b7782650;
T_2 ;
    %wait E_0x5567b76a77b0;
    %load/vec4 v0x5567b77a6620_0;
    %store/vec4 v0x5567b77a67c0_0, 0, 8;
    %load/vec4 v0x5567b77a66e0_0;
    %store/vec4 v0x5567b77a68f0_0, 0, 8;
    %jmp T_2;
    .thread T_2;
    .scope S_0x5567b7782650;
T_3 ;
    %wait E_0x5567b770ea00;
    %load/vec4 v0x5567b77a69d0_0;
    %pad/u 32;
    %cmpi/e 1, 0, 32;
    %jmp/0xz  T_3.0, 4;
    %load/vec4 v0x5567b77a6b50_0;
    %flag_set/vec4 8;
    %jmp/0xz  T_3.2, 8;
    %pushi/vec4 0, 0, 1;
    %assign/vec4 v0x5567b77a6b50_0, 0;
    %jmp T_3.3;
T_3.2 ;
    %pushi/vec4 1, 0, 1;
    %assign/vec4 v0x5567b77a6b50_0, 0;
T_3.3 ;
    %jmp T_3.1;
T_3.0 ;
    %pushi/vec4 0, 0, 1;
    %assign/vec4 v0x5567b77a6b50_0, 0;
T_3.1 ;
    %jmp T_3;
    .thread T_3;
    .scope S_0x5567b77cd290;
T_4 ;
    %wait E_0x5567b770ea00;
    %load/vec4 v0x5567b77cd570_0;
    %assign/vec4 v0x5567b77cd660_0, 0;
    %jmp T_4;
    .thread T_4;
    .scope S_0x5567b77cd750;
T_5 ;
    %wait E_0x5567b76a77b0;
    %load/vec4 v0x5567b77cda80_0;
    %assign/vec4 v0x5567b77cdb40_0, 0;
    %jmp T_5;
    .thread T_5;
    .scope S_0x5567b77cdc60;
T_6 ;
    %wait E_0x5567b76a77b0;
    %load/vec4 v0x5567b77cdf40_0;
    %assign/vec4 v0x5567b77ce000_0, 0;
    %jmp T_6;
    .thread T_6;
    .scope S_0x5567b77ce120;
T_7 ;
    %wait E_0x5567b76a77b0;
    %load/vec4 v0x5567b77ce400_0;
    %assign/vec4 v0x5567b77ce4c0_0, 0;
    %jmp T_7;
    .thread T_7;
    .scope S_0x5567b77ce610;
T_8 ;
    %wait E_0x5567b76a77b0;
    %load/vec4 v0x5567b77ce8a0_0;
    %assign/vec4 v0x5567b77ce960_0, 0;
    %jmp T_8;
    .thread T_8;
    .scope S_0x5567b77ceab0;
T_9 ;
    %wait E_0x5567b76a77b0;
    %load/vec4 v0x5567b77cf1a0_0;
    %assign/vec4 v0x5567b77cf260_0, 0;
    %jmp T_9;
    .thread T_9;
    .scope S_0x5567b77cf3b0;
T_10 ;
    %wait E_0x5567b76a77b0;
    %load/vec4 v0x5567b77cf690_0;
    %assign/vec4 v0x5567b77cf750_0, 0;
    %jmp T_10;
    .thread T_10;
    .scope S_0x5567b77cf8a0;
T_11 ;
    %wait E_0x5567b76a77b0;
    %load/vec4 v0x5567b77cfc90_0;
    %assign/vec4 v0x5567b77cfd50_0, 0;
    %jmp T_11;
    .thread T_11;
    .scope S_0x5567b77cfea0;
T_12 ;
    %wait E_0x5567b76a77b0;
    %load/vec4 v0x5567b77d0180_0;
    %assign/vec4 v0x5567b77d0240_0, 0;
    %jmp T_12;
    .thread T_12;
    .scope S_0x5567b77d0390;
T_13 ;
    %wait E_0x5567b76a77b0;
    %load/vec4 v0x5567b77d0670_0;
    %assign/vec4 v0x5567b77d0730_0, 0;
    %jmp T_13;
    .thread T_13;
    .scope S_0x5567b77d0880;
T_14 ;
    %wait E_0x5567b76a77b0;
    %load/vec4 v0x5567b77d0b60_0;
    %assign/vec4 v0x5567b77d0c20_0, 0;
    %jmp T_14;
    .thread T_14;
    .scope S_0x5567b77d0d70;
T_15 ;
    %wait E_0x5567b76a77b0;
    %load/vec4 v0x5567b77d1050_0;
    %assign/vec4 v0x5567b77d1110_0, 0;
    %jmp T_15;
    .thread T_15;
    .scope S_0x5567b77d1260;
T_16 ;
    %wait E_0x5567b76a77b0;
    %load/vec4 v0x5567b77d1540_0;
    %assign/vec4 v0x5567b77d1600_0, 0;
    %jmp T_16;
    .thread T_16;
    .scope S_0x5567b77d1750;
T_17 ;
    %wait E_0x5567b76a77b0;
    %load/vec4 v0x5567b77d1a30_0;
    %assign/vec4 v0x5567b77d1af0_0, 0;
    %jmp T_17;
    .thread T_17;
    .scope S_0x5567b77d1c40;
T_18 ;
    %wait E_0x5567b76a77b0;
    %load/vec4 v0x5567b77d1f20_0;
    %assign/vec4 v0x5567b77d1fe0_0, 0;
    %jmp T_18;
    .thread T_18;
    .scope S_0x5567b77d2130;
T_19 ;
    %wait E_0x5567b76a77b0;
    %load/vec4 v0x5567b77d2410_0;
    %assign/vec4 v0x5567b77d24d0_0, 0;
    %jmp T_19;
    .thread T_19;
    .scope S_0x5567b77d2620;
T_20 ;
    %wait E_0x5567b76a77b0;
    %load/vec4 v0x5567b77d2900_0;
    %assign/vec4 v0x5567b77d29c0_0, 0;
    %jmp T_20;
    .thread T_20;
    .scope S_0x5567b7783df0;
T_21 ;
    %vpi_call 5 24 "$dumpfile", "demux.vcd" {0 0 0};
    %vpi_call 5 25 "$dumpvars" {0 0 0};
    %pushi/vec4 0, 0, 2;
    %split/vec4 1;
    %store/vec4 v0x5567b77a79e0_0, 0, 1;
    %store/vec4 v0x5567b77a70d0_0, 0, 1;
    %pushi/vec4 0, 0, 8;
    %store/vec4 v0x5567b77a7190_0, 0, 8;
    %wait E_0x5567b76a77b0;
    %pushi/vec4 0, 0, 1;
    %assign/vec4 v0x5567b77a7a80_0, 0;
    %pushi/vec4 0, 0, 1;
    %assign/vec4 v0x5567b77a79e0_0, 0;
    %pushi/vec4 14, 0, 32;
T_21.0 %dup/vec4;
    %pushi/vec4 0, 0, 32;
    %cmp/s;
    %jmp/1xz T_21.1, 5;
    %jmp/1 T_21.1, 4;
    %pushi/vec4 1, 0, 32;
    %sub;
    %wait E_0x5567b76a77b0;
    %pushi/vec4 1, 0, 1;
    %assign/vec4 v0x5567b77a79e0_0, 0;
    %vpi_func 5 34 "$random" 32 {0 0 0};
    %pad/s 8;
    %assign/vec4 v0x5567b77a7190_0, 0;
    %vpi_func 5 37 "$random" 32 {0 0 0};
    %pad/s 1;
    %assign/vec4 v0x5567b77a7a80_0, 0;
    %jmp T_21.0;
T_21.1 ;
    %pop/vec4 1;
    %delay 100, 0;
    %vpi_call 5 45 "$finish" {0 0 0};
    %end;
    .thread T_21;
    .scope S_0x5567b7783df0;
T_22 ;
    %wait E_0x5567b76a77b0;
    %load/vec4 v0x5567b77a7820_0;
    %assign/vec4 v0x5567b77a7580_0, 0;
    %load/vec4 v0x5567b77a7900_0;
    %assign/vec4 v0x5567b77a7740_0, 0;
    %load/vec4 v0x5567b77a7230_0;
    %assign/vec4 v0x5567b77a74c0_0, 0;
    %load/vec4 v0x5567b77a7300_0;
    %assign/vec4 v0x5567b77a7660_0, 0;
    %jmp T_22;
    .thread T_22;
    .scope S_0x5567b7783df0;
T_23 ;
    %wait E_0x5567b779a510;
    %load/vec4 v0x5567b77a7580_0;
    %load/vec4 v0x5567b77a74c0_0;
    %cmp/e;
    %flag_get/vec4 4;
    %load/vec4 v0x5567b77a7740_0;
    %load/vec4 v0x5567b77a7660_0;
    %cmp/e;
    %flag_get/vec4 4;
    %and;
    %flag_set/vec4 8;
    %jmp/0xz  T_23.0, 8;
    %pushi/vec4 0, 0, 1;
    %store/vec4 v0x5567b77a73d0_0, 0, 1;
    %jmp T_23.1;
T_23.0 ;
    %pushi/vec4 1, 0, 1;
    %store/vec4 v0x5567b77a73d0_0, 0, 1;
T_23.1 ;
    %jmp T_23;
    .thread T_23, $push;
    .scope S_0x5567b7783df0;
T_24 ;
    %pushi/vec4 0, 0, 1;
    %assign/vec4 v0x5567b77a70d0_0, 0;
    %end;
    .thread T_24;
    .scope S_0x5567b7783df0;
T_25 ;
    %delay 20, 0;
    %load/vec4 v0x5567b77a70d0_0;
    %inv;
    %assign/vec4 v0x5567b77a70d0_0, 0;
    %jmp T_25;
    .thread T_25;
# The file index is used to find the file name in the following table.
:file_names 7;
    "N/A";
    "<interactive>";
    "./cmos_cells.v";
    "bancopruebademux.v";
    "./demux.v";
    "./probador_demux.v";
    "./synth_demux.v";
