#! /usr/bin/vvp
:ivl_version "10.1 (stable)";
:ivl_delay_selection "TYPICAL";
:vpi_time_precision - 10;
:vpi_module "system";
:vpi_module "vhdl_sys";
:vpi_module "v2005_math";
:vpi_module "va_math";
S_0x56505ba6c6e0 .scope module, "BUF" "BUF" 2 1;
 .timescale -9 -10;
    .port_info 0 /INPUT 1 "A"
    .port_info 1 /OUTPUT 1 "Y"
o0x7f6721ae4018 .functor BUFZ 1, C4<z>; HiZ drive
L_0x56505b9832b0 .functor BUFZ 1, o0x7f6721ae4018, C4<0>, C4<0>, C4<0>;
v0x56505ba73190_0 .net "A", 0 0, o0x7f6721ae4018;  0 drivers
v0x56505ba72670_0 .net "Y", 0 0, L_0x56505b9832b0;  1 drivers
S_0x56505ba5add0 .scope module, "DFFSR" "DFFSR" 2 32;
 .timescale -9 -10;
    .port_info 0 /INPUT 1 "C"
    .port_info 1 /INPUT 1 "D"
    .port_info 2 /OUTPUT 1 "Q"
    .port_info 3 /INPUT 1 "S"
    .port_info 4 /INPUT 1 "R"
o0x7f6721ae40d8 .functor BUFZ 1, C4<z>; HiZ drive
v0x56505ba71b50_0 .net "C", 0 0, o0x7f6721ae40d8;  0 drivers
o0x7f6721ae4108 .functor BUFZ 1, C4<z>; HiZ drive
v0x56505ba70fe0_0 .net "D", 0 0, o0x7f6721ae4108;  0 drivers
v0x56505ba70c10_0 .var "Q", 0 0;
o0x7f6721ae4168 .functor BUFZ 1, C4<z>; HiZ drive
v0x56505ba70810_0 .net "R", 0 0, o0x7f6721ae4168;  0 drivers
o0x7f6721ae4198 .functor BUFZ 1, C4<z>; HiZ drive
v0x56505ba70410_0 .net "S", 0 0, o0x7f6721ae4198;  0 drivers
E_0x56505b9c0fc0 .event posedge, v0x56505ba70810_0, v0x56505ba70410_0, v0x56505ba71b50_0;
S_0x56505ba5d620 .scope module, "bancoprueba" "bancoprueba" 3 7;
 .timescale -9 -10;
v0x56505bac9380_0 .net "clk_2f", 0 0, v0x56505bac88d0_0;  1 drivers
v0x56505bac9440_0 .net "data_in", 7 0, v0x56505bac8970_0;  1 drivers
v0x56505bac9500_0 .net "lane_0", 7 0, v0x56505ba886a0_0;  1 drivers
v0x56505bac95f0_0 .net "lane_0_synth", 7 0, L_0x56505bad67f0;  1 drivers
v0x56505bac9700_0 .net "lane_1", 7 0, v0x56505ba887d0_0;  1 drivers
v0x56505bac9860_0 .net "lane_1_synth", 7 0, L_0x56505bad76c0;  1 drivers
v0x56505bac9970_0 .net "reset", 0 0, v0x56505bac8d50_0;  1 drivers
v0x56505bac9a10_0 .net "valid_0", 0 0, v0x56505ba88970_0;  1 drivers
v0x56505bac9b00_0 .net "valid_0_synth", 0 0, v0x56505babaf60_0;  1 drivers
v0x56505bac9c30_0 .net "valid_1", 0 0, v0x56505ba88a30_0;  1 drivers
v0x56505bac9cd0_0 .net "valid_1_synth", 0 0, v0x56505babb450_0;  1 drivers
v0x56505bac9d70_0 .net "valid_in", 0 0, v0x56505bac9150_0;  1 drivers
S_0x56505ba5fe40 .scope module, "cond" "byte_striping" 3 21, 4 1 0, S_0x56505ba5d620;
 .timescale -9 -10;
    .port_info 0 /INPUT 1 "clk_2f"
    .port_info 1 /INPUT 1 "valid_in"
    .port_info 2 /INPUT 8 "data_in"
    .port_info 3 /INPUT 1 "reset"
    .port_info 4 /OUTPUT 8 "lane_0"
    .port_info 5 /OUTPUT 8 "lane_1"
    .port_info 6 /OUTPUT 1 "valid_0"
    .port_info 7 /OUTPUT 1 "valid_1"
v0x56505ba88380_0 .net "clk_2f", 0 0, v0x56505bac88d0_0;  alias, 1 drivers
v0x56505ba88460_0 .var "contador0", 0 0;
v0x56505ba88520_0 .var "contador1", 0 0;
v0x56505ba885c0_0 .net "data_in", 7 0, v0x56505bac8970_0;  alias, 1 drivers
v0x56505ba886a0_0 .var "lane_0", 7 0;
v0x56505ba887d0_0 .var "lane_1", 7 0;
v0x56505ba888b0_0 .net "reset", 0 0, v0x56505bac8d50_0;  alias, 1 drivers
v0x56505ba88970_0 .var "valid_0", 0 0;
v0x56505ba88a30_0 .var "valid_1", 0 0;
v0x56505ba88af0_0 .net "valid_in", 0 0, v0x56505bac9150_0;  alias, 1 drivers
E_0x56505b9c10d0 .event posedge, v0x56505ba88380_0;
S_0x56505ba62660 .scope module, "est" "byte_striping_synth" 3 49, 5 5 0, S_0x56505ba5d620;
 .timescale -9 -10;
    .port_info 0 /INPUT 1 "clk_2f"
    .port_info 1 /INPUT 1 "valid_in"
    .port_info 2 /INPUT 8 "data_in"
    .port_info 3 /INPUT 1 "reset"
    .port_info 4 /OUTPUT 8 "lane_0_synth"
    .port_info 5 /OUTPUT 8 "lane_1_synth"
    .port_info 6 /OUTPUT 1 "valid_0_synth"
    .port_info 7 /OUTPUT 1 "valid_1_synth"
L_0x56505bad7a90 .functor BUFZ 1, L_0x56505bacc210, C4<0>, C4<0>, C4<0>;
L_0x56505bad97f0 .functor BUFZ 1, L_0x56505bad5b50, C4<0>, C4<0>, C4<0>;
L_0x56505bad9920 .functor BUFZ 1, L_0x56505bad5d00, C4<0>, C4<0>, C4<0>;
L_0x56505bad9a50 .functor BUFZ 1, L_0x56505bad57a0, C4<0>, C4<0>, C4<0>;
v0x56505bac1030_0 .net "_000_", 0 0, L_0x56505bacc210;  1 drivers
v0x56505bac1520_0 .net "_001_", 0 0, L_0x56505bad5b50;  1 drivers
v0x56505bac1630_0 .net "_002_", 7 0, L_0x56505bad5160;  1 drivers
v0x56505bac16f0_0 .net "_003_", 7 0, L_0x56505bad0bf0;  1 drivers
v0x56505bac17f0_0 .net "_004_", 0 0, L_0x56505bad57a0;  1 drivers
v0x56505bac1920_0 .net "_005_", 0 0, L_0x56505bad5d00;  1 drivers
v0x56505bac1a30_0 .net "_006_", 0 0, L_0x56505bad7a90;  1 drivers
v0x56505bac1af0_0 .net "_007_", 0 0, L_0x56505bad97f0;  1 drivers
v0x56505bac1bd0_0 .net "_008_", 0 0, L_0x56505bad8910;  1 drivers
v0x56505bac1cb0_0 .net "_009_", 0 0, L_0x56505bad89e0;  1 drivers
v0x56505bac1d90_0 .net "_010_", 0 0, L_0x56505bad8cb0;  1 drivers
v0x56505bac1e70_0 .net "_011_", 0 0, L_0x56505bad8d80;  1 drivers
v0x56505bac1f50_0 .net "_012_", 0 0, L_0x56505bad9060;  1 drivers
v0x56505bac2030_0 .net "_013_", 0 0, L_0x56505bad9130;  1 drivers
v0x56505bac2110_0 .net "_014_", 0 0, L_0x56505bad9420;  1 drivers
v0x56505bac21f0_0 .net "_015_", 0 0, L_0x56505bad94f0;  1 drivers
v0x56505bac22d0_0 .net "_016_", 0 0, L_0x56505bad7b30;  1 drivers
v0x56505bac23b0_0 .net "_017_", 0 0, L_0x56505bad7c00;  1 drivers
v0x56505bac2490_0 .net "_018_", 0 0, L_0x56505bad7e90;  1 drivers
v0x56505bac2570_0 .net "_019_", 0 0, L_0x56505bad7f60;  1 drivers
v0x56505bac2650_0 .net "_020_", 0 0, L_0x56505bad8200;  1 drivers
v0x56505bac2730_0 .net "_021_", 0 0, L_0x56505bad82d0;  1 drivers
v0x56505bac2810_0 .net "_022_", 0 0, L_0x56505bad8580;  1 drivers
v0x56505bac28f0_0 .net "_023_", 0 0, L_0x56505bad8650;  1 drivers
v0x56505bac29d0_0 .net "_024_", 0 0, L_0x56505bad9a50;  1 drivers
v0x56505bac2ab0_0 .net "_025_", 0 0, L_0x56505bad9920;  1 drivers
v0x56505bac2b90_0 .net "_026_", 0 0, L_0x56505bacf640;  1 drivers
v0x56505bac2c30_0 .net "_027_", 0 0, L_0x56505bacfcd0;  1 drivers
v0x56505bac2d20_0 .net "_028_", 0 0, L_0x56505bacfe40;  1 drivers
v0x56505bac2e10_0 .net "_029_", 0 0, L_0x56505bad0120;  1 drivers
v0x56505bac2f00_0 .net "_030_", 0 0, L_0x56505bad0400;  1 drivers
v0x56505bac2ff0_0 .net "_031_", 0 0, L_0x56505bad0980;  1 drivers
v0x56505bac30e0_0 .net "_032_", 0 0, L_0x56505bad0f80;  1 drivers
v0x56505bac33e0_0 .net "_033_", 0 0, L_0x56505bad10b0;  1 drivers
v0x56505bac3480_0 .net "_034_", 0 0, L_0x56505bad1190;  1 drivers
v0x56505bac3570_0 .net "_035_", 0 0, L_0x56505bad1520;  1 drivers
v0x56505bac3660_0 .net "_036_", 0 0, L_0x56505bad1690;  1 drivers
v0x56505bac3750_0 .net "_037_", 0 0, L_0x56505bad1970;  1 drivers
v0x56505bac3840_0 .net "_038_", 0 0, L_0x56505bad1c60;  1 drivers
v0x56505bac3930_0 .net "_039_", 0 0, L_0x56505bad1dd0;  1 drivers
v0x56505bac3a20_0 .net "_040_", 0 0, L_0x56505bad20b0;  1 drivers
v0x56505bac3b10_0 .net "_041_", 0 0, L_0x56505bad23b0;  1 drivers
v0x56505bac3c00_0 .net "_042_", 0 0, L_0x56505bad2520;  1 drivers
v0x56505bac3cf0_0 .net "_043_", 0 0, L_0x56505bad2800;  1 drivers
v0x56505bac3de0_0 .net "_044_", 0 0, L_0x56505bad2a60;  1 drivers
v0x56505bac3ed0_0 .net "_045_", 0 0, L_0x56505bad2bd0;  1 drivers
v0x56505bac3fc0_0 .net "_046_", 0 0, L_0x56505bad2eb0;  1 drivers
v0x56505bac40b0_0 .net "_047_", 0 0, L_0x56505bad3210;  1 drivers
v0x56505bac41a0_0 .net "_048_", 0 0, L_0x56505bad3380;  1 drivers
v0x56505bac4290_0 .net "_049_", 0 0, L_0x56505bad3660;  1 drivers
v0x56505bac4380_0 .net "_050_", 0 0, L_0x56505bad3940;  1 drivers
v0x56505bac4470_0 .net "_051_", 0 0, L_0x56505bad3ab0;  1 drivers
v0x56505bac4560_0 .net "_052_", 0 0, L_0x56505bad3dd0;  1 drivers
v0x56505bac4650_0 .net "_053_", 0 0, L_0x56505bad4570;  1 drivers
v0x56505bac4740_0 .net "_054_", 0 0, L_0x56505bad4720;  1 drivers
v0x56505bac4830_0 .net "_055_", 0 0, L_0x56505bad4a60;  1 drivers
v0x56505bac4920_0 .net "_056_", 0 0, L_0x56505bad4ce0;  1 drivers
v0x56505bac4a10_0 .net "_057_", 0 0, L_0x56505bad4e90;  1 drivers
v0x56505bac4b00_0 .net "_058_", 0 0, L_0x56505bad5610;  1 drivers
v0x56505bac4ba0_0 .net "_059_", 0 0, L_0x56505bad5950;  1 drivers
v0x56505bac4c90_0 .net "_060_", 0 0, L_0x56505bac9e30;  1 drivers
v0x56505bac4d30_0 .net "_061_", 0 0, L_0x56505bac9ec0;  1 drivers
v0x56505bac4dd0_0 .net "_062_", 0 0, L_0x56505baca090;  1 drivers
v0x56505bac4ec0_0 .net "_063_", 0 0, L_0x56505baca140;  1 drivers
v0x56505bac4fb0_0 .net "_064_", 0 0, L_0x56505baca290;  1 drivers
v0x56505bac54b0_0 .net "_065_", 0 0, L_0x56505baca450;  1 drivers
v0x56505bac55a0_0 .net "_066_", 0 0, L_0x56505baca580;  1 drivers
v0x56505bac5690_0 .net "_067_", 0 0, L_0x56505baca700;  1 drivers
v0x56505bac5780_0 .net "_068_", 0 0, L_0x56505baca860;  1 drivers
v0x56505bac5870_0 .net "_069_", 0 0, L_0x56505bacaa20;  1 drivers
v0x56505bac5960_0 .net "_070_", 0 0, L_0x56505bacaba0;  1 drivers
v0x56505bac5a50_0 .net "_071_", 0 0, L_0x56505bacad70;  1 drivers
v0x56505bac5b40_0 .net "_072_", 0 0, L_0x56505bacaef0;  1 drivers
v0x56505bac5c30_0 .net "_073_", 0 0, L_0x56505bacb080;  1 drivers
v0x56505bac5d20_0 .net "_074_", 0 0, L_0x56505bacb1b0;  1 drivers
v0x56505bac5e10_0 .net "_075_", 0 0, L_0x56505bacb3a0;  1 drivers
v0x56505bac5f00_0 .net "_076_", 0 0, L_0x56505bacb520;  1 drivers
v0x56505bac5ff0_0 .net "_077_", 0 0, L_0x56505bacb330;  1 drivers
v0x56505bac60e0_0 .net "_078_", 0 0, L_0x56505bacb830;  1 drivers
v0x56505bac61d0_0 .net "_079_", 0 0, L_0x56505bacba40;  1 drivers
v0x56505bac62c0_0 .net "_080_", 0 0, L_0x56505bacbb80;  1 drivers
v0x56505bac6360_0 .net "_081_", 0 0, L_0x56505bacbdb0;  1 drivers
v0x56505bac6450_0 .net "_082_", 0 0, L_0x56505bacbe90;  1 drivers
v0x56505bac6540_0 .net "_083_", 0 0, L_0x56505bacc060;  1 drivers
v0x56505bac6630_0 .net "_084_", 0 0, L_0x56505bacc440;  1 drivers
v0x56505bac6720_0 .net "_085_", 0 0, L_0x56505bacc560;  1 drivers
v0x56505bac67c0_0 .net "_086_", 0 0, L_0x56505bacc7a0;  1 drivers
v0x56505bac6860_0 .net "_087_", 0 0, L_0x56505bacc8c0;  1 drivers
v0x56505bac6950_0 .net "_088_", 0 0, L_0x56505baccb40;  1 drivers
v0x56505bac6a40_0 .net "_089_", 0 0, L_0x56505bacccf0;  1 drivers
v0x56505bac6b30_0 .net "_090_", 0 0, L_0x56505bacd030;  1 drivers
v0x56505bac6c20_0 .net "_091_", 0 0, L_0x56505bacd2c0;  1 drivers
v0x56505bac6d10_0 .net "_092_", 0 0, L_0x56505bacd470;  1 drivers
v0x56505bac6e00_0 .net "_093_", 0 0, L_0x56505bacd7b0;  1 drivers
v0x56505bac6ef0_0 .net "_094_", 0 0, L_0x56505bacda30;  1 drivers
v0x56505bac6fe0_0 .net "_095_", 0 0, L_0x56505bacdbe0;  1 drivers
v0x56505bac70d0_0 .net "_096_", 0 0, L_0x56505bacdf20;  1 drivers
v0x56505bac71c0_0 .net "_097_", 0 0, L_0x56505bace250;  1 drivers
v0x56505bac72b0_0 .net "_098_", 0 0, L_0x56505bace400;  1 drivers
v0x56505bac73a0_0 .net "_099_", 0 0, L_0x56505bace740;  1 drivers
v0x56505bac7490_0 .net "_100_", 0 0, L_0x56505bace920;  1 drivers
v0x56505bac7580_0 .net "_101_", 0 0, L_0x56505bacead0;  1 drivers
v0x56505bac7670_0 .net "_102_", 0 0, L_0x56505bacee10;  1 drivers
v0x56505bac7760_0 .net "_103_", 0 0, L_0x56505bacf150;  1 drivers
v0x56505bac7850_0 .net "_104_", 0 0, L_0x56505bacf300;  1 drivers
v0x56505bac7940_0 .net "_105_", 31 0, L_0x56505bad9b20;  1 drivers
v0x56505bac7a20_0 .net "_106_", 31 0, L_0x56505bae9f10;  1 drivers
L_0x7f6721a9b018 .functor BUFT 1, C4<000000000000000000000000000000>, C4<0>, C4<0>, C4<0>;
v0x56505bac7b00_0 .net/2u *"_s206", 29 0, L_0x7f6721a9b018;  1 drivers
v0x56505bac7ba0_0 .net *"_s208", 30 0, L_0x56505bae9c30;  1 drivers
L_0x7f6721a9b060 .functor BUFT 1, C4<000000000000000000000000000000>, C4<0>, C4<0>, C4<0>;
v0x56505bac7c40_0 .net/2u *"_s212", 29 0, L_0x7f6721a9b060;  1 drivers
v0x56505bac7ce0_0 .net *"_s214", 30 0, L_0x56505bae9fb0;  1 drivers
v0x56505bac7d80_0 .net "clk_2f", 0 0, v0x56505bac88d0_0;  alias, 1 drivers
v0x56505bac7e40_0 .net "contador0", 0 0, v0x56505bac0ef0_0;  1 drivers
v0x56505bac7f00_0 .net "contador1", 0 0, v0x56505babb930_0;  1 drivers
v0x56505bac7fc0_0 .net "data_in", 7 0, v0x56505bac8970_0;  alias, 1 drivers
v0x56505bac80a0_0 .net "lane_0_synth", 7 0, L_0x56505bad67f0;  alias, 1 drivers
v0x56505bac8160_0 .net "lane_1_synth", 7 0, L_0x56505bad76c0;  alias, 1 drivers
v0x56505bac8260_0 .net "reset", 0 0, v0x56505bac8d50_0;  alias, 1 drivers
v0x56505bac8340_0 .net "valid_0_synth", 0 0, v0x56505babaf60_0;  alias, 1 drivers
v0x56505bac8400_0 .net "valid_1_synth", 0 0, v0x56505babb450_0;  alias, 1 drivers
v0x56505bac84a0_0 .net "valid_in", 0 0, v0x56505bac9150_0;  alias, 1 drivers
L_0x56505baca1d0 .part L_0x56505bad76c0, 0, 1;
L_0x56505baca320 .part L_0x56505bad76c0, 1, 1;
L_0x56505baca4e0 .part L_0x56505bad76c0, 2, 1;
L_0x56505baca610 .part L_0x56505bad76c0, 3, 1;
L_0x56505baca770 .part L_0x56505bad76c0, 4, 1;
L_0x56505baca8f0 .part L_0x56505bad76c0, 5, 1;
L_0x56505bacaab0 .part L_0x56505bad76c0, 6, 1;
L_0x56505bacac30 .part L_0x56505bad76c0, 7, 1;
L_0x56505bacae00 .part v0x56505bac8970_0, 0, 1;
L_0x56505bacaf80 .part v0x56505bac8970_0, 1, 1;
L_0x56505bacb110 .part v0x56505bac8970_0, 2, 1;
L_0x56505bacb240 .part v0x56505bac8970_0, 3, 1;
L_0x56505bacb430 .part v0x56505bac8970_0, 4, 1;
L_0x56505bacb5b0 .part v0x56505bac8970_0, 5, 1;
L_0x56505bacb740 .part v0x56505bac8970_0, 6, 1;
L_0x56505bacb8c0 .part v0x56505bac8970_0, 7, 1;
L_0x56505bacc930 .part v0x56505bac8970_0, 0, 1;
L_0x56505bacd0a0 .part v0x56505bac8970_0, 1, 1;
L_0x56505bacd820 .part v0x56505bac8970_0, 2, 1;
L_0x56505bacdf90 .part v0x56505bac8970_0, 3, 1;
L_0x56505bacd190 .part v0x56505bac8970_0, 4, 1;
L_0x56505bacee80 .part v0x56505bac8970_0, 5, 1;
L_0x56505bacf6b0 .part v0x56505bac8970_0, 6, 1;
L_0x56505bad0190 .part v0x56505bac8970_0, 7, 1;
LS_0x56505bad0bf0_0_0 .concat8 [ 1 1 1 1], L_0x56505baccf30, L_0x56505bacd6b0, L_0x56505bacde20, L_0x56505bace640;
LS_0x56505bad0bf0_0_4 .concat8 [ 1 1 1 1], L_0x56505baced10, L_0x56505bacf540, L_0x56505bad0040, L_0x56505bad0b80;
L_0x56505bad0bf0 .concat8 [ 4 4 0 0], LS_0x56505bad0bf0_0_0, LS_0x56505bad0bf0_0_4;
L_0x56505bad1250 .part L_0x56505bad67f0, 0, 1;
L_0x56505bad19e0 .part L_0x56505bad67f0, 1, 1;
L_0x56505bad2120 .part L_0x56505bad67f0, 2, 1;
L_0x56505bad2870 .part L_0x56505bad67f0, 3, 1;
L_0x56505bad2f20 .part L_0x56505bad67f0, 4, 1;
L_0x56505bad36d0 .part L_0x56505bad67f0, 5, 1;
L_0x56505bad3e40 .part L_0x56505bad67f0, 6, 1;
L_0x56505bad4ad0 .part L_0x56505bad67f0, 7, 1;
LS_0x56505bad5160_0_0 .concat8 [ 1 1 1 1], L_0x56505bad1890, L_0x56505bad1fd0, L_0x56505bad2720, L_0x56505bad2dd0;
LS_0x56505bad5160_0_4 .concat8 [ 1 1 1 1], L_0x56505bad3580, L_0x56505bad3cd0, L_0x56505bad4960, L_0x56505bad50d0;
L_0x56505bad5160 .concat8 [ 4 4 0 0], LS_0x56505bad5160_0_0, LS_0x56505bad5160_0_4;
L_0x56505bad5d90 .part L_0x56505bad5160, 0, 1;
L_0x56505bad5e80 .part L_0x56505bad5160, 1, 1;
L_0x56505bad5480 .part L_0x56505bad5160, 2, 1;
L_0x56505bad60e0 .part L_0x56505bad5160, 3, 1;
L_0x56505bad62c0 .part L_0x56505bad5160, 4, 1;
L_0x56505bad6360 .part L_0x56505bad5160, 5, 1;
L_0x56505bad6550 .part L_0x56505bad5160, 6, 1;
L_0x56505bad65f0 .part L_0x56505bad5160, 7, 1;
LS_0x56505bad67f0_0_0 .concat8 [ 1 1 1 1], v0x56505babbe00_0, v0x56505babc2a0_0, v0x56505babc790_0, v0x56505babcc80_0;
LS_0x56505bad67f0_0_4 .concat8 [ 1 1 1 1], v0x56505babd170_0, v0x56505babd660_0, v0x56505babdb50_0, v0x56505babe040_0;
L_0x56505bad67f0 .concat8 [ 4 4 0 0], LS_0x56505bad67f0_0_0, LS_0x56505bad67f0_0_4;
L_0x56505bad68f0 .part L_0x56505bad0bf0, 0, 1;
L_0x56505bad6b80 .part L_0x56505bad0bf0, 1, 1;
L_0x56505bad6c20 .part L_0x56505bad0bf0, 2, 1;
L_0x56505bad6e70 .part L_0x56505bad0bf0, 3, 1;
L_0x56505bad6f40 .part L_0x56505bad0bf0, 4, 1;
L_0x56505bad71a0 .part L_0x56505bad0bf0, 5, 1;
L_0x56505bad7270 .part L_0x56505bad0bf0, 6, 1;
L_0x56505bad75f0 .part L_0x56505bad0bf0, 7, 1;
LS_0x56505bad76c0_0_0 .concat8 [ 1 1 1 1], v0x56505babe530_0, v0x56505babea20_0, v0x56505babef10_0, v0x56505babf400_0;
LS_0x56505bad76c0_0_4 .concat8 [ 1 1 1 1], v0x56505babfb00_0, v0x56505babfff0_0, v0x56505bac04e0_0, v0x56505bac09d0_0;
L_0x56505bad76c0 .concat8 [ 4 4 0 0], LS_0x56505bad76c0_0_0, LS_0x56505bad76c0_0_4;
L_0x56505bad7b30 .part L_0x56505bad0bf0, 0, 1;
L_0x56505bad7c00 .part L_0x56505bad0bf0, 1, 1;
L_0x56505bad7e90 .part L_0x56505bad0bf0, 2, 1;
L_0x56505bad7f60 .part L_0x56505bad0bf0, 3, 1;
L_0x56505bad8200 .part L_0x56505bad0bf0, 4, 1;
L_0x56505bad82d0 .part L_0x56505bad0bf0, 5, 1;
L_0x56505bad8580 .part L_0x56505bad0bf0, 6, 1;
L_0x56505bad8650 .part L_0x56505bad0bf0, 7, 1;
L_0x56505bad8910 .part L_0x56505bad5160, 0, 1;
L_0x56505bad89e0 .part L_0x56505bad5160, 1, 1;
L_0x56505bad8cb0 .part L_0x56505bad5160, 2, 1;
L_0x56505bad8d80 .part L_0x56505bad5160, 3, 1;
L_0x56505bad9060 .part L_0x56505bad5160, 4, 1;
L_0x56505bad9130 .part L_0x56505bad5160, 5, 1;
L_0x56505bad9420 .part L_0x56505bad5160, 6, 1;
L_0x56505bad94f0 .part L_0x56505bad5160, 7, 1;
L_0x56505bad9b20 .part/pv L_0x56505bae9c30, 1, 31, 32;
L_0x56505bae9c30 .concat [ 1 30 0 0], v0x56505bac0ef0_0, L_0x7f6721a9b018;
L_0x56505bae9f10 .part/pv L_0x56505bae9fb0, 1, 31, 32;
L_0x56505bae9fb0 .concat [ 1 30 0 0], v0x56505babb930_0, L_0x7f6721a9b060;
S_0x56505ba64e80 .scope module, "_107_" "NOT" 5 163, 2 7 0, S_0x56505ba62660;
 .timescale -9 -10;
    .port_info 0 /INPUT 1 "A"
    .port_info 1 /OUTPUT 1 "Y"
L_0x56505bac9e30 .functor NOT 1, v0x56505bac9150_0, C4<0>, C4<0>, C4<0>;
v0x56505ba99160_0 .net "A", 0 0, v0x56505bac9150_0;  alias, 1 drivers
v0x56505ba99220_0 .net "Y", 0 0, L_0x56505bac9e30;  alias, 1 drivers
S_0x56505ba676a0 .scope module, "_108_" "NOT" 5 167, 2 7 0, S_0x56505ba62660;
 .timescale -9 -10;
    .port_info 0 /INPUT 1 "A"
    .port_info 1 /OUTPUT 1 "Y"
L_0x56505bac9ec0 .functor NOT 1, v0x56505bac0ef0_0, C4<0>, C4<0>, C4<0>;
v0x56505ba99370_0 .net "A", 0 0, v0x56505bac0ef0_0;  alias, 1 drivers
v0x56505ba99450_0 .net "Y", 0 0, L_0x56505bac9ec0;  alias, 1 drivers
S_0x56505ba69ec0 .scope module, "_109_" "NOT" 5 171, 2 7 0, S_0x56505ba62660;
 .timescale -9 -10;
    .port_info 0 /INPUT 1 "A"
    .port_info 1 /OUTPUT 1 "Y"
L_0x56505baca090 .functor NOT 1, v0x56505bac8d50_0, C4<0>, C4<0>, C4<0>;
v0x56505ba99600_0 .net "A", 0 0, v0x56505bac8d50_0;  alias, 1 drivers
v0x56505ba996a0_0 .net "Y", 0 0, L_0x56505baca090;  alias, 1 drivers
S_0x56505ba997a0 .scope module, "_110_" "NOT" 5 175, 2 7 0, S_0x56505ba62660;
 .timescale -9 -10;
    .port_info 0 /INPUT 1 "A"
    .port_info 1 /OUTPUT 1 "Y"
L_0x56505baca140 .functor NOT 1, L_0x56505baca1d0, C4<0>, C4<0>, C4<0>;
v0x56505ba999b0_0 .net "A", 0 0, L_0x56505baca1d0;  1 drivers
v0x56505ba99a90_0 .net "Y", 0 0, L_0x56505baca140;  alias, 1 drivers
S_0x56505ba99bb0 .scope module, "_111_" "NOT" 5 179, 2 7 0, S_0x56505ba62660;
 .timescale -9 -10;
    .port_info 0 /INPUT 1 "A"
    .port_info 1 /OUTPUT 1 "Y"
L_0x56505baca290 .functor NOT 1, L_0x56505baca320, C4<0>, C4<0>, C4<0>;
v0x56505ba99e10_0 .net "A", 0 0, L_0x56505baca320;  1 drivers
v0x56505ba99ef0_0 .net "Y", 0 0, L_0x56505baca290;  alias, 1 drivers
S_0x56505ba9a010 .scope module, "_112_" "NOT" 5 183, 2 7 0, S_0x56505ba62660;
 .timescale -9 -10;
    .port_info 0 /INPUT 1 "A"
    .port_info 1 /OUTPUT 1 "Y"
L_0x56505baca450 .functor NOT 1, L_0x56505baca4e0, C4<0>, C4<0>, C4<0>;
v0x56505ba9a220_0 .net "A", 0 0, L_0x56505baca4e0;  1 drivers
v0x56505ba9a300_0 .net "Y", 0 0, L_0x56505baca450;  alias, 1 drivers
S_0x56505ba9a420 .scope module, "_113_" "NOT" 5 187, 2 7 0, S_0x56505ba62660;
 .timescale -9 -10;
    .port_info 0 /INPUT 1 "A"
    .port_info 1 /OUTPUT 1 "Y"
L_0x56505baca580 .functor NOT 1, L_0x56505baca610, C4<0>, C4<0>, C4<0>;
v0x56505ba9a630_0 .net "A", 0 0, L_0x56505baca610;  1 drivers
v0x56505ba9a710_0 .net "Y", 0 0, L_0x56505baca580;  alias, 1 drivers
S_0x56505ba9a830 .scope module, "_114_" "NOT" 5 191, 2 7 0, S_0x56505ba62660;
 .timescale -9 -10;
    .port_info 0 /INPUT 1 "A"
    .port_info 1 /OUTPUT 1 "Y"
L_0x56505baca700 .functor NOT 1, L_0x56505baca770, C4<0>, C4<0>, C4<0>;
v0x56505ba9aa40_0 .net "A", 0 0, L_0x56505baca770;  1 drivers
v0x56505ba9ab20_0 .net "Y", 0 0, L_0x56505baca700;  alias, 1 drivers
S_0x56505ba9ac40 .scope module, "_115_" "NOT" 5 195, 2 7 0, S_0x56505ba62660;
 .timescale -9 -10;
    .port_info 0 /INPUT 1 "A"
    .port_info 1 /OUTPUT 1 "Y"
L_0x56505baca860 .functor NOT 1, L_0x56505baca8f0, C4<0>, C4<0>, C4<0>;
v0x56505ba9ae50_0 .net "A", 0 0, L_0x56505baca8f0;  1 drivers
v0x56505ba9af30_0 .net "Y", 0 0, L_0x56505baca860;  alias, 1 drivers
S_0x56505ba9b050 .scope module, "_116_" "NOT" 5 199, 2 7 0, S_0x56505ba62660;
 .timescale -9 -10;
    .port_info 0 /INPUT 1 "A"
    .port_info 1 /OUTPUT 1 "Y"
L_0x56505bacaa20 .functor NOT 1, L_0x56505bacaab0, C4<0>, C4<0>, C4<0>;
v0x56505ba9b210_0 .net "A", 0 0, L_0x56505bacaab0;  1 drivers
v0x56505ba9b2f0_0 .net "Y", 0 0, L_0x56505bacaa20;  alias, 1 drivers
S_0x56505ba9b410 .scope module, "_117_" "NOT" 5 203, 2 7 0, S_0x56505ba62660;
 .timescale -9 -10;
    .port_info 0 /INPUT 1 "A"
    .port_info 1 /OUTPUT 1 "Y"
L_0x56505bacaba0 .functor NOT 1, L_0x56505bacac30, C4<0>, C4<0>, C4<0>;
v0x56505ba9b620_0 .net "A", 0 0, L_0x56505bacac30;  1 drivers
v0x56505ba9b700_0 .net "Y", 0 0, L_0x56505bacaba0;  alias, 1 drivers
S_0x56505ba9b820 .scope module, "_118_" "NOT" 5 207, 2 7 0, S_0x56505ba62660;
 .timescale -9 -10;
    .port_info 0 /INPUT 1 "A"
    .port_info 1 /OUTPUT 1 "Y"
L_0x56505bacad70 .functor NOT 1, L_0x56505bacae00, C4<0>, C4<0>, C4<0>;
v0x56505ba9ba30_0 .net "A", 0 0, L_0x56505bacae00;  1 drivers
v0x56505ba9bb10_0 .net "Y", 0 0, L_0x56505bacad70;  alias, 1 drivers
S_0x56505ba9bc30 .scope module, "_119_" "NOT" 5 211, 2 7 0, S_0x56505ba62660;
 .timescale -9 -10;
    .port_info 0 /INPUT 1 "A"
    .port_info 1 /OUTPUT 1 "Y"
L_0x56505bacaef0 .functor NOT 1, L_0x56505bacaf80, C4<0>, C4<0>, C4<0>;
v0x56505ba9be40_0 .net "A", 0 0, L_0x56505bacaf80;  1 drivers
v0x56505ba9bf20_0 .net "Y", 0 0, L_0x56505bacaef0;  alias, 1 drivers
S_0x56505ba9c040 .scope module, "_120_" "NOT" 5 215, 2 7 0, S_0x56505ba62660;
 .timescale -9 -10;
    .port_info 0 /INPUT 1 "A"
    .port_info 1 /OUTPUT 1 "Y"
L_0x56505bacb080 .functor NOT 1, L_0x56505bacb110, C4<0>, C4<0>, C4<0>;
v0x56505ba9c250_0 .net "A", 0 0, L_0x56505bacb110;  1 drivers
v0x56505ba9c330_0 .net "Y", 0 0, L_0x56505bacb080;  alias, 1 drivers
S_0x56505ba9c450 .scope module, "_121_" "NOT" 5 219, 2 7 0, S_0x56505ba62660;
 .timescale -9 -10;
    .port_info 0 /INPUT 1 "A"
    .port_info 1 /OUTPUT 1 "Y"
L_0x56505bacb1b0 .functor NOT 1, L_0x56505bacb240, C4<0>, C4<0>, C4<0>;
v0x56505ba9c660_0 .net "A", 0 0, L_0x56505bacb240;  1 drivers
v0x56505ba9c740_0 .net "Y", 0 0, L_0x56505bacb1b0;  alias, 1 drivers
S_0x56505ba9c860 .scope module, "_122_" "NOT" 5 223, 2 7 0, S_0x56505ba62660;
 .timescale -9 -10;
    .port_info 0 /INPUT 1 "A"
    .port_info 1 /OUTPUT 1 "Y"
L_0x56505bacb3a0 .functor NOT 1, L_0x56505bacb430, C4<0>, C4<0>, C4<0>;
v0x56505ba9ca70_0 .net "A", 0 0, L_0x56505bacb430;  1 drivers
v0x56505ba9cb50_0 .net "Y", 0 0, L_0x56505bacb3a0;  alias, 1 drivers
S_0x56505ba9cc70 .scope module, "_123_" "NOT" 5 227, 2 7 0, S_0x56505ba62660;
 .timescale -9 -10;
    .port_info 0 /INPUT 1 "A"
    .port_info 1 /OUTPUT 1 "Y"
L_0x56505bacb520 .functor NOT 1, L_0x56505bacb5b0, C4<0>, C4<0>, C4<0>;
v0x56505ba9ce80_0 .net "A", 0 0, L_0x56505bacb5b0;  1 drivers
v0x56505ba9cf60_0 .net "Y", 0 0, L_0x56505bacb520;  alias, 1 drivers
S_0x56505ba9d080 .scope module, "_124_" "NOT" 5 231, 2 7 0, S_0x56505ba62660;
 .timescale -9 -10;
    .port_info 0 /INPUT 1 "A"
    .port_info 1 /OUTPUT 1 "Y"
L_0x56505bacb330 .functor NOT 1, L_0x56505bacb740, C4<0>, C4<0>, C4<0>;
v0x56505ba9d290_0 .net "A", 0 0, L_0x56505bacb740;  1 drivers
v0x56505ba9d370_0 .net "Y", 0 0, L_0x56505bacb330;  alias, 1 drivers
S_0x56505ba9d490 .scope module, "_125_" "NOT" 5 235, 2 7 0, S_0x56505ba62660;
 .timescale -9 -10;
    .port_info 0 /INPUT 1 "A"
    .port_info 1 /OUTPUT 1 "Y"
L_0x56505bacb830 .functor NOT 1, L_0x56505bacb8c0, C4<0>, C4<0>, C4<0>;
v0x56505ba9d6a0_0 .net "A", 0 0, L_0x56505bacb8c0;  1 drivers
v0x56505ba9d780_0 .net "Y", 0 0, L_0x56505bacb830;  alias, 1 drivers
S_0x56505ba9d8a0 .scope module, "_126_" "NOT" 5 239, 2 7 0, S_0x56505ba62660;
 .timescale -9 -10;
    .port_info 0 /INPUT 1 "A"
    .port_info 1 /OUTPUT 1 "Y"
L_0x56505bacba40 .functor NOT 1, v0x56505babb930_0, C4<0>, C4<0>, C4<0>;
v0x56505ba9dab0_0 .net "A", 0 0, v0x56505babb930_0;  alias, 1 drivers
v0x56505ba9db90_0 .net "Y", 0 0, L_0x56505bacba40;  alias, 1 drivers
S_0x56505ba9dcb0 .scope module, "_127_" "NOR" 5 243, 2 19 0, S_0x56505ba62660;
 .timescale -9 -10;
    .port_info 0 /INPUT 1 "A"
    .port_info 1 /INPUT 1 "B"
    .port_info 2 /OUTPUT 1 "Y"
L_0x56505bacbaf0 .functor OR 1, L_0x56505bac9e30, L_0x56505bac9ec0, C4<0>, C4<0>;
L_0x56505bacbb80 .functor NOT 1, L_0x56505bacbaf0, C4<0>, C4<0>, C4<0>;
v0x56505ba9ded0_0 .net "A", 0 0, L_0x56505bac9e30;  alias, 1 drivers
v0x56505ba9df90_0 .net "B", 0 0, L_0x56505bac9ec0;  alias, 1 drivers
v0x56505ba9e060_0 .net "Y", 0 0, L_0x56505bacbb80;  alias, 1 drivers
v0x56505ba9e130_0 .net *"_s0", 0 0, L_0x56505bacbaf0;  1 drivers
S_0x56505ba9e250 .scope module, "_128_" "NOR" 5 248, 2 19 0, S_0x56505ba62660;
 .timescale -9 -10;
    .port_info 0 /INPUT 1 "A"
    .port_info 1 /INPUT 1 "B"
    .port_info 2 /OUTPUT 1 "Y"
L_0x56505bacbc10 .functor OR 1, v0x56505bac9150_0, v0x56505bac0ef0_0, C4<0>, C4<0>;
L_0x56505bacbdb0 .functor NOT 1, L_0x56505bacbc10, C4<0>, C4<0>, C4<0>;
v0x56505ba9e470_0 .net "A", 0 0, v0x56505bac9150_0;  alias, 1 drivers
v0x56505ba9e580_0 .net "B", 0 0, v0x56505bac0ef0_0;  alias, 1 drivers
v0x56505ba9e640_0 .net "Y", 0 0, L_0x56505bacbdb0;  alias, 1 drivers
v0x56505ba9e710_0 .net *"_s0", 0 0, L_0x56505bacbc10;  1 drivers
S_0x56505ba9e830 .scope module, "_129_" "NOT" 5 253, 2 7 0, S_0x56505ba62660;
 .timescale -9 -10;
    .port_info 0 /INPUT 1 "A"
    .port_info 1 /OUTPUT 1 "Y"
L_0x56505bacbe90 .functor NOT 1, L_0x56505bacbdb0, C4<0>, C4<0>, C4<0>;
v0x56505ba9ea40_0 .net "A", 0 0, L_0x56505bacbdb0;  alias, 1 drivers
v0x56505ba9eb30_0 .net "Y", 0 0, L_0x56505bacbe90;  alias, 1 drivers
S_0x56505ba9ec30 .scope module, "_130_" "NAND" 5 257, 2 13 0, S_0x56505ba62660;
 .timescale -9 -10;
    .port_info 0 /INPUT 1 "A"
    .port_info 1 /INPUT 1 "B"
    .port_info 2 /OUTPUT 1 "Y"
L_0x56505bacbf40 .functor AND 1, v0x56505bac8d50_0, L_0x56505bacbe90, C4<1>, C4<1>;
L_0x56505bacc060 .functor NOT 1, L_0x56505bacbf40, C4<0>, C4<0>, C4<0>;
v0x56505ba9ee50_0 .net "A", 0 0, v0x56505bac8d50_0;  alias, 1 drivers
v0x56505ba9ef60_0 .net "B", 0 0, L_0x56505bacbe90;  alias, 1 drivers
v0x56505ba9f020_0 .net "Y", 0 0, L_0x56505bacc060;  alias, 1 drivers
v0x56505ba9f0f0_0 .net *"_s0", 0 0, L_0x56505bacbf40;  1 drivers
S_0x56505ba9f210 .scope module, "_131_" "NOR" 5 262, 2 19 0, S_0x56505ba62660;
 .timescale -9 -10;
    .port_info 0 /INPUT 1 "A"
    .port_info 1 /INPUT 1 "B"
    .port_info 2 /OUTPUT 1 "Y"
L_0x56505bacc0f0 .functor OR 1, L_0x56505bacbb80, L_0x56505bacc060, C4<0>, C4<0>;
L_0x56505bacc210 .functor NOT 1, L_0x56505bacc0f0, C4<0>, C4<0>, C4<0>;
v0x56505ba9f430_0 .net "A", 0 0, L_0x56505bacbb80;  alias, 1 drivers
v0x56505ba9f520_0 .net "B", 0 0, L_0x56505bacc060;  alias, 1 drivers
v0x56505ba9f5f0_0 .net "Y", 0 0, L_0x56505bacc210;  alias, 1 drivers
v0x56505ba9f6c0_0 .net *"_s0", 0 0, L_0x56505bacc0f0;  1 drivers
S_0x56505ba9f7e0 .scope module, "_132_" "NOR" 5 267, 2 19 0, S_0x56505ba62660;
 .timescale -9 -10;
    .port_info 0 /INPUT 1 "A"
    .port_info 1 /INPUT 1 "B"
    .port_info 2 /OUTPUT 1 "Y"
L_0x56505bacc2a0 .functor OR 1, L_0x56505bac9e30, v0x56505babb930_0, C4<0>, C4<0>;
L_0x56505bacc440 .functor NOT 1, L_0x56505bacc2a0, C4<0>, C4<0>, C4<0>;
v0x56505ba9fa00_0 .net "A", 0 0, L_0x56505bac9e30;  alias, 1 drivers
v0x56505ba9fb10_0 .net "B", 0 0, v0x56505babb930_0;  alias, 1 drivers
v0x56505ba9fbd0_0 .net "Y", 0 0, L_0x56505bacc440;  alias, 1 drivers
v0x56505ba9fca0_0 .net *"_s0", 0 0, L_0x56505bacc2a0;  1 drivers
S_0x56505ba9fdc0 .scope module, "_133_" "NAND" 5 272, 2 13 0, S_0x56505ba62660;
 .timescale -9 -10;
    .port_info 0 /INPUT 1 "A"
    .port_info 1 /INPUT 1 "B"
    .port_info 2 /OUTPUT 1 "Y"
L_0x56505bacc4d0 .functor AND 1, v0x56505bac9150_0, L_0x56505bacba40, C4<1>, C4<1>;
L_0x56505bacc560 .functor NOT 1, L_0x56505bacc4d0, C4<0>, C4<0>, C4<0>;
v0x56505ba9ffe0_0 .net "A", 0 0, v0x56505bac9150_0;  alias, 1 drivers
v0x56505baa00a0_0 .net "B", 0 0, L_0x56505bacba40;  alias, 1 drivers
v0x56505baa0190_0 .net "Y", 0 0, L_0x56505bacc560;  alias, 1 drivers
v0x56505baa0260_0 .net *"_s0", 0 0, L_0x56505bacc4d0;  1 drivers
S_0x56505baa0380 .scope module, "_134_" "NOR" 5 277, 2 19 0, S_0x56505ba62660;
 .timescale -9 -10;
    .port_info 0 /INPUT 1 "A"
    .port_info 1 /INPUT 1 "B"
    .port_info 2 /OUTPUT 1 "Y"
L_0x56505bacc680 .functor OR 1, L_0x56505bacbb80, L_0x56505bacc440, C4<0>, C4<0>;
L_0x56505bacc7a0 .functor NOT 1, L_0x56505bacc680, C4<0>, C4<0>, C4<0>;
v0x56505baa05a0_0 .net "A", 0 0, L_0x56505bacbb80;  alias, 1 drivers
v0x56505baa06b0_0 .net "B", 0 0, L_0x56505bacc440;  alias, 1 drivers
v0x56505baa0770_0 .net "Y", 0 0, L_0x56505bacc7a0;  alias, 1 drivers
v0x56505baa0840_0 .net *"_s0", 0 0, L_0x56505bacc680;  1 drivers
S_0x56505baa0960 .scope module, "_135_" "NOR" 5 282, 2 19 0, S_0x56505ba62660;
 .timescale -9 -10;
    .port_info 0 /INPUT 1 "A"
    .port_info 1 /INPUT 1 "B"
    .port_info 2 /OUTPUT 1 "Y"
L_0x56505bacc830 .functor OR 1, L_0x56505bacc930, L_0x56505bacc7a0, C4<0>, C4<0>;
L_0x56505bacc8c0 .functor NOT 1, L_0x56505bacc830, C4<0>, C4<0>, C4<0>;
v0x56505baa0b80_0 .net "A", 0 0, L_0x56505bacc930;  1 drivers
v0x56505baa0c60_0 .net "B", 0 0, L_0x56505bacc7a0;  alias, 1 drivers
v0x56505baa0d50_0 .net "Y", 0 0, L_0x56505bacc8c0;  alias, 1 drivers
v0x56505baa0e20_0 .net *"_s0", 0 0, L_0x56505bacc830;  1 drivers
S_0x56505baa0f40 .scope module, "_136_" "NAND" 5 287, 2 13 0, S_0x56505ba62660;
 .timescale -9 -10;
    .port_info 0 /INPUT 1 "A"
    .port_info 1 /INPUT 1 "B"
    .port_info 2 /OUTPUT 1 "Y"
L_0x56505bacca20 .functor AND 1, L_0x56505baca140, L_0x56505bacc7a0, C4<1>, C4<1>;
L_0x56505baccb40 .functor NOT 1, L_0x56505bacca20, C4<0>, C4<0>, C4<0>;
v0x56505baa1160_0 .net "A", 0 0, L_0x56505baca140;  alias, 1 drivers
v0x56505baa1250_0 .net "B", 0 0, L_0x56505bacc7a0;  alias, 1 drivers
v0x56505baa1340_0 .net "Y", 0 0, L_0x56505baccb40;  alias, 1 drivers
v0x56505baa13e0_0 .net *"_s0", 0 0, L_0x56505bacca20;  1 drivers
S_0x56505baa1520 .scope module, "_137_" "NAND" 5 292, 2 13 0, S_0x56505ba62660;
 .timescale -9 -10;
    .port_info 0 /INPUT 1 "A"
    .port_info 1 /INPUT 1 "B"
    .port_info 2 /OUTPUT 1 "Y"
L_0x56505baccbd0 .functor AND 1, v0x56505bac8d50_0, L_0x56505baccb40, C4<1>, C4<1>;
L_0x56505bacccf0 .functor NOT 1, L_0x56505baccbd0, C4<0>, C4<0>, C4<0>;
v0x56505baa1740_0 .net "A", 0 0, v0x56505bac8d50_0;  alias, 1 drivers
v0x56505baa1800_0 .net "B", 0 0, L_0x56505baccb40;  alias, 1 drivers
v0x56505baa18f0_0 .net "Y", 0 0, L_0x56505bacccf0;  alias, 1 drivers
v0x56505baa19c0_0 .net *"_s0", 0 0, L_0x56505baccbd0;  1 drivers
S_0x56505baa1ae0 .scope module, "_138_" "NOR" 5 297, 2 19 0, S_0x56505ba62660;
 .timescale -9 -10;
    .port_info 0 /INPUT 1 "A"
    .port_info 1 /INPUT 1 "B"
    .port_info 2 /OUTPUT 1 "Y"
L_0x56505baccd80 .functor OR 1, L_0x56505bacc8c0, L_0x56505bacccf0, C4<0>, C4<0>;
L_0x56505baccf30 .functor NOT 1, L_0x56505baccd80, C4<0>, C4<0>, C4<0>;
v0x56505baa1d00_0 .net "A", 0 0, L_0x56505bacc8c0;  alias, 1 drivers
v0x56505baa1df0_0 .net "B", 0 0, L_0x56505bacccf0;  alias, 1 drivers
v0x56505baa1ec0_0 .net "Y", 0 0, L_0x56505baccf30;  1 drivers
v0x56505baa1f90_0 .net *"_s0", 0 0, L_0x56505baccd80;  1 drivers
S_0x56505baa20b0 .scope module, "_139_" "NOR" 5 302, 2 19 0, S_0x56505ba62660;
 .timescale -9 -10;
    .port_info 0 /INPUT 1 "A"
    .port_info 1 /INPUT 1 "B"
    .port_info 2 /OUTPUT 1 "Y"
L_0x56505baccfc0 .functor OR 1, L_0x56505bacd0a0, L_0x56505bacc7a0, C4<0>, C4<0>;
L_0x56505bacd030 .functor NOT 1, L_0x56505baccfc0, C4<0>, C4<0>, C4<0>;
v0x56505baa22d0_0 .net "A", 0 0, L_0x56505bacd0a0;  1 drivers
v0x56505baa23b0_0 .net "B", 0 0, L_0x56505bacc7a0;  alias, 1 drivers
v0x56505baa2470_0 .net "Y", 0 0, L_0x56505bacd030;  alias, 1 drivers
v0x56505baa2540_0 .net *"_s0", 0 0, L_0x56505baccfc0;  1 drivers
S_0x56505baa2680 .scope module, "_140_" "NAND" 5 307, 2 13 0, S_0x56505ba62660;
 .timescale -9 -10;
    .port_info 0 /INPUT 1 "A"
    .port_info 1 /INPUT 1 "B"
    .port_info 2 /OUTPUT 1 "Y"
L_0x56505bacd230 .functor AND 1, L_0x56505baca290, L_0x56505bacc7a0, C4<1>, C4<1>;
L_0x56505bacd2c0 .functor NOT 1, L_0x56505bacd230, C4<0>, C4<0>, C4<0>;
v0x56505baa28a0_0 .net "A", 0 0, L_0x56505baca290;  alias, 1 drivers
v0x56505baa2990_0 .net "B", 0 0, L_0x56505bacc7a0;  alias, 1 drivers
v0x56505baa2a30_0 .net "Y", 0 0, L_0x56505bacd2c0;  alias, 1 drivers
v0x56505baa2b00_0 .net *"_s0", 0 0, L_0x56505bacd230;  1 drivers
S_0x56505baa2c40 .scope module, "_141_" "NAND" 5 312, 2 13 0, S_0x56505ba62660;
 .timescale -9 -10;
    .port_info 0 /INPUT 1 "A"
    .port_info 1 /INPUT 1 "B"
    .port_info 2 /OUTPUT 1 "Y"
L_0x56505bacd350 .functor AND 1, v0x56505bac8d50_0, L_0x56505bacd2c0, C4<1>, C4<1>;
L_0x56505bacd470 .functor NOT 1, L_0x56505bacd350, C4<0>, C4<0>, C4<0>;
v0x56505baa2e10_0 .net "A", 0 0, v0x56505bac8d50_0;  alias, 1 drivers
v0x56505baa2ed0_0 .net "B", 0 0, L_0x56505bacd2c0;  alias, 1 drivers
v0x56505baa2fc0_0 .net "Y", 0 0, L_0x56505bacd470;  alias, 1 drivers
v0x56505baa3090_0 .net *"_s0", 0 0, L_0x56505bacd350;  1 drivers
S_0x56505baa31b0 .scope module, "_142_" "NOR" 5 317, 2 19 0, S_0x56505ba62660;
 .timescale -9 -10;
    .port_info 0 /INPUT 1 "A"
    .port_info 1 /INPUT 1 "B"
    .port_info 2 /OUTPUT 1 "Y"
L_0x56505bacd500 .functor OR 1, L_0x56505bacd030, L_0x56505bacd470, C4<0>, C4<0>;
L_0x56505bacd6b0 .functor NOT 1, L_0x56505bacd500, C4<0>, C4<0>, C4<0>;
v0x56505baa3380_0 .net "A", 0 0, L_0x56505bacd030;  alias, 1 drivers
v0x56505baa3470_0 .net "B", 0 0, L_0x56505bacd470;  alias, 1 drivers
v0x56505baa3540_0 .net "Y", 0 0, L_0x56505bacd6b0;  1 drivers
v0x56505baa3610_0 .net *"_s0", 0 0, L_0x56505bacd500;  1 drivers
S_0x56505baa3730 .scope module, "_143_" "NOR" 5 322, 2 19 0, S_0x56505ba62660;
 .timescale -9 -10;
    .port_info 0 /INPUT 1 "A"
    .port_info 1 /INPUT 1 "B"
    .port_info 2 /OUTPUT 1 "Y"
L_0x56505bacd740 .functor OR 1, L_0x56505bacd820, L_0x56505bacc7a0, C4<0>, C4<0>;
L_0x56505bacd7b0 .functor NOT 1, L_0x56505bacd740, C4<0>, C4<0>, C4<0>;
v0x56505baa3950_0 .net "A", 0 0, L_0x56505bacd820;  1 drivers
v0x56505baa3a30_0 .net "B", 0 0, L_0x56505bacc7a0;  alias, 1 drivers
v0x56505baa3af0_0 .net "Y", 0 0, L_0x56505bacd7b0;  alias, 1 drivers
v0x56505baa3bc0_0 .net *"_s0", 0 0, L_0x56505bacd740;  1 drivers
S_0x56505baa3d00 .scope module, "_144_" "NAND" 5 327, 2 13 0, S_0x56505ba62660;
 .timescale -9 -10;
    .port_info 0 /INPUT 1 "A"
    .port_info 1 /INPUT 1 "B"
    .port_info 2 /OUTPUT 1 "Y"
L_0x56505bacd910 .functor AND 1, L_0x56505baca450, L_0x56505bacc7a0, C4<1>, C4<1>;
L_0x56505bacda30 .functor NOT 1, L_0x56505bacd910, C4<0>, C4<0>, C4<0>;
v0x56505baa3f20_0 .net "A", 0 0, L_0x56505baca450;  alias, 1 drivers
v0x56505baa4010_0 .net "B", 0 0, L_0x56505bacc7a0;  alias, 1 drivers
v0x56505baa40b0_0 .net "Y", 0 0, L_0x56505bacda30;  alias, 1 drivers
v0x56505baa4180_0 .net *"_s0", 0 0, L_0x56505bacd910;  1 drivers
S_0x56505baa42c0 .scope module, "_145_" "NAND" 5 332, 2 13 0, S_0x56505ba62660;
 .timescale -9 -10;
    .port_info 0 /INPUT 1 "A"
    .port_info 1 /INPUT 1 "B"
    .port_info 2 /OUTPUT 1 "Y"
L_0x56505bacdac0 .functor AND 1, v0x56505bac8d50_0, L_0x56505bacda30, C4<1>, C4<1>;
L_0x56505bacdbe0 .functor NOT 1, L_0x56505bacdac0, C4<0>, C4<0>, C4<0>;
v0x56505baa44e0_0 .net "A", 0 0, v0x56505bac8d50_0;  alias, 1 drivers
v0x56505baa45a0_0 .net "B", 0 0, L_0x56505bacda30;  alias, 1 drivers
v0x56505baa4690_0 .net "Y", 0 0, L_0x56505bacdbe0;  alias, 1 drivers
v0x56505baa4760_0 .net *"_s0", 0 0, L_0x56505bacdac0;  1 drivers
S_0x56505baa4880 .scope module, "_146_" "NOR" 5 337, 2 19 0, S_0x56505ba62660;
 .timescale -9 -10;
    .port_info 0 /INPUT 1 "A"
    .port_info 1 /INPUT 1 "B"
    .port_info 2 /OUTPUT 1 "Y"
L_0x56505bacdc70 .functor OR 1, L_0x56505bacd7b0, L_0x56505bacdbe0, C4<0>, C4<0>;
L_0x56505bacde20 .functor NOT 1, L_0x56505bacdc70, C4<0>, C4<0>, C4<0>;
v0x56505baa4aa0_0 .net "A", 0 0, L_0x56505bacd7b0;  alias, 1 drivers
v0x56505baa4b90_0 .net "B", 0 0, L_0x56505bacdbe0;  alias, 1 drivers
v0x56505baa4c60_0 .net "Y", 0 0, L_0x56505bacde20;  1 drivers
v0x56505baa4d30_0 .net *"_s0", 0 0, L_0x56505bacdc70;  1 drivers
S_0x56505baa4e50 .scope module, "_147_" "NOR" 5 342, 2 19 0, S_0x56505ba62660;
 .timescale -9 -10;
    .port_info 0 /INPUT 1 "A"
    .port_info 1 /INPUT 1 "B"
    .port_info 2 /OUTPUT 1 "Y"
L_0x56505bacdeb0 .functor OR 1, L_0x56505bacdf90, L_0x56505bacc7a0, C4<0>, C4<0>;
L_0x56505bacdf20 .functor NOT 1, L_0x56505bacdeb0, C4<0>, C4<0>, C4<0>;
v0x56505baa5070_0 .net "A", 0 0, L_0x56505bacdf90;  1 drivers
v0x56505baa5150_0 .net "B", 0 0, L_0x56505bacc7a0;  alias, 1 drivers
v0x56505baa5210_0 .net "Y", 0 0, L_0x56505bacdf20;  alias, 1 drivers
v0x56505baa52e0_0 .net *"_s0", 0 0, L_0x56505bacdeb0;  1 drivers
S_0x56505baa5420 .scope module, "_148_" "NAND" 5 347, 2 13 0, S_0x56505ba62660;
 .timescale -9 -10;
    .port_info 0 /INPUT 1 "A"
    .port_info 1 /INPUT 1 "B"
    .port_info 2 /OUTPUT 1 "Y"
L_0x56505bace130 .functor AND 1, L_0x56505baca580, L_0x56505bacc7a0, C4<1>, C4<1>;
L_0x56505bace250 .functor NOT 1, L_0x56505bace130, C4<0>, C4<0>, C4<0>;
v0x56505baa5640_0 .net "A", 0 0, L_0x56505baca580;  alias, 1 drivers
v0x56505baa5730_0 .net "B", 0 0, L_0x56505bacc7a0;  alias, 1 drivers
v0x56505baa57d0_0 .net "Y", 0 0, L_0x56505bace250;  alias, 1 drivers
v0x56505baa58a0_0 .net *"_s0", 0 0, L_0x56505bace130;  1 drivers
S_0x56505baa59e0 .scope module, "_149_" "NAND" 5 352, 2 13 0, S_0x56505ba62660;
 .timescale -9 -10;
    .port_info 0 /INPUT 1 "A"
    .port_info 1 /INPUT 1 "B"
    .port_info 2 /OUTPUT 1 "Y"
L_0x56505bace2e0 .functor AND 1, v0x56505bac8d50_0, L_0x56505bace250, C4<1>, C4<1>;
L_0x56505bace400 .functor NOT 1, L_0x56505bace2e0, C4<0>, C4<0>, C4<0>;
v0x56505baa5c00_0 .net "A", 0 0, v0x56505bac8d50_0;  alias, 1 drivers
v0x56505baa5cc0_0 .net "B", 0 0, L_0x56505bace250;  alias, 1 drivers
v0x56505baa5db0_0 .net "Y", 0 0, L_0x56505bace400;  alias, 1 drivers
v0x56505baa5e80_0 .net *"_s0", 0 0, L_0x56505bace2e0;  1 drivers
S_0x56505baa5fa0 .scope module, "_150_" "NOR" 5 357, 2 19 0, S_0x56505ba62660;
 .timescale -9 -10;
    .port_info 0 /INPUT 1 "A"
    .port_info 1 /INPUT 1 "B"
    .port_info 2 /OUTPUT 1 "Y"
L_0x56505bace490 .functor OR 1, L_0x56505bacdf20, L_0x56505bace400, C4<0>, C4<0>;
L_0x56505bace640 .functor NOT 1, L_0x56505bace490, C4<0>, C4<0>, C4<0>;
v0x56505baa61c0_0 .net "A", 0 0, L_0x56505bacdf20;  alias, 1 drivers
v0x56505baa62b0_0 .net "B", 0 0, L_0x56505bace400;  alias, 1 drivers
v0x56505baa6380_0 .net "Y", 0 0, L_0x56505bace640;  1 drivers
v0x56505baa6450_0 .net *"_s0", 0 0, L_0x56505bace490;  1 drivers
S_0x56505baa6570 .scope module, "_151_" "NOR" 5 362, 2 19 0, S_0x56505ba62660;
 .timescale -9 -10;
    .port_info 0 /INPUT 1 "A"
    .port_info 1 /INPUT 1 "B"
    .port_info 2 /OUTPUT 1 "Y"
L_0x56505bace6d0 .functor OR 1, L_0x56505bacd190, L_0x56505bacc7a0, C4<0>, C4<0>;
L_0x56505bace740 .functor NOT 1, L_0x56505bace6d0, C4<0>, C4<0>, C4<0>;
v0x56505baa6790_0 .net "A", 0 0, L_0x56505bacd190;  1 drivers
v0x56505baa6870_0 .net "B", 0 0, L_0x56505bacc7a0;  alias, 1 drivers
v0x56505baa6930_0 .net "Y", 0 0, L_0x56505bace740;  alias, 1 drivers
v0x56505baa6a00_0 .net *"_s0", 0 0, L_0x56505bace6d0;  1 drivers
S_0x56505baa6b40 .scope module, "_152_" "NAND" 5 367, 2 13 0, S_0x56505ba62660;
 .timescale -9 -10;
    .port_info 0 /INPUT 1 "A"
    .port_info 1 /INPUT 1 "B"
    .port_info 2 /OUTPUT 1 "Y"
L_0x56505bace800 .functor AND 1, L_0x56505baca700, L_0x56505bacc7a0, C4<1>, C4<1>;
L_0x56505bace920 .functor NOT 1, L_0x56505bace800, C4<0>, C4<0>, C4<0>;
v0x56505baa6d60_0 .net "A", 0 0, L_0x56505baca700;  alias, 1 drivers
v0x56505baa6e50_0 .net "B", 0 0, L_0x56505bacc7a0;  alias, 1 drivers
v0x56505baa6ef0_0 .net "Y", 0 0, L_0x56505bace920;  alias, 1 drivers
v0x56505baa6fc0_0 .net *"_s0", 0 0, L_0x56505bace800;  1 drivers
S_0x56505baa7100 .scope module, "_153_" "NAND" 5 372, 2 13 0, S_0x56505ba62660;
 .timescale -9 -10;
    .port_info 0 /INPUT 1 "A"
    .port_info 1 /INPUT 1 "B"
    .port_info 2 /OUTPUT 1 "Y"
L_0x56505bace9b0 .functor AND 1, v0x56505bac8d50_0, L_0x56505bace920, C4<1>, C4<1>;
L_0x56505bacead0 .functor NOT 1, L_0x56505bace9b0, C4<0>, C4<0>, C4<0>;
v0x56505baa7320_0 .net "A", 0 0, v0x56505bac8d50_0;  alias, 1 drivers
v0x56505baa73e0_0 .net "B", 0 0, L_0x56505bace920;  alias, 1 drivers
v0x56505baa74d0_0 .net "Y", 0 0, L_0x56505bacead0;  alias, 1 drivers
v0x56505baa75a0_0 .net *"_s0", 0 0, L_0x56505bace9b0;  1 drivers
S_0x56505baa76c0 .scope module, "_154_" "NOR" 5 377, 2 19 0, S_0x56505ba62660;
 .timescale -9 -10;
    .port_info 0 /INPUT 1 "A"
    .port_info 1 /INPUT 1 "B"
    .port_info 2 /OUTPUT 1 "Y"
L_0x56505baceb60 .functor OR 1, L_0x56505bace740, L_0x56505bacead0, C4<0>, C4<0>;
L_0x56505baced10 .functor NOT 1, L_0x56505baceb60, C4<0>, C4<0>, C4<0>;
v0x56505baa78e0_0 .net "A", 0 0, L_0x56505bace740;  alias, 1 drivers
v0x56505baa79d0_0 .net "B", 0 0, L_0x56505bacead0;  alias, 1 drivers
v0x56505baa7aa0_0 .net "Y", 0 0, L_0x56505baced10;  1 drivers
v0x56505baa7b70_0 .net *"_s0", 0 0, L_0x56505baceb60;  1 drivers
S_0x56505baa7c90 .scope module, "_155_" "NOR" 5 382, 2 19 0, S_0x56505ba62660;
 .timescale -9 -10;
    .port_info 0 /INPUT 1 "A"
    .port_info 1 /INPUT 1 "B"
    .port_info 2 /OUTPUT 1 "Y"
L_0x56505baceda0 .functor OR 1, L_0x56505bacee80, L_0x56505bacc7a0, C4<0>, C4<0>;
L_0x56505bacee10 .functor NOT 1, L_0x56505baceda0, C4<0>, C4<0>, C4<0>;
v0x56505baa7eb0_0 .net "A", 0 0, L_0x56505bacee80;  1 drivers
v0x56505baa7f90_0 .net "B", 0 0, L_0x56505bacc7a0;  alias, 1 drivers
v0x56505baa8050_0 .net "Y", 0 0, L_0x56505bacee10;  alias, 1 drivers
v0x56505baa8120_0 .net *"_s0", 0 0, L_0x56505baceda0;  1 drivers
S_0x56505baa8260 .scope module, "_156_" "NAND" 5 387, 2 13 0, S_0x56505ba62660;
 .timescale -9 -10;
    .port_info 0 /INPUT 1 "A"
    .port_info 1 /INPUT 1 "B"
    .port_info 2 /OUTPUT 1 "Y"
L_0x56505bacf030 .functor AND 1, L_0x56505baca860, L_0x56505bacc7a0, C4<1>, C4<1>;
L_0x56505bacf150 .functor NOT 1, L_0x56505bacf030, C4<0>, C4<0>, C4<0>;
v0x56505baa8480_0 .net "A", 0 0, L_0x56505baca860;  alias, 1 drivers
v0x56505baa8570_0 .net "B", 0 0, L_0x56505bacc7a0;  alias, 1 drivers
v0x56505baa8610_0 .net "Y", 0 0, L_0x56505bacf150;  alias, 1 drivers
v0x56505baa86e0_0 .net *"_s0", 0 0, L_0x56505bacf030;  1 drivers
S_0x56505baa8820 .scope module, "_157_" "NAND" 5 392, 2 13 0, S_0x56505ba62660;
 .timescale -9 -10;
    .port_info 0 /INPUT 1 "A"
    .port_info 1 /INPUT 1 "B"
    .port_info 2 /OUTPUT 1 "Y"
L_0x56505bacf1e0 .functor AND 1, v0x56505bac8d50_0, L_0x56505bacf150, C4<1>, C4<1>;
L_0x56505bacf300 .functor NOT 1, L_0x56505bacf1e0, C4<0>, C4<0>, C4<0>;
v0x56505baa8a40_0 .net "A", 0 0, v0x56505bac8d50_0;  alias, 1 drivers
v0x56505baa8b00_0 .net "B", 0 0, L_0x56505bacf150;  alias, 1 drivers
v0x56505baa8bf0_0 .net "Y", 0 0, L_0x56505bacf300;  alias, 1 drivers
v0x56505baa8cc0_0 .net *"_s0", 0 0, L_0x56505bacf1e0;  1 drivers
S_0x56505baa8de0 .scope module, "_158_" "NOR" 5 397, 2 19 0, S_0x56505ba62660;
 .timescale -9 -10;
    .port_info 0 /INPUT 1 "A"
    .port_info 1 /INPUT 1 "B"
    .port_info 2 /OUTPUT 1 "Y"
L_0x56505bacf390 .functor OR 1, L_0x56505bacee10, L_0x56505bacf300, C4<0>, C4<0>;
L_0x56505bacf540 .functor NOT 1, L_0x56505bacf390, C4<0>, C4<0>, C4<0>;
v0x56505baa9000_0 .net "A", 0 0, L_0x56505bacee10;  alias, 1 drivers
v0x56505baa90f0_0 .net "B", 0 0, L_0x56505bacf300;  alias, 1 drivers
v0x56505baa91c0_0 .net "Y", 0 0, L_0x56505bacf540;  1 drivers
v0x56505baa9290_0 .net *"_s0", 0 0, L_0x56505bacf390;  1 drivers
S_0x56505baa93b0 .scope module, "_159_" "NOR" 5 402, 2 19 0, S_0x56505ba62660;
 .timescale -9 -10;
    .port_info 0 /INPUT 1 "A"
    .port_info 1 /INPUT 1 "B"
    .port_info 2 /OUTPUT 1 "Y"
L_0x56505bacf5d0 .functor OR 1, L_0x56505bacf6b0, L_0x56505bacc7a0, C4<0>, C4<0>;
L_0x56505bacf640 .functor NOT 1, L_0x56505bacf5d0, C4<0>, C4<0>, C4<0>;
v0x56505baa95d0_0 .net "A", 0 0, L_0x56505bacf6b0;  1 drivers
v0x56505baa96b0_0 .net "B", 0 0, L_0x56505bacc7a0;  alias, 1 drivers
v0x56505baa9770_0 .net "Y", 0 0, L_0x56505bacf640;  alias, 1 drivers
v0x56505baa9840_0 .net *"_s0", 0 0, L_0x56505bacf5d0;  1 drivers
S_0x56505baa9980 .scope module, "_160_" "NAND" 5 407, 2 13 0, S_0x56505ba62660;
 .timescale -9 -10;
    .port_info 0 /INPUT 1 "A"
    .port_info 1 /INPUT 1 "B"
    .port_info 2 /OUTPUT 1 "Y"
L_0x56505bacf7a0 .functor AND 1, L_0x56505bacaa20, L_0x56505bacc7a0, C4<1>, C4<1>;
L_0x56505bacfcd0 .functor NOT 1, L_0x56505bacf7a0, C4<0>, C4<0>, C4<0>;
v0x56505baa9ba0_0 .net "A", 0 0, L_0x56505bacaa20;  alias, 1 drivers
v0x56505baa9c90_0 .net "B", 0 0, L_0x56505bacc7a0;  alias, 1 drivers
v0x56505baa9d30_0 .net "Y", 0 0, L_0x56505bacfcd0;  alias, 1 drivers
v0x56505baa9e00_0 .net *"_s0", 0 0, L_0x56505bacf7a0;  1 drivers
S_0x56505baa9f40 .scope module, "_161_" "NAND" 5 412, 2 13 0, S_0x56505ba62660;
 .timescale -9 -10;
    .port_info 0 /INPUT 1 "A"
    .port_info 1 /INPUT 1 "B"
    .port_info 2 /OUTPUT 1 "Y"
L_0x56505bacfd40 .functor AND 1, v0x56505bac8d50_0, L_0x56505bacfcd0, C4<1>, C4<1>;
L_0x56505bacfe40 .functor NOT 1, L_0x56505bacfd40, C4<0>, C4<0>, C4<0>;
v0x56505baaa160_0 .net "A", 0 0, v0x56505bac8d50_0;  alias, 1 drivers
v0x56505baaa220_0 .net "B", 0 0, L_0x56505bacfcd0;  alias, 1 drivers
v0x56505baaa310_0 .net "Y", 0 0, L_0x56505bacfe40;  alias, 1 drivers
v0x56505baaa3e0_0 .net *"_s0", 0 0, L_0x56505bacfd40;  1 drivers
S_0x56505baaa500 .scope module, "_162_" "NOR" 5 417, 2 19 0, S_0x56505ba62660;
 .timescale -9 -10;
    .port_info 0 /INPUT 1 "A"
    .port_info 1 /INPUT 1 "B"
    .port_info 2 /OUTPUT 1 "Y"
L_0x56505bacfeb0 .functor OR 1, L_0x56505bacf640, L_0x56505bacfe40, C4<0>, C4<0>;
L_0x56505bad0040 .functor NOT 1, L_0x56505bacfeb0, C4<0>, C4<0>, C4<0>;
v0x56505baaa720_0 .net "A", 0 0, L_0x56505bacf640;  alias, 1 drivers
v0x56505baaa810_0 .net "B", 0 0, L_0x56505bacfe40;  alias, 1 drivers
v0x56505baaa8e0_0 .net "Y", 0 0, L_0x56505bad0040;  1 drivers
v0x56505baaa9b0_0 .net *"_s0", 0 0, L_0x56505bacfeb0;  1 drivers
S_0x56505baaaad0 .scope module, "_163_" "NOR" 5 422, 2 19 0, S_0x56505ba62660;
 .timescale -9 -10;
    .port_info 0 /INPUT 1 "A"
    .port_info 1 /INPUT 1 "B"
    .port_info 2 /OUTPUT 1 "Y"
L_0x56505bad00b0 .functor OR 1, L_0x56505bad0190, L_0x56505bacc7a0, C4<0>, C4<0>;
L_0x56505bad0120 .functor NOT 1, L_0x56505bad00b0, C4<0>, C4<0>, C4<0>;
v0x56505baaacf0_0 .net "A", 0 0, L_0x56505bad0190;  1 drivers
v0x56505baaadd0_0 .net "B", 0 0, L_0x56505bacc7a0;  alias, 1 drivers
v0x56505baaae90_0 .net "Y", 0 0, L_0x56505bad0120;  alias, 1 drivers
v0x56505baaaf60_0 .net *"_s0", 0 0, L_0x56505bad00b0;  1 drivers
S_0x56505baab0a0 .scope module, "_164_" "NAND" 5 427, 2 13 0, S_0x56505ba62660;
 .timescale -9 -10;
    .port_info 0 /INPUT 1 "A"
    .port_info 1 /INPUT 1 "B"
    .port_info 2 /OUTPUT 1 "Y"
L_0x56505bad0300 .functor AND 1, L_0x56505bacaba0, L_0x56505bacc7a0, C4<1>, C4<1>;
L_0x56505bad0400 .functor NOT 1, L_0x56505bad0300, C4<0>, C4<0>, C4<0>;
v0x56505baab2c0_0 .net "A", 0 0, L_0x56505bacaba0;  alias, 1 drivers
v0x56505baab3b0_0 .net "B", 0 0, L_0x56505bacc7a0;  alias, 1 drivers
v0x56505baab660_0 .net "Y", 0 0, L_0x56505bad0400;  alias, 1 drivers
v0x56505baab730_0 .net *"_s0", 0 0, L_0x56505bad0300;  1 drivers
S_0x56505baab870 .scope module, "_165_" "NAND" 5 432, 2 13 0, S_0x56505ba62660;
 .timescale -9 -10;
    .port_info 0 /INPUT 1 "A"
    .port_info 1 /INPUT 1 "B"
    .port_info 2 /OUTPUT 1 "Y"
L_0x56505bad0470 .functor AND 1, v0x56505bac8d50_0, L_0x56505bad0400, C4<1>, C4<1>;
L_0x56505bad0980 .functor NOT 1, L_0x56505bad0470, C4<0>, C4<0>, C4<0>;
v0x56505baaba90_0 .net "A", 0 0, v0x56505bac8d50_0;  alias, 1 drivers
v0x56505baabb50_0 .net "B", 0 0, L_0x56505bad0400;  alias, 1 drivers
v0x56505baabc40_0 .net "Y", 0 0, L_0x56505bad0980;  alias, 1 drivers
v0x56505baabd10_0 .net *"_s0", 0 0, L_0x56505bad0470;  1 drivers
S_0x56505baabe30 .scope module, "_166_" "NOR" 5 437, 2 19 0, S_0x56505ba62660;
 .timescale -9 -10;
    .port_info 0 /INPUT 1 "A"
    .port_info 1 /INPUT 1 "B"
    .port_info 2 /OUTPUT 1 "Y"
L_0x56505bad09f0 .functor OR 1, L_0x56505bad0120, L_0x56505bad0980, C4<0>, C4<0>;
L_0x56505bad0b80 .functor NOT 1, L_0x56505bad09f0, C4<0>, C4<0>, C4<0>;
v0x56505baac050_0 .net "A", 0 0, L_0x56505bad0120;  alias, 1 drivers
v0x56505baac140_0 .net "B", 0 0, L_0x56505bad0980;  alias, 1 drivers
v0x56505baac210_0 .net "Y", 0 0, L_0x56505bad0b80;  1 drivers
v0x56505baac2e0_0 .net *"_s0", 0 0, L_0x56505bad09f0;  1 drivers
S_0x56505baac400 .scope module, "_167_" "NOR" 5 442, 2 19 0, S_0x56505ba62660;
 .timescale -9 -10;
    .port_info 0 /INPUT 1 "A"
    .port_info 1 /INPUT 1 "B"
    .port_info 2 /OUTPUT 1 "Y"
L_0x56505bad0f10 .functor OR 1, L_0x56505bac9ec0, v0x56505babb930_0, C4<0>, C4<0>;
L_0x56505bad0f80 .functor NOT 1, L_0x56505bad0f10, C4<0>, C4<0>, C4<0>;
v0x56505baac620_0 .net "A", 0 0, L_0x56505bac9ec0;  alias, 1 drivers
v0x56505baac730_0 .net "B", 0 0, v0x56505babb930_0;  alias, 1 drivers
v0x56505baac840_0 .net "Y", 0 0, L_0x56505bad0f80;  alias, 1 drivers
v0x56505baac8e0_0 .net *"_s0", 0 0, L_0x56505bad0f10;  1 drivers
S_0x56505baaca20 .scope module, "_168_" "NOR" 5 447, 2 19 0, S_0x56505ba62660;
 .timescale -9 -10;
    .port_info 0 /INPUT 1 "A"
    .port_info 1 /INPUT 1 "B"
    .port_info 2 /OUTPUT 1 "Y"
L_0x56505bad1040 .functor OR 1, L_0x56505bac9e30, L_0x56505bad0f80, C4<0>, C4<0>;
L_0x56505bad10b0 .functor NOT 1, L_0x56505bad1040, C4<0>, C4<0>, C4<0>;
v0x56505baacc40_0 .net "A", 0 0, L_0x56505bac9e30;  alias, 1 drivers
v0x56505baacd00_0 .net "B", 0 0, L_0x56505bad0f80;  alias, 1 drivers
v0x56505baacdc0_0 .net "Y", 0 0, L_0x56505bad10b0;  alias, 1 drivers
v0x56505baace90_0 .net *"_s0", 0 0, L_0x56505bad1040;  1 drivers
S_0x56505baacfb0 .scope module, "_169_" "NOR" 5 452, 2 19 0, S_0x56505ba62660;
 .timescale -9 -10;
    .port_info 0 /INPUT 1 "A"
    .port_info 1 /INPUT 1 "B"
    .port_info 2 /OUTPUT 1 "Y"
L_0x56505bad1120 .functor OR 1, L_0x56505bad1250, L_0x56505bad10b0, C4<0>, C4<0>;
L_0x56505bad1190 .functor NOT 1, L_0x56505bad1120, C4<0>, C4<0>, C4<0>;
v0x56505baad1d0_0 .net "A", 0 0, L_0x56505bad1250;  1 drivers
v0x56505baad2b0_0 .net "B", 0 0, L_0x56505bad10b0;  alias, 1 drivers
v0x56505baad3a0_0 .net "Y", 0 0, L_0x56505bad1190;  alias, 1 drivers
v0x56505baad470_0 .net *"_s0", 0 0, L_0x56505bad1120;  1 drivers
S_0x56505baad590 .scope module, "_170_" "NAND" 5 457, 2 13 0, S_0x56505ba62660;
 .timescale -9 -10;
    .port_info 0 /INPUT 1 "A"
    .port_info 1 /INPUT 1 "B"
    .port_info 2 /OUTPUT 1 "Y"
L_0x56505bad1420 .functor AND 1, L_0x56505bacad70, L_0x56505bad10b0, C4<1>, C4<1>;
L_0x56505bad1520 .functor NOT 1, L_0x56505bad1420, C4<0>, C4<0>, C4<0>;
v0x56505baad7b0_0 .net "A", 0 0, L_0x56505bacad70;  alias, 1 drivers
v0x56505baad8a0_0 .net "B", 0 0, L_0x56505bad10b0;  alias, 1 drivers
v0x56505baad990_0 .net "Y", 0 0, L_0x56505bad1520;  alias, 1 drivers
v0x56505baada30_0 .net *"_s0", 0 0, L_0x56505bad1420;  1 drivers
S_0x56505baadb70 .scope module, "_171_" "NAND" 5 462, 2 13 0, S_0x56505ba62660;
 .timescale -9 -10;
    .port_info 0 /INPUT 1 "A"
    .port_info 1 /INPUT 1 "B"
    .port_info 2 /OUTPUT 1 "Y"
L_0x56505bad1590 .functor AND 1, v0x56505bac8d50_0, L_0x56505bad1520, C4<1>, C4<1>;
L_0x56505bad1690 .functor NOT 1, L_0x56505bad1590, C4<0>, C4<0>, C4<0>;
v0x56505baae1a0_0 .net "A", 0 0, v0x56505bac8d50_0;  alias, 1 drivers
v0x56505baae260_0 .net "B", 0 0, L_0x56505bad1520;  alias, 1 drivers
v0x56505baae350_0 .net "Y", 0 0, L_0x56505bad1690;  alias, 1 drivers
v0x56505baae420_0 .net *"_s0", 0 0, L_0x56505bad1590;  1 drivers
S_0x56505baae540 .scope module, "_172_" "NOR" 5 467, 2 19 0, S_0x56505ba62660;
 .timescale -9 -10;
    .port_info 0 /INPUT 1 "A"
    .port_info 1 /INPUT 1 "B"
    .port_info 2 /OUTPUT 1 "Y"
L_0x56505bad1700 .functor OR 1, L_0x56505bad1190, L_0x56505bad1690, C4<0>, C4<0>;
L_0x56505bad1890 .functor NOT 1, L_0x56505bad1700, C4<0>, C4<0>, C4<0>;
v0x56505baae760_0 .net "A", 0 0, L_0x56505bad1190;  alias, 1 drivers
v0x56505baae850_0 .net "B", 0 0, L_0x56505bad1690;  alias, 1 drivers
v0x56505baae920_0 .net "Y", 0 0, L_0x56505bad1890;  1 drivers
v0x56505baae9f0_0 .net *"_s0", 0 0, L_0x56505bad1700;  1 drivers
S_0x56505baaeb10 .scope module, "_173_" "NOR" 5 472, 2 19 0, S_0x56505ba62660;
 .timescale -9 -10;
    .port_info 0 /INPUT 1 "A"
    .port_info 1 /INPUT 1 "B"
    .port_info 2 /OUTPUT 1 "Y"
L_0x56505bad1900 .functor OR 1, L_0x56505bad19e0, L_0x56505bad10b0, C4<0>, C4<0>;
L_0x56505bad1970 .functor NOT 1, L_0x56505bad1900, C4<0>, C4<0>, C4<0>;
v0x56505baaed30_0 .net "A", 0 0, L_0x56505bad19e0;  1 drivers
v0x56505baaee10_0 .net "B", 0 0, L_0x56505bad10b0;  alias, 1 drivers
v0x56505baaeed0_0 .net "Y", 0 0, L_0x56505bad1970;  alias, 1 drivers
v0x56505baaefa0_0 .net *"_s0", 0 0, L_0x56505bad1900;  1 drivers
S_0x56505baaf0e0 .scope module, "_174_" "NAND" 5 477, 2 13 0, S_0x56505ba62660;
 .timescale -9 -10;
    .port_info 0 /INPUT 1 "A"
    .port_info 1 /INPUT 1 "B"
    .port_info 2 /OUTPUT 1 "Y"
L_0x56505bad1b60 .functor AND 1, L_0x56505bacaef0, L_0x56505bad10b0, C4<1>, C4<1>;
L_0x56505bad1c60 .functor NOT 1, L_0x56505bad1b60, C4<0>, C4<0>, C4<0>;
v0x56505baaf300_0 .net "A", 0 0, L_0x56505bacaef0;  alias, 1 drivers
v0x56505baaf3f0_0 .net "B", 0 0, L_0x56505bad10b0;  alias, 1 drivers
v0x56505baaf490_0 .net "Y", 0 0, L_0x56505bad1c60;  alias, 1 drivers
v0x56505baaf560_0 .net *"_s0", 0 0, L_0x56505bad1b60;  1 drivers
S_0x56505baaf6a0 .scope module, "_175_" "NAND" 5 482, 2 13 0, S_0x56505ba62660;
 .timescale -9 -10;
    .port_info 0 /INPUT 1 "A"
    .port_info 1 /INPUT 1 "B"
    .port_info 2 /OUTPUT 1 "Y"
L_0x56505bad1cd0 .functor AND 1, v0x56505bac8d50_0, L_0x56505bad1c60, C4<1>, C4<1>;
L_0x56505bad1dd0 .functor NOT 1, L_0x56505bad1cd0, C4<0>, C4<0>, C4<0>;
v0x56505baaf870_0 .net "A", 0 0, v0x56505bac8d50_0;  alias, 1 drivers
v0x56505baaf930_0 .net "B", 0 0, L_0x56505bad1c60;  alias, 1 drivers
v0x56505baafa20_0 .net "Y", 0 0, L_0x56505bad1dd0;  alias, 1 drivers
v0x56505baafaf0_0 .net *"_s0", 0 0, L_0x56505bad1cd0;  1 drivers
S_0x56505baafc10 .scope module, "_176_" "NOR" 5 487, 2 19 0, S_0x56505ba62660;
 .timescale -9 -10;
    .port_info 0 /INPUT 1 "A"
    .port_info 1 /INPUT 1 "B"
    .port_info 2 /OUTPUT 1 "Y"
L_0x56505bad1e40 .functor OR 1, L_0x56505bad1970, L_0x56505bad1dd0, C4<0>, C4<0>;
L_0x56505bad1fd0 .functor NOT 1, L_0x56505bad1e40, C4<0>, C4<0>, C4<0>;
v0x56505baafe30_0 .net "A", 0 0, L_0x56505bad1970;  alias, 1 drivers
v0x56505baaff20_0 .net "B", 0 0, L_0x56505bad1dd0;  alias, 1 drivers
v0x56505baafff0_0 .net "Y", 0 0, L_0x56505bad1fd0;  1 drivers
v0x56505bab00c0_0 .net *"_s0", 0 0, L_0x56505bad1e40;  1 drivers
S_0x56505bab01e0 .scope module, "_177_" "NOR" 5 492, 2 19 0, S_0x56505ba62660;
 .timescale -9 -10;
    .port_info 0 /INPUT 1 "A"
    .port_info 1 /INPUT 1 "B"
    .port_info 2 /OUTPUT 1 "Y"
L_0x56505bad2040 .functor OR 1, L_0x56505bad2120, L_0x56505bad10b0, C4<0>, C4<0>;
L_0x56505bad20b0 .functor NOT 1, L_0x56505bad2040, C4<0>, C4<0>, C4<0>;
v0x56505bab0400_0 .net "A", 0 0, L_0x56505bad2120;  1 drivers
v0x56505bab04e0_0 .net "B", 0 0, L_0x56505bad10b0;  alias, 1 drivers
v0x56505bab05a0_0 .net "Y", 0 0, L_0x56505bad20b0;  alias, 1 drivers
v0x56505bab0670_0 .net *"_s0", 0 0, L_0x56505bad2040;  1 drivers
S_0x56505bab07b0 .scope module, "_178_" "NAND" 5 497, 2 13 0, S_0x56505ba62660;
 .timescale -9 -10;
    .port_info 0 /INPUT 1 "A"
    .port_info 1 /INPUT 1 "B"
    .port_info 2 /OUTPUT 1 "Y"
L_0x56505bad22b0 .functor AND 1, L_0x56505bacb080, L_0x56505bad10b0, C4<1>, C4<1>;
L_0x56505bad23b0 .functor NOT 1, L_0x56505bad22b0, C4<0>, C4<0>, C4<0>;
v0x56505bab09d0_0 .net "A", 0 0, L_0x56505bacb080;  alias, 1 drivers
v0x56505bab0ac0_0 .net "B", 0 0, L_0x56505bad10b0;  alias, 1 drivers
v0x56505bab0b60_0 .net "Y", 0 0, L_0x56505bad23b0;  alias, 1 drivers
v0x56505bab0c30_0 .net *"_s0", 0 0, L_0x56505bad22b0;  1 drivers
S_0x56505bab0d70 .scope module, "_179_" "NAND" 5 502, 2 13 0, S_0x56505ba62660;
 .timescale -9 -10;
    .port_info 0 /INPUT 1 "A"
    .port_info 1 /INPUT 1 "B"
    .port_info 2 /OUTPUT 1 "Y"
L_0x56505bad2420 .functor AND 1, v0x56505bac8d50_0, L_0x56505bad23b0, C4<1>, C4<1>;
L_0x56505bad2520 .functor NOT 1, L_0x56505bad2420, C4<0>, C4<0>, C4<0>;
v0x56505bab0f90_0 .net "A", 0 0, v0x56505bac8d50_0;  alias, 1 drivers
v0x56505bab1050_0 .net "B", 0 0, L_0x56505bad23b0;  alias, 1 drivers
v0x56505bab1140_0 .net "Y", 0 0, L_0x56505bad2520;  alias, 1 drivers
v0x56505bab1210_0 .net *"_s0", 0 0, L_0x56505bad2420;  1 drivers
S_0x56505bab1330 .scope module, "_180_" "NOR" 5 507, 2 19 0, S_0x56505ba62660;
 .timescale -9 -10;
    .port_info 0 /INPUT 1 "A"
    .port_info 1 /INPUT 1 "B"
    .port_info 2 /OUTPUT 1 "Y"
L_0x56505bad2590 .functor OR 1, L_0x56505bad20b0, L_0x56505bad2520, C4<0>, C4<0>;
L_0x56505bad2720 .functor NOT 1, L_0x56505bad2590, C4<0>, C4<0>, C4<0>;
v0x56505bab1550_0 .net "A", 0 0, L_0x56505bad20b0;  alias, 1 drivers
v0x56505bab1640_0 .net "B", 0 0, L_0x56505bad2520;  alias, 1 drivers
v0x56505bab1710_0 .net "Y", 0 0, L_0x56505bad2720;  1 drivers
v0x56505bab17e0_0 .net *"_s0", 0 0, L_0x56505bad2590;  1 drivers
S_0x56505bab1900 .scope module, "_181_" "NOR" 5 512, 2 19 0, S_0x56505ba62660;
 .timescale -9 -10;
    .port_info 0 /INPUT 1 "A"
    .port_info 1 /INPUT 1 "B"
    .port_info 2 /OUTPUT 1 "Y"
L_0x56505bad2790 .functor OR 1, L_0x56505bad2870, L_0x56505bad10b0, C4<0>, C4<0>;
L_0x56505bad2800 .functor NOT 1, L_0x56505bad2790, C4<0>, C4<0>, C4<0>;
v0x56505bab1b20_0 .net "A", 0 0, L_0x56505bad2870;  1 drivers
v0x56505bab1c00_0 .net "B", 0 0, L_0x56505bad10b0;  alias, 1 drivers
v0x56505bab1cc0_0 .net "Y", 0 0, L_0x56505bad2800;  alias, 1 drivers
v0x56505bab1d90_0 .net *"_s0", 0 0, L_0x56505bad2790;  1 drivers
S_0x56505bab1ed0 .scope module, "_182_" "NAND" 5 517, 2 13 0, S_0x56505ba62660;
 .timescale -9 -10;
    .port_info 0 /INPUT 1 "A"
    .port_info 1 /INPUT 1 "B"
    .port_info 2 /OUTPUT 1 "Y"
L_0x56505bad2960 .functor AND 1, L_0x56505bacb1b0, L_0x56505bad10b0, C4<1>, C4<1>;
L_0x56505bad2a60 .functor NOT 1, L_0x56505bad2960, C4<0>, C4<0>, C4<0>;
v0x56505bab20f0_0 .net "A", 0 0, L_0x56505bacb1b0;  alias, 1 drivers
v0x56505bab21e0_0 .net "B", 0 0, L_0x56505bad10b0;  alias, 1 drivers
v0x56505bab2280_0 .net "Y", 0 0, L_0x56505bad2a60;  alias, 1 drivers
v0x56505bab2350_0 .net *"_s0", 0 0, L_0x56505bad2960;  1 drivers
S_0x56505bab2490 .scope module, "_183_" "NAND" 5 522, 2 13 0, S_0x56505ba62660;
 .timescale -9 -10;
    .port_info 0 /INPUT 1 "A"
    .port_info 1 /INPUT 1 "B"
    .port_info 2 /OUTPUT 1 "Y"
L_0x56505bad2ad0 .functor AND 1, v0x56505bac8d50_0, L_0x56505bad2a60, C4<1>, C4<1>;
L_0x56505bad2bd0 .functor NOT 1, L_0x56505bad2ad0, C4<0>, C4<0>, C4<0>;
v0x56505bab26b0_0 .net "A", 0 0, v0x56505bac8d50_0;  alias, 1 drivers
v0x56505bab2770_0 .net "B", 0 0, L_0x56505bad2a60;  alias, 1 drivers
v0x56505bab2860_0 .net "Y", 0 0, L_0x56505bad2bd0;  alias, 1 drivers
v0x56505bab2930_0 .net *"_s0", 0 0, L_0x56505bad2ad0;  1 drivers
S_0x56505bab2a50 .scope module, "_184_" "NOR" 5 527, 2 19 0, S_0x56505ba62660;
 .timescale -9 -10;
    .port_info 0 /INPUT 1 "A"
    .port_info 1 /INPUT 1 "B"
    .port_info 2 /OUTPUT 1 "Y"
L_0x56505bad2c40 .functor OR 1, L_0x56505bad2800, L_0x56505bad2bd0, C4<0>, C4<0>;
L_0x56505bad2dd0 .functor NOT 1, L_0x56505bad2c40, C4<0>, C4<0>, C4<0>;
v0x56505bab2c70_0 .net "A", 0 0, L_0x56505bad2800;  alias, 1 drivers
v0x56505bab2d60_0 .net "B", 0 0, L_0x56505bad2bd0;  alias, 1 drivers
v0x56505bab2e30_0 .net "Y", 0 0, L_0x56505bad2dd0;  1 drivers
v0x56505bab2f00_0 .net *"_s0", 0 0, L_0x56505bad2c40;  1 drivers
S_0x56505bab3020 .scope module, "_185_" "NOR" 5 532, 2 19 0, S_0x56505ba62660;
 .timescale -9 -10;
    .port_info 0 /INPUT 1 "A"
    .port_info 1 /INPUT 1 "B"
    .port_info 2 /OUTPUT 1 "Y"
L_0x56505bad2e40 .functor OR 1, L_0x56505bad2f20, L_0x56505bad10b0, C4<0>, C4<0>;
L_0x56505bad2eb0 .functor NOT 1, L_0x56505bad2e40, C4<0>, C4<0>, C4<0>;
v0x56505bab3240_0 .net "A", 0 0, L_0x56505bad2f20;  1 drivers
v0x56505bab3320_0 .net "B", 0 0, L_0x56505bad10b0;  alias, 1 drivers
v0x56505bab33e0_0 .net "Y", 0 0, L_0x56505bad2eb0;  alias, 1 drivers
v0x56505bab34b0_0 .net *"_s0", 0 0, L_0x56505bad2e40;  1 drivers
S_0x56505bab35f0 .scope module, "_186_" "NAND" 5 537, 2 13 0, S_0x56505ba62660;
 .timescale -9 -10;
    .port_info 0 /INPUT 1 "A"
    .port_info 1 /INPUT 1 "B"
    .port_info 2 /OUTPUT 1 "Y"
L_0x56505bad3110 .functor AND 1, L_0x56505bacb3a0, L_0x56505bad10b0, C4<1>, C4<1>;
L_0x56505bad3210 .functor NOT 1, L_0x56505bad3110, C4<0>, C4<0>, C4<0>;
v0x56505bab3810_0 .net "A", 0 0, L_0x56505bacb3a0;  alias, 1 drivers
v0x56505bab3900_0 .net "B", 0 0, L_0x56505bad10b0;  alias, 1 drivers
v0x56505bab39a0_0 .net "Y", 0 0, L_0x56505bad3210;  alias, 1 drivers
v0x56505bab3a70_0 .net *"_s0", 0 0, L_0x56505bad3110;  1 drivers
S_0x56505bab3bb0 .scope module, "_187_" "NAND" 5 542, 2 13 0, S_0x56505ba62660;
 .timescale -9 -10;
    .port_info 0 /INPUT 1 "A"
    .port_info 1 /INPUT 1 "B"
    .port_info 2 /OUTPUT 1 "Y"
L_0x56505bad3280 .functor AND 1, v0x56505bac8d50_0, L_0x56505bad3210, C4<1>, C4<1>;
L_0x56505bad3380 .functor NOT 1, L_0x56505bad3280, C4<0>, C4<0>, C4<0>;
v0x56505bab3dd0_0 .net "A", 0 0, v0x56505bac8d50_0;  alias, 1 drivers
v0x56505bab3e90_0 .net "B", 0 0, L_0x56505bad3210;  alias, 1 drivers
v0x56505bab3f80_0 .net "Y", 0 0, L_0x56505bad3380;  alias, 1 drivers
v0x56505bab4050_0 .net *"_s0", 0 0, L_0x56505bad3280;  1 drivers
S_0x56505bab4170 .scope module, "_188_" "NOR" 5 547, 2 19 0, S_0x56505ba62660;
 .timescale -9 -10;
    .port_info 0 /INPUT 1 "A"
    .port_info 1 /INPUT 1 "B"
    .port_info 2 /OUTPUT 1 "Y"
L_0x56505bad33f0 .functor OR 1, L_0x56505bad2eb0, L_0x56505bad3380, C4<0>, C4<0>;
L_0x56505bad3580 .functor NOT 1, L_0x56505bad33f0, C4<0>, C4<0>, C4<0>;
v0x56505bab4390_0 .net "A", 0 0, L_0x56505bad2eb0;  alias, 1 drivers
v0x56505bab4480_0 .net "B", 0 0, L_0x56505bad3380;  alias, 1 drivers
v0x56505bab4550_0 .net "Y", 0 0, L_0x56505bad3580;  1 drivers
v0x56505bab4620_0 .net *"_s0", 0 0, L_0x56505bad33f0;  1 drivers
S_0x56505bab4740 .scope module, "_189_" "NOR" 5 552, 2 19 0, S_0x56505ba62660;
 .timescale -9 -10;
    .port_info 0 /INPUT 1 "A"
    .port_info 1 /INPUT 1 "B"
    .port_info 2 /OUTPUT 1 "Y"
L_0x56505bad35f0 .functor OR 1, L_0x56505bad36d0, L_0x56505bad10b0, C4<0>, C4<0>;
L_0x56505bad3660 .functor NOT 1, L_0x56505bad35f0, C4<0>, C4<0>, C4<0>;
v0x56505bab4960_0 .net "A", 0 0, L_0x56505bad36d0;  1 drivers
v0x56505bab4a40_0 .net "B", 0 0, L_0x56505bad10b0;  alias, 1 drivers
v0x56505bab4b00_0 .net "Y", 0 0, L_0x56505bad3660;  alias, 1 drivers
v0x56505bab4bd0_0 .net *"_s0", 0 0, L_0x56505bad35f0;  1 drivers
S_0x56505bab4d10 .scope module, "_190_" "NAND" 5 557, 2 13 0, S_0x56505ba62660;
 .timescale -9 -10;
    .port_info 0 /INPUT 1 "A"
    .port_info 1 /INPUT 1 "B"
    .port_info 2 /OUTPUT 1 "Y"
L_0x56505bad38d0 .functor AND 1, L_0x56505bacb520, L_0x56505bad10b0, C4<1>, C4<1>;
L_0x56505bad3940 .functor NOT 1, L_0x56505bad38d0, C4<0>, C4<0>, C4<0>;
v0x56505bab4f30_0 .net "A", 0 0, L_0x56505bacb520;  alias, 1 drivers
v0x56505bab5020_0 .net "B", 0 0, L_0x56505bad10b0;  alias, 1 drivers
v0x56505bab50c0_0 .net "Y", 0 0, L_0x56505bad3940;  alias, 1 drivers
v0x56505bab5190_0 .net *"_s0", 0 0, L_0x56505bad38d0;  1 drivers
S_0x56505bab52d0 .scope module, "_191_" "NAND" 5 562, 2 13 0, S_0x56505ba62660;
 .timescale -9 -10;
    .port_info 0 /INPUT 1 "A"
    .port_info 1 /INPUT 1 "B"
    .port_info 2 /OUTPUT 1 "Y"
L_0x56505bad39b0 .functor AND 1, v0x56505bac8d50_0, L_0x56505bad3940, C4<1>, C4<1>;
L_0x56505bad3ab0 .functor NOT 1, L_0x56505bad39b0, C4<0>, C4<0>, C4<0>;
v0x56505bab54f0_0 .net "A", 0 0, v0x56505bac8d50_0;  alias, 1 drivers
v0x56505bab55b0_0 .net "B", 0 0, L_0x56505bad3940;  alias, 1 drivers
v0x56505bab56a0_0 .net "Y", 0 0, L_0x56505bad3ab0;  alias, 1 drivers
v0x56505bab5770_0 .net *"_s0", 0 0, L_0x56505bad39b0;  1 drivers
S_0x56505bab5890 .scope module, "_192_" "NOR" 5 567, 2 19 0, S_0x56505ba62660;
 .timescale -9 -10;
    .port_info 0 /INPUT 1 "A"
    .port_info 1 /INPUT 1 "B"
    .port_info 2 /OUTPUT 1 "Y"
L_0x56505bad3b20 .functor OR 1, L_0x56505bad3660, L_0x56505bad3ab0, C4<0>, C4<0>;
L_0x56505bad3cd0 .functor NOT 1, L_0x56505bad3b20, C4<0>, C4<0>, C4<0>;
v0x56505bab5ab0_0 .net "A", 0 0, L_0x56505bad3660;  alias, 1 drivers
v0x56505bab5ba0_0 .net "B", 0 0, L_0x56505bad3ab0;  alias, 1 drivers
v0x56505bab5c70_0 .net "Y", 0 0, L_0x56505bad3cd0;  1 drivers
v0x56505bab5d40_0 .net *"_s0", 0 0, L_0x56505bad3b20;  1 drivers
S_0x56505bab5e60 .scope module, "_193_" "NOR" 5 572, 2 19 0, S_0x56505ba62660;
 .timescale -9 -10;
    .port_info 0 /INPUT 1 "A"
    .port_info 1 /INPUT 1 "B"
    .port_info 2 /OUTPUT 1 "Y"
L_0x56505bad3d60 .functor OR 1, L_0x56505bad3e40, L_0x56505bad10b0, C4<0>, C4<0>;
L_0x56505bad3dd0 .functor NOT 1, L_0x56505bad3d60, C4<0>, C4<0>, C4<0>;
v0x56505bab6080_0 .net "A", 0 0, L_0x56505bad3e40;  1 drivers
v0x56505bab6160_0 .net "B", 0 0, L_0x56505bad10b0;  alias, 1 drivers
v0x56505bab6220_0 .net "Y", 0 0, L_0x56505bad3dd0;  alias, 1 drivers
v0x56505bab62f0_0 .net *"_s0", 0 0, L_0x56505bad3d60;  1 drivers
S_0x56505bab6430 .scope module, "_194_" "NAND" 5 577, 2 13 0, S_0x56505ba62660;
 .timescale -9 -10;
    .port_info 0 /INPUT 1 "A"
    .port_info 1 /INPUT 1 "B"
    .port_info 2 /OUTPUT 1 "Y"
L_0x56505bad4040 .functor AND 1, L_0x56505bacb330, L_0x56505bad10b0, C4<1>, C4<1>;
L_0x56505bad4570 .functor NOT 1, L_0x56505bad4040, C4<0>, C4<0>, C4<0>;
v0x56505bab6650_0 .net "A", 0 0, L_0x56505bacb330;  alias, 1 drivers
v0x56505bab6740_0 .net "B", 0 0, L_0x56505bad10b0;  alias, 1 drivers
v0x56505bab67e0_0 .net "Y", 0 0, L_0x56505bad4570;  alias, 1 drivers
v0x56505bab68b0_0 .net *"_s0", 0 0, L_0x56505bad4040;  1 drivers
S_0x56505bab69f0 .scope module, "_195_" "NAND" 5 582, 2 13 0, S_0x56505ba62660;
 .timescale -9 -10;
    .port_info 0 /INPUT 1 "A"
    .port_info 1 /INPUT 1 "B"
    .port_info 2 /OUTPUT 1 "Y"
L_0x56505bad4600 .functor AND 1, v0x56505bac8d50_0, L_0x56505bad4570, C4<1>, C4<1>;
L_0x56505bad4720 .functor NOT 1, L_0x56505bad4600, C4<0>, C4<0>, C4<0>;
v0x56505bab6c10_0 .net "A", 0 0, v0x56505bac8d50_0;  alias, 1 drivers
v0x56505bab6cd0_0 .net "B", 0 0, L_0x56505bad4570;  alias, 1 drivers
v0x56505bab6dc0_0 .net "Y", 0 0, L_0x56505bad4720;  alias, 1 drivers
v0x56505bab6e90_0 .net *"_s0", 0 0, L_0x56505bad4600;  1 drivers
S_0x56505bab6fb0 .scope module, "_196_" "NOR" 5 587, 2 19 0, S_0x56505ba62660;
 .timescale -9 -10;
    .port_info 0 /INPUT 1 "A"
    .port_info 1 /INPUT 1 "B"
    .port_info 2 /OUTPUT 1 "Y"
L_0x56505bad47b0 .functor OR 1, L_0x56505bad3dd0, L_0x56505bad4720, C4<0>, C4<0>;
L_0x56505bad4960 .functor NOT 1, L_0x56505bad47b0, C4<0>, C4<0>, C4<0>;
v0x56505bab71d0_0 .net "A", 0 0, L_0x56505bad3dd0;  alias, 1 drivers
v0x56505bab72c0_0 .net "B", 0 0, L_0x56505bad4720;  alias, 1 drivers
v0x56505bab7390_0 .net "Y", 0 0, L_0x56505bad4960;  1 drivers
v0x56505bab7460_0 .net *"_s0", 0 0, L_0x56505bad47b0;  1 drivers
S_0x56505bab7580 .scope module, "_197_" "NOR" 5 592, 2 19 0, S_0x56505ba62660;
 .timescale -9 -10;
    .port_info 0 /INPUT 1 "A"
    .port_info 1 /INPUT 1 "B"
    .port_info 2 /OUTPUT 1 "Y"
L_0x56505bad49f0 .functor OR 1, L_0x56505bad4ad0, L_0x56505bad10b0, C4<0>, C4<0>;
L_0x56505bad4a60 .functor NOT 1, L_0x56505bad49f0, C4<0>, C4<0>, C4<0>;
v0x56505bab77a0_0 .net "A", 0 0, L_0x56505bad4ad0;  1 drivers
v0x56505bab7880_0 .net "B", 0 0, L_0x56505bad10b0;  alias, 1 drivers
v0x56505bab7940_0 .net "Y", 0 0, L_0x56505bad4a60;  alias, 1 drivers
v0x56505bab7a10_0 .net *"_s0", 0 0, L_0x56505bad49f0;  1 drivers
S_0x56505bab7b50 .scope module, "_198_" "NAND" 5 597, 2 13 0, S_0x56505ba62660;
 .timescale -9 -10;
    .port_info 0 /INPUT 1 "A"
    .port_info 1 /INPUT 1 "B"
    .port_info 2 /OUTPUT 1 "Y"
L_0x56505bad4bc0 .functor AND 1, L_0x56505bacb830, L_0x56505bad10b0, C4<1>, C4<1>;
L_0x56505bad4ce0 .functor NOT 1, L_0x56505bad4bc0, C4<0>, C4<0>, C4<0>;
v0x56505bab7d70_0 .net "A", 0 0, L_0x56505bacb830;  alias, 1 drivers
v0x56505bab7e60_0 .net "B", 0 0, L_0x56505bad10b0;  alias, 1 drivers
v0x56505bab8110_0 .net "Y", 0 0, L_0x56505bad4ce0;  alias, 1 drivers
v0x56505bab81e0_0 .net *"_s0", 0 0, L_0x56505bad4bc0;  1 drivers
S_0x56505bab8320 .scope module, "_199_" "NAND" 5 602, 2 13 0, S_0x56505ba62660;
 .timescale -9 -10;
    .port_info 0 /INPUT 1 "A"
    .port_info 1 /INPUT 1 "B"
    .port_info 2 /OUTPUT 1 "Y"
L_0x56505bad4d70 .functor AND 1, v0x56505bac8d50_0, L_0x56505bad4ce0, C4<1>, C4<1>;
L_0x56505bad4e90 .functor NOT 1, L_0x56505bad4d70, C4<0>, C4<0>, C4<0>;
v0x56505bab8540_0 .net "A", 0 0, v0x56505bac8d50_0;  alias, 1 drivers
v0x56505bab8600_0 .net "B", 0 0, L_0x56505bad4ce0;  alias, 1 drivers
v0x56505bab86f0_0 .net "Y", 0 0, L_0x56505bad4e90;  alias, 1 drivers
v0x56505bab87c0_0 .net *"_s0", 0 0, L_0x56505bad4d70;  1 drivers
S_0x56505bab88e0 .scope module, "_200_" "NOR" 5 607, 2 19 0, S_0x56505ba62660;
 .timescale -9 -10;
    .port_info 0 /INPUT 1 "A"
    .port_info 1 /INPUT 1 "B"
    .port_info 2 /OUTPUT 1 "Y"
L_0x56505bad4f20 .functor OR 1, L_0x56505bad4a60, L_0x56505bad4e90, C4<0>, C4<0>;
L_0x56505bad50d0 .functor NOT 1, L_0x56505bad4f20, C4<0>, C4<0>, C4<0>;
v0x56505bab8b00_0 .net "A", 0 0, L_0x56505bad4a60;  alias, 1 drivers
v0x56505bab8bf0_0 .net "B", 0 0, L_0x56505bad4e90;  alias, 1 drivers
v0x56505bab8cc0_0 .net "Y", 0 0, L_0x56505bad50d0;  1 drivers
v0x56505bab8d90_0 .net *"_s0", 0 0, L_0x56505bad4f20;  1 drivers
S_0x56505bab8eb0 .scope module, "_201_" "NAND" 5 612, 2 13 0, S_0x56505ba62660;
 .timescale -9 -10;
    .port_info 0 /INPUT 1 "A"
    .port_info 1 /INPUT 1 "B"
    .port_info 2 /OUTPUT 1 "Y"
L_0x56505bad55a0 .functor AND 1, v0x56505bac8d50_0, L_0x56505bacc560, C4<1>, C4<1>;
L_0x56505bad5610 .functor NOT 1, L_0x56505bad55a0, C4<0>, C4<0>, C4<0>;
v0x56505bab90d0_0 .net "A", 0 0, v0x56505bac8d50_0;  alias, 1 drivers
v0x56505bab9190_0 .net "B", 0 0, L_0x56505bacc560;  alias, 1 drivers
v0x56505bab9280_0 .net "Y", 0 0, L_0x56505bad5610;  alias, 1 drivers
v0x56505bab9350_0 .net *"_s0", 0 0, L_0x56505bad55a0;  1 drivers
S_0x56505bab9470 .scope module, "_202_" "NOR" 5 617, 2 19 0, S_0x56505ba62660;
 .timescale -9 -10;
    .port_info 0 /INPUT 1 "A"
    .port_info 1 /INPUT 1 "B"
    .port_info 2 /OUTPUT 1 "Y"
L_0x56505bad5710 .functor OR 1, L_0x56505bac9e30, L_0x56505bad5610, C4<0>, C4<0>;
L_0x56505bad57a0 .functor NOT 1, L_0x56505bad5710, C4<0>, C4<0>, C4<0>;
v0x56505bab9690_0 .net "A", 0 0, L_0x56505bac9e30;  alias, 1 drivers
v0x56505bab9750_0 .net "B", 0 0, L_0x56505bad5610;  alias, 1 drivers
v0x56505bab9840_0 .net "Y", 0 0, L_0x56505bad57a0;  alias, 1 drivers
v0x56505bab9910_0 .net *"_s0", 0 0, L_0x56505bad5710;  1 drivers
S_0x56505bab9a30 .scope module, "_203_" "NOR" 5 622, 2 19 0, S_0x56505ba62660;
 .timescale -9 -10;
    .port_info 0 /INPUT 1 "A"
    .port_info 1 /INPUT 1 "B"
    .port_info 2 /OUTPUT 1 "Y"
L_0x56505bad58c0 .functor OR 1, v0x56505babb930_0, L_0x56505bad5610, C4<0>, C4<0>;
L_0x56505bad5950 .functor NOT 1, L_0x56505bad58c0, C4<0>, C4<0>, C4<0>;
v0x56505bab9c00_0 .net "A", 0 0, v0x56505babb930_0;  alias, 1 drivers
v0x56505bab9cc0_0 .net "B", 0 0, L_0x56505bad5610;  alias, 1 drivers
v0x56505bab9dd0_0 .net "Y", 0 0, L_0x56505bad5950;  alias, 1 drivers
v0x56505bab9e70_0 .net *"_s0", 0 0, L_0x56505bad58c0;  1 drivers
S_0x56505bab9fb0 .scope module, "_204_" "NOR" 5 627, 2 19 0, S_0x56505ba62660;
 .timescale -9 -10;
    .port_info 0 /INPUT 1 "A"
    .port_info 1 /INPUT 1 "B"
    .port_info 2 /OUTPUT 1 "Y"
L_0x56505bad5a30 .functor OR 1, L_0x56505bad57a0, L_0x56505bad5950, C4<0>, C4<0>;
L_0x56505bad5b50 .functor NOT 1, L_0x56505bad5a30, C4<0>, C4<0>, C4<0>;
v0x56505baba1d0_0 .net "A", 0 0, L_0x56505bad57a0;  alias, 1 drivers
v0x56505baba2c0_0 .net "B", 0 0, L_0x56505bad5950;  alias, 1 drivers
v0x56505baba390_0 .net "Y", 0 0, L_0x56505bad5b50;  alias, 1 drivers
v0x56505baba460_0 .net *"_s0", 0 0, L_0x56505bad5a30;  1 drivers
S_0x56505baba580 .scope module, "_205_" "NOR" 5 632, 2 19 0, S_0x56505ba62660;
 .timescale -9 -10;
    .port_info 0 /INPUT 1 "A"
    .port_info 1 /INPUT 1 "B"
    .port_info 2 /OUTPUT 1 "Y"
L_0x56505bad5be0 .functor OR 1, L_0x56505baca090, L_0x56505bacc560, C4<0>, C4<0>;
L_0x56505bad5d00 .functor NOT 1, L_0x56505bad5be0, C4<0>, C4<0>, C4<0>;
v0x56505baba7a0_0 .net "A", 0 0, L_0x56505baca090;  alias, 1 drivers
v0x56505baba890_0 .net "B", 0 0, L_0x56505bacc560;  alias, 1 drivers
v0x56505baba980_0 .net "Y", 0 0, L_0x56505bad5d00;  alias, 1 drivers
v0x56505babaa20_0 .net *"_s0", 0 0, L_0x56505bad5be0;  1 drivers
S_0x56505babab60 .scope module, "_206_" "DFF" 5 638, 2 25 0, S_0x56505ba62660;
 .timescale -9 -10;
    .port_info 0 /INPUT 1 "C"
    .port_info 1 /INPUT 1 "D"
    .port_info 2 /OUTPUT 1 "Q"
v0x56505babad80_0 .net "C", 0 0, v0x56505bac88d0_0;  alias, 1 drivers
v0x56505babae70_0 .net "D", 0 0, L_0x56505bad57a0;  alias, 1 drivers
v0x56505babaf60_0 .var "Q", 0 0;
S_0x56505babb060 .scope module, "_207_" "DFF" 5 644, 2 25 0, S_0x56505ba62660;
 .timescale -9 -10;
    .port_info 0 /INPUT 1 "C"
    .port_info 1 /INPUT 1 "D"
    .port_info 2 /OUTPUT 1 "Q"
v0x56505babb280_0 .net "C", 0 0, v0x56505bac88d0_0;  alias, 1 drivers
v0x56505babb390_0 .net "D", 0 0, L_0x56505bad5d00;  alias, 1 drivers
v0x56505babb450_0 .var "Q", 0 0;
S_0x56505babb560 .scope module, "_208_" "DFF" 5 650, 2 25 0, S_0x56505ba62660;
 .timescale -9 -10;
    .port_info 0 /INPUT 1 "C"
    .port_info 1 /INPUT 1 "D"
    .port_info 2 /OUTPUT 1 "Q"
v0x56505babb780_0 .net "C", 0 0, v0x56505bac88d0_0;  alias, 1 drivers
v0x56505babb840_0 .net "D", 0 0, L_0x56505bad5b50;  alias, 1 drivers
v0x56505babb930_0 .var "Q", 0 0;
S_0x56505babba20 .scope module, "_209_" "DFF" 5 656, 2 25 0, S_0x56505ba62660;
 .timescale -9 -10;
    .port_info 0 /INPUT 1 "C"
    .port_info 1 /INPUT 1 "D"
    .port_info 2 /OUTPUT 1 "Q"
v0x56505babbbf0_0 .net "C", 0 0, v0x56505bac88d0_0;  alias, 1 drivers
v0x56505babbd40_0 .net "D", 0 0, L_0x56505bad5d90;  1 drivers
v0x56505babbe00_0 .var "Q", 0 0;
S_0x56505babbf50 .scope module, "_210_" "DFF" 5 662, 2 25 0, S_0x56505ba62660;
 .timescale -9 -10;
    .port_info 0 /INPUT 1 "C"
    .port_info 1 /INPUT 1 "D"
    .port_info 2 /OUTPUT 1 "Q"
v0x56505babc120_0 .net "C", 0 0, v0x56505bac88d0_0;  alias, 1 drivers
v0x56505babc1e0_0 .net "D", 0 0, L_0x56505bad5e80;  1 drivers
v0x56505babc2a0_0 .var "Q", 0 0;
S_0x56505babc3f0 .scope module, "_211_" "DFF" 5 668, 2 25 0, S_0x56505ba62660;
 .timescale -9 -10;
    .port_info 0 /INPUT 1 "C"
    .port_info 1 /INPUT 1 "D"
    .port_info 2 /OUTPUT 1 "Q"
v0x56505babc610_0 .net "C", 0 0, v0x56505bac88d0_0;  alias, 1 drivers
v0x56505babc6d0_0 .net "D", 0 0, L_0x56505bad5480;  1 drivers
v0x56505babc790_0 .var "Q", 0 0;
S_0x56505babc8e0 .scope module, "_212_" "DFF" 5 674, 2 25 0, S_0x56505ba62660;
 .timescale -9 -10;
    .port_info 0 /INPUT 1 "C"
    .port_info 1 /INPUT 1 "D"
    .port_info 2 /OUTPUT 1 "Q"
v0x56505babcb00_0 .net "C", 0 0, v0x56505bac88d0_0;  alias, 1 drivers
v0x56505babcbc0_0 .net "D", 0 0, L_0x56505bad60e0;  1 drivers
v0x56505babcc80_0 .var "Q", 0 0;
S_0x56505babcdd0 .scope module, "_213_" "DFF" 5 680, 2 25 0, S_0x56505ba62660;
 .timescale -9 -10;
    .port_info 0 /INPUT 1 "C"
    .port_info 1 /INPUT 1 "D"
    .port_info 2 /OUTPUT 1 "Q"
v0x56505babcff0_0 .net "C", 0 0, v0x56505bac88d0_0;  alias, 1 drivers
v0x56505babd0b0_0 .net "D", 0 0, L_0x56505bad62c0;  1 drivers
v0x56505babd170_0 .var "Q", 0 0;
S_0x56505babd2c0 .scope module, "_214_" "DFF" 5 686, 2 25 0, S_0x56505ba62660;
 .timescale -9 -10;
    .port_info 0 /INPUT 1 "C"
    .port_info 1 /INPUT 1 "D"
    .port_info 2 /OUTPUT 1 "Q"
v0x56505babd4e0_0 .net "C", 0 0, v0x56505bac88d0_0;  alias, 1 drivers
v0x56505babd5a0_0 .net "D", 0 0, L_0x56505bad6360;  1 drivers
v0x56505babd660_0 .var "Q", 0 0;
S_0x56505babd7b0 .scope module, "_215_" "DFF" 5 692, 2 25 0, S_0x56505ba62660;
 .timescale -9 -10;
    .port_info 0 /INPUT 1 "C"
    .port_info 1 /INPUT 1 "D"
    .port_info 2 /OUTPUT 1 "Q"
v0x56505babd9d0_0 .net "C", 0 0, v0x56505bac88d0_0;  alias, 1 drivers
v0x56505babda90_0 .net "D", 0 0, L_0x56505bad6550;  1 drivers
v0x56505babdb50_0 .var "Q", 0 0;
S_0x56505babdca0 .scope module, "_216_" "DFF" 5 698, 2 25 0, S_0x56505ba62660;
 .timescale -9 -10;
    .port_info 0 /INPUT 1 "C"
    .port_info 1 /INPUT 1 "D"
    .port_info 2 /OUTPUT 1 "Q"
v0x56505babdec0_0 .net "C", 0 0, v0x56505bac88d0_0;  alias, 1 drivers
v0x56505babdf80_0 .net "D", 0 0, L_0x56505bad65f0;  1 drivers
v0x56505babe040_0 .var "Q", 0 0;
S_0x56505babe190 .scope module, "_217_" "DFF" 5 704, 2 25 0, S_0x56505ba62660;
 .timescale -9 -10;
    .port_info 0 /INPUT 1 "C"
    .port_info 1 /INPUT 1 "D"
    .port_info 2 /OUTPUT 1 "Q"
v0x56505babe3b0_0 .net "C", 0 0, v0x56505bac88d0_0;  alias, 1 drivers
v0x56505babe470_0 .net "D", 0 0, L_0x56505bad68f0;  1 drivers
v0x56505babe530_0 .var "Q", 0 0;
S_0x56505babe680 .scope module, "_218_" "DFF" 5 710, 2 25 0, S_0x56505ba62660;
 .timescale -9 -10;
    .port_info 0 /INPUT 1 "C"
    .port_info 1 /INPUT 1 "D"
    .port_info 2 /OUTPUT 1 "Q"
v0x56505babe8a0_0 .net "C", 0 0, v0x56505bac88d0_0;  alias, 1 drivers
v0x56505babe960_0 .net "D", 0 0, L_0x56505bad6b80;  1 drivers
v0x56505babea20_0 .var "Q", 0 0;
S_0x56505babeb70 .scope module, "_219_" "DFF" 5 716, 2 25 0, S_0x56505ba62660;
 .timescale -9 -10;
    .port_info 0 /INPUT 1 "C"
    .port_info 1 /INPUT 1 "D"
    .port_info 2 /OUTPUT 1 "Q"
v0x56505babed90_0 .net "C", 0 0, v0x56505bac88d0_0;  alias, 1 drivers
v0x56505babee50_0 .net "D", 0 0, L_0x56505bad6c20;  1 drivers
v0x56505babef10_0 .var "Q", 0 0;
S_0x56505babf060 .scope module, "_220_" "DFF" 5 722, 2 25 0, S_0x56505ba62660;
 .timescale -9 -10;
    .port_info 0 /INPUT 1 "C"
    .port_info 1 /INPUT 1 "D"
    .port_info 2 /OUTPUT 1 "Q"
v0x56505babf280_0 .net "C", 0 0, v0x56505bac88d0_0;  alias, 1 drivers
v0x56505babf340_0 .net "D", 0 0, L_0x56505bad6e70;  1 drivers
v0x56505babf400_0 .var "Q", 0 0;
S_0x56505babf550 .scope module, "_221_" "DFF" 5 728, 2 25 0, S_0x56505ba62660;
 .timescale -9 -10;
    .port_info 0 /INPUT 1 "C"
    .port_info 1 /INPUT 1 "D"
    .port_info 2 /OUTPUT 1 "Q"
v0x56505babf770_0 .net "C", 0 0, v0x56505bac88d0_0;  alias, 1 drivers
v0x56505babfa40_0 .net "D", 0 0, L_0x56505bad6f40;  1 drivers
v0x56505babfb00_0 .var "Q", 0 0;
S_0x56505babfc50 .scope module, "_222_" "DFF" 5 734, 2 25 0, S_0x56505ba62660;
 .timescale -9 -10;
    .port_info 0 /INPUT 1 "C"
    .port_info 1 /INPUT 1 "D"
    .port_info 2 /OUTPUT 1 "Q"
v0x56505babfe70_0 .net "C", 0 0, v0x56505bac88d0_0;  alias, 1 drivers
v0x56505babff30_0 .net "D", 0 0, L_0x56505bad71a0;  1 drivers
v0x56505babfff0_0 .var "Q", 0 0;
S_0x56505bac0140 .scope module, "_223_" "DFF" 5 740, 2 25 0, S_0x56505ba62660;
 .timescale -9 -10;
    .port_info 0 /INPUT 1 "C"
    .port_info 1 /INPUT 1 "D"
    .port_info 2 /OUTPUT 1 "Q"
v0x56505bac0360_0 .net "C", 0 0, v0x56505bac88d0_0;  alias, 1 drivers
v0x56505bac0420_0 .net "D", 0 0, L_0x56505bad7270;  1 drivers
v0x56505bac04e0_0 .var "Q", 0 0;
S_0x56505bac0630 .scope module, "_224_" "DFF" 5 746, 2 25 0, S_0x56505ba62660;
 .timescale -9 -10;
    .port_info 0 /INPUT 1 "C"
    .port_info 1 /INPUT 1 "D"
    .port_info 2 /OUTPUT 1 "Q"
v0x56505bac0850_0 .net "C", 0 0, v0x56505bac88d0_0;  alias, 1 drivers
v0x56505bac0910_0 .net "D", 0 0, L_0x56505bad75f0;  1 drivers
v0x56505bac09d0_0 .var "Q", 0 0;
S_0x56505bac0b20 .scope module, "_225_" "DFF" 5 752, 2 25 0, S_0x56505ba62660;
 .timescale -9 -10;
    .port_info 0 /INPUT 1 "C"
    .port_info 1 /INPUT 1 "D"
    .port_info 2 /OUTPUT 1 "Q"
v0x56505bac0d40_0 .net "C", 0 0, v0x56505bac88d0_0;  alias, 1 drivers
v0x56505bac0e00_0 .net "D", 0 0, L_0x56505bacc210;  alias, 1 drivers
v0x56505bac0ef0_0 .var "Q", 0 0;
S_0x56505bac8620 .scope module, "prob" "probador" 3 32, 6 1 0, S_0x56505ba5d620;
 .timescale -9 -10;
    .port_info 0 /OUTPUT 1 "clk_2f"
    .port_info 1 /OUTPUT 1 "valid_in"
    .port_info 2 /OUTPUT 8 "data_in"
    .port_info 3 /OUTPUT 1 "reset"
    .port_info 4 /INPUT 8 "lane_0"
    .port_info 5 /INPUT 8 "lane_1"
    .port_info 6 /INPUT 1 "valid_0"
    .port_info 7 /INPUT 1 "valid_1"
    .port_info 8 /INPUT 8 "lane_0_synth"
    .port_info 9 /INPUT 8 "lane_1_synth"
    .port_info 10 /INPUT 1 "valid_0_synth"
    .port_info 11 /INPUT 1 "valid_1_synth"
v0x56505bac88d0_0 .var "clk_2f", 0 0;
v0x56505bac8970_0 .var "data_in", 7 0;
v0x56505bac8a80_0 .net "lane_0", 7 0, v0x56505ba886a0_0;  alias, 1 drivers
v0x56505bac8b20_0 .net "lane_0_synth", 7 0, L_0x56505bad67f0;  alias, 1 drivers
v0x56505bac8bc0_0 .net "lane_1", 7 0, v0x56505ba887d0_0;  alias, 1 drivers
v0x56505bac8cb0_0 .net "lane_1_synth", 7 0, L_0x56505bad76c0;  alias, 1 drivers
v0x56505bac8d50_0 .var "reset", 0 0;
v0x56505bac8df0_0 .net "valid_0", 0 0, v0x56505ba88970_0;  alias, 1 drivers
v0x56505bac8e90_0 .net "valid_0_synth", 0 0, v0x56505babaf60_0;  alias, 1 drivers
v0x56505bac8fc0_0 .net "valid_1", 0 0, v0x56505ba88a30_0;  alias, 1 drivers
v0x56505bac9060_0 .net "valid_1_synth", 0 0, v0x56505babb450_0;  alias, 1 drivers
v0x56505bac9150_0 .var "valid_in", 0 0;
    .scope S_0x56505ba5add0;
T_0 ;
    %wait E_0x56505b9c0fc0;
    %load/vec4 v0x56505ba70410_0;
    %flag_set/vec4 8;
    %jmp/0xz  T_0.0, 8;
    %pushi/vec4 1, 0, 1;
    %assign/vec4 v0x56505ba70c10_0, 0;
    %jmp T_0.1;
T_0.0 ;
    %load/vec4 v0x56505ba70810_0;
    %flag_set/vec4 8;
    %jmp/0xz  T_0.2, 8;
    %pushi/vec4 0, 0, 1;
    %assign/vec4 v0x56505ba70c10_0, 0;
    %jmp T_0.3;
T_0.2 ;
    %load/vec4 v0x56505ba70fe0_0;
    %assign/vec4 v0x56505ba70c10_0, 0;
T_0.3 ;
T_0.1 ;
    %jmp T_0;
    .thread T_0;
    .scope S_0x56505ba5fe40;
T_1 ;
    %wait E_0x56505b9c10d0;
    %load/vec4 v0x56505ba888b0_0;
    %nor/r;
    %flag_set/vec4 8;
    %jmp/0xz  T_1.0, 8;
    %pushi/vec4 0, 0, 1;
    %assign/vec4 v0x56505ba88460_0, 0;
    %pushi/vec4 1, 0, 1;
    %assign/vec4 v0x56505ba88520_0, 0;
    %pushi/vec4 0, 0, 8;
    %assign/vec4 v0x56505ba886a0_0, 0;
    %pushi/vec4 0, 0, 8;
    %assign/vec4 v0x56505ba887d0_0, 0;
    %pushi/vec4 0, 0, 1;
    %assign/vec4 v0x56505ba88970_0, 0;
    %pushi/vec4 0, 0, 1;
    %assign/vec4 v0x56505ba88a30_0, 0;
    %jmp T_1.1;
T_1.0 ;
    %load/vec4 v0x56505ba88af0_0;
    %pad/u 32;
    %cmpi/e 1, 0, 32;
    %jmp/0xz  T_1.2, 4;
    %load/vec4 v0x56505ba88460_0;
    %pad/u 32;
    %pushi/vec4 0, 0, 32;
    %cmp/e;
    %flag_get/vec4 4;
    %load/vec4 v0x56505ba88af0_0;
    %pad/u 32;
    %pushi/vec4 1, 0, 32;
    %cmp/e;
    %flag_get/vec4 4;
    %and;
    %flag_set/vec4 8;
    %jmp/0xz  T_1.4, 8;
    %load/vec4 v0x56505ba885c0_0;
    %assign/vec4 v0x56505ba886a0_0, 0;
    %load/vec4 v0x56505ba88460_0;
    %pad/u 2;
    %addi 1, 0, 2;
    %pad/u 1;
    %assign/vec4 v0x56505ba88460_0, 0;
    %load/vec4 v0x56505ba88520_0;
    %pad/u 2;
    %addi 1, 0, 2;
    %pad/u 1;
    %assign/vec4 v0x56505ba88520_0, 0;
    %pushi/vec4 1, 0, 1;
    %assign/vec4 v0x56505ba88970_0, 0;
    %pushi/vec4 0, 0, 1;
    %assign/vec4 v0x56505ba88a30_0, 0;
    %jmp T_1.5;
T_1.4 ;
    %load/vec4 v0x56505ba885c0_0;
    %assign/vec4 v0x56505ba887d0_0, 0;
    %load/vec4 v0x56505ba88520_0;
    %pad/u 2;
    %addi 1, 0, 2;
    %pad/u 1;
    %assign/vec4 v0x56505ba88520_0, 0;
    %load/vec4 v0x56505ba88460_0;
    %pad/u 2;
    %addi 1, 0, 2;
    %pad/u 1;
    %assign/vec4 v0x56505ba88460_0, 0;
    %pushi/vec4 0, 0, 1;
    %assign/vec4 v0x56505ba88970_0, 0;
    %pushi/vec4 1, 0, 1;
    %assign/vec4 v0x56505ba88a30_0, 0;
T_1.5 ;
    %load/vec4 v0x56505ba88520_0;
    %pad/u 32;
    %pushi/vec4 0, 0, 32;
    %cmp/e;
    %flag_get/vec4 4;
    %load/vec4 v0x56505ba88af0_0;
    %pad/u 32;
    %pushi/vec4 1, 0, 32;
    %cmp/e;
    %flag_get/vec4 4;
    %and;
    %flag_set/vec4 8;
    %jmp/0xz  T_1.6, 8;
    %load/vec4 v0x56505ba885c0_0;
    %assign/vec4 v0x56505ba887d0_0, 0;
    %load/vec4 v0x56505ba88520_0;
    %pad/u 2;
    %addi 1, 0, 2;
    %pad/u 1;
    %assign/vec4 v0x56505ba88520_0, 0;
    %load/vec4 v0x56505ba88460_0;
    %pad/u 2;
    %addi 1, 0, 2;
    %pad/u 1;
    %assign/vec4 v0x56505ba88460_0, 0;
    %pushi/vec4 0, 0, 1;
    %assign/vec4 v0x56505ba88970_0, 0;
    %pushi/vec4 1, 0, 1;
    %assign/vec4 v0x56505ba88a30_0, 0;
    %jmp T_1.7;
T_1.6 ;
    %load/vec4 v0x56505ba885c0_0;
    %assign/vec4 v0x56505ba886a0_0, 0;
    %load/vec4 v0x56505ba88460_0;
    %pad/u 2;
    %addi 1, 0, 2;
    %pad/u 1;
    %assign/vec4 v0x56505ba88460_0, 0;
    %load/vec4 v0x56505ba88520_0;
    %pad/u 2;
    %addi 1, 0, 2;
    %pad/u 1;
    %assign/vec4 v0x56505ba88520_0, 0;
    %pushi/vec4 1, 0, 1;
    %assign/vec4 v0x56505ba88970_0, 0;
    %pushi/vec4 0, 0, 1;
    %assign/vec4 v0x56505ba88a30_0, 0;
T_1.7 ;
    %jmp T_1.3;
T_1.2 ;
    %pushi/vec4 0, 0, 1;
    %assign/vec4 v0x56505ba88970_0, 0;
    %pushi/vec4 0, 0, 1;
    %assign/vec4 v0x56505ba88a30_0, 0;
T_1.3 ;
T_1.1 ;
    %jmp T_1;
    .thread T_1;
    .scope S_0x56505bac8620;
T_2 ;
    %vpi_call 6 17 "$dumpfile", "byte_striping.vcd" {0 0 0};
    %vpi_call 6 18 "$dumpvars" {0 0 0};
    %wait E_0x56505b9c10d0;
    %pushi/vec4 0, 0, 1;
    %assign/vec4 v0x56505bac8d50_0, 0;
    %pushi/vec4 0, 0, 8;
    %assign/vec4 v0x56505bac8970_0, 0;
    %wait E_0x56505b9c10d0;
    %pushi/vec4 1, 0, 1;
    %assign/vec4 v0x56505bac8d50_0, 0;
    %pushi/vec4 0, 0, 1;
    %assign/vec4 v0x56505bac9150_0, 0;
    %pushi/vec4 0, 0, 8;
    %assign/vec4 v0x56505bac8970_0, 0;
    %wait E_0x56505b9c10d0;
    %pushi/vec4 1, 0, 1;
    %assign/vec4 v0x56505bac9150_0, 0;
    %pushi/vec4 255, 0, 8;
    %assign/vec4 v0x56505bac8970_0, 0;
    %wait E_0x56505b9c10d0;
    %pushi/vec4 238, 0, 8;
    %assign/vec4 v0x56505bac8970_0, 0;
    %wait E_0x56505b9c10d0;
    %pushi/vec4 221, 0, 8;
    %assign/vec4 v0x56505bac8970_0, 0;
    %wait E_0x56505b9c10d0;
    %pushi/vec4 204, 0, 8;
    %assign/vec4 v0x56505bac8970_0, 0;
    %wait E_0x56505b9c10d0;
    %pushi/vec4 0, 0, 1;
    %assign/vec4 v0x56505bac9150_0, 0;
    %vpi_func 6 37 "$random" 32 {0 0 0};
    %pad/s 8;
    %assign/vec4 v0x56505bac8970_0, 0;
    %wait E_0x56505b9c10d0;
    %pushi/vec4 0, 0, 1;
    %assign/vec4 v0x56505bac9150_0, 0;
    %vpi_func 6 40 "$random" 32 {0 0 0};
    %pad/s 8;
    %assign/vec4 v0x56505bac8970_0, 0;
    %wait E_0x56505b9c10d0;
    %pushi/vec4 1, 0, 1;
    %assign/vec4 v0x56505bac9150_0, 0;
    %pushi/vec4 3, 0, 8;
    %store/vec4 v0x56505bac8970_0, 0, 8;
    %wait E_0x56505b9c10d0;
    %pushi/vec4 1, 0, 1;
    %assign/vec4 v0x56505bac9150_0, 0;
    %pushi/vec4 4, 0, 8;
    %assign/vec4 v0x56505bac8970_0, 0;
    %wait E_0x56505b9c10d0;
    %pushi/vec4 0, 0, 1;
    %assign/vec4 v0x56505bac9150_0, 0;
    %vpi_func 6 49 "$random" 32 {0 0 0};
    %pad/s 8;
    %assign/vec4 v0x56505bac8970_0, 0;
    %wait E_0x56505b9c10d0;
    %pushi/vec4 0, 0, 1;
    %assign/vec4 v0x56505bac9150_0, 0;
    %vpi_func 6 52 "$random" 32 {0 0 0};
    %pad/s 8;
    %assign/vec4 v0x56505bac8970_0, 0;
    %wait E_0x56505b9c10d0;
    %pushi/vec4 1, 0, 1;
    %assign/vec4 v0x56505bac9150_0, 0;
    %pushi/vec4 7, 0, 8;
    %store/vec4 v0x56505bac8970_0, 0, 8;
    %wait E_0x56505b9c10d0;
    %pushi/vec4 1, 0, 1;
    %assign/vec4 v0x56505bac9150_0, 0;
    %pushi/vec4 8, 0, 8;
    %assign/vec4 v0x56505bac8970_0, 0;
    %wait E_0x56505b9c10d0;
    %pushi/vec4 0, 0, 1;
    %assign/vec4 v0x56505bac9150_0, 0;
    %vpi_func 6 61 "$random" 32 {0 0 0};
    %pad/s 8;
    %assign/vec4 v0x56505bac8970_0, 0;
    %delay 150, 0;
    %vpi_call 6 64 "$finish" {0 0 0};
    %end;
    .thread T_2;
    .scope S_0x56505bac8620;
T_3 ;
    %pushi/vec4 0, 0, 1;
    %assign/vec4 v0x56505bac88d0_0, 0;
    %end;
    .thread T_3;
    .scope S_0x56505bac8620;
T_4 ;
    %delay 20, 0;
    %load/vec4 v0x56505bac88d0_0;
    %inv;
    %assign/vec4 v0x56505bac88d0_0, 0;
    %jmp T_4;
    .thread T_4;
    .scope S_0x56505babab60;
T_5 ;
    %wait E_0x56505b9c10d0;
    %load/vec4 v0x56505babae70_0;
    %assign/vec4 v0x56505babaf60_0, 0;
    %jmp T_5;
    .thread T_5;
    .scope S_0x56505babb060;
T_6 ;
    %wait E_0x56505b9c10d0;
    %load/vec4 v0x56505babb390_0;
    %assign/vec4 v0x56505babb450_0, 0;
    %jmp T_6;
    .thread T_6;
    .scope S_0x56505babb560;
T_7 ;
    %wait E_0x56505b9c10d0;
    %load/vec4 v0x56505babb840_0;
    %assign/vec4 v0x56505babb930_0, 0;
    %jmp T_7;
    .thread T_7;
    .scope S_0x56505babba20;
T_8 ;
    %wait E_0x56505b9c10d0;
    %load/vec4 v0x56505babbd40_0;
    %assign/vec4 v0x56505babbe00_0, 0;
    %jmp T_8;
    .thread T_8;
    .scope S_0x56505babbf50;
T_9 ;
    %wait E_0x56505b9c10d0;
    %load/vec4 v0x56505babc1e0_0;
    %assign/vec4 v0x56505babc2a0_0, 0;
    %jmp T_9;
    .thread T_9;
    .scope S_0x56505babc3f0;
T_10 ;
    %wait E_0x56505b9c10d0;
    %load/vec4 v0x56505babc6d0_0;
    %assign/vec4 v0x56505babc790_0, 0;
    %jmp T_10;
    .thread T_10;
    .scope S_0x56505babc8e0;
T_11 ;
    %wait E_0x56505b9c10d0;
    %load/vec4 v0x56505babcbc0_0;
    %assign/vec4 v0x56505babcc80_0, 0;
    %jmp T_11;
    .thread T_11;
    .scope S_0x56505babcdd0;
T_12 ;
    %wait E_0x56505b9c10d0;
    %load/vec4 v0x56505babd0b0_0;
    %assign/vec4 v0x56505babd170_0, 0;
    %jmp T_12;
    .thread T_12;
    .scope S_0x56505babd2c0;
T_13 ;
    %wait E_0x56505b9c10d0;
    %load/vec4 v0x56505babd5a0_0;
    %assign/vec4 v0x56505babd660_0, 0;
    %jmp T_13;
    .thread T_13;
    .scope S_0x56505babd7b0;
T_14 ;
    %wait E_0x56505b9c10d0;
    %load/vec4 v0x56505babda90_0;
    %assign/vec4 v0x56505babdb50_0, 0;
    %jmp T_14;
    .thread T_14;
    .scope S_0x56505babdca0;
T_15 ;
    %wait E_0x56505b9c10d0;
    %load/vec4 v0x56505babdf80_0;
    %assign/vec4 v0x56505babe040_0, 0;
    %jmp T_15;
    .thread T_15;
    .scope S_0x56505babe190;
T_16 ;
    %wait E_0x56505b9c10d0;
    %load/vec4 v0x56505babe470_0;
    %assign/vec4 v0x56505babe530_0, 0;
    %jmp T_16;
    .thread T_16;
    .scope S_0x56505babe680;
T_17 ;
    %wait E_0x56505b9c10d0;
    %load/vec4 v0x56505babe960_0;
    %assign/vec4 v0x56505babea20_0, 0;
    %jmp T_17;
    .thread T_17;
    .scope S_0x56505babeb70;
T_18 ;
    %wait E_0x56505b9c10d0;
    %load/vec4 v0x56505babee50_0;
    %assign/vec4 v0x56505babef10_0, 0;
    %jmp T_18;
    .thread T_18;
    .scope S_0x56505babf060;
T_19 ;
    %wait E_0x56505b9c10d0;
    %load/vec4 v0x56505babf340_0;
    %assign/vec4 v0x56505babf400_0, 0;
    %jmp T_19;
    .thread T_19;
    .scope S_0x56505babf550;
T_20 ;
    %wait E_0x56505b9c10d0;
    %load/vec4 v0x56505babfa40_0;
    %assign/vec4 v0x56505babfb00_0, 0;
    %jmp T_20;
    .thread T_20;
    .scope S_0x56505babfc50;
T_21 ;
    %wait E_0x56505b9c10d0;
    %load/vec4 v0x56505babff30_0;
    %assign/vec4 v0x56505babfff0_0, 0;
    %jmp T_21;
    .thread T_21;
    .scope S_0x56505bac0140;
T_22 ;
    %wait E_0x56505b9c10d0;
    %load/vec4 v0x56505bac0420_0;
    %assign/vec4 v0x56505bac04e0_0, 0;
    %jmp T_22;
    .thread T_22;
    .scope S_0x56505bac0630;
T_23 ;
    %wait E_0x56505b9c10d0;
    %load/vec4 v0x56505bac0910_0;
    %assign/vec4 v0x56505bac09d0_0, 0;
    %jmp T_23;
    .thread T_23;
    .scope S_0x56505bac0b20;
T_24 ;
    %wait E_0x56505b9c10d0;
    %load/vec4 v0x56505bac0e00_0;
    %assign/vec4 v0x56505bac0ef0_0, 0;
    %jmp T_24;
    .thread T_24;
# The file index is used to find the file name in the following table.
:file_names 7;
    "N/A";
    "<interactive>";
    "./cmos_cells.v";
    "bancoprueba.v";
    "./byte_striping.v";
    "./byte_striping_synth.v";
    "./probador.v";
