#! /usr/bin/vvp
:ivl_version "10.1 (stable)";
:ivl_delay_selection "TYPICAL";
:vpi_time_precision - 10;
:vpi_module "system";
:vpi_module "vhdl_sys";
:vpi_module "v2005_math";
:vpi_module "va_math";
S_0x56177bade6e0 .scope module, "BUF" "BUF" 2 1;
 .timescale -9 -10;
    .port_info 0 /INPUT 1 "A"
    .port_info 1 /OUTPUT 1 "Y"
o0x7fe5b2535018 .functor BUFZ 1, C4<z>; HiZ drive
L_0x56177b9f52b0 .functor BUFZ 1, o0x7fe5b2535018, C4<0>, C4<0>, C4<0>;
v0x56177bae5190_0 .net "A", 0 0, o0x7fe5b2535018;  0 drivers
v0x56177bae4670_0 .net "Y", 0 0, L_0x56177b9f52b0;  1 drivers
S_0x56177baccdd0 .scope module, "DFFSR" "DFFSR" 2 32;
 .timescale -9 -10;
    .port_info 0 /INPUT 1 "C"
    .port_info 1 /INPUT 1 "D"
    .port_info 2 /OUTPUT 1 "Q"
    .port_info 3 /INPUT 1 "S"
    .port_info 4 /INPUT 1 "R"
o0x7fe5b25350d8 .functor BUFZ 1, C4<z>; HiZ drive
v0x56177bae3b50_0 .net "C", 0 0, o0x7fe5b25350d8;  0 drivers
o0x7fe5b2535108 .functor BUFZ 1, C4<z>; HiZ drive
v0x56177bae2fe0_0 .net "D", 0 0, o0x7fe5b2535108;  0 drivers
v0x56177bae2c10_0 .var "Q", 0 0;
o0x7fe5b2535168 .functor BUFZ 1, C4<z>; HiZ drive
v0x56177bae2810_0 .net "R", 0 0, o0x7fe5b2535168;  0 drivers
o0x7fe5b2535198 .functor BUFZ 1, C4<z>; HiZ drive
v0x56177bae2410_0 .net "S", 0 0, o0x7fe5b2535198;  0 drivers
E_0x56177ba32fc0 .event posedge, v0x56177bae2810_0, v0x56177bae2410_0, v0x56177bae3b50_0;
S_0x56177bacf620 .scope module, "bancoprueba" "bancoprueba" 3 7;
 .timescale -9 -10;
v0x56177bb3b380_0 .net "clk_2f", 0 0, v0x56177bb3a8d0_0;  1 drivers
v0x56177bb3b440_0 .net "data_in", 7 0, v0x56177bb3a970_0;  1 drivers
v0x56177bb3b500_0 .net "lane_0", 7 0, v0x56177bafa6a0_0;  1 drivers
v0x56177bb3b5f0_0 .net "lane_0_synth", 7 0, L_0x56177bb487f0;  1 drivers
v0x56177bb3b700_0 .net "lane_1", 7 0, v0x56177bafa7d0_0;  1 drivers
v0x56177bb3b860_0 .net "lane_1_synth", 7 0, L_0x56177bb496c0;  1 drivers
v0x56177bb3b970_0 .net "reset", 0 0, v0x56177bb3ad50_0;  1 drivers
v0x56177bb3ba10_0 .net "valid_0", 0 0, v0x56177bafa970_0;  1 drivers
v0x56177bb3bb00_0 .net "valid_0_synth", 0 0, v0x56177bb2cf60_0;  1 drivers
v0x56177bb3bc30_0 .net "valid_1", 0 0, v0x56177bafaa30_0;  1 drivers
v0x56177bb3bcd0_0 .net "valid_1_synth", 0 0, v0x56177bb2d450_0;  1 drivers
v0x56177bb3bd70_0 .net "valid_in", 0 0, v0x56177bb3b150_0;  1 drivers
S_0x56177bad1e40 .scope module, "cond" "byte_striping" 3 21, 4 1 0, S_0x56177bacf620;
 .timescale -9 -10;
    .port_info 0 /INPUT 1 "clk_2f"
    .port_info 1 /INPUT 1 "valid_in"
    .port_info 2 /INPUT 8 "data_in"
    .port_info 3 /INPUT 1 "reset"
    .port_info 4 /OUTPUT 8 "lane_0"
    .port_info 5 /OUTPUT 8 "lane_1"
    .port_info 6 /OUTPUT 1 "valid_0"
    .port_info 7 /OUTPUT 1 "valid_1"
v0x56177bafa380_0 .net "clk_2f", 0 0, v0x56177bb3a8d0_0;  alias, 1 drivers
v0x56177bafa460_0 .var "contador0", 0 0;
v0x56177bafa520_0 .var "contador1", 0 0;
v0x56177bafa5c0_0 .net "data_in", 7 0, v0x56177bb3a970_0;  alias, 1 drivers
v0x56177bafa6a0_0 .var "lane_0", 7 0;
v0x56177bafa7d0_0 .var "lane_1", 7 0;
v0x56177bafa8b0_0 .net "reset", 0 0, v0x56177bb3ad50_0;  alias, 1 drivers
v0x56177bafa970_0 .var "valid_0", 0 0;
v0x56177bafaa30_0 .var "valid_1", 0 0;
v0x56177bafaaf0_0 .net "valid_in", 0 0, v0x56177bb3b150_0;  alias, 1 drivers
E_0x56177ba330d0 .event posedge, v0x56177bafa380_0;
S_0x56177bad4660 .scope module, "est" "byte_striping_synth" 3 49, 5 5 0, S_0x56177bacf620;
 .timescale -9 -10;
    .port_info 0 /INPUT 1 "clk_2f"
    .port_info 1 /INPUT 1 "valid_in"
    .port_info 2 /INPUT 8 "data_in"
    .port_info 3 /INPUT 1 "reset"
    .port_info 4 /OUTPUT 8 "lane_0_synth"
    .port_info 5 /OUTPUT 8 "lane_1_synth"
    .port_info 6 /OUTPUT 1 "valid_0_synth"
    .port_info 7 /OUTPUT 1 "valid_1_synth"
L_0x56177bb49a90 .functor BUFZ 1, L_0x56177bb3e210, C4<0>, C4<0>, C4<0>;
L_0x56177bb4b7f0 .functor BUFZ 1, L_0x56177bb47b50, C4<0>, C4<0>, C4<0>;
L_0x56177bb4b920 .functor BUFZ 1, L_0x56177bb47d00, C4<0>, C4<0>, C4<0>;
L_0x56177bb4ba50 .functor BUFZ 1, L_0x56177bb477a0, C4<0>, C4<0>, C4<0>;
v0x56177bb33030_0 .net "_000_", 0 0, L_0x56177bb3e210;  1 drivers
v0x56177bb33520_0 .net "_001_", 0 0, L_0x56177bb47b50;  1 drivers
v0x56177bb33630_0 .net "_002_", 7 0, L_0x56177bb47160;  1 drivers
v0x56177bb336f0_0 .net "_003_", 7 0, L_0x56177bb42bf0;  1 drivers
v0x56177bb337f0_0 .net "_004_", 0 0, L_0x56177bb477a0;  1 drivers
v0x56177bb33920_0 .net "_005_", 0 0, L_0x56177bb47d00;  1 drivers
v0x56177bb33a30_0 .net "_006_", 0 0, L_0x56177bb49a90;  1 drivers
v0x56177bb33af0_0 .net "_007_", 0 0, L_0x56177bb4b7f0;  1 drivers
v0x56177bb33bd0_0 .net "_008_", 0 0, L_0x56177bb4a910;  1 drivers
v0x56177bb33cb0_0 .net "_009_", 0 0, L_0x56177bb4a9e0;  1 drivers
v0x56177bb33d90_0 .net "_010_", 0 0, L_0x56177bb4acb0;  1 drivers
v0x56177bb33e70_0 .net "_011_", 0 0, L_0x56177bb4ad80;  1 drivers
v0x56177bb33f50_0 .net "_012_", 0 0, L_0x56177bb4b060;  1 drivers
v0x56177bb34030_0 .net "_013_", 0 0, L_0x56177bb4b130;  1 drivers
v0x56177bb34110_0 .net "_014_", 0 0, L_0x56177bb4b420;  1 drivers
v0x56177bb341f0_0 .net "_015_", 0 0, L_0x56177bb4b4f0;  1 drivers
v0x56177bb342d0_0 .net "_016_", 0 0, L_0x56177bb49b30;  1 drivers
v0x56177bb343b0_0 .net "_017_", 0 0, L_0x56177bb49c00;  1 drivers
v0x56177bb34490_0 .net "_018_", 0 0, L_0x56177bb49e90;  1 drivers
v0x56177bb34570_0 .net "_019_", 0 0, L_0x56177bb49f60;  1 drivers
v0x56177bb34650_0 .net "_020_", 0 0, L_0x56177bb4a200;  1 drivers
v0x56177bb34730_0 .net "_021_", 0 0, L_0x56177bb4a2d0;  1 drivers
v0x56177bb34810_0 .net "_022_", 0 0, L_0x56177bb4a580;  1 drivers
v0x56177bb348f0_0 .net "_023_", 0 0, L_0x56177bb4a650;  1 drivers
v0x56177bb349d0_0 .net "_024_", 0 0, L_0x56177bb4ba50;  1 drivers
v0x56177bb34ab0_0 .net "_025_", 0 0, L_0x56177bb4b920;  1 drivers
v0x56177bb34b90_0 .net "_026_", 0 0, L_0x56177bb41640;  1 drivers
v0x56177bb34c30_0 .net "_027_", 0 0, L_0x56177bb41cd0;  1 drivers
v0x56177bb34d20_0 .net "_028_", 0 0, L_0x56177bb41e40;  1 drivers
v0x56177bb34e10_0 .net "_029_", 0 0, L_0x56177bb42120;  1 drivers
v0x56177bb34f00_0 .net "_030_", 0 0, L_0x56177bb42400;  1 drivers
v0x56177bb34ff0_0 .net "_031_", 0 0, L_0x56177bb42980;  1 drivers
v0x56177bb350e0_0 .net "_032_", 0 0, L_0x56177bb42f80;  1 drivers
v0x56177bb353e0_0 .net "_033_", 0 0, L_0x56177bb430b0;  1 drivers
v0x56177bb35480_0 .net "_034_", 0 0, L_0x56177bb43190;  1 drivers
v0x56177bb35570_0 .net "_035_", 0 0, L_0x56177bb43520;  1 drivers
v0x56177bb35660_0 .net "_036_", 0 0, L_0x56177bb43690;  1 drivers
v0x56177bb35750_0 .net "_037_", 0 0, L_0x56177bb43970;  1 drivers
v0x56177bb35840_0 .net "_038_", 0 0, L_0x56177bb43c60;  1 drivers
v0x56177bb35930_0 .net "_039_", 0 0, L_0x56177bb43dd0;  1 drivers
v0x56177bb35a20_0 .net "_040_", 0 0, L_0x56177bb440b0;  1 drivers
v0x56177bb35b10_0 .net "_041_", 0 0, L_0x56177bb443b0;  1 drivers
v0x56177bb35c00_0 .net "_042_", 0 0, L_0x56177bb44520;  1 drivers
v0x56177bb35cf0_0 .net "_043_", 0 0, L_0x56177bb44800;  1 drivers
v0x56177bb35de0_0 .net "_044_", 0 0, L_0x56177bb44a60;  1 drivers
v0x56177bb35ed0_0 .net "_045_", 0 0, L_0x56177bb44bd0;  1 drivers
v0x56177bb35fc0_0 .net "_046_", 0 0, L_0x56177bb44eb0;  1 drivers
v0x56177bb360b0_0 .net "_047_", 0 0, L_0x56177bb45210;  1 drivers
v0x56177bb361a0_0 .net "_048_", 0 0, L_0x56177bb45380;  1 drivers
v0x56177bb36290_0 .net "_049_", 0 0, L_0x56177bb45660;  1 drivers
v0x56177bb36380_0 .net "_050_", 0 0, L_0x56177bb45940;  1 drivers
v0x56177bb36470_0 .net "_051_", 0 0, L_0x56177bb45ab0;  1 drivers
v0x56177bb36560_0 .net "_052_", 0 0, L_0x56177bb45dd0;  1 drivers
v0x56177bb36650_0 .net "_053_", 0 0, L_0x56177bb46570;  1 drivers
v0x56177bb36740_0 .net "_054_", 0 0, L_0x56177bb46720;  1 drivers
v0x56177bb36830_0 .net "_055_", 0 0, L_0x56177bb46a60;  1 drivers
v0x56177bb36920_0 .net "_056_", 0 0, L_0x56177bb46ce0;  1 drivers
v0x56177bb36a10_0 .net "_057_", 0 0, L_0x56177bb46e90;  1 drivers
v0x56177bb36b00_0 .net "_058_", 0 0, L_0x56177bb47610;  1 drivers
v0x56177bb36ba0_0 .net "_059_", 0 0, L_0x56177bb47950;  1 drivers
v0x56177bb36c90_0 .net "_060_", 0 0, L_0x56177bb3be30;  1 drivers
v0x56177bb36d30_0 .net "_061_", 0 0, L_0x56177bb3bec0;  1 drivers
v0x56177bb36dd0_0 .net "_062_", 0 0, L_0x56177bb3c090;  1 drivers
v0x56177bb36ec0_0 .net "_063_", 0 0, L_0x56177bb3c140;  1 drivers
v0x56177bb36fb0_0 .net "_064_", 0 0, L_0x56177bb3c290;  1 drivers
v0x56177bb374b0_0 .net "_065_", 0 0, L_0x56177bb3c450;  1 drivers
v0x56177bb375a0_0 .net "_066_", 0 0, L_0x56177bb3c580;  1 drivers
v0x56177bb37690_0 .net "_067_", 0 0, L_0x56177bb3c700;  1 drivers
v0x56177bb37780_0 .net "_068_", 0 0, L_0x56177bb3c860;  1 drivers
v0x56177bb37870_0 .net "_069_", 0 0, L_0x56177bb3ca20;  1 drivers
v0x56177bb37960_0 .net "_070_", 0 0, L_0x56177bb3cba0;  1 drivers
v0x56177bb37a50_0 .net "_071_", 0 0, L_0x56177bb3cd70;  1 drivers
v0x56177bb37b40_0 .net "_072_", 0 0, L_0x56177bb3cef0;  1 drivers
v0x56177bb37c30_0 .net "_073_", 0 0, L_0x56177bb3d080;  1 drivers
v0x56177bb37d20_0 .net "_074_", 0 0, L_0x56177bb3d1b0;  1 drivers
v0x56177bb37e10_0 .net "_075_", 0 0, L_0x56177bb3d3a0;  1 drivers
v0x56177bb37f00_0 .net "_076_", 0 0, L_0x56177bb3d520;  1 drivers
v0x56177bb37ff0_0 .net "_077_", 0 0, L_0x56177bb3d330;  1 drivers
v0x56177bb380e0_0 .net "_078_", 0 0, L_0x56177bb3d830;  1 drivers
v0x56177bb381d0_0 .net "_079_", 0 0, L_0x56177bb3da40;  1 drivers
v0x56177bb382c0_0 .net "_080_", 0 0, L_0x56177bb3db80;  1 drivers
v0x56177bb38360_0 .net "_081_", 0 0, L_0x56177bb3ddb0;  1 drivers
v0x56177bb38450_0 .net "_082_", 0 0, L_0x56177bb3de90;  1 drivers
v0x56177bb38540_0 .net "_083_", 0 0, L_0x56177bb3e060;  1 drivers
v0x56177bb38630_0 .net "_084_", 0 0, L_0x56177bb3e440;  1 drivers
v0x56177bb38720_0 .net "_085_", 0 0, L_0x56177bb3e560;  1 drivers
v0x56177bb387c0_0 .net "_086_", 0 0, L_0x56177bb3e7a0;  1 drivers
v0x56177bb38860_0 .net "_087_", 0 0, L_0x56177bb3e8c0;  1 drivers
v0x56177bb38950_0 .net "_088_", 0 0, L_0x56177bb3eb40;  1 drivers
v0x56177bb38a40_0 .net "_089_", 0 0, L_0x56177bb3ecf0;  1 drivers
v0x56177bb38b30_0 .net "_090_", 0 0, L_0x56177bb3f030;  1 drivers
v0x56177bb38c20_0 .net "_091_", 0 0, L_0x56177bb3f2c0;  1 drivers
v0x56177bb38d10_0 .net "_092_", 0 0, L_0x56177bb3f470;  1 drivers
v0x56177bb38e00_0 .net "_093_", 0 0, L_0x56177bb3f7b0;  1 drivers
v0x56177bb38ef0_0 .net "_094_", 0 0, L_0x56177bb3fa30;  1 drivers
v0x56177bb38fe0_0 .net "_095_", 0 0, L_0x56177bb3fbe0;  1 drivers
v0x56177bb390d0_0 .net "_096_", 0 0, L_0x56177bb3ff20;  1 drivers
v0x56177bb391c0_0 .net "_097_", 0 0, L_0x56177bb40250;  1 drivers
v0x56177bb392b0_0 .net "_098_", 0 0, L_0x56177bb40400;  1 drivers
v0x56177bb393a0_0 .net "_099_", 0 0, L_0x56177bb40740;  1 drivers
v0x56177bb39490_0 .net "_100_", 0 0, L_0x56177bb40920;  1 drivers
v0x56177bb39580_0 .net "_101_", 0 0, L_0x56177bb40ad0;  1 drivers
v0x56177bb39670_0 .net "_102_", 0 0, L_0x56177bb40e10;  1 drivers
v0x56177bb39760_0 .net "_103_", 0 0, L_0x56177bb41150;  1 drivers
v0x56177bb39850_0 .net "_104_", 0 0, L_0x56177bb41300;  1 drivers
v0x56177bb39940_0 .net "_105_", 31 0, L_0x56177bb4bb20;  1 drivers
v0x56177bb39a20_0 .net "_106_", 31 0, L_0x56177bb5bf10;  1 drivers
L_0x7fe5b24ec018 .functor BUFT 1, C4<000000000000000000000000000000>, C4<0>, C4<0>, C4<0>;
v0x56177bb39b00_0 .net/2u *"_s206", 29 0, L_0x7fe5b24ec018;  1 drivers
v0x56177bb39ba0_0 .net *"_s208", 30 0, L_0x56177bb5bc30;  1 drivers
L_0x7fe5b24ec060 .functor BUFT 1, C4<000000000000000000000000000000>, C4<0>, C4<0>, C4<0>;
v0x56177bb39c40_0 .net/2u *"_s212", 29 0, L_0x7fe5b24ec060;  1 drivers
v0x56177bb39ce0_0 .net *"_s214", 30 0, L_0x56177bb5bfb0;  1 drivers
v0x56177bb39d80_0 .net "clk_2f", 0 0, v0x56177bb3a8d0_0;  alias, 1 drivers
v0x56177bb39e40_0 .net "contador0", 0 0, v0x56177bb32ef0_0;  1 drivers
v0x56177bb39f00_0 .net "contador1", 0 0, v0x56177bb2d930_0;  1 drivers
v0x56177bb39fc0_0 .net "data_in", 7 0, v0x56177bb3a970_0;  alias, 1 drivers
v0x56177bb3a0a0_0 .net "lane_0_synth", 7 0, L_0x56177bb487f0;  alias, 1 drivers
v0x56177bb3a160_0 .net "lane_1_synth", 7 0, L_0x56177bb496c0;  alias, 1 drivers
v0x56177bb3a260_0 .net "reset", 0 0, v0x56177bb3ad50_0;  alias, 1 drivers
v0x56177bb3a340_0 .net "valid_0_synth", 0 0, v0x56177bb2cf60_0;  alias, 1 drivers
v0x56177bb3a400_0 .net "valid_1_synth", 0 0, v0x56177bb2d450_0;  alias, 1 drivers
v0x56177bb3a4a0_0 .net "valid_in", 0 0, v0x56177bb3b150_0;  alias, 1 drivers
L_0x56177bb3c1d0 .part L_0x56177bb496c0, 0, 1;
L_0x56177bb3c320 .part L_0x56177bb496c0, 1, 1;
L_0x56177bb3c4e0 .part L_0x56177bb496c0, 2, 1;
L_0x56177bb3c610 .part L_0x56177bb496c0, 3, 1;
L_0x56177bb3c770 .part L_0x56177bb496c0, 4, 1;
L_0x56177bb3c8f0 .part L_0x56177bb496c0, 5, 1;
L_0x56177bb3cab0 .part L_0x56177bb496c0, 6, 1;
L_0x56177bb3cc30 .part L_0x56177bb496c0, 7, 1;
L_0x56177bb3ce00 .part v0x56177bb3a970_0, 0, 1;
L_0x56177bb3cf80 .part v0x56177bb3a970_0, 1, 1;
L_0x56177bb3d110 .part v0x56177bb3a970_0, 2, 1;
L_0x56177bb3d240 .part v0x56177bb3a970_0, 3, 1;
L_0x56177bb3d430 .part v0x56177bb3a970_0, 4, 1;
L_0x56177bb3d5b0 .part v0x56177bb3a970_0, 5, 1;
L_0x56177bb3d740 .part v0x56177bb3a970_0, 6, 1;
L_0x56177bb3d8c0 .part v0x56177bb3a970_0, 7, 1;
L_0x56177bb3e930 .part v0x56177bb3a970_0, 0, 1;
L_0x56177bb3f0a0 .part v0x56177bb3a970_0, 1, 1;
L_0x56177bb3f820 .part v0x56177bb3a970_0, 2, 1;
L_0x56177bb3ff90 .part v0x56177bb3a970_0, 3, 1;
L_0x56177bb3f190 .part v0x56177bb3a970_0, 4, 1;
L_0x56177bb40e80 .part v0x56177bb3a970_0, 5, 1;
L_0x56177bb416b0 .part v0x56177bb3a970_0, 6, 1;
L_0x56177bb42190 .part v0x56177bb3a970_0, 7, 1;
LS_0x56177bb42bf0_0_0 .concat8 [ 1 1 1 1], L_0x56177bb3ef30, L_0x56177bb3f6b0, L_0x56177bb3fe20, L_0x56177bb40640;
LS_0x56177bb42bf0_0_4 .concat8 [ 1 1 1 1], L_0x56177bb40d10, L_0x56177bb41540, L_0x56177bb42040, L_0x56177bb42b80;
L_0x56177bb42bf0 .concat8 [ 4 4 0 0], LS_0x56177bb42bf0_0_0, LS_0x56177bb42bf0_0_4;
L_0x56177bb43250 .part L_0x56177bb487f0, 0, 1;
L_0x56177bb439e0 .part L_0x56177bb487f0, 1, 1;
L_0x56177bb44120 .part L_0x56177bb487f0, 2, 1;
L_0x56177bb44870 .part L_0x56177bb487f0, 3, 1;
L_0x56177bb44f20 .part L_0x56177bb487f0, 4, 1;
L_0x56177bb456d0 .part L_0x56177bb487f0, 5, 1;
L_0x56177bb45e40 .part L_0x56177bb487f0, 6, 1;
L_0x56177bb46ad0 .part L_0x56177bb487f0, 7, 1;
LS_0x56177bb47160_0_0 .concat8 [ 1 1 1 1], L_0x56177bb43890, L_0x56177bb43fd0, L_0x56177bb44720, L_0x56177bb44dd0;
LS_0x56177bb47160_0_4 .concat8 [ 1 1 1 1], L_0x56177bb45580, L_0x56177bb45cd0, L_0x56177bb46960, L_0x56177bb470d0;
L_0x56177bb47160 .concat8 [ 4 4 0 0], LS_0x56177bb47160_0_0, LS_0x56177bb47160_0_4;
L_0x56177bb47d90 .part L_0x56177bb47160, 0, 1;
L_0x56177bb47e80 .part L_0x56177bb47160, 1, 1;
L_0x56177bb47480 .part L_0x56177bb47160, 2, 1;
L_0x56177bb480e0 .part L_0x56177bb47160, 3, 1;
L_0x56177bb482c0 .part L_0x56177bb47160, 4, 1;
L_0x56177bb48360 .part L_0x56177bb47160, 5, 1;
L_0x56177bb48550 .part L_0x56177bb47160, 6, 1;
L_0x56177bb485f0 .part L_0x56177bb47160, 7, 1;
LS_0x56177bb487f0_0_0 .concat8 [ 1 1 1 1], v0x56177bb2de00_0, v0x56177bb2e2a0_0, v0x56177bb2e790_0, v0x56177bb2ec80_0;
LS_0x56177bb487f0_0_4 .concat8 [ 1 1 1 1], v0x56177bb2f170_0, v0x56177bb2f660_0, v0x56177bb2fb50_0, v0x56177bb30040_0;
L_0x56177bb487f0 .concat8 [ 4 4 0 0], LS_0x56177bb487f0_0_0, LS_0x56177bb487f0_0_4;
L_0x56177bb488f0 .part L_0x56177bb42bf0, 0, 1;
L_0x56177bb48b80 .part L_0x56177bb42bf0, 1, 1;
L_0x56177bb48c20 .part L_0x56177bb42bf0, 2, 1;
L_0x56177bb48e70 .part L_0x56177bb42bf0, 3, 1;
L_0x56177bb48f40 .part L_0x56177bb42bf0, 4, 1;
L_0x56177bb491a0 .part L_0x56177bb42bf0, 5, 1;
L_0x56177bb49270 .part L_0x56177bb42bf0, 6, 1;
L_0x56177bb495f0 .part L_0x56177bb42bf0, 7, 1;
LS_0x56177bb496c0_0_0 .concat8 [ 1 1 1 1], v0x56177bb30530_0, v0x56177bb30a20_0, v0x56177bb30f10_0, v0x56177bb31400_0;
LS_0x56177bb496c0_0_4 .concat8 [ 1 1 1 1], v0x56177bb31b00_0, v0x56177bb31ff0_0, v0x56177bb324e0_0, v0x56177bb329d0_0;
L_0x56177bb496c0 .concat8 [ 4 4 0 0], LS_0x56177bb496c0_0_0, LS_0x56177bb496c0_0_4;
L_0x56177bb49b30 .part L_0x56177bb42bf0, 0, 1;
L_0x56177bb49c00 .part L_0x56177bb42bf0, 1, 1;
L_0x56177bb49e90 .part L_0x56177bb42bf0, 2, 1;
L_0x56177bb49f60 .part L_0x56177bb42bf0, 3, 1;
L_0x56177bb4a200 .part L_0x56177bb42bf0, 4, 1;
L_0x56177bb4a2d0 .part L_0x56177bb42bf0, 5, 1;
L_0x56177bb4a580 .part L_0x56177bb42bf0, 6, 1;
L_0x56177bb4a650 .part L_0x56177bb42bf0, 7, 1;
L_0x56177bb4a910 .part L_0x56177bb47160, 0, 1;
L_0x56177bb4a9e0 .part L_0x56177bb47160, 1, 1;
L_0x56177bb4acb0 .part L_0x56177bb47160, 2, 1;
L_0x56177bb4ad80 .part L_0x56177bb47160, 3, 1;
L_0x56177bb4b060 .part L_0x56177bb47160, 4, 1;
L_0x56177bb4b130 .part L_0x56177bb47160, 5, 1;
L_0x56177bb4b420 .part L_0x56177bb47160, 6, 1;
L_0x56177bb4b4f0 .part L_0x56177bb47160, 7, 1;
L_0x56177bb4bb20 .part/pv L_0x56177bb5bc30, 1, 31, 32;
L_0x56177bb5bc30 .concat [ 1 30 0 0], v0x56177bb32ef0_0, L_0x7fe5b24ec018;
L_0x56177bb5bf10 .part/pv L_0x56177bb5bfb0, 1, 31, 32;
L_0x56177bb5bfb0 .concat [ 1 30 0 0], v0x56177bb2d930_0, L_0x7fe5b24ec060;
S_0x56177bad6e80 .scope module, "_107_" "NOT" 5 163, 2 7 0, S_0x56177bad4660;
 .timescale -9 -10;
    .port_info 0 /INPUT 1 "A"
    .port_info 1 /OUTPUT 1 "Y"
L_0x56177bb3be30 .functor NOT 1, v0x56177bb3b150_0, C4<0>, C4<0>, C4<0>;
v0x56177bb0b160_0 .net "A", 0 0, v0x56177bb3b150_0;  alias, 1 drivers
v0x56177bb0b220_0 .net "Y", 0 0, L_0x56177bb3be30;  alias, 1 drivers
S_0x56177bad96a0 .scope module, "_108_" "NOT" 5 167, 2 7 0, S_0x56177bad4660;
 .timescale -9 -10;
    .port_info 0 /INPUT 1 "A"
    .port_info 1 /OUTPUT 1 "Y"
L_0x56177bb3bec0 .functor NOT 1, v0x56177bb32ef0_0, C4<0>, C4<0>, C4<0>;
v0x56177bb0b370_0 .net "A", 0 0, v0x56177bb32ef0_0;  alias, 1 drivers
v0x56177bb0b450_0 .net "Y", 0 0, L_0x56177bb3bec0;  alias, 1 drivers
S_0x56177badbec0 .scope module, "_109_" "NOT" 5 171, 2 7 0, S_0x56177bad4660;
 .timescale -9 -10;
    .port_info 0 /INPUT 1 "A"
    .port_info 1 /OUTPUT 1 "Y"
L_0x56177bb3c090 .functor NOT 1, v0x56177bb3ad50_0, C4<0>, C4<0>, C4<0>;
v0x56177bb0b600_0 .net "A", 0 0, v0x56177bb3ad50_0;  alias, 1 drivers
v0x56177bb0b6a0_0 .net "Y", 0 0, L_0x56177bb3c090;  alias, 1 drivers
S_0x56177bb0b7a0 .scope module, "_110_" "NOT" 5 175, 2 7 0, S_0x56177bad4660;
 .timescale -9 -10;
    .port_info 0 /INPUT 1 "A"
    .port_info 1 /OUTPUT 1 "Y"
L_0x56177bb3c140 .functor NOT 1, L_0x56177bb3c1d0, C4<0>, C4<0>, C4<0>;
v0x56177bb0b9b0_0 .net "A", 0 0, L_0x56177bb3c1d0;  1 drivers
v0x56177bb0ba90_0 .net "Y", 0 0, L_0x56177bb3c140;  alias, 1 drivers
S_0x56177bb0bbb0 .scope module, "_111_" "NOT" 5 179, 2 7 0, S_0x56177bad4660;
 .timescale -9 -10;
    .port_info 0 /INPUT 1 "A"
    .port_info 1 /OUTPUT 1 "Y"
L_0x56177bb3c290 .functor NOT 1, L_0x56177bb3c320, C4<0>, C4<0>, C4<0>;
v0x56177bb0be10_0 .net "A", 0 0, L_0x56177bb3c320;  1 drivers
v0x56177bb0bef0_0 .net "Y", 0 0, L_0x56177bb3c290;  alias, 1 drivers
S_0x56177bb0c010 .scope module, "_112_" "NOT" 5 183, 2 7 0, S_0x56177bad4660;
 .timescale -9 -10;
    .port_info 0 /INPUT 1 "A"
    .port_info 1 /OUTPUT 1 "Y"
L_0x56177bb3c450 .functor NOT 1, L_0x56177bb3c4e0, C4<0>, C4<0>, C4<0>;
v0x56177bb0c220_0 .net "A", 0 0, L_0x56177bb3c4e0;  1 drivers
v0x56177bb0c300_0 .net "Y", 0 0, L_0x56177bb3c450;  alias, 1 drivers
S_0x56177bb0c420 .scope module, "_113_" "NOT" 5 187, 2 7 0, S_0x56177bad4660;
 .timescale -9 -10;
    .port_info 0 /INPUT 1 "A"
    .port_info 1 /OUTPUT 1 "Y"
L_0x56177bb3c580 .functor NOT 1, L_0x56177bb3c610, C4<0>, C4<0>, C4<0>;
v0x56177bb0c630_0 .net "A", 0 0, L_0x56177bb3c610;  1 drivers
v0x56177bb0c710_0 .net "Y", 0 0, L_0x56177bb3c580;  alias, 1 drivers
S_0x56177bb0c830 .scope module, "_114_" "NOT" 5 191, 2 7 0, S_0x56177bad4660;
 .timescale -9 -10;
    .port_info 0 /INPUT 1 "A"
    .port_info 1 /OUTPUT 1 "Y"
L_0x56177bb3c700 .functor NOT 1, L_0x56177bb3c770, C4<0>, C4<0>, C4<0>;
v0x56177bb0ca40_0 .net "A", 0 0, L_0x56177bb3c770;  1 drivers
v0x56177bb0cb20_0 .net "Y", 0 0, L_0x56177bb3c700;  alias, 1 drivers
S_0x56177bb0cc40 .scope module, "_115_" "NOT" 5 195, 2 7 0, S_0x56177bad4660;
 .timescale -9 -10;
    .port_info 0 /INPUT 1 "A"
    .port_info 1 /OUTPUT 1 "Y"
L_0x56177bb3c860 .functor NOT 1, L_0x56177bb3c8f0, C4<0>, C4<0>, C4<0>;
v0x56177bb0ce50_0 .net "A", 0 0, L_0x56177bb3c8f0;  1 drivers
v0x56177bb0cf30_0 .net "Y", 0 0, L_0x56177bb3c860;  alias, 1 drivers
S_0x56177bb0d050 .scope module, "_116_" "NOT" 5 199, 2 7 0, S_0x56177bad4660;
 .timescale -9 -10;
    .port_info 0 /INPUT 1 "A"
    .port_info 1 /OUTPUT 1 "Y"
L_0x56177bb3ca20 .functor NOT 1, L_0x56177bb3cab0, C4<0>, C4<0>, C4<0>;
v0x56177bb0d210_0 .net "A", 0 0, L_0x56177bb3cab0;  1 drivers
v0x56177bb0d2f0_0 .net "Y", 0 0, L_0x56177bb3ca20;  alias, 1 drivers
S_0x56177bb0d410 .scope module, "_117_" "NOT" 5 203, 2 7 0, S_0x56177bad4660;
 .timescale -9 -10;
    .port_info 0 /INPUT 1 "A"
    .port_info 1 /OUTPUT 1 "Y"
L_0x56177bb3cba0 .functor NOT 1, L_0x56177bb3cc30, C4<0>, C4<0>, C4<0>;
v0x56177bb0d620_0 .net "A", 0 0, L_0x56177bb3cc30;  1 drivers
v0x56177bb0d700_0 .net "Y", 0 0, L_0x56177bb3cba0;  alias, 1 drivers
S_0x56177bb0d820 .scope module, "_118_" "NOT" 5 207, 2 7 0, S_0x56177bad4660;
 .timescale -9 -10;
    .port_info 0 /INPUT 1 "A"
    .port_info 1 /OUTPUT 1 "Y"
L_0x56177bb3cd70 .functor NOT 1, L_0x56177bb3ce00, C4<0>, C4<0>, C4<0>;
v0x56177bb0da30_0 .net "A", 0 0, L_0x56177bb3ce00;  1 drivers
v0x56177bb0db10_0 .net "Y", 0 0, L_0x56177bb3cd70;  alias, 1 drivers
S_0x56177bb0dc30 .scope module, "_119_" "NOT" 5 211, 2 7 0, S_0x56177bad4660;
 .timescale -9 -10;
    .port_info 0 /INPUT 1 "A"
    .port_info 1 /OUTPUT 1 "Y"
L_0x56177bb3cef0 .functor NOT 1, L_0x56177bb3cf80, C4<0>, C4<0>, C4<0>;
v0x56177bb0de40_0 .net "A", 0 0, L_0x56177bb3cf80;  1 drivers
v0x56177bb0df20_0 .net "Y", 0 0, L_0x56177bb3cef0;  alias, 1 drivers
S_0x56177bb0e040 .scope module, "_120_" "NOT" 5 215, 2 7 0, S_0x56177bad4660;
 .timescale -9 -10;
    .port_info 0 /INPUT 1 "A"
    .port_info 1 /OUTPUT 1 "Y"
L_0x56177bb3d080 .functor NOT 1, L_0x56177bb3d110, C4<0>, C4<0>, C4<0>;
v0x56177bb0e250_0 .net "A", 0 0, L_0x56177bb3d110;  1 drivers
v0x56177bb0e330_0 .net "Y", 0 0, L_0x56177bb3d080;  alias, 1 drivers
S_0x56177bb0e450 .scope module, "_121_" "NOT" 5 219, 2 7 0, S_0x56177bad4660;
 .timescale -9 -10;
    .port_info 0 /INPUT 1 "A"
    .port_info 1 /OUTPUT 1 "Y"
L_0x56177bb3d1b0 .functor NOT 1, L_0x56177bb3d240, C4<0>, C4<0>, C4<0>;
v0x56177bb0e660_0 .net "A", 0 0, L_0x56177bb3d240;  1 drivers
v0x56177bb0e740_0 .net "Y", 0 0, L_0x56177bb3d1b0;  alias, 1 drivers
S_0x56177bb0e860 .scope module, "_122_" "NOT" 5 223, 2 7 0, S_0x56177bad4660;
 .timescale -9 -10;
    .port_info 0 /INPUT 1 "A"
    .port_info 1 /OUTPUT 1 "Y"
L_0x56177bb3d3a0 .functor NOT 1, L_0x56177bb3d430, C4<0>, C4<0>, C4<0>;
v0x56177bb0ea70_0 .net "A", 0 0, L_0x56177bb3d430;  1 drivers
v0x56177bb0eb50_0 .net "Y", 0 0, L_0x56177bb3d3a0;  alias, 1 drivers
S_0x56177bb0ec70 .scope module, "_123_" "NOT" 5 227, 2 7 0, S_0x56177bad4660;
 .timescale -9 -10;
    .port_info 0 /INPUT 1 "A"
    .port_info 1 /OUTPUT 1 "Y"
L_0x56177bb3d520 .functor NOT 1, L_0x56177bb3d5b0, C4<0>, C4<0>, C4<0>;
v0x56177bb0ee80_0 .net "A", 0 0, L_0x56177bb3d5b0;  1 drivers
v0x56177bb0ef60_0 .net "Y", 0 0, L_0x56177bb3d520;  alias, 1 drivers
S_0x56177bb0f080 .scope module, "_124_" "NOT" 5 231, 2 7 0, S_0x56177bad4660;
 .timescale -9 -10;
    .port_info 0 /INPUT 1 "A"
    .port_info 1 /OUTPUT 1 "Y"
L_0x56177bb3d330 .functor NOT 1, L_0x56177bb3d740, C4<0>, C4<0>, C4<0>;
v0x56177bb0f290_0 .net "A", 0 0, L_0x56177bb3d740;  1 drivers
v0x56177bb0f370_0 .net "Y", 0 0, L_0x56177bb3d330;  alias, 1 drivers
S_0x56177bb0f490 .scope module, "_125_" "NOT" 5 235, 2 7 0, S_0x56177bad4660;
 .timescale -9 -10;
    .port_info 0 /INPUT 1 "A"
    .port_info 1 /OUTPUT 1 "Y"
L_0x56177bb3d830 .functor NOT 1, L_0x56177bb3d8c0, C4<0>, C4<0>, C4<0>;
v0x56177bb0f6a0_0 .net "A", 0 0, L_0x56177bb3d8c0;  1 drivers
v0x56177bb0f780_0 .net "Y", 0 0, L_0x56177bb3d830;  alias, 1 drivers
S_0x56177bb0f8a0 .scope module, "_126_" "NOT" 5 239, 2 7 0, S_0x56177bad4660;
 .timescale -9 -10;
    .port_info 0 /INPUT 1 "A"
    .port_info 1 /OUTPUT 1 "Y"
L_0x56177bb3da40 .functor NOT 1, v0x56177bb2d930_0, C4<0>, C4<0>, C4<0>;
v0x56177bb0fab0_0 .net "A", 0 0, v0x56177bb2d930_0;  alias, 1 drivers
v0x56177bb0fb90_0 .net "Y", 0 0, L_0x56177bb3da40;  alias, 1 drivers
S_0x56177bb0fcb0 .scope module, "_127_" "NOR" 5 243, 2 19 0, S_0x56177bad4660;
 .timescale -9 -10;
    .port_info 0 /INPUT 1 "A"
    .port_info 1 /INPUT 1 "B"
    .port_info 2 /OUTPUT 1 "Y"
L_0x56177bb3daf0 .functor OR 1, L_0x56177bb3be30, L_0x56177bb3bec0, C4<0>, C4<0>;
L_0x56177bb3db80 .functor NOT 1, L_0x56177bb3daf0, C4<0>, C4<0>, C4<0>;
v0x56177bb0fed0_0 .net "A", 0 0, L_0x56177bb3be30;  alias, 1 drivers
v0x56177bb0ff90_0 .net "B", 0 0, L_0x56177bb3bec0;  alias, 1 drivers
v0x56177bb10060_0 .net "Y", 0 0, L_0x56177bb3db80;  alias, 1 drivers
v0x56177bb10130_0 .net *"_s0", 0 0, L_0x56177bb3daf0;  1 drivers
S_0x56177bb10250 .scope module, "_128_" "NOR" 5 248, 2 19 0, S_0x56177bad4660;
 .timescale -9 -10;
    .port_info 0 /INPUT 1 "A"
    .port_info 1 /INPUT 1 "B"
    .port_info 2 /OUTPUT 1 "Y"
L_0x56177bb3dc10 .functor OR 1, v0x56177bb3b150_0, v0x56177bb32ef0_0, C4<0>, C4<0>;
L_0x56177bb3ddb0 .functor NOT 1, L_0x56177bb3dc10, C4<0>, C4<0>, C4<0>;
v0x56177bb10470_0 .net "A", 0 0, v0x56177bb3b150_0;  alias, 1 drivers
v0x56177bb10580_0 .net "B", 0 0, v0x56177bb32ef0_0;  alias, 1 drivers
v0x56177bb10640_0 .net "Y", 0 0, L_0x56177bb3ddb0;  alias, 1 drivers
v0x56177bb10710_0 .net *"_s0", 0 0, L_0x56177bb3dc10;  1 drivers
S_0x56177bb10830 .scope module, "_129_" "NOT" 5 253, 2 7 0, S_0x56177bad4660;
 .timescale -9 -10;
    .port_info 0 /INPUT 1 "A"
    .port_info 1 /OUTPUT 1 "Y"
L_0x56177bb3de90 .functor NOT 1, L_0x56177bb3ddb0, C4<0>, C4<0>, C4<0>;
v0x56177bb10a40_0 .net "A", 0 0, L_0x56177bb3ddb0;  alias, 1 drivers
v0x56177bb10b30_0 .net "Y", 0 0, L_0x56177bb3de90;  alias, 1 drivers
S_0x56177bb10c30 .scope module, "_130_" "NAND" 5 257, 2 13 0, S_0x56177bad4660;
 .timescale -9 -10;
    .port_info 0 /INPUT 1 "A"
    .port_info 1 /INPUT 1 "B"
    .port_info 2 /OUTPUT 1 "Y"
L_0x56177bb3df40 .functor AND 1, v0x56177bb3ad50_0, L_0x56177bb3de90, C4<1>, C4<1>;
L_0x56177bb3e060 .functor NOT 1, L_0x56177bb3df40, C4<0>, C4<0>, C4<0>;
v0x56177bb10e50_0 .net "A", 0 0, v0x56177bb3ad50_0;  alias, 1 drivers
v0x56177bb10f60_0 .net "B", 0 0, L_0x56177bb3de90;  alias, 1 drivers
v0x56177bb11020_0 .net "Y", 0 0, L_0x56177bb3e060;  alias, 1 drivers
v0x56177bb110f0_0 .net *"_s0", 0 0, L_0x56177bb3df40;  1 drivers
S_0x56177bb11210 .scope module, "_131_" "NOR" 5 262, 2 19 0, S_0x56177bad4660;
 .timescale -9 -10;
    .port_info 0 /INPUT 1 "A"
    .port_info 1 /INPUT 1 "B"
    .port_info 2 /OUTPUT 1 "Y"
L_0x56177bb3e0f0 .functor OR 1, L_0x56177bb3db80, L_0x56177bb3e060, C4<0>, C4<0>;
L_0x56177bb3e210 .functor NOT 1, L_0x56177bb3e0f0, C4<0>, C4<0>, C4<0>;
v0x56177bb11430_0 .net "A", 0 0, L_0x56177bb3db80;  alias, 1 drivers
v0x56177bb11520_0 .net "B", 0 0, L_0x56177bb3e060;  alias, 1 drivers
v0x56177bb115f0_0 .net "Y", 0 0, L_0x56177bb3e210;  alias, 1 drivers
v0x56177bb116c0_0 .net *"_s0", 0 0, L_0x56177bb3e0f0;  1 drivers
S_0x56177bb117e0 .scope module, "_132_" "NOR" 5 267, 2 19 0, S_0x56177bad4660;
 .timescale -9 -10;
    .port_info 0 /INPUT 1 "A"
    .port_info 1 /INPUT 1 "B"
    .port_info 2 /OUTPUT 1 "Y"
L_0x56177bb3e2a0 .functor OR 1, L_0x56177bb3be30, v0x56177bb2d930_0, C4<0>, C4<0>;
L_0x56177bb3e440 .functor NOT 1, L_0x56177bb3e2a0, C4<0>, C4<0>, C4<0>;
v0x56177bb11a00_0 .net "A", 0 0, L_0x56177bb3be30;  alias, 1 drivers
v0x56177bb11b10_0 .net "B", 0 0, v0x56177bb2d930_0;  alias, 1 drivers
v0x56177bb11bd0_0 .net "Y", 0 0, L_0x56177bb3e440;  alias, 1 drivers
v0x56177bb11ca0_0 .net *"_s0", 0 0, L_0x56177bb3e2a0;  1 drivers
S_0x56177bb11dc0 .scope module, "_133_" "NAND" 5 272, 2 13 0, S_0x56177bad4660;
 .timescale -9 -10;
    .port_info 0 /INPUT 1 "A"
    .port_info 1 /INPUT 1 "B"
    .port_info 2 /OUTPUT 1 "Y"
L_0x56177bb3e4d0 .functor AND 1, v0x56177bb3b150_0, L_0x56177bb3da40, C4<1>, C4<1>;
L_0x56177bb3e560 .functor NOT 1, L_0x56177bb3e4d0, C4<0>, C4<0>, C4<0>;
v0x56177bb11fe0_0 .net "A", 0 0, v0x56177bb3b150_0;  alias, 1 drivers
v0x56177bb120a0_0 .net "B", 0 0, L_0x56177bb3da40;  alias, 1 drivers
v0x56177bb12190_0 .net "Y", 0 0, L_0x56177bb3e560;  alias, 1 drivers
v0x56177bb12260_0 .net *"_s0", 0 0, L_0x56177bb3e4d0;  1 drivers
S_0x56177bb12380 .scope module, "_134_" "NOR" 5 277, 2 19 0, S_0x56177bad4660;
 .timescale -9 -10;
    .port_info 0 /INPUT 1 "A"
    .port_info 1 /INPUT 1 "B"
    .port_info 2 /OUTPUT 1 "Y"
L_0x56177bb3e680 .functor OR 1, L_0x56177bb3db80, L_0x56177bb3e440, C4<0>, C4<0>;
L_0x56177bb3e7a0 .functor NOT 1, L_0x56177bb3e680, C4<0>, C4<0>, C4<0>;
v0x56177bb125a0_0 .net "A", 0 0, L_0x56177bb3db80;  alias, 1 drivers
v0x56177bb126b0_0 .net "B", 0 0, L_0x56177bb3e440;  alias, 1 drivers
v0x56177bb12770_0 .net "Y", 0 0, L_0x56177bb3e7a0;  alias, 1 drivers
v0x56177bb12840_0 .net *"_s0", 0 0, L_0x56177bb3e680;  1 drivers
S_0x56177bb12960 .scope module, "_135_" "NOR" 5 282, 2 19 0, S_0x56177bad4660;
 .timescale -9 -10;
    .port_info 0 /INPUT 1 "A"
    .port_info 1 /INPUT 1 "B"
    .port_info 2 /OUTPUT 1 "Y"
L_0x56177bb3e830 .functor OR 1, L_0x56177bb3e930, L_0x56177bb3e7a0, C4<0>, C4<0>;
L_0x56177bb3e8c0 .functor NOT 1, L_0x56177bb3e830, C4<0>, C4<0>, C4<0>;
v0x56177bb12b80_0 .net "A", 0 0, L_0x56177bb3e930;  1 drivers
v0x56177bb12c60_0 .net "B", 0 0, L_0x56177bb3e7a0;  alias, 1 drivers
v0x56177bb12d50_0 .net "Y", 0 0, L_0x56177bb3e8c0;  alias, 1 drivers
v0x56177bb12e20_0 .net *"_s0", 0 0, L_0x56177bb3e830;  1 drivers
S_0x56177bb12f40 .scope module, "_136_" "NAND" 5 287, 2 13 0, S_0x56177bad4660;
 .timescale -9 -10;
    .port_info 0 /INPUT 1 "A"
    .port_info 1 /INPUT 1 "B"
    .port_info 2 /OUTPUT 1 "Y"
L_0x56177bb3ea20 .functor AND 1, L_0x56177bb3c140, L_0x56177bb3e7a0, C4<1>, C4<1>;
L_0x56177bb3eb40 .functor NOT 1, L_0x56177bb3ea20, C4<0>, C4<0>, C4<0>;
v0x56177bb13160_0 .net "A", 0 0, L_0x56177bb3c140;  alias, 1 drivers
v0x56177bb13250_0 .net "B", 0 0, L_0x56177bb3e7a0;  alias, 1 drivers
v0x56177bb13340_0 .net "Y", 0 0, L_0x56177bb3eb40;  alias, 1 drivers
v0x56177bb133e0_0 .net *"_s0", 0 0, L_0x56177bb3ea20;  1 drivers
S_0x56177bb13520 .scope module, "_137_" "NAND" 5 292, 2 13 0, S_0x56177bad4660;
 .timescale -9 -10;
    .port_info 0 /INPUT 1 "A"
    .port_info 1 /INPUT 1 "B"
    .port_info 2 /OUTPUT 1 "Y"
L_0x56177bb3ebd0 .functor AND 1, v0x56177bb3ad50_0, L_0x56177bb3eb40, C4<1>, C4<1>;
L_0x56177bb3ecf0 .functor NOT 1, L_0x56177bb3ebd0, C4<0>, C4<0>, C4<0>;
v0x56177bb13740_0 .net "A", 0 0, v0x56177bb3ad50_0;  alias, 1 drivers
v0x56177bb13800_0 .net "B", 0 0, L_0x56177bb3eb40;  alias, 1 drivers
v0x56177bb138f0_0 .net "Y", 0 0, L_0x56177bb3ecf0;  alias, 1 drivers
v0x56177bb139c0_0 .net *"_s0", 0 0, L_0x56177bb3ebd0;  1 drivers
S_0x56177bb13ae0 .scope module, "_138_" "NOR" 5 297, 2 19 0, S_0x56177bad4660;
 .timescale -9 -10;
    .port_info 0 /INPUT 1 "A"
    .port_info 1 /INPUT 1 "B"
    .port_info 2 /OUTPUT 1 "Y"
L_0x56177bb3ed80 .functor OR 1, L_0x56177bb3e8c0, L_0x56177bb3ecf0, C4<0>, C4<0>;
L_0x56177bb3ef30 .functor NOT 1, L_0x56177bb3ed80, C4<0>, C4<0>, C4<0>;
v0x56177bb13d00_0 .net "A", 0 0, L_0x56177bb3e8c0;  alias, 1 drivers
v0x56177bb13df0_0 .net "B", 0 0, L_0x56177bb3ecf0;  alias, 1 drivers
v0x56177bb13ec0_0 .net "Y", 0 0, L_0x56177bb3ef30;  1 drivers
v0x56177bb13f90_0 .net *"_s0", 0 0, L_0x56177bb3ed80;  1 drivers
S_0x56177bb140b0 .scope module, "_139_" "NOR" 5 302, 2 19 0, S_0x56177bad4660;
 .timescale -9 -10;
    .port_info 0 /INPUT 1 "A"
    .port_info 1 /INPUT 1 "B"
    .port_info 2 /OUTPUT 1 "Y"
L_0x56177bb3efc0 .functor OR 1, L_0x56177bb3f0a0, L_0x56177bb3e7a0, C4<0>, C4<0>;
L_0x56177bb3f030 .functor NOT 1, L_0x56177bb3efc0, C4<0>, C4<0>, C4<0>;
v0x56177bb142d0_0 .net "A", 0 0, L_0x56177bb3f0a0;  1 drivers
v0x56177bb143b0_0 .net "B", 0 0, L_0x56177bb3e7a0;  alias, 1 drivers
v0x56177bb14470_0 .net "Y", 0 0, L_0x56177bb3f030;  alias, 1 drivers
v0x56177bb14540_0 .net *"_s0", 0 0, L_0x56177bb3efc0;  1 drivers
S_0x56177bb14680 .scope module, "_140_" "NAND" 5 307, 2 13 0, S_0x56177bad4660;
 .timescale -9 -10;
    .port_info 0 /INPUT 1 "A"
    .port_info 1 /INPUT 1 "B"
    .port_info 2 /OUTPUT 1 "Y"
L_0x56177bb3f230 .functor AND 1, L_0x56177bb3c290, L_0x56177bb3e7a0, C4<1>, C4<1>;
L_0x56177bb3f2c0 .functor NOT 1, L_0x56177bb3f230, C4<0>, C4<0>, C4<0>;
v0x56177bb148a0_0 .net "A", 0 0, L_0x56177bb3c290;  alias, 1 drivers
v0x56177bb14990_0 .net "B", 0 0, L_0x56177bb3e7a0;  alias, 1 drivers
v0x56177bb14a30_0 .net "Y", 0 0, L_0x56177bb3f2c0;  alias, 1 drivers
v0x56177bb14b00_0 .net *"_s0", 0 0, L_0x56177bb3f230;  1 drivers
S_0x56177bb14c40 .scope module, "_141_" "NAND" 5 312, 2 13 0, S_0x56177bad4660;
 .timescale -9 -10;
    .port_info 0 /INPUT 1 "A"
    .port_info 1 /INPUT 1 "B"
    .port_info 2 /OUTPUT 1 "Y"
L_0x56177bb3f350 .functor AND 1, v0x56177bb3ad50_0, L_0x56177bb3f2c0, C4<1>, C4<1>;
L_0x56177bb3f470 .functor NOT 1, L_0x56177bb3f350, C4<0>, C4<0>, C4<0>;
v0x56177bb14e10_0 .net "A", 0 0, v0x56177bb3ad50_0;  alias, 1 drivers
v0x56177bb14ed0_0 .net "B", 0 0, L_0x56177bb3f2c0;  alias, 1 drivers
v0x56177bb14fc0_0 .net "Y", 0 0, L_0x56177bb3f470;  alias, 1 drivers
v0x56177bb15090_0 .net *"_s0", 0 0, L_0x56177bb3f350;  1 drivers
S_0x56177bb151b0 .scope module, "_142_" "NOR" 5 317, 2 19 0, S_0x56177bad4660;
 .timescale -9 -10;
    .port_info 0 /INPUT 1 "A"
    .port_info 1 /INPUT 1 "B"
    .port_info 2 /OUTPUT 1 "Y"
L_0x56177bb3f500 .functor OR 1, L_0x56177bb3f030, L_0x56177bb3f470, C4<0>, C4<0>;
L_0x56177bb3f6b0 .functor NOT 1, L_0x56177bb3f500, C4<0>, C4<0>, C4<0>;
v0x56177bb15380_0 .net "A", 0 0, L_0x56177bb3f030;  alias, 1 drivers
v0x56177bb15470_0 .net "B", 0 0, L_0x56177bb3f470;  alias, 1 drivers
v0x56177bb15540_0 .net "Y", 0 0, L_0x56177bb3f6b0;  1 drivers
v0x56177bb15610_0 .net *"_s0", 0 0, L_0x56177bb3f500;  1 drivers
S_0x56177bb15730 .scope module, "_143_" "NOR" 5 322, 2 19 0, S_0x56177bad4660;
 .timescale -9 -10;
    .port_info 0 /INPUT 1 "A"
    .port_info 1 /INPUT 1 "B"
    .port_info 2 /OUTPUT 1 "Y"
L_0x56177bb3f740 .functor OR 1, L_0x56177bb3f820, L_0x56177bb3e7a0, C4<0>, C4<0>;
L_0x56177bb3f7b0 .functor NOT 1, L_0x56177bb3f740, C4<0>, C4<0>, C4<0>;
v0x56177bb15950_0 .net "A", 0 0, L_0x56177bb3f820;  1 drivers
v0x56177bb15a30_0 .net "B", 0 0, L_0x56177bb3e7a0;  alias, 1 drivers
v0x56177bb15af0_0 .net "Y", 0 0, L_0x56177bb3f7b0;  alias, 1 drivers
v0x56177bb15bc0_0 .net *"_s0", 0 0, L_0x56177bb3f740;  1 drivers
S_0x56177bb15d00 .scope module, "_144_" "NAND" 5 327, 2 13 0, S_0x56177bad4660;
 .timescale -9 -10;
    .port_info 0 /INPUT 1 "A"
    .port_info 1 /INPUT 1 "B"
    .port_info 2 /OUTPUT 1 "Y"
L_0x56177bb3f910 .functor AND 1, L_0x56177bb3c450, L_0x56177bb3e7a0, C4<1>, C4<1>;
L_0x56177bb3fa30 .functor NOT 1, L_0x56177bb3f910, C4<0>, C4<0>, C4<0>;
v0x56177bb15f20_0 .net "A", 0 0, L_0x56177bb3c450;  alias, 1 drivers
v0x56177bb16010_0 .net "B", 0 0, L_0x56177bb3e7a0;  alias, 1 drivers
v0x56177bb160b0_0 .net "Y", 0 0, L_0x56177bb3fa30;  alias, 1 drivers
v0x56177bb16180_0 .net *"_s0", 0 0, L_0x56177bb3f910;  1 drivers
S_0x56177bb162c0 .scope module, "_145_" "NAND" 5 332, 2 13 0, S_0x56177bad4660;
 .timescale -9 -10;
    .port_info 0 /INPUT 1 "A"
    .port_info 1 /INPUT 1 "B"
    .port_info 2 /OUTPUT 1 "Y"
L_0x56177bb3fac0 .functor AND 1, v0x56177bb3ad50_0, L_0x56177bb3fa30, C4<1>, C4<1>;
L_0x56177bb3fbe0 .functor NOT 1, L_0x56177bb3fac0, C4<0>, C4<0>, C4<0>;
v0x56177bb164e0_0 .net "A", 0 0, v0x56177bb3ad50_0;  alias, 1 drivers
v0x56177bb165a0_0 .net "B", 0 0, L_0x56177bb3fa30;  alias, 1 drivers
v0x56177bb16690_0 .net "Y", 0 0, L_0x56177bb3fbe0;  alias, 1 drivers
v0x56177bb16760_0 .net *"_s0", 0 0, L_0x56177bb3fac0;  1 drivers
S_0x56177bb16880 .scope module, "_146_" "NOR" 5 337, 2 19 0, S_0x56177bad4660;
 .timescale -9 -10;
    .port_info 0 /INPUT 1 "A"
    .port_info 1 /INPUT 1 "B"
    .port_info 2 /OUTPUT 1 "Y"
L_0x56177bb3fc70 .functor OR 1, L_0x56177bb3f7b0, L_0x56177bb3fbe0, C4<0>, C4<0>;
L_0x56177bb3fe20 .functor NOT 1, L_0x56177bb3fc70, C4<0>, C4<0>, C4<0>;
v0x56177bb16aa0_0 .net "A", 0 0, L_0x56177bb3f7b0;  alias, 1 drivers
v0x56177bb16b90_0 .net "B", 0 0, L_0x56177bb3fbe0;  alias, 1 drivers
v0x56177bb16c60_0 .net "Y", 0 0, L_0x56177bb3fe20;  1 drivers
v0x56177bb16d30_0 .net *"_s0", 0 0, L_0x56177bb3fc70;  1 drivers
S_0x56177bb16e50 .scope module, "_147_" "NOR" 5 342, 2 19 0, S_0x56177bad4660;
 .timescale -9 -10;
    .port_info 0 /INPUT 1 "A"
    .port_info 1 /INPUT 1 "B"
    .port_info 2 /OUTPUT 1 "Y"
L_0x56177bb3feb0 .functor OR 1, L_0x56177bb3ff90, L_0x56177bb3e7a0, C4<0>, C4<0>;
L_0x56177bb3ff20 .functor NOT 1, L_0x56177bb3feb0, C4<0>, C4<0>, C4<0>;
v0x56177bb17070_0 .net "A", 0 0, L_0x56177bb3ff90;  1 drivers
v0x56177bb17150_0 .net "B", 0 0, L_0x56177bb3e7a0;  alias, 1 drivers
v0x56177bb17210_0 .net "Y", 0 0, L_0x56177bb3ff20;  alias, 1 drivers
v0x56177bb172e0_0 .net *"_s0", 0 0, L_0x56177bb3feb0;  1 drivers
S_0x56177bb17420 .scope module, "_148_" "NAND" 5 347, 2 13 0, S_0x56177bad4660;
 .timescale -9 -10;
    .port_info 0 /INPUT 1 "A"
    .port_info 1 /INPUT 1 "B"
    .port_info 2 /OUTPUT 1 "Y"
L_0x56177bb40130 .functor AND 1, L_0x56177bb3c580, L_0x56177bb3e7a0, C4<1>, C4<1>;
L_0x56177bb40250 .functor NOT 1, L_0x56177bb40130, C4<0>, C4<0>, C4<0>;
v0x56177bb17640_0 .net "A", 0 0, L_0x56177bb3c580;  alias, 1 drivers
v0x56177bb17730_0 .net "B", 0 0, L_0x56177bb3e7a0;  alias, 1 drivers
v0x56177bb177d0_0 .net "Y", 0 0, L_0x56177bb40250;  alias, 1 drivers
v0x56177bb178a0_0 .net *"_s0", 0 0, L_0x56177bb40130;  1 drivers
S_0x56177bb179e0 .scope module, "_149_" "NAND" 5 352, 2 13 0, S_0x56177bad4660;
 .timescale -9 -10;
    .port_info 0 /INPUT 1 "A"
    .port_info 1 /INPUT 1 "B"
    .port_info 2 /OUTPUT 1 "Y"
L_0x56177bb402e0 .functor AND 1, v0x56177bb3ad50_0, L_0x56177bb40250, C4<1>, C4<1>;
L_0x56177bb40400 .functor NOT 1, L_0x56177bb402e0, C4<0>, C4<0>, C4<0>;
v0x56177bb17c00_0 .net "A", 0 0, v0x56177bb3ad50_0;  alias, 1 drivers
v0x56177bb17cc0_0 .net "B", 0 0, L_0x56177bb40250;  alias, 1 drivers
v0x56177bb17db0_0 .net "Y", 0 0, L_0x56177bb40400;  alias, 1 drivers
v0x56177bb17e80_0 .net *"_s0", 0 0, L_0x56177bb402e0;  1 drivers
S_0x56177bb17fa0 .scope module, "_150_" "NOR" 5 357, 2 19 0, S_0x56177bad4660;
 .timescale -9 -10;
    .port_info 0 /INPUT 1 "A"
    .port_info 1 /INPUT 1 "B"
    .port_info 2 /OUTPUT 1 "Y"
L_0x56177bb40490 .functor OR 1, L_0x56177bb3ff20, L_0x56177bb40400, C4<0>, C4<0>;
L_0x56177bb40640 .functor NOT 1, L_0x56177bb40490, C4<0>, C4<0>, C4<0>;
v0x56177bb181c0_0 .net "A", 0 0, L_0x56177bb3ff20;  alias, 1 drivers
v0x56177bb182b0_0 .net "B", 0 0, L_0x56177bb40400;  alias, 1 drivers
v0x56177bb18380_0 .net "Y", 0 0, L_0x56177bb40640;  1 drivers
v0x56177bb18450_0 .net *"_s0", 0 0, L_0x56177bb40490;  1 drivers
S_0x56177bb18570 .scope module, "_151_" "NOR" 5 362, 2 19 0, S_0x56177bad4660;
 .timescale -9 -10;
    .port_info 0 /INPUT 1 "A"
    .port_info 1 /INPUT 1 "B"
    .port_info 2 /OUTPUT 1 "Y"
L_0x56177bb406d0 .functor OR 1, L_0x56177bb3f190, L_0x56177bb3e7a0, C4<0>, C4<0>;
L_0x56177bb40740 .functor NOT 1, L_0x56177bb406d0, C4<0>, C4<0>, C4<0>;
v0x56177bb18790_0 .net "A", 0 0, L_0x56177bb3f190;  1 drivers
v0x56177bb18870_0 .net "B", 0 0, L_0x56177bb3e7a0;  alias, 1 drivers
v0x56177bb18930_0 .net "Y", 0 0, L_0x56177bb40740;  alias, 1 drivers
v0x56177bb18a00_0 .net *"_s0", 0 0, L_0x56177bb406d0;  1 drivers
S_0x56177bb18b40 .scope module, "_152_" "NAND" 5 367, 2 13 0, S_0x56177bad4660;
 .timescale -9 -10;
    .port_info 0 /INPUT 1 "A"
    .port_info 1 /INPUT 1 "B"
    .port_info 2 /OUTPUT 1 "Y"
L_0x56177bb40800 .functor AND 1, L_0x56177bb3c700, L_0x56177bb3e7a0, C4<1>, C4<1>;
L_0x56177bb40920 .functor NOT 1, L_0x56177bb40800, C4<0>, C4<0>, C4<0>;
v0x56177bb18d60_0 .net "A", 0 0, L_0x56177bb3c700;  alias, 1 drivers
v0x56177bb18e50_0 .net "B", 0 0, L_0x56177bb3e7a0;  alias, 1 drivers
v0x56177bb18ef0_0 .net "Y", 0 0, L_0x56177bb40920;  alias, 1 drivers
v0x56177bb18fc0_0 .net *"_s0", 0 0, L_0x56177bb40800;  1 drivers
S_0x56177bb19100 .scope module, "_153_" "NAND" 5 372, 2 13 0, S_0x56177bad4660;
 .timescale -9 -10;
    .port_info 0 /INPUT 1 "A"
    .port_info 1 /INPUT 1 "B"
    .port_info 2 /OUTPUT 1 "Y"
L_0x56177bb409b0 .functor AND 1, v0x56177bb3ad50_0, L_0x56177bb40920, C4<1>, C4<1>;
L_0x56177bb40ad0 .functor NOT 1, L_0x56177bb409b0, C4<0>, C4<0>, C4<0>;
v0x56177bb19320_0 .net "A", 0 0, v0x56177bb3ad50_0;  alias, 1 drivers
v0x56177bb193e0_0 .net "B", 0 0, L_0x56177bb40920;  alias, 1 drivers
v0x56177bb194d0_0 .net "Y", 0 0, L_0x56177bb40ad0;  alias, 1 drivers
v0x56177bb195a0_0 .net *"_s0", 0 0, L_0x56177bb409b0;  1 drivers
S_0x56177bb196c0 .scope module, "_154_" "NOR" 5 377, 2 19 0, S_0x56177bad4660;
 .timescale -9 -10;
    .port_info 0 /INPUT 1 "A"
    .port_info 1 /INPUT 1 "B"
    .port_info 2 /OUTPUT 1 "Y"
L_0x56177bb40b60 .functor OR 1, L_0x56177bb40740, L_0x56177bb40ad0, C4<0>, C4<0>;
L_0x56177bb40d10 .functor NOT 1, L_0x56177bb40b60, C4<0>, C4<0>, C4<0>;
v0x56177bb198e0_0 .net "A", 0 0, L_0x56177bb40740;  alias, 1 drivers
v0x56177bb199d0_0 .net "B", 0 0, L_0x56177bb40ad0;  alias, 1 drivers
v0x56177bb19aa0_0 .net "Y", 0 0, L_0x56177bb40d10;  1 drivers
v0x56177bb19b70_0 .net *"_s0", 0 0, L_0x56177bb40b60;  1 drivers
S_0x56177bb19c90 .scope module, "_155_" "NOR" 5 382, 2 19 0, S_0x56177bad4660;
 .timescale -9 -10;
    .port_info 0 /INPUT 1 "A"
    .port_info 1 /INPUT 1 "B"
    .port_info 2 /OUTPUT 1 "Y"
L_0x56177bb40da0 .functor OR 1, L_0x56177bb40e80, L_0x56177bb3e7a0, C4<0>, C4<0>;
L_0x56177bb40e10 .functor NOT 1, L_0x56177bb40da0, C4<0>, C4<0>, C4<0>;
v0x56177bb19eb0_0 .net "A", 0 0, L_0x56177bb40e80;  1 drivers
v0x56177bb19f90_0 .net "B", 0 0, L_0x56177bb3e7a0;  alias, 1 drivers
v0x56177bb1a050_0 .net "Y", 0 0, L_0x56177bb40e10;  alias, 1 drivers
v0x56177bb1a120_0 .net *"_s0", 0 0, L_0x56177bb40da0;  1 drivers
S_0x56177bb1a260 .scope module, "_156_" "NAND" 5 387, 2 13 0, S_0x56177bad4660;
 .timescale -9 -10;
    .port_info 0 /INPUT 1 "A"
    .port_info 1 /INPUT 1 "B"
    .port_info 2 /OUTPUT 1 "Y"
L_0x56177bb41030 .functor AND 1, L_0x56177bb3c860, L_0x56177bb3e7a0, C4<1>, C4<1>;
L_0x56177bb41150 .functor NOT 1, L_0x56177bb41030, C4<0>, C4<0>, C4<0>;
v0x56177bb1a480_0 .net "A", 0 0, L_0x56177bb3c860;  alias, 1 drivers
v0x56177bb1a570_0 .net "B", 0 0, L_0x56177bb3e7a0;  alias, 1 drivers
v0x56177bb1a610_0 .net "Y", 0 0, L_0x56177bb41150;  alias, 1 drivers
v0x56177bb1a6e0_0 .net *"_s0", 0 0, L_0x56177bb41030;  1 drivers
S_0x56177bb1a820 .scope module, "_157_" "NAND" 5 392, 2 13 0, S_0x56177bad4660;
 .timescale -9 -10;
    .port_info 0 /INPUT 1 "A"
    .port_info 1 /INPUT 1 "B"
    .port_info 2 /OUTPUT 1 "Y"
L_0x56177bb411e0 .functor AND 1, v0x56177bb3ad50_0, L_0x56177bb41150, C4<1>, C4<1>;
L_0x56177bb41300 .functor NOT 1, L_0x56177bb411e0, C4<0>, C4<0>, C4<0>;
v0x56177bb1aa40_0 .net "A", 0 0, v0x56177bb3ad50_0;  alias, 1 drivers
v0x56177bb1ab00_0 .net "B", 0 0, L_0x56177bb41150;  alias, 1 drivers
v0x56177bb1abf0_0 .net "Y", 0 0, L_0x56177bb41300;  alias, 1 drivers
v0x56177bb1acc0_0 .net *"_s0", 0 0, L_0x56177bb411e0;  1 drivers
S_0x56177bb1ade0 .scope module, "_158_" "NOR" 5 397, 2 19 0, S_0x56177bad4660;
 .timescale -9 -10;
    .port_info 0 /INPUT 1 "A"
    .port_info 1 /INPUT 1 "B"
    .port_info 2 /OUTPUT 1 "Y"
L_0x56177bb41390 .functor OR 1, L_0x56177bb40e10, L_0x56177bb41300, C4<0>, C4<0>;
L_0x56177bb41540 .functor NOT 1, L_0x56177bb41390, C4<0>, C4<0>, C4<0>;
v0x56177bb1b000_0 .net "A", 0 0, L_0x56177bb40e10;  alias, 1 drivers
v0x56177bb1b0f0_0 .net "B", 0 0, L_0x56177bb41300;  alias, 1 drivers
v0x56177bb1b1c0_0 .net "Y", 0 0, L_0x56177bb41540;  1 drivers
v0x56177bb1b290_0 .net *"_s0", 0 0, L_0x56177bb41390;  1 drivers
S_0x56177bb1b3b0 .scope module, "_159_" "NOR" 5 402, 2 19 0, S_0x56177bad4660;
 .timescale -9 -10;
    .port_info 0 /INPUT 1 "A"
    .port_info 1 /INPUT 1 "B"
    .port_info 2 /OUTPUT 1 "Y"
L_0x56177bb415d0 .functor OR 1, L_0x56177bb416b0, L_0x56177bb3e7a0, C4<0>, C4<0>;
L_0x56177bb41640 .functor NOT 1, L_0x56177bb415d0, C4<0>, C4<0>, C4<0>;
v0x56177bb1b5d0_0 .net "A", 0 0, L_0x56177bb416b0;  1 drivers
v0x56177bb1b6b0_0 .net "B", 0 0, L_0x56177bb3e7a0;  alias, 1 drivers
v0x56177bb1b770_0 .net "Y", 0 0, L_0x56177bb41640;  alias, 1 drivers
v0x56177bb1b840_0 .net *"_s0", 0 0, L_0x56177bb415d0;  1 drivers
S_0x56177bb1b980 .scope module, "_160_" "NAND" 5 407, 2 13 0, S_0x56177bad4660;
 .timescale -9 -10;
    .port_info 0 /INPUT 1 "A"
    .port_info 1 /INPUT 1 "B"
    .port_info 2 /OUTPUT 1 "Y"
L_0x56177bb417a0 .functor AND 1, L_0x56177bb3ca20, L_0x56177bb3e7a0, C4<1>, C4<1>;
L_0x56177bb41cd0 .functor NOT 1, L_0x56177bb417a0, C4<0>, C4<0>, C4<0>;
v0x56177bb1bba0_0 .net "A", 0 0, L_0x56177bb3ca20;  alias, 1 drivers
v0x56177bb1bc90_0 .net "B", 0 0, L_0x56177bb3e7a0;  alias, 1 drivers
v0x56177bb1bd30_0 .net "Y", 0 0, L_0x56177bb41cd0;  alias, 1 drivers
v0x56177bb1be00_0 .net *"_s0", 0 0, L_0x56177bb417a0;  1 drivers
S_0x56177bb1bf40 .scope module, "_161_" "NAND" 5 412, 2 13 0, S_0x56177bad4660;
 .timescale -9 -10;
    .port_info 0 /INPUT 1 "A"
    .port_info 1 /INPUT 1 "B"
    .port_info 2 /OUTPUT 1 "Y"
L_0x56177bb41d40 .functor AND 1, v0x56177bb3ad50_0, L_0x56177bb41cd0, C4<1>, C4<1>;
L_0x56177bb41e40 .functor NOT 1, L_0x56177bb41d40, C4<0>, C4<0>, C4<0>;
v0x56177bb1c160_0 .net "A", 0 0, v0x56177bb3ad50_0;  alias, 1 drivers
v0x56177bb1c220_0 .net "B", 0 0, L_0x56177bb41cd0;  alias, 1 drivers
v0x56177bb1c310_0 .net "Y", 0 0, L_0x56177bb41e40;  alias, 1 drivers
v0x56177bb1c3e0_0 .net *"_s0", 0 0, L_0x56177bb41d40;  1 drivers
S_0x56177bb1c500 .scope module, "_162_" "NOR" 5 417, 2 19 0, S_0x56177bad4660;
 .timescale -9 -10;
    .port_info 0 /INPUT 1 "A"
    .port_info 1 /INPUT 1 "B"
    .port_info 2 /OUTPUT 1 "Y"
L_0x56177bb41eb0 .functor OR 1, L_0x56177bb41640, L_0x56177bb41e40, C4<0>, C4<0>;
L_0x56177bb42040 .functor NOT 1, L_0x56177bb41eb0, C4<0>, C4<0>, C4<0>;
v0x56177bb1c720_0 .net "A", 0 0, L_0x56177bb41640;  alias, 1 drivers
v0x56177bb1c810_0 .net "B", 0 0, L_0x56177bb41e40;  alias, 1 drivers
v0x56177bb1c8e0_0 .net "Y", 0 0, L_0x56177bb42040;  1 drivers
v0x56177bb1c9b0_0 .net *"_s0", 0 0, L_0x56177bb41eb0;  1 drivers
S_0x56177bb1cad0 .scope module, "_163_" "NOR" 5 422, 2 19 0, S_0x56177bad4660;
 .timescale -9 -10;
    .port_info 0 /INPUT 1 "A"
    .port_info 1 /INPUT 1 "B"
    .port_info 2 /OUTPUT 1 "Y"
L_0x56177bb420b0 .functor OR 1, L_0x56177bb42190, L_0x56177bb3e7a0, C4<0>, C4<0>;
L_0x56177bb42120 .functor NOT 1, L_0x56177bb420b0, C4<0>, C4<0>, C4<0>;
v0x56177bb1ccf0_0 .net "A", 0 0, L_0x56177bb42190;  1 drivers
v0x56177bb1cdd0_0 .net "B", 0 0, L_0x56177bb3e7a0;  alias, 1 drivers
v0x56177bb1ce90_0 .net "Y", 0 0, L_0x56177bb42120;  alias, 1 drivers
v0x56177bb1cf60_0 .net *"_s0", 0 0, L_0x56177bb420b0;  1 drivers
S_0x56177bb1d0a0 .scope module, "_164_" "NAND" 5 427, 2 13 0, S_0x56177bad4660;
 .timescale -9 -10;
    .port_info 0 /INPUT 1 "A"
    .port_info 1 /INPUT 1 "B"
    .port_info 2 /OUTPUT 1 "Y"
L_0x56177bb42300 .functor AND 1, L_0x56177bb3cba0, L_0x56177bb3e7a0, C4<1>, C4<1>;
L_0x56177bb42400 .functor NOT 1, L_0x56177bb42300, C4<0>, C4<0>, C4<0>;
v0x56177bb1d2c0_0 .net "A", 0 0, L_0x56177bb3cba0;  alias, 1 drivers
v0x56177bb1d3b0_0 .net "B", 0 0, L_0x56177bb3e7a0;  alias, 1 drivers
v0x56177bb1d660_0 .net "Y", 0 0, L_0x56177bb42400;  alias, 1 drivers
v0x56177bb1d730_0 .net *"_s0", 0 0, L_0x56177bb42300;  1 drivers
S_0x56177bb1d870 .scope module, "_165_" "NAND" 5 432, 2 13 0, S_0x56177bad4660;
 .timescale -9 -10;
    .port_info 0 /INPUT 1 "A"
    .port_info 1 /INPUT 1 "B"
    .port_info 2 /OUTPUT 1 "Y"
L_0x56177bb42470 .functor AND 1, v0x56177bb3ad50_0, L_0x56177bb42400, C4<1>, C4<1>;
L_0x56177bb42980 .functor NOT 1, L_0x56177bb42470, C4<0>, C4<0>, C4<0>;
v0x56177bb1da90_0 .net "A", 0 0, v0x56177bb3ad50_0;  alias, 1 drivers
v0x56177bb1db50_0 .net "B", 0 0, L_0x56177bb42400;  alias, 1 drivers
v0x56177bb1dc40_0 .net "Y", 0 0, L_0x56177bb42980;  alias, 1 drivers
v0x56177bb1dd10_0 .net *"_s0", 0 0, L_0x56177bb42470;  1 drivers
S_0x56177bb1de30 .scope module, "_166_" "NOR" 5 437, 2 19 0, S_0x56177bad4660;
 .timescale -9 -10;
    .port_info 0 /INPUT 1 "A"
    .port_info 1 /INPUT 1 "B"
    .port_info 2 /OUTPUT 1 "Y"
L_0x56177bb429f0 .functor OR 1, L_0x56177bb42120, L_0x56177bb42980, C4<0>, C4<0>;
L_0x56177bb42b80 .functor NOT 1, L_0x56177bb429f0, C4<0>, C4<0>, C4<0>;
v0x56177bb1e050_0 .net "A", 0 0, L_0x56177bb42120;  alias, 1 drivers
v0x56177bb1e140_0 .net "B", 0 0, L_0x56177bb42980;  alias, 1 drivers
v0x56177bb1e210_0 .net "Y", 0 0, L_0x56177bb42b80;  1 drivers
v0x56177bb1e2e0_0 .net *"_s0", 0 0, L_0x56177bb429f0;  1 drivers
S_0x56177bb1e400 .scope module, "_167_" "NOR" 5 442, 2 19 0, S_0x56177bad4660;
 .timescale -9 -10;
    .port_info 0 /INPUT 1 "A"
    .port_info 1 /INPUT 1 "B"
    .port_info 2 /OUTPUT 1 "Y"
L_0x56177bb42f10 .functor OR 1, L_0x56177bb3bec0, v0x56177bb2d930_0, C4<0>, C4<0>;
L_0x56177bb42f80 .functor NOT 1, L_0x56177bb42f10, C4<0>, C4<0>, C4<0>;
v0x56177bb1e620_0 .net "A", 0 0, L_0x56177bb3bec0;  alias, 1 drivers
v0x56177bb1e730_0 .net "B", 0 0, v0x56177bb2d930_0;  alias, 1 drivers
v0x56177bb1e840_0 .net "Y", 0 0, L_0x56177bb42f80;  alias, 1 drivers
v0x56177bb1e8e0_0 .net *"_s0", 0 0, L_0x56177bb42f10;  1 drivers
S_0x56177bb1ea20 .scope module, "_168_" "NOR" 5 447, 2 19 0, S_0x56177bad4660;
 .timescale -9 -10;
    .port_info 0 /INPUT 1 "A"
    .port_info 1 /INPUT 1 "B"
    .port_info 2 /OUTPUT 1 "Y"
L_0x56177bb43040 .functor OR 1, L_0x56177bb3be30, L_0x56177bb42f80, C4<0>, C4<0>;
L_0x56177bb430b0 .functor NOT 1, L_0x56177bb43040, C4<0>, C4<0>, C4<0>;
v0x56177bb1ec40_0 .net "A", 0 0, L_0x56177bb3be30;  alias, 1 drivers
v0x56177bb1ed00_0 .net "B", 0 0, L_0x56177bb42f80;  alias, 1 drivers
v0x56177bb1edc0_0 .net "Y", 0 0, L_0x56177bb430b0;  alias, 1 drivers
v0x56177bb1ee90_0 .net *"_s0", 0 0, L_0x56177bb43040;  1 drivers
S_0x56177bb1efb0 .scope module, "_169_" "NOR" 5 452, 2 19 0, S_0x56177bad4660;
 .timescale -9 -10;
    .port_info 0 /INPUT 1 "A"
    .port_info 1 /INPUT 1 "B"
    .port_info 2 /OUTPUT 1 "Y"
L_0x56177bb43120 .functor OR 1, L_0x56177bb43250, L_0x56177bb430b0, C4<0>, C4<0>;
L_0x56177bb43190 .functor NOT 1, L_0x56177bb43120, C4<0>, C4<0>, C4<0>;
v0x56177bb1f1d0_0 .net "A", 0 0, L_0x56177bb43250;  1 drivers
v0x56177bb1f2b0_0 .net "B", 0 0, L_0x56177bb430b0;  alias, 1 drivers
v0x56177bb1f3a0_0 .net "Y", 0 0, L_0x56177bb43190;  alias, 1 drivers
v0x56177bb1f470_0 .net *"_s0", 0 0, L_0x56177bb43120;  1 drivers
S_0x56177bb1f590 .scope module, "_170_" "NAND" 5 457, 2 13 0, S_0x56177bad4660;
 .timescale -9 -10;
    .port_info 0 /INPUT 1 "A"
    .port_info 1 /INPUT 1 "B"
    .port_info 2 /OUTPUT 1 "Y"
L_0x56177bb43420 .functor AND 1, L_0x56177bb3cd70, L_0x56177bb430b0, C4<1>, C4<1>;
L_0x56177bb43520 .functor NOT 1, L_0x56177bb43420, C4<0>, C4<0>, C4<0>;
v0x56177bb1f7b0_0 .net "A", 0 0, L_0x56177bb3cd70;  alias, 1 drivers
v0x56177bb1f8a0_0 .net "B", 0 0, L_0x56177bb430b0;  alias, 1 drivers
v0x56177bb1f990_0 .net "Y", 0 0, L_0x56177bb43520;  alias, 1 drivers
v0x56177bb1fa30_0 .net *"_s0", 0 0, L_0x56177bb43420;  1 drivers
S_0x56177bb1fb70 .scope module, "_171_" "NAND" 5 462, 2 13 0, S_0x56177bad4660;
 .timescale -9 -10;
    .port_info 0 /INPUT 1 "A"
    .port_info 1 /INPUT 1 "B"
    .port_info 2 /OUTPUT 1 "Y"
L_0x56177bb43590 .functor AND 1, v0x56177bb3ad50_0, L_0x56177bb43520, C4<1>, C4<1>;
L_0x56177bb43690 .functor NOT 1, L_0x56177bb43590, C4<0>, C4<0>, C4<0>;
v0x56177bb201a0_0 .net "A", 0 0, v0x56177bb3ad50_0;  alias, 1 drivers
v0x56177bb20260_0 .net "B", 0 0, L_0x56177bb43520;  alias, 1 drivers
v0x56177bb20350_0 .net "Y", 0 0, L_0x56177bb43690;  alias, 1 drivers
v0x56177bb20420_0 .net *"_s0", 0 0, L_0x56177bb43590;  1 drivers
S_0x56177bb20540 .scope module, "_172_" "NOR" 5 467, 2 19 0, S_0x56177bad4660;
 .timescale -9 -10;
    .port_info 0 /INPUT 1 "A"
    .port_info 1 /INPUT 1 "B"
    .port_info 2 /OUTPUT 1 "Y"
L_0x56177bb43700 .functor OR 1, L_0x56177bb43190, L_0x56177bb43690, C4<0>, C4<0>;
L_0x56177bb43890 .functor NOT 1, L_0x56177bb43700, C4<0>, C4<0>, C4<0>;
v0x56177bb20760_0 .net "A", 0 0, L_0x56177bb43190;  alias, 1 drivers
v0x56177bb20850_0 .net "B", 0 0, L_0x56177bb43690;  alias, 1 drivers
v0x56177bb20920_0 .net "Y", 0 0, L_0x56177bb43890;  1 drivers
v0x56177bb209f0_0 .net *"_s0", 0 0, L_0x56177bb43700;  1 drivers
S_0x56177bb20b10 .scope module, "_173_" "NOR" 5 472, 2 19 0, S_0x56177bad4660;
 .timescale -9 -10;
    .port_info 0 /INPUT 1 "A"
    .port_info 1 /INPUT 1 "B"
    .port_info 2 /OUTPUT 1 "Y"
L_0x56177bb43900 .functor OR 1, L_0x56177bb439e0, L_0x56177bb430b0, C4<0>, C4<0>;
L_0x56177bb43970 .functor NOT 1, L_0x56177bb43900, C4<0>, C4<0>, C4<0>;
v0x56177bb20d30_0 .net "A", 0 0, L_0x56177bb439e0;  1 drivers
v0x56177bb20e10_0 .net "B", 0 0, L_0x56177bb430b0;  alias, 1 drivers
v0x56177bb20ed0_0 .net "Y", 0 0, L_0x56177bb43970;  alias, 1 drivers
v0x56177bb20fa0_0 .net *"_s0", 0 0, L_0x56177bb43900;  1 drivers
S_0x56177bb210e0 .scope module, "_174_" "NAND" 5 477, 2 13 0, S_0x56177bad4660;
 .timescale -9 -10;
    .port_info 0 /INPUT 1 "A"
    .port_info 1 /INPUT 1 "B"
    .port_info 2 /OUTPUT 1 "Y"
L_0x56177bb43b60 .functor AND 1, L_0x56177bb3cef0, L_0x56177bb430b0, C4<1>, C4<1>;
L_0x56177bb43c60 .functor NOT 1, L_0x56177bb43b60, C4<0>, C4<0>, C4<0>;
v0x56177bb21300_0 .net "A", 0 0, L_0x56177bb3cef0;  alias, 1 drivers
v0x56177bb213f0_0 .net "B", 0 0, L_0x56177bb430b0;  alias, 1 drivers
v0x56177bb21490_0 .net "Y", 0 0, L_0x56177bb43c60;  alias, 1 drivers
v0x56177bb21560_0 .net *"_s0", 0 0, L_0x56177bb43b60;  1 drivers
S_0x56177bb216a0 .scope module, "_175_" "NAND" 5 482, 2 13 0, S_0x56177bad4660;
 .timescale -9 -10;
    .port_info 0 /INPUT 1 "A"
    .port_info 1 /INPUT 1 "B"
    .port_info 2 /OUTPUT 1 "Y"
L_0x56177bb43cd0 .functor AND 1, v0x56177bb3ad50_0, L_0x56177bb43c60, C4<1>, C4<1>;
L_0x56177bb43dd0 .functor NOT 1, L_0x56177bb43cd0, C4<0>, C4<0>, C4<0>;
v0x56177bb21870_0 .net "A", 0 0, v0x56177bb3ad50_0;  alias, 1 drivers
v0x56177bb21930_0 .net "B", 0 0, L_0x56177bb43c60;  alias, 1 drivers
v0x56177bb21a20_0 .net "Y", 0 0, L_0x56177bb43dd0;  alias, 1 drivers
v0x56177bb21af0_0 .net *"_s0", 0 0, L_0x56177bb43cd0;  1 drivers
S_0x56177bb21c10 .scope module, "_176_" "NOR" 5 487, 2 19 0, S_0x56177bad4660;
 .timescale -9 -10;
    .port_info 0 /INPUT 1 "A"
    .port_info 1 /INPUT 1 "B"
    .port_info 2 /OUTPUT 1 "Y"
L_0x56177bb43e40 .functor OR 1, L_0x56177bb43970, L_0x56177bb43dd0, C4<0>, C4<0>;
L_0x56177bb43fd0 .functor NOT 1, L_0x56177bb43e40, C4<0>, C4<0>, C4<0>;
v0x56177bb21e30_0 .net "A", 0 0, L_0x56177bb43970;  alias, 1 drivers
v0x56177bb21f20_0 .net "B", 0 0, L_0x56177bb43dd0;  alias, 1 drivers
v0x56177bb21ff0_0 .net "Y", 0 0, L_0x56177bb43fd0;  1 drivers
v0x56177bb220c0_0 .net *"_s0", 0 0, L_0x56177bb43e40;  1 drivers
S_0x56177bb221e0 .scope module, "_177_" "NOR" 5 492, 2 19 0, S_0x56177bad4660;
 .timescale -9 -10;
    .port_info 0 /INPUT 1 "A"
    .port_info 1 /INPUT 1 "B"
    .port_info 2 /OUTPUT 1 "Y"
L_0x56177bb44040 .functor OR 1, L_0x56177bb44120, L_0x56177bb430b0, C4<0>, C4<0>;
L_0x56177bb440b0 .functor NOT 1, L_0x56177bb44040, C4<0>, C4<0>, C4<0>;
v0x56177bb22400_0 .net "A", 0 0, L_0x56177bb44120;  1 drivers
v0x56177bb224e0_0 .net "B", 0 0, L_0x56177bb430b0;  alias, 1 drivers
v0x56177bb225a0_0 .net "Y", 0 0, L_0x56177bb440b0;  alias, 1 drivers
v0x56177bb22670_0 .net *"_s0", 0 0, L_0x56177bb44040;  1 drivers
S_0x56177bb227b0 .scope module, "_178_" "NAND" 5 497, 2 13 0, S_0x56177bad4660;
 .timescale -9 -10;
    .port_info 0 /INPUT 1 "A"
    .port_info 1 /INPUT 1 "B"
    .port_info 2 /OUTPUT 1 "Y"
L_0x56177bb442b0 .functor AND 1, L_0x56177bb3d080, L_0x56177bb430b0, C4<1>, C4<1>;
L_0x56177bb443b0 .functor NOT 1, L_0x56177bb442b0, C4<0>, C4<0>, C4<0>;
v0x56177bb229d0_0 .net "A", 0 0, L_0x56177bb3d080;  alias, 1 drivers
v0x56177bb22ac0_0 .net "B", 0 0, L_0x56177bb430b0;  alias, 1 drivers
v0x56177bb22b60_0 .net "Y", 0 0, L_0x56177bb443b0;  alias, 1 drivers
v0x56177bb22c30_0 .net *"_s0", 0 0, L_0x56177bb442b0;  1 drivers
S_0x56177bb22d70 .scope module, "_179_" "NAND" 5 502, 2 13 0, S_0x56177bad4660;
 .timescale -9 -10;
    .port_info 0 /INPUT 1 "A"
    .port_info 1 /INPUT 1 "B"
    .port_info 2 /OUTPUT 1 "Y"
L_0x56177bb44420 .functor AND 1, v0x56177bb3ad50_0, L_0x56177bb443b0, C4<1>, C4<1>;
L_0x56177bb44520 .functor NOT 1, L_0x56177bb44420, C4<0>, C4<0>, C4<0>;
v0x56177bb22f90_0 .net "A", 0 0, v0x56177bb3ad50_0;  alias, 1 drivers
v0x56177bb23050_0 .net "B", 0 0, L_0x56177bb443b0;  alias, 1 drivers
v0x56177bb23140_0 .net "Y", 0 0, L_0x56177bb44520;  alias, 1 drivers
v0x56177bb23210_0 .net *"_s0", 0 0, L_0x56177bb44420;  1 drivers
S_0x56177bb23330 .scope module, "_180_" "NOR" 5 507, 2 19 0, S_0x56177bad4660;
 .timescale -9 -10;
    .port_info 0 /INPUT 1 "A"
    .port_info 1 /INPUT 1 "B"
    .port_info 2 /OUTPUT 1 "Y"
L_0x56177bb44590 .functor OR 1, L_0x56177bb440b0, L_0x56177bb44520, C4<0>, C4<0>;
L_0x56177bb44720 .functor NOT 1, L_0x56177bb44590, C4<0>, C4<0>, C4<0>;
v0x56177bb23550_0 .net "A", 0 0, L_0x56177bb440b0;  alias, 1 drivers
v0x56177bb23640_0 .net "B", 0 0, L_0x56177bb44520;  alias, 1 drivers
v0x56177bb23710_0 .net "Y", 0 0, L_0x56177bb44720;  1 drivers
v0x56177bb237e0_0 .net *"_s0", 0 0, L_0x56177bb44590;  1 drivers
S_0x56177bb23900 .scope module, "_181_" "NOR" 5 512, 2 19 0, S_0x56177bad4660;
 .timescale -9 -10;
    .port_info 0 /INPUT 1 "A"
    .port_info 1 /INPUT 1 "B"
    .port_info 2 /OUTPUT 1 "Y"
L_0x56177bb44790 .functor OR 1, L_0x56177bb44870, L_0x56177bb430b0, C4<0>, C4<0>;
L_0x56177bb44800 .functor NOT 1, L_0x56177bb44790, C4<0>, C4<0>, C4<0>;
v0x56177bb23b20_0 .net "A", 0 0, L_0x56177bb44870;  1 drivers
v0x56177bb23c00_0 .net "B", 0 0, L_0x56177bb430b0;  alias, 1 drivers
v0x56177bb23cc0_0 .net "Y", 0 0, L_0x56177bb44800;  alias, 1 drivers
v0x56177bb23d90_0 .net *"_s0", 0 0, L_0x56177bb44790;  1 drivers
S_0x56177bb23ed0 .scope module, "_182_" "NAND" 5 517, 2 13 0, S_0x56177bad4660;
 .timescale -9 -10;
    .port_info 0 /INPUT 1 "A"
    .port_info 1 /INPUT 1 "B"
    .port_info 2 /OUTPUT 1 "Y"
L_0x56177bb44960 .functor AND 1, L_0x56177bb3d1b0, L_0x56177bb430b0, C4<1>, C4<1>;
L_0x56177bb44a60 .functor NOT 1, L_0x56177bb44960, C4<0>, C4<0>, C4<0>;
v0x56177bb240f0_0 .net "A", 0 0, L_0x56177bb3d1b0;  alias, 1 drivers
v0x56177bb241e0_0 .net "B", 0 0, L_0x56177bb430b0;  alias, 1 drivers
v0x56177bb24280_0 .net "Y", 0 0, L_0x56177bb44a60;  alias, 1 drivers
v0x56177bb24350_0 .net *"_s0", 0 0, L_0x56177bb44960;  1 drivers
S_0x56177bb24490 .scope module, "_183_" "NAND" 5 522, 2 13 0, S_0x56177bad4660;
 .timescale -9 -10;
    .port_info 0 /INPUT 1 "A"
    .port_info 1 /INPUT 1 "B"
    .port_info 2 /OUTPUT 1 "Y"
L_0x56177bb44ad0 .functor AND 1, v0x56177bb3ad50_0, L_0x56177bb44a60, C4<1>, C4<1>;
L_0x56177bb44bd0 .functor NOT 1, L_0x56177bb44ad0, C4<0>, C4<0>, C4<0>;
v0x56177bb246b0_0 .net "A", 0 0, v0x56177bb3ad50_0;  alias, 1 drivers
v0x56177bb24770_0 .net "B", 0 0, L_0x56177bb44a60;  alias, 1 drivers
v0x56177bb24860_0 .net "Y", 0 0, L_0x56177bb44bd0;  alias, 1 drivers
v0x56177bb24930_0 .net *"_s0", 0 0, L_0x56177bb44ad0;  1 drivers
S_0x56177bb24a50 .scope module, "_184_" "NOR" 5 527, 2 19 0, S_0x56177bad4660;
 .timescale -9 -10;
    .port_info 0 /INPUT 1 "A"
    .port_info 1 /INPUT 1 "B"
    .port_info 2 /OUTPUT 1 "Y"
L_0x56177bb44c40 .functor OR 1, L_0x56177bb44800, L_0x56177bb44bd0, C4<0>, C4<0>;
L_0x56177bb44dd0 .functor NOT 1, L_0x56177bb44c40, C4<0>, C4<0>, C4<0>;
v0x56177bb24c70_0 .net "A", 0 0, L_0x56177bb44800;  alias, 1 drivers
v0x56177bb24d60_0 .net "B", 0 0, L_0x56177bb44bd0;  alias, 1 drivers
v0x56177bb24e30_0 .net "Y", 0 0, L_0x56177bb44dd0;  1 drivers
v0x56177bb24f00_0 .net *"_s0", 0 0, L_0x56177bb44c40;  1 drivers
S_0x56177bb25020 .scope module, "_185_" "NOR" 5 532, 2 19 0, S_0x56177bad4660;
 .timescale -9 -10;
    .port_info 0 /INPUT 1 "A"
    .port_info 1 /INPUT 1 "B"
    .port_info 2 /OUTPUT 1 "Y"
L_0x56177bb44e40 .functor OR 1, L_0x56177bb44f20, L_0x56177bb430b0, C4<0>, C4<0>;
L_0x56177bb44eb0 .functor NOT 1, L_0x56177bb44e40, C4<0>, C4<0>, C4<0>;
v0x56177bb25240_0 .net "A", 0 0, L_0x56177bb44f20;  1 drivers
v0x56177bb25320_0 .net "B", 0 0, L_0x56177bb430b0;  alias, 1 drivers
v0x56177bb253e0_0 .net "Y", 0 0, L_0x56177bb44eb0;  alias, 1 drivers
v0x56177bb254b0_0 .net *"_s0", 0 0, L_0x56177bb44e40;  1 drivers
S_0x56177bb255f0 .scope module, "_186_" "NAND" 5 537, 2 13 0, S_0x56177bad4660;
 .timescale -9 -10;
    .port_info 0 /INPUT 1 "A"
    .port_info 1 /INPUT 1 "B"
    .port_info 2 /OUTPUT 1 "Y"
L_0x56177bb45110 .functor AND 1, L_0x56177bb3d3a0, L_0x56177bb430b0, C4<1>, C4<1>;
L_0x56177bb45210 .functor NOT 1, L_0x56177bb45110, C4<0>, C4<0>, C4<0>;
v0x56177bb25810_0 .net "A", 0 0, L_0x56177bb3d3a0;  alias, 1 drivers
v0x56177bb25900_0 .net "B", 0 0, L_0x56177bb430b0;  alias, 1 drivers
v0x56177bb259a0_0 .net "Y", 0 0, L_0x56177bb45210;  alias, 1 drivers
v0x56177bb25a70_0 .net *"_s0", 0 0, L_0x56177bb45110;  1 drivers
S_0x56177bb25bb0 .scope module, "_187_" "NAND" 5 542, 2 13 0, S_0x56177bad4660;
 .timescale -9 -10;
    .port_info 0 /INPUT 1 "A"
    .port_info 1 /INPUT 1 "B"
    .port_info 2 /OUTPUT 1 "Y"
L_0x56177bb45280 .functor AND 1, v0x56177bb3ad50_0, L_0x56177bb45210, C4<1>, C4<1>;
L_0x56177bb45380 .functor NOT 1, L_0x56177bb45280, C4<0>, C4<0>, C4<0>;
v0x56177bb25dd0_0 .net "A", 0 0, v0x56177bb3ad50_0;  alias, 1 drivers
v0x56177bb25e90_0 .net "B", 0 0, L_0x56177bb45210;  alias, 1 drivers
v0x56177bb25f80_0 .net "Y", 0 0, L_0x56177bb45380;  alias, 1 drivers
v0x56177bb26050_0 .net *"_s0", 0 0, L_0x56177bb45280;  1 drivers
S_0x56177bb26170 .scope module, "_188_" "NOR" 5 547, 2 19 0, S_0x56177bad4660;
 .timescale -9 -10;
    .port_info 0 /INPUT 1 "A"
    .port_info 1 /INPUT 1 "B"
    .port_info 2 /OUTPUT 1 "Y"
L_0x56177bb453f0 .functor OR 1, L_0x56177bb44eb0, L_0x56177bb45380, C4<0>, C4<0>;
L_0x56177bb45580 .functor NOT 1, L_0x56177bb453f0, C4<0>, C4<0>, C4<0>;
v0x56177bb26390_0 .net "A", 0 0, L_0x56177bb44eb0;  alias, 1 drivers
v0x56177bb26480_0 .net "B", 0 0, L_0x56177bb45380;  alias, 1 drivers
v0x56177bb26550_0 .net "Y", 0 0, L_0x56177bb45580;  1 drivers
v0x56177bb26620_0 .net *"_s0", 0 0, L_0x56177bb453f0;  1 drivers
S_0x56177bb26740 .scope module, "_189_" "NOR" 5 552, 2 19 0, S_0x56177bad4660;
 .timescale -9 -10;
    .port_info 0 /INPUT 1 "A"
    .port_info 1 /INPUT 1 "B"
    .port_info 2 /OUTPUT 1 "Y"
L_0x56177bb455f0 .functor OR 1, L_0x56177bb456d0, L_0x56177bb430b0, C4<0>, C4<0>;
L_0x56177bb45660 .functor NOT 1, L_0x56177bb455f0, C4<0>, C4<0>, C4<0>;
v0x56177bb26960_0 .net "A", 0 0, L_0x56177bb456d0;  1 drivers
v0x56177bb26a40_0 .net "B", 0 0, L_0x56177bb430b0;  alias, 1 drivers
v0x56177bb26b00_0 .net "Y", 0 0, L_0x56177bb45660;  alias, 1 drivers
v0x56177bb26bd0_0 .net *"_s0", 0 0, L_0x56177bb455f0;  1 drivers
S_0x56177bb26d10 .scope module, "_190_" "NAND" 5 557, 2 13 0, S_0x56177bad4660;
 .timescale -9 -10;
    .port_info 0 /INPUT 1 "A"
    .port_info 1 /INPUT 1 "B"
    .port_info 2 /OUTPUT 1 "Y"
L_0x56177bb458d0 .functor AND 1, L_0x56177bb3d520, L_0x56177bb430b0, C4<1>, C4<1>;
L_0x56177bb45940 .functor NOT 1, L_0x56177bb458d0, C4<0>, C4<0>, C4<0>;
v0x56177bb26f30_0 .net "A", 0 0, L_0x56177bb3d520;  alias, 1 drivers
v0x56177bb27020_0 .net "B", 0 0, L_0x56177bb430b0;  alias, 1 drivers
v0x56177bb270c0_0 .net "Y", 0 0, L_0x56177bb45940;  alias, 1 drivers
v0x56177bb27190_0 .net *"_s0", 0 0, L_0x56177bb458d0;  1 drivers
S_0x56177bb272d0 .scope module, "_191_" "NAND" 5 562, 2 13 0, S_0x56177bad4660;
 .timescale -9 -10;
    .port_info 0 /INPUT 1 "A"
    .port_info 1 /INPUT 1 "B"
    .port_info 2 /OUTPUT 1 "Y"
L_0x56177bb459b0 .functor AND 1, v0x56177bb3ad50_0, L_0x56177bb45940, C4<1>, C4<1>;
L_0x56177bb45ab0 .functor NOT 1, L_0x56177bb459b0, C4<0>, C4<0>, C4<0>;
v0x56177bb274f0_0 .net "A", 0 0, v0x56177bb3ad50_0;  alias, 1 drivers
v0x56177bb275b0_0 .net "B", 0 0, L_0x56177bb45940;  alias, 1 drivers
v0x56177bb276a0_0 .net "Y", 0 0, L_0x56177bb45ab0;  alias, 1 drivers
v0x56177bb27770_0 .net *"_s0", 0 0, L_0x56177bb459b0;  1 drivers
S_0x56177bb27890 .scope module, "_192_" "NOR" 5 567, 2 19 0, S_0x56177bad4660;
 .timescale -9 -10;
    .port_info 0 /INPUT 1 "A"
    .port_info 1 /INPUT 1 "B"
    .port_info 2 /OUTPUT 1 "Y"
L_0x56177bb45b20 .functor OR 1, L_0x56177bb45660, L_0x56177bb45ab0, C4<0>, C4<0>;
L_0x56177bb45cd0 .functor NOT 1, L_0x56177bb45b20, C4<0>, C4<0>, C4<0>;
v0x56177bb27ab0_0 .net "A", 0 0, L_0x56177bb45660;  alias, 1 drivers
v0x56177bb27ba0_0 .net "B", 0 0, L_0x56177bb45ab0;  alias, 1 drivers
v0x56177bb27c70_0 .net "Y", 0 0, L_0x56177bb45cd0;  1 drivers
v0x56177bb27d40_0 .net *"_s0", 0 0, L_0x56177bb45b20;  1 drivers
S_0x56177bb27e60 .scope module, "_193_" "NOR" 5 572, 2 19 0, S_0x56177bad4660;
 .timescale -9 -10;
    .port_info 0 /INPUT 1 "A"
    .port_info 1 /INPUT 1 "B"
    .port_info 2 /OUTPUT 1 "Y"
L_0x56177bb45d60 .functor OR 1, L_0x56177bb45e40, L_0x56177bb430b0, C4<0>, C4<0>;
L_0x56177bb45dd0 .functor NOT 1, L_0x56177bb45d60, C4<0>, C4<0>, C4<0>;
v0x56177bb28080_0 .net "A", 0 0, L_0x56177bb45e40;  1 drivers
v0x56177bb28160_0 .net "B", 0 0, L_0x56177bb430b0;  alias, 1 drivers
v0x56177bb28220_0 .net "Y", 0 0, L_0x56177bb45dd0;  alias, 1 drivers
v0x56177bb282f0_0 .net *"_s0", 0 0, L_0x56177bb45d60;  1 drivers
S_0x56177bb28430 .scope module, "_194_" "NAND" 5 577, 2 13 0, S_0x56177bad4660;
 .timescale -9 -10;
    .port_info 0 /INPUT 1 "A"
    .port_info 1 /INPUT 1 "B"
    .port_info 2 /OUTPUT 1 "Y"
L_0x56177bb46040 .functor AND 1, L_0x56177bb3d330, L_0x56177bb430b0, C4<1>, C4<1>;
L_0x56177bb46570 .functor NOT 1, L_0x56177bb46040, C4<0>, C4<0>, C4<0>;
v0x56177bb28650_0 .net "A", 0 0, L_0x56177bb3d330;  alias, 1 drivers
v0x56177bb28740_0 .net "B", 0 0, L_0x56177bb430b0;  alias, 1 drivers
v0x56177bb287e0_0 .net "Y", 0 0, L_0x56177bb46570;  alias, 1 drivers
v0x56177bb288b0_0 .net *"_s0", 0 0, L_0x56177bb46040;  1 drivers
S_0x56177bb289f0 .scope module, "_195_" "NAND" 5 582, 2 13 0, S_0x56177bad4660;
 .timescale -9 -10;
    .port_info 0 /INPUT 1 "A"
    .port_info 1 /INPUT 1 "B"
    .port_info 2 /OUTPUT 1 "Y"
L_0x56177bb46600 .functor AND 1, v0x56177bb3ad50_0, L_0x56177bb46570, C4<1>, C4<1>;
L_0x56177bb46720 .functor NOT 1, L_0x56177bb46600, C4<0>, C4<0>, C4<0>;
v0x56177bb28c10_0 .net "A", 0 0, v0x56177bb3ad50_0;  alias, 1 drivers
v0x56177bb28cd0_0 .net "B", 0 0, L_0x56177bb46570;  alias, 1 drivers
v0x56177bb28dc0_0 .net "Y", 0 0, L_0x56177bb46720;  alias, 1 drivers
v0x56177bb28e90_0 .net *"_s0", 0 0, L_0x56177bb46600;  1 drivers
S_0x56177bb28fb0 .scope module, "_196_" "NOR" 5 587, 2 19 0, S_0x56177bad4660;
 .timescale -9 -10;
    .port_info 0 /INPUT 1 "A"
    .port_info 1 /INPUT 1 "B"
    .port_info 2 /OUTPUT 1 "Y"
L_0x56177bb467b0 .functor OR 1, L_0x56177bb45dd0, L_0x56177bb46720, C4<0>, C4<0>;
L_0x56177bb46960 .functor NOT 1, L_0x56177bb467b0, C4<0>, C4<0>, C4<0>;
v0x56177bb291d0_0 .net "A", 0 0, L_0x56177bb45dd0;  alias, 1 drivers
v0x56177bb292c0_0 .net "B", 0 0, L_0x56177bb46720;  alias, 1 drivers
v0x56177bb29390_0 .net "Y", 0 0, L_0x56177bb46960;  1 drivers
v0x56177bb29460_0 .net *"_s0", 0 0, L_0x56177bb467b0;  1 drivers
S_0x56177bb29580 .scope module, "_197_" "NOR" 5 592, 2 19 0, S_0x56177bad4660;
 .timescale -9 -10;
    .port_info 0 /INPUT 1 "A"
    .port_info 1 /INPUT 1 "B"
    .port_info 2 /OUTPUT 1 "Y"
L_0x56177bb469f0 .functor OR 1, L_0x56177bb46ad0, L_0x56177bb430b0, C4<0>, C4<0>;
L_0x56177bb46a60 .functor NOT 1, L_0x56177bb469f0, C4<0>, C4<0>, C4<0>;
v0x56177bb297a0_0 .net "A", 0 0, L_0x56177bb46ad0;  1 drivers
v0x56177bb29880_0 .net "B", 0 0, L_0x56177bb430b0;  alias, 1 drivers
v0x56177bb29940_0 .net "Y", 0 0, L_0x56177bb46a60;  alias, 1 drivers
v0x56177bb29a10_0 .net *"_s0", 0 0, L_0x56177bb469f0;  1 drivers
S_0x56177bb29b50 .scope module, "_198_" "NAND" 5 597, 2 13 0, S_0x56177bad4660;
 .timescale -9 -10;
    .port_info 0 /INPUT 1 "A"
    .port_info 1 /INPUT 1 "B"
    .port_info 2 /OUTPUT 1 "Y"
L_0x56177bb46bc0 .functor AND 1, L_0x56177bb3d830, L_0x56177bb430b0, C4<1>, C4<1>;
L_0x56177bb46ce0 .functor NOT 1, L_0x56177bb46bc0, C4<0>, C4<0>, C4<0>;
v0x56177bb29d70_0 .net "A", 0 0, L_0x56177bb3d830;  alias, 1 drivers
v0x56177bb29e60_0 .net "B", 0 0, L_0x56177bb430b0;  alias, 1 drivers
v0x56177bb2a110_0 .net "Y", 0 0, L_0x56177bb46ce0;  alias, 1 drivers
v0x56177bb2a1e0_0 .net *"_s0", 0 0, L_0x56177bb46bc0;  1 drivers
S_0x56177bb2a320 .scope module, "_199_" "NAND" 5 602, 2 13 0, S_0x56177bad4660;
 .timescale -9 -10;
    .port_info 0 /INPUT 1 "A"
    .port_info 1 /INPUT 1 "B"
    .port_info 2 /OUTPUT 1 "Y"
L_0x56177bb46d70 .functor AND 1, v0x56177bb3ad50_0, L_0x56177bb46ce0, C4<1>, C4<1>;
L_0x56177bb46e90 .functor NOT 1, L_0x56177bb46d70, C4<0>, C4<0>, C4<0>;
v0x56177bb2a540_0 .net "A", 0 0, v0x56177bb3ad50_0;  alias, 1 drivers
v0x56177bb2a600_0 .net "B", 0 0, L_0x56177bb46ce0;  alias, 1 drivers
v0x56177bb2a6f0_0 .net "Y", 0 0, L_0x56177bb46e90;  alias, 1 drivers
v0x56177bb2a7c0_0 .net *"_s0", 0 0, L_0x56177bb46d70;  1 drivers
S_0x56177bb2a8e0 .scope module, "_200_" "NOR" 5 607, 2 19 0, S_0x56177bad4660;
 .timescale -9 -10;
    .port_info 0 /INPUT 1 "A"
    .port_info 1 /INPUT 1 "B"
    .port_info 2 /OUTPUT 1 "Y"
L_0x56177bb46f20 .functor OR 1, L_0x56177bb46a60, L_0x56177bb46e90, C4<0>, C4<0>;
L_0x56177bb470d0 .functor NOT 1, L_0x56177bb46f20, C4<0>, C4<0>, C4<0>;
v0x56177bb2ab00_0 .net "A", 0 0, L_0x56177bb46a60;  alias, 1 drivers
v0x56177bb2abf0_0 .net "B", 0 0, L_0x56177bb46e90;  alias, 1 drivers
v0x56177bb2acc0_0 .net "Y", 0 0, L_0x56177bb470d0;  1 drivers
v0x56177bb2ad90_0 .net *"_s0", 0 0, L_0x56177bb46f20;  1 drivers
S_0x56177bb2aeb0 .scope module, "_201_" "NAND" 5 612, 2 13 0, S_0x56177bad4660;
 .timescale -9 -10;
    .port_info 0 /INPUT 1 "A"
    .port_info 1 /INPUT 1 "B"
    .port_info 2 /OUTPUT 1 "Y"
L_0x56177bb475a0 .functor AND 1, v0x56177bb3ad50_0, L_0x56177bb3e560, C4<1>, C4<1>;
L_0x56177bb47610 .functor NOT 1, L_0x56177bb475a0, C4<0>, C4<0>, C4<0>;
v0x56177bb2b0d0_0 .net "A", 0 0, v0x56177bb3ad50_0;  alias, 1 drivers
v0x56177bb2b190_0 .net "B", 0 0, L_0x56177bb3e560;  alias, 1 drivers
v0x56177bb2b280_0 .net "Y", 0 0, L_0x56177bb47610;  alias, 1 drivers
v0x56177bb2b350_0 .net *"_s0", 0 0, L_0x56177bb475a0;  1 drivers
S_0x56177bb2b470 .scope module, "_202_" "NOR" 5 617, 2 19 0, S_0x56177bad4660;
 .timescale -9 -10;
    .port_info 0 /INPUT 1 "A"
    .port_info 1 /INPUT 1 "B"
    .port_info 2 /OUTPUT 1 "Y"
L_0x56177bb47710 .functor OR 1, L_0x56177bb3be30, L_0x56177bb47610, C4<0>, C4<0>;
L_0x56177bb477a0 .functor NOT 1, L_0x56177bb47710, C4<0>, C4<0>, C4<0>;
v0x56177bb2b690_0 .net "A", 0 0, L_0x56177bb3be30;  alias, 1 drivers
v0x56177bb2b750_0 .net "B", 0 0, L_0x56177bb47610;  alias, 1 drivers
v0x56177bb2b840_0 .net "Y", 0 0, L_0x56177bb477a0;  alias, 1 drivers
v0x56177bb2b910_0 .net *"_s0", 0 0, L_0x56177bb47710;  1 drivers
S_0x56177bb2ba30 .scope module, "_203_" "NOR" 5 622, 2 19 0, S_0x56177bad4660;
 .timescale -9 -10;
    .port_info 0 /INPUT 1 "A"
    .port_info 1 /INPUT 1 "B"
    .port_info 2 /OUTPUT 1 "Y"
L_0x56177bb478c0 .functor OR 1, v0x56177bb2d930_0, L_0x56177bb47610, C4<0>, C4<0>;
L_0x56177bb47950 .functor NOT 1, L_0x56177bb478c0, C4<0>, C4<0>, C4<0>;
v0x56177bb2bc00_0 .net "A", 0 0, v0x56177bb2d930_0;  alias, 1 drivers
v0x56177bb2bcc0_0 .net "B", 0 0, L_0x56177bb47610;  alias, 1 drivers
v0x56177bb2bdd0_0 .net "Y", 0 0, L_0x56177bb47950;  alias, 1 drivers
v0x56177bb2be70_0 .net *"_s0", 0 0, L_0x56177bb478c0;  1 drivers
S_0x56177bb2bfb0 .scope module, "_204_" "NOR" 5 627, 2 19 0, S_0x56177bad4660;
 .timescale -9 -10;
    .port_info 0 /INPUT 1 "A"
    .port_info 1 /INPUT 1 "B"
    .port_info 2 /OUTPUT 1 "Y"
L_0x56177bb47a30 .functor OR 1, L_0x56177bb477a0, L_0x56177bb47950, C4<0>, C4<0>;
L_0x56177bb47b50 .functor NOT 1, L_0x56177bb47a30, C4<0>, C4<0>, C4<0>;
v0x56177bb2c1d0_0 .net "A", 0 0, L_0x56177bb477a0;  alias, 1 drivers
v0x56177bb2c2c0_0 .net "B", 0 0, L_0x56177bb47950;  alias, 1 drivers
v0x56177bb2c390_0 .net "Y", 0 0, L_0x56177bb47b50;  alias, 1 drivers
v0x56177bb2c460_0 .net *"_s0", 0 0, L_0x56177bb47a30;  1 drivers
S_0x56177bb2c580 .scope module, "_205_" "NOR" 5 632, 2 19 0, S_0x56177bad4660;
 .timescale -9 -10;
    .port_info 0 /INPUT 1 "A"
    .port_info 1 /INPUT 1 "B"
    .port_info 2 /OUTPUT 1 "Y"
L_0x56177bb47be0 .functor OR 1, L_0x56177bb3c090, L_0x56177bb3e560, C4<0>, C4<0>;
L_0x56177bb47d00 .functor NOT 1, L_0x56177bb47be0, C4<0>, C4<0>, C4<0>;
v0x56177bb2c7a0_0 .net "A", 0 0, L_0x56177bb3c090;  alias, 1 drivers
v0x56177bb2c890_0 .net "B", 0 0, L_0x56177bb3e560;  alias, 1 drivers
v0x56177bb2c980_0 .net "Y", 0 0, L_0x56177bb47d00;  alias, 1 drivers
v0x56177bb2ca20_0 .net *"_s0", 0 0, L_0x56177bb47be0;  1 drivers
S_0x56177bb2cb60 .scope module, "_206_" "DFF" 5 638, 2 25 0, S_0x56177bad4660;
 .timescale -9 -10;
    .port_info 0 /INPUT 1 "C"
    .port_info 1 /INPUT 1 "D"
    .port_info 2 /OUTPUT 1 "Q"
v0x56177bb2cd80_0 .net "C", 0 0, v0x56177bb3a8d0_0;  alias, 1 drivers
v0x56177bb2ce70_0 .net "D", 0 0, L_0x56177bb477a0;  alias, 1 drivers
v0x56177bb2cf60_0 .var "Q", 0 0;
S_0x56177bb2d060 .scope module, "_207_" "DFF" 5 644, 2 25 0, S_0x56177bad4660;
 .timescale -9 -10;
    .port_info 0 /INPUT 1 "C"
    .port_info 1 /INPUT 1 "D"
    .port_info 2 /OUTPUT 1 "Q"
v0x56177bb2d280_0 .net "C", 0 0, v0x56177bb3a8d0_0;  alias, 1 drivers
v0x56177bb2d390_0 .net "D", 0 0, L_0x56177bb47d00;  alias, 1 drivers
v0x56177bb2d450_0 .var "Q", 0 0;
S_0x56177bb2d560 .scope module, "_208_" "DFF" 5 650, 2 25 0, S_0x56177bad4660;
 .timescale -9 -10;
    .port_info 0 /INPUT 1 "C"
    .port_info 1 /INPUT 1 "D"
    .port_info 2 /OUTPUT 1 "Q"
v0x56177bb2d780_0 .net "C", 0 0, v0x56177bb3a8d0_0;  alias, 1 drivers
v0x56177bb2d840_0 .net "D", 0 0, L_0x56177bb47b50;  alias, 1 drivers
v0x56177bb2d930_0 .var "Q", 0 0;
S_0x56177bb2da20 .scope module, "_209_" "DFF" 5 656, 2 25 0, S_0x56177bad4660;
 .timescale -9 -10;
    .port_info 0 /INPUT 1 "C"
    .port_info 1 /INPUT 1 "D"
    .port_info 2 /OUTPUT 1 "Q"
v0x56177bb2dbf0_0 .net "C", 0 0, v0x56177bb3a8d0_0;  alias, 1 drivers
v0x56177bb2dd40_0 .net "D", 0 0, L_0x56177bb47d90;  1 drivers
v0x56177bb2de00_0 .var "Q", 0 0;
S_0x56177bb2df50 .scope module, "_210_" "DFF" 5 662, 2 25 0, S_0x56177bad4660;
 .timescale -9 -10;
    .port_info 0 /INPUT 1 "C"
    .port_info 1 /INPUT 1 "D"
    .port_info 2 /OUTPUT 1 "Q"
v0x56177bb2e120_0 .net "C", 0 0, v0x56177bb3a8d0_0;  alias, 1 drivers
v0x56177bb2e1e0_0 .net "D", 0 0, L_0x56177bb47e80;  1 drivers
v0x56177bb2e2a0_0 .var "Q", 0 0;
S_0x56177bb2e3f0 .scope module, "_211_" "DFF" 5 668, 2 25 0, S_0x56177bad4660;
 .timescale -9 -10;
    .port_info 0 /INPUT 1 "C"
    .port_info 1 /INPUT 1 "D"
    .port_info 2 /OUTPUT 1 "Q"
v0x56177bb2e610_0 .net "C", 0 0, v0x56177bb3a8d0_0;  alias, 1 drivers
v0x56177bb2e6d0_0 .net "D", 0 0, L_0x56177bb47480;  1 drivers
v0x56177bb2e790_0 .var "Q", 0 0;
S_0x56177bb2e8e0 .scope module, "_212_" "DFF" 5 674, 2 25 0, S_0x56177bad4660;
 .timescale -9 -10;
    .port_info 0 /INPUT 1 "C"
    .port_info 1 /INPUT 1 "D"
    .port_info 2 /OUTPUT 1 "Q"
v0x56177bb2eb00_0 .net "C", 0 0, v0x56177bb3a8d0_0;  alias, 1 drivers
v0x56177bb2ebc0_0 .net "D", 0 0, L_0x56177bb480e0;  1 drivers
v0x56177bb2ec80_0 .var "Q", 0 0;
S_0x56177bb2edd0 .scope module, "_213_" "DFF" 5 680, 2 25 0, S_0x56177bad4660;
 .timescale -9 -10;
    .port_info 0 /INPUT 1 "C"
    .port_info 1 /INPUT 1 "D"
    .port_info 2 /OUTPUT 1 "Q"
v0x56177bb2eff0_0 .net "C", 0 0, v0x56177bb3a8d0_0;  alias, 1 drivers
v0x56177bb2f0b0_0 .net "D", 0 0, L_0x56177bb482c0;  1 drivers
v0x56177bb2f170_0 .var "Q", 0 0;
S_0x56177bb2f2c0 .scope module, "_214_" "DFF" 5 686, 2 25 0, S_0x56177bad4660;
 .timescale -9 -10;
    .port_info 0 /INPUT 1 "C"
    .port_info 1 /INPUT 1 "D"
    .port_info 2 /OUTPUT 1 "Q"
v0x56177bb2f4e0_0 .net "C", 0 0, v0x56177bb3a8d0_0;  alias, 1 drivers
v0x56177bb2f5a0_0 .net "D", 0 0, L_0x56177bb48360;  1 drivers
v0x56177bb2f660_0 .var "Q", 0 0;
S_0x56177bb2f7b0 .scope module, "_215_" "DFF" 5 692, 2 25 0, S_0x56177bad4660;
 .timescale -9 -10;
    .port_info 0 /INPUT 1 "C"
    .port_info 1 /INPUT 1 "D"
    .port_info 2 /OUTPUT 1 "Q"
v0x56177bb2f9d0_0 .net "C", 0 0, v0x56177bb3a8d0_0;  alias, 1 drivers
v0x56177bb2fa90_0 .net "D", 0 0, L_0x56177bb48550;  1 drivers
v0x56177bb2fb50_0 .var "Q", 0 0;
S_0x56177bb2fca0 .scope module, "_216_" "DFF" 5 698, 2 25 0, S_0x56177bad4660;
 .timescale -9 -10;
    .port_info 0 /INPUT 1 "C"
    .port_info 1 /INPUT 1 "D"
    .port_info 2 /OUTPUT 1 "Q"
v0x56177bb2fec0_0 .net "C", 0 0, v0x56177bb3a8d0_0;  alias, 1 drivers
v0x56177bb2ff80_0 .net "D", 0 0, L_0x56177bb485f0;  1 drivers
v0x56177bb30040_0 .var "Q", 0 0;
S_0x56177bb30190 .scope module, "_217_" "DFF" 5 704, 2 25 0, S_0x56177bad4660;
 .timescale -9 -10;
    .port_info 0 /INPUT 1 "C"
    .port_info 1 /INPUT 1 "D"
    .port_info 2 /OUTPUT 1 "Q"
v0x56177bb303b0_0 .net "C", 0 0, v0x56177bb3a8d0_0;  alias, 1 drivers
v0x56177bb30470_0 .net "D", 0 0, L_0x56177bb488f0;  1 drivers
v0x56177bb30530_0 .var "Q", 0 0;
S_0x56177bb30680 .scope module, "_218_" "DFF" 5 710, 2 25 0, S_0x56177bad4660;
 .timescale -9 -10;
    .port_info 0 /INPUT 1 "C"
    .port_info 1 /INPUT 1 "D"
    .port_info 2 /OUTPUT 1 "Q"
v0x56177bb308a0_0 .net "C", 0 0, v0x56177bb3a8d0_0;  alias, 1 drivers
v0x56177bb30960_0 .net "D", 0 0, L_0x56177bb48b80;  1 drivers
v0x56177bb30a20_0 .var "Q", 0 0;
S_0x56177bb30b70 .scope module, "_219_" "DFF" 5 716, 2 25 0, S_0x56177bad4660;
 .timescale -9 -10;
    .port_info 0 /INPUT 1 "C"
    .port_info 1 /INPUT 1 "D"
    .port_info 2 /OUTPUT 1 "Q"
v0x56177bb30d90_0 .net "C", 0 0, v0x56177bb3a8d0_0;  alias, 1 drivers
v0x56177bb30e50_0 .net "D", 0 0, L_0x56177bb48c20;  1 drivers
v0x56177bb30f10_0 .var "Q", 0 0;
S_0x56177bb31060 .scope module, "_220_" "DFF" 5 722, 2 25 0, S_0x56177bad4660;
 .timescale -9 -10;
    .port_info 0 /INPUT 1 "C"
    .port_info 1 /INPUT 1 "D"
    .port_info 2 /OUTPUT 1 "Q"
v0x56177bb31280_0 .net "C", 0 0, v0x56177bb3a8d0_0;  alias, 1 drivers
v0x56177bb31340_0 .net "D", 0 0, L_0x56177bb48e70;  1 drivers
v0x56177bb31400_0 .var "Q", 0 0;
S_0x56177bb31550 .scope module, "_221_" "DFF" 5 728, 2 25 0, S_0x56177bad4660;
 .timescale -9 -10;
    .port_info 0 /INPUT 1 "C"
    .port_info 1 /INPUT 1 "D"
    .port_info 2 /OUTPUT 1 "Q"
v0x56177bb31770_0 .net "C", 0 0, v0x56177bb3a8d0_0;  alias, 1 drivers
v0x56177bb31a40_0 .net "D", 0 0, L_0x56177bb48f40;  1 drivers
v0x56177bb31b00_0 .var "Q", 0 0;
S_0x56177bb31c50 .scope module, "_222_" "DFF" 5 734, 2 25 0, S_0x56177bad4660;
 .timescale -9 -10;
    .port_info 0 /INPUT 1 "C"
    .port_info 1 /INPUT 1 "D"
    .port_info 2 /OUTPUT 1 "Q"
v0x56177bb31e70_0 .net "C", 0 0, v0x56177bb3a8d0_0;  alias, 1 drivers
v0x56177bb31f30_0 .net "D", 0 0, L_0x56177bb491a0;  1 drivers
v0x56177bb31ff0_0 .var "Q", 0 0;
S_0x56177bb32140 .scope module, "_223_" "DFF" 5 740, 2 25 0, S_0x56177bad4660;
 .timescale -9 -10;
    .port_info 0 /INPUT 1 "C"
    .port_info 1 /INPUT 1 "D"
    .port_info 2 /OUTPUT 1 "Q"
v0x56177bb32360_0 .net "C", 0 0, v0x56177bb3a8d0_0;  alias, 1 drivers
v0x56177bb32420_0 .net "D", 0 0, L_0x56177bb49270;  1 drivers
v0x56177bb324e0_0 .var "Q", 0 0;
S_0x56177bb32630 .scope module, "_224_" "DFF" 5 746, 2 25 0, S_0x56177bad4660;
 .timescale -9 -10;
    .port_info 0 /INPUT 1 "C"
    .port_info 1 /INPUT 1 "D"
    .port_info 2 /OUTPUT 1 "Q"
v0x56177bb32850_0 .net "C", 0 0, v0x56177bb3a8d0_0;  alias, 1 drivers
v0x56177bb32910_0 .net "D", 0 0, L_0x56177bb495f0;  1 drivers
v0x56177bb329d0_0 .var "Q", 0 0;
S_0x56177bb32b20 .scope module, "_225_" "DFF" 5 752, 2 25 0, S_0x56177bad4660;
 .timescale -9 -10;
    .port_info 0 /INPUT 1 "C"
    .port_info 1 /INPUT 1 "D"
    .port_info 2 /OUTPUT 1 "Q"
v0x56177bb32d40_0 .net "C", 0 0, v0x56177bb3a8d0_0;  alias, 1 drivers
v0x56177bb32e00_0 .net "D", 0 0, L_0x56177bb3e210;  alias, 1 drivers
v0x56177bb32ef0_0 .var "Q", 0 0;
S_0x56177bb3a620 .scope module, "prob" "probador" 3 32, 6 1 0, S_0x56177bacf620;
 .timescale -9 -10;
    .port_info 0 /OUTPUT 1 "clk_2f"
    .port_info 1 /OUTPUT 1 "valid_in"
    .port_info 2 /OUTPUT 8 "data_in"
    .port_info 3 /OUTPUT 1 "reset"
    .port_info 4 /INPUT 8 "lane_0"
    .port_info 5 /INPUT 8 "lane_1"
    .port_info 6 /INPUT 1 "valid_0"
    .port_info 7 /INPUT 1 "valid_1"
    .port_info 8 /INPUT 8 "lane_0_synth"
    .port_info 9 /INPUT 8 "lane_1_synth"
    .port_info 10 /INPUT 1 "valid_0_synth"
    .port_info 11 /INPUT 1 "valid_1_synth"
v0x56177bb3a8d0_0 .var "clk_2f", 0 0;
v0x56177bb3a970_0 .var "data_in", 7 0;
v0x56177bb3aa80_0 .net "lane_0", 7 0, v0x56177bafa6a0_0;  alias, 1 drivers
v0x56177bb3ab20_0 .net "lane_0_synth", 7 0, L_0x56177bb487f0;  alias, 1 drivers
v0x56177bb3abc0_0 .net "lane_1", 7 0, v0x56177bafa7d0_0;  alias, 1 drivers
v0x56177bb3acb0_0 .net "lane_1_synth", 7 0, L_0x56177bb496c0;  alias, 1 drivers
v0x56177bb3ad50_0 .var "reset", 0 0;
v0x56177bb3adf0_0 .net "valid_0", 0 0, v0x56177bafa970_0;  alias, 1 drivers
v0x56177bb3ae90_0 .net "valid_0_synth", 0 0, v0x56177bb2cf60_0;  alias, 1 drivers
v0x56177bb3afc0_0 .net "valid_1", 0 0, v0x56177bafaa30_0;  alias, 1 drivers
v0x56177bb3b060_0 .net "valid_1_synth", 0 0, v0x56177bb2d450_0;  alias, 1 drivers
v0x56177bb3b150_0 .var "valid_in", 0 0;
    .scope S_0x56177baccdd0;
T_0 ;
    %wait E_0x56177ba32fc0;
    %load/vec4 v0x56177bae2410_0;
    %flag_set/vec4 8;
    %jmp/0xz  T_0.0, 8;
    %pushi/vec4 1, 0, 1;
    %assign/vec4 v0x56177bae2c10_0, 0;
    %jmp T_0.1;
T_0.0 ;
    %load/vec4 v0x56177bae2810_0;
    %flag_set/vec4 8;
    %jmp/0xz  T_0.2, 8;
    %pushi/vec4 0, 0, 1;
    %assign/vec4 v0x56177bae2c10_0, 0;
    %jmp T_0.3;
T_0.2 ;
    %load/vec4 v0x56177bae2fe0_0;
    %assign/vec4 v0x56177bae2c10_0, 0;
T_0.3 ;
T_0.1 ;
    %jmp T_0;
    .thread T_0;
    .scope S_0x56177bad1e40;
T_1 ;
    %wait E_0x56177ba330d0;
    %load/vec4 v0x56177bafa8b0_0;
    %nor/r;
    %flag_set/vec4 8;
    %jmp/0xz  T_1.0, 8;
    %pushi/vec4 0, 0, 1;
    %assign/vec4 v0x56177bafa460_0, 0;
    %pushi/vec4 1, 0, 1;
    %assign/vec4 v0x56177bafa520_0, 0;
    %pushi/vec4 0, 0, 8;
    %assign/vec4 v0x56177bafa6a0_0, 0;
    %pushi/vec4 0, 0, 8;
    %assign/vec4 v0x56177bafa7d0_0, 0;
    %pushi/vec4 0, 0, 1;
    %assign/vec4 v0x56177bafa970_0, 0;
    %pushi/vec4 0, 0, 1;
    %assign/vec4 v0x56177bafaa30_0, 0;
    %jmp T_1.1;
T_1.0 ;
    %load/vec4 v0x56177bafaaf0_0;
    %pad/u 32;
    %cmpi/e 1, 0, 32;
    %jmp/0xz  T_1.2, 4;
    %load/vec4 v0x56177bafa460_0;
    %pad/u 32;
    %pushi/vec4 0, 0, 32;
    %cmp/e;
    %flag_get/vec4 4;
    %load/vec4 v0x56177bafaaf0_0;
    %pad/u 32;
    %pushi/vec4 1, 0, 32;
    %cmp/e;
    %flag_get/vec4 4;
    %and;
    %flag_set/vec4 8;
    %jmp/0xz  T_1.4, 8;
    %load/vec4 v0x56177bafa5c0_0;
    %assign/vec4 v0x56177bafa6a0_0, 0;
    %load/vec4 v0x56177bafa460_0;
    %pad/u 2;
    %addi 1, 0, 2;
    %pad/u 1;
    %assign/vec4 v0x56177bafa460_0, 0;
    %load/vec4 v0x56177bafa520_0;
    %pad/u 2;
    %addi 1, 0, 2;
    %pad/u 1;
    %assign/vec4 v0x56177bafa520_0, 0;
    %pushi/vec4 1, 0, 1;
    %assign/vec4 v0x56177bafa970_0, 0;
    %pushi/vec4 0, 0, 1;
    %assign/vec4 v0x56177bafaa30_0, 0;
    %jmp T_1.5;
T_1.4 ;
    %load/vec4 v0x56177bafa5c0_0;
    %assign/vec4 v0x56177bafa7d0_0, 0;
    %load/vec4 v0x56177bafa520_0;
    %pad/u 2;
    %addi 1, 0, 2;
    %pad/u 1;
    %assign/vec4 v0x56177bafa520_0, 0;
    %load/vec4 v0x56177bafa460_0;
    %pad/u 2;
    %addi 1, 0, 2;
    %pad/u 1;
    %assign/vec4 v0x56177bafa460_0, 0;
    %pushi/vec4 0, 0, 1;
    %assign/vec4 v0x56177bafa970_0, 0;
    %pushi/vec4 1, 0, 1;
    %assign/vec4 v0x56177bafaa30_0, 0;
T_1.5 ;
    %load/vec4 v0x56177bafa520_0;
    %pad/u 32;
    %pushi/vec4 0, 0, 32;
    %cmp/e;
    %flag_get/vec4 4;
    %load/vec4 v0x56177bafaaf0_0;
    %pad/u 32;
    %pushi/vec4 1, 0, 32;
    %cmp/e;
    %flag_get/vec4 4;
    %and;
    %flag_set/vec4 8;
    %jmp/0xz  T_1.6, 8;
    %load/vec4 v0x56177bafa5c0_0;
    %assign/vec4 v0x56177bafa7d0_0, 0;
    %load/vec4 v0x56177bafa520_0;
    %pad/u 2;
    %addi 1, 0, 2;
    %pad/u 1;
    %assign/vec4 v0x56177bafa520_0, 0;
    %load/vec4 v0x56177bafa460_0;
    %pad/u 2;
    %addi 1, 0, 2;
    %pad/u 1;
    %assign/vec4 v0x56177bafa460_0, 0;
    %pushi/vec4 0, 0, 1;
    %assign/vec4 v0x56177bafa970_0, 0;
    %pushi/vec4 1, 0, 1;
    %assign/vec4 v0x56177bafaa30_0, 0;
    %jmp T_1.7;
T_1.6 ;
    %load/vec4 v0x56177bafa5c0_0;
    %assign/vec4 v0x56177bafa6a0_0, 0;
    %load/vec4 v0x56177bafa460_0;
    %pad/u 2;
    %addi 1, 0, 2;
    %pad/u 1;
    %assign/vec4 v0x56177bafa460_0, 0;
    %load/vec4 v0x56177bafa520_0;
    %pad/u 2;
    %addi 1, 0, 2;
    %pad/u 1;
    %assign/vec4 v0x56177bafa520_0, 0;
    %pushi/vec4 1, 0, 1;
    %assign/vec4 v0x56177bafa970_0, 0;
    %pushi/vec4 0, 0, 1;
    %assign/vec4 v0x56177bafaa30_0, 0;
T_1.7 ;
    %jmp T_1.3;
T_1.2 ;
    %pushi/vec4 0, 0, 1;
    %assign/vec4 v0x56177bafa970_0, 0;
    %pushi/vec4 0, 0, 1;
    %assign/vec4 v0x56177bafaa30_0, 0;
T_1.3 ;
T_1.1 ;
    %jmp T_1;
    .thread T_1;
    .scope S_0x56177bb3a620;
T_2 ;
    %vpi_call 6 17 "$dumpfile", "byte_striping.vcd" {0 0 0};
    %vpi_call 6 18 "$dumpvars" {0 0 0};
    %wait E_0x56177ba330d0;
    %pushi/vec4 0, 0, 1;
    %assign/vec4 v0x56177bb3ad50_0, 0;
    %pushi/vec4 0, 0, 8;
    %assign/vec4 v0x56177bb3a970_0, 0;
    %wait E_0x56177ba330d0;
    %pushi/vec4 1, 0, 1;
    %assign/vec4 v0x56177bb3ad50_0, 0;
    %pushi/vec4 0, 0, 1;
    %assign/vec4 v0x56177bb3b150_0, 0;
    %pushi/vec4 0, 0, 8;
    %assign/vec4 v0x56177bb3a970_0, 0;
    %wait E_0x56177ba330d0;
    %pushi/vec4 1, 0, 1;
    %assign/vec4 v0x56177bb3b150_0, 0;
    %pushi/vec4 255, 0, 8;
    %assign/vec4 v0x56177bb3a970_0, 0;
    %wait E_0x56177ba330d0;
    %pushi/vec4 238, 0, 8;
    %assign/vec4 v0x56177bb3a970_0, 0;
    %wait E_0x56177ba330d0;
    %pushi/vec4 221, 0, 8;
    %assign/vec4 v0x56177bb3a970_0, 0;
    %wait E_0x56177ba330d0;
    %pushi/vec4 204, 0, 8;
    %assign/vec4 v0x56177bb3a970_0, 0;
    %wait E_0x56177ba330d0;
    %pushi/vec4 0, 0, 1;
    %assign/vec4 v0x56177bb3b150_0, 0;
    %vpi_func 6 37 "$random" 32 {0 0 0};
    %pad/s 8;
    %assign/vec4 v0x56177bb3a970_0, 0;
    %wait E_0x56177ba330d0;
    %pushi/vec4 0, 0, 1;
    %assign/vec4 v0x56177bb3b150_0, 0;
    %vpi_func 6 40 "$random" 32 {0 0 0};
    %pad/s 8;
    %assign/vec4 v0x56177bb3a970_0, 0;
    %wait E_0x56177ba330d0;
    %pushi/vec4 1, 0, 1;
    %assign/vec4 v0x56177bb3b150_0, 0;
    %pushi/vec4 3, 0, 8;
    %store/vec4 v0x56177bb3a970_0, 0, 8;
    %wait E_0x56177ba330d0;
    %pushi/vec4 1, 0, 1;
    %assign/vec4 v0x56177bb3b150_0, 0;
    %pushi/vec4 4, 0, 8;
    %assign/vec4 v0x56177bb3a970_0, 0;
    %wait E_0x56177ba330d0;
    %pushi/vec4 0, 0, 1;
    %assign/vec4 v0x56177bb3b150_0, 0;
    %vpi_func 6 49 "$random" 32 {0 0 0};
    %pad/s 8;
    %assign/vec4 v0x56177bb3a970_0, 0;
    %wait E_0x56177ba330d0;
    %pushi/vec4 0, 0, 1;
    %assign/vec4 v0x56177bb3b150_0, 0;
    %vpi_func 6 52 "$random" 32 {0 0 0};
    %pad/s 8;
    %assign/vec4 v0x56177bb3a970_0, 0;
    %wait E_0x56177ba330d0;
    %pushi/vec4 1, 0, 1;
    %assign/vec4 v0x56177bb3b150_0, 0;
    %pushi/vec4 7, 0, 8;
    %store/vec4 v0x56177bb3a970_0, 0, 8;
    %wait E_0x56177ba330d0;
    %pushi/vec4 1, 0, 1;
    %assign/vec4 v0x56177bb3b150_0, 0;
    %pushi/vec4 8, 0, 8;
    %assign/vec4 v0x56177bb3a970_0, 0;
    %wait E_0x56177ba330d0;
    %pushi/vec4 0, 0, 1;
    %assign/vec4 v0x56177bb3b150_0, 0;
    %vpi_func 6 61 "$random" 32 {0 0 0};
    %pad/s 8;
    %assign/vec4 v0x56177bb3a970_0, 0;
    %delay 150, 0;
    %vpi_call 6 64 "$finish" {0 0 0};
    %end;
    .thread T_2;
    .scope S_0x56177bb3a620;
T_3 ;
    %pushi/vec4 0, 0, 1;
    %assign/vec4 v0x56177bb3a8d0_0, 0;
    %end;
    .thread T_3;
    .scope S_0x56177bb3a620;
T_4 ;
    %delay 20, 0;
    %load/vec4 v0x56177bb3a8d0_0;
    %inv;
    %assign/vec4 v0x56177bb3a8d0_0, 0;
    %jmp T_4;
    .thread T_4;
    .scope S_0x56177bb2cb60;
T_5 ;
    %wait E_0x56177ba330d0;
    %load/vec4 v0x56177bb2ce70_0;
    %assign/vec4 v0x56177bb2cf60_0, 0;
    %jmp T_5;
    .thread T_5;
    .scope S_0x56177bb2d060;
T_6 ;
    %wait E_0x56177ba330d0;
    %load/vec4 v0x56177bb2d390_0;
    %assign/vec4 v0x56177bb2d450_0, 0;
    %jmp T_6;
    .thread T_6;
    .scope S_0x56177bb2d560;
T_7 ;
    %wait E_0x56177ba330d0;
    %load/vec4 v0x56177bb2d840_0;
    %assign/vec4 v0x56177bb2d930_0, 0;
    %jmp T_7;
    .thread T_7;
    .scope S_0x56177bb2da20;
T_8 ;
    %wait E_0x56177ba330d0;
    %load/vec4 v0x56177bb2dd40_0;
    %assign/vec4 v0x56177bb2de00_0, 0;
    %jmp T_8;
    .thread T_8;
    .scope S_0x56177bb2df50;
T_9 ;
    %wait E_0x56177ba330d0;
    %load/vec4 v0x56177bb2e1e0_0;
    %assign/vec4 v0x56177bb2e2a0_0, 0;
    %jmp T_9;
    .thread T_9;
    .scope S_0x56177bb2e3f0;
T_10 ;
    %wait E_0x56177ba330d0;
    %load/vec4 v0x56177bb2e6d0_0;
    %assign/vec4 v0x56177bb2e790_0, 0;
    %jmp T_10;
    .thread T_10;
    .scope S_0x56177bb2e8e0;
T_11 ;
    %wait E_0x56177ba330d0;
    %load/vec4 v0x56177bb2ebc0_0;
    %assign/vec4 v0x56177bb2ec80_0, 0;
    %jmp T_11;
    .thread T_11;
    .scope S_0x56177bb2edd0;
T_12 ;
    %wait E_0x56177ba330d0;
    %load/vec4 v0x56177bb2f0b0_0;
    %assign/vec4 v0x56177bb2f170_0, 0;
    %jmp T_12;
    .thread T_12;
    .scope S_0x56177bb2f2c0;
T_13 ;
    %wait E_0x56177ba330d0;
    %load/vec4 v0x56177bb2f5a0_0;
    %assign/vec4 v0x56177bb2f660_0, 0;
    %jmp T_13;
    .thread T_13;
    .scope S_0x56177bb2f7b0;
T_14 ;
    %wait E_0x56177ba330d0;
    %load/vec4 v0x56177bb2fa90_0;
    %assign/vec4 v0x56177bb2fb50_0, 0;
    %jmp T_14;
    .thread T_14;
    .scope S_0x56177bb2fca0;
T_15 ;
    %wait E_0x56177ba330d0;
    %load/vec4 v0x56177bb2ff80_0;
    %assign/vec4 v0x56177bb30040_0, 0;
    %jmp T_15;
    .thread T_15;
    .scope S_0x56177bb30190;
T_16 ;
    %wait E_0x56177ba330d0;
    %load/vec4 v0x56177bb30470_0;
    %assign/vec4 v0x56177bb30530_0, 0;
    %jmp T_16;
    .thread T_16;
    .scope S_0x56177bb30680;
T_17 ;
    %wait E_0x56177ba330d0;
    %load/vec4 v0x56177bb30960_0;
    %assign/vec4 v0x56177bb30a20_0, 0;
    %jmp T_17;
    .thread T_17;
    .scope S_0x56177bb30b70;
T_18 ;
    %wait E_0x56177ba330d0;
    %load/vec4 v0x56177bb30e50_0;
    %assign/vec4 v0x56177bb30f10_0, 0;
    %jmp T_18;
    .thread T_18;
    .scope S_0x56177bb31060;
T_19 ;
    %wait E_0x56177ba330d0;
    %load/vec4 v0x56177bb31340_0;
    %assign/vec4 v0x56177bb31400_0, 0;
    %jmp T_19;
    .thread T_19;
    .scope S_0x56177bb31550;
T_20 ;
    %wait E_0x56177ba330d0;
    %load/vec4 v0x56177bb31a40_0;
    %assign/vec4 v0x56177bb31b00_0, 0;
    %jmp T_20;
    .thread T_20;
    .scope S_0x56177bb31c50;
T_21 ;
    %wait E_0x56177ba330d0;
    %load/vec4 v0x56177bb31f30_0;
    %assign/vec4 v0x56177bb31ff0_0, 0;
    %jmp T_21;
    .thread T_21;
    .scope S_0x56177bb32140;
T_22 ;
    %wait E_0x56177ba330d0;
    %load/vec4 v0x56177bb32420_0;
    %assign/vec4 v0x56177bb324e0_0, 0;
    %jmp T_22;
    .thread T_22;
    .scope S_0x56177bb32630;
T_23 ;
    %wait E_0x56177ba330d0;
    %load/vec4 v0x56177bb32910_0;
    %assign/vec4 v0x56177bb329d0_0, 0;
    %jmp T_23;
    .thread T_23;
    .scope S_0x56177bb32b20;
T_24 ;
    %wait E_0x56177ba330d0;
    %load/vec4 v0x56177bb32e00_0;
    %assign/vec4 v0x56177bb32ef0_0, 0;
    %jmp T_24;
    .thread T_24;
# The file index is used to find the file name in the following table.
:file_names 7;
    "N/A";
    "<interactive>";
    "./cmos_cells.v";
    "bancoprueba.v";
    "./byte_striping.v";
    "./byte_striping_synth.v";
    "./probador.v";
