#! /usr/bin/vvp
:ivl_version "0.9.7 " "(v0_9_7)";
:vpi_time_precision - 10;
:vpi_module "system";
:vpi_module "v2005_math";
:vpi_module "va_math";
S_0x1db16a0 .scope module, "BUF" "BUF" 2 1;
 .timescale -9 -10;
L_0x1dee320 .functor BUFZ 1, C4<z>, C4<0>, C4<0>, C4<0>;
v0x1d2e590_0 .net "A", 0 0, C4<z>; 0 drivers
v0x1dcc9d0_0 .net "Y", 0 0, L_0x1dee320; 1 drivers
S_0x1db1000 .scope module, "DFFSR" "DFFSR" 2 32;
 .timescale -9 -10;
v0x1dccae0_0 .net "C", 0 0, C4<z>; 0 drivers
v0x1dccba0_0 .net "D", 0 0, C4<z>; 0 drivers
v0x1dccc40_0 .var "Q", 0 0;
v0x1dccce0_0 .net "R", 0 0, C4<z>; 0 drivers
v0x1dccd90_0 .net "S", 0 0, C4<z>; 0 drivers
E_0x1dcca70 .event posedge, v0x1dccce0_0, v0x1dccd90_0, v0x1dccae0_0;
S_0x1db0740 .scope module, "bancopruebademux" "bancopruebademux" 3 14;
 .timescale -9 -10;
v0x1df0c80_0 .net "clk_2f", 0 0, v0x1dccff0_0; 1 drivers
v0x1df0d00_0 .net "data_in", 7 0, v0x1dcd0b0_0; 1 drivers
v0x1df0d80_0 .net "data_out_0", 7 0, v0x1df06f0_0; 1 drivers
v0x1df0e00_0 .net "data_out_1", 7 0, v0x1df0770_0; 1 drivers
RS_0x2abd439a5318/0/0 .resolv tri, L_0x1df6240, L_0x1df6960, L_0x1df70b0, L_0x1df78f0;
RS_0x2abd439a5318/0/4 .resolv tri, L_0x1df8120, L_0x1df88b0, L_0x1df90b0, L_0x1df9810;
RS_0x2abd439a5318 .resolv tri, RS_0x2abd439a5318/0/0, RS_0x2abd439a5318/0/4, C4<zzzzzzzz>, C4<zzzzzzzz>;
v0x1df0e80_0 .net8 "out_synth0", 7 0, RS_0x2abd439a5318; 8 drivers
RS_0x2abd439a5348/0/0 .resolv tri, L_0x1df2490, L_0x1df2b60, L_0x1df3270, L_0x1df3aa0;
RS_0x2abd439a5348/0/4 .resolv tri, L_0x1df4250, L_0x1df4ad0, L_0x1df5230, L_0x1df59e0;
RS_0x2abd439a5348 .resolv tri, RS_0x2abd439a5348/0/0, RS_0x2abd439a5348/0/4, C4<zzzzzzzz>, C4<zzzzzzzz>;
v0x1df0f00_0 .net8 "out_synth1", 7 0, RS_0x2abd439a5348; 8 drivers
v0x1df0fd0_0 .net "reset", 0 0, v0x1dcd7f0_0; 1 drivers
v0x1df1050_0 .net "valid_in", 0 0, v0x1dcd900_0; 1 drivers
v0x1df1120_0 .net "valid_out0_synth", 0 0, L_0x1df1a00; 1 drivers
v0x1df11a0_0 .net "valid_out1_synth", 0 0, L_0x1df1940; 1 drivers
v0x1df1220_0 .net "valid_out_0", 0 0, v0x1df0b80_0; 1 drivers
v0x1df12a0_0 .net "valid_out_1", 0 0, v0x1df0c00_0; 1 drivers
S_0x1df0500 .scope module, "dem" "demux" 3 33, 4 1, S_0x1db0740;
 .timescale -9 -10;
v0x1df05f0_0 .alias "clk_2f", 0 0, v0x1df0c80_0;
v0x1df0670_0 .alias "data_in", 7 0, v0x1df0d00_0;
v0x1df06f0_0 .var "data_out_0", 7 0;
v0x1df0770_0 .var "data_out_1", 7 0;
v0x1df07f0_0 .var "data_out_mem0", 7 0;
v0x1df0870_0 .var "data_out_mem1", 7 0;
v0x1df08f0_0 .alias "reset", 0 0, v0x1df0fd0_0;
v0x1df0970_0 .var "selector", 0 0;
v0x1df09f0_0 .var "selectorF", 0 0;
v0x1df0a70_0 .alias "valid_in", 0 0, v0x1df1050_0;
v0x1df0b80_0 .var "valid_out_0", 0 0;
v0x1df0c00_0 .var "valid_out_1", 0 0;
E_0x1deb300/0 .event edge, v0x1df07f0_0, v0x1df0870_0, v0x1dcd900_0, v0x1df09f0_0;
E_0x1deb300/1 .event edge, v0x1dcd7f0_0, v0x1df0970_0, v0x1dcd0b0_0;
E_0x1deb300 .event/or E_0x1deb300/0, E_0x1deb300/1;
S_0x1dcdcb0 .scope module, "synthdemux" "synth_demux" 3 45, 5 5, S_0x1db0740;
 .timescale -9 -10;
v0x1deda80_0 .net "_000_", 0 0, L_0x1df1620; 1 drivers
v0x1dedb70_0 .net "_001_", 0 0, L_0x1df8d10; 1 drivers
v0x1dedc40_0 .net "_002_", 0 0, L_0x1df91b0; 1 drivers
v0x1dedde0_0 .net "_003_", 0 0, L_0x1df8eb0; 1 drivers
v0x1dedeb0_0 .net "_004_", 0 0, L_0x1df13e0; 1 drivers
v0x1dedf80_0 .net "_005_", 0 0, L_0x1df15c0; 1 drivers
v0x1dee090_0 .net "_006_", 0 0, L_0x1df1680; 1 drivers
v0x1dee1a0_0 .net "_007_", 0 0, L_0x1df01d0; 1 drivers
v0x1dee220_0 .net "_008_", 0 0, L_0x1df1b10; 1 drivers
v0x1dee2a0_0 .net "_009_", 0 0, L_0x1dee110; 1 drivers
v0x1dee380_0 .net "_010_", 0 0, L_0x1dee000; 1 drivers
v0x1dee400_0 .net "_011_", 0 0, L_0x1df2110; 1 drivers
v0x1dee4f0_0 .net "_012_", 0 0, L_0x1df2590; 1 drivers
v0x1dee5c0_0 .net "_013_", 0 0, L_0x1df2790; 1 drivers
v0x1dee710_0 .net "_014_", 0 0, L_0x1df2cf0; 1 drivers
v0x1dee7e0_0 .net "_015_", 0 0, L_0x1df2ea0; 1 drivers
v0x1dee640_0 .net "_016_", 0 0, L_0x1dec3a0; 1 drivers
v0x1dee990_0 .net "_017_", 0 0, L_0x1df36e0; 1 drivers
v0x1deeab0_0 .net "_018_", 0 0, L_0x1df3bb0; 1 drivers
v0x1deeb80_0 .net "_019_", 0 0, L_0x1df3e10; 1 drivers
v0x1deecb0_0 .net "_020_", 0 0, L_0x1df4350; 1 drivers
v0x1deed30_0 .net "_021_", 0 0, L_0x1debd90; 1 drivers
v0x1deee70_0 .net "_022_", 0 0, L_0x1df44f0; 1 drivers
v0x1deeef0_0 .net "_023_", 0 0, L_0x1df4ec0; 1 drivers
v0x1def040_0 .net "_024_", 0 0, L_0x1df5380; 1 drivers
v0x1def0c0_0 .net "_025_", 0 0, L_0x1df55e0; 1 drivers
v0x1deefc0_0 .net "_026_", 0 0, L_0x1df5580; 1 drivers
v0x1def220_0 .net "_027_", 0 0, L_0x1df5c40; 1 drivers
v0x1def190_0 .net "_028_", 0 0, L_0x1df5e40; 1 drivers
v0x1def3e0_0 .net "_029_", 0 0, L_0x1df6340; 1 drivers
v0x1def2f0_0 .net "_030_", 0 0, L_0x1df6060; 1 drivers
v0x1def5b0_0 .net "_031_", 0 0, L_0x1df6590; 1 drivers
v0x1def4b0_0 .net "_032_", 0 0, L_0x1df6ce0; 1 drivers
v0x1def790_0 .net "_033_", 0 0, L_0x1df71b0; 1 drivers
v0x1def680_0 .net "_034_", 0 0, L_0x1df6f00; 1 drivers
v0x1def980_0 .net "_035_", 0 0, L_0x1df7440; 1 drivers
v0x1def860_0 .net "_036_", 0 0, L_0x1df7c30; 1 drivers
v0x1defb30_0 .net "_037_", 0 0, L_0x1de6760; 1 drivers
v0x1defa50_0 .net "_038_", 0 0, L_0x1df8040; 1 drivers
v0x1defcf0_0 .net "_039_", 0 0, L_0x1df8530; 1 drivers
v0x1defc00_0 .alias "clk_2f", 0 0, v0x1df0c80_0;
v0x1dedd10_0 .alias "data_in", 7 0, v0x1df0d00_0;
RS_0x2abd439a7598/0/0 .resolv tri, L_0x1df9500, L_0x1df9af0, L_0x1df9950, L_0x1df9df0;
RS_0x2abd439a7598/0/4 .resolv tri, L_0x1df9c30, L_0x1df8950, L_0x1df9f60, L_0x1dfa5c0;
RS_0x2abd439a7598 .resolv tri, RS_0x2abd439a7598/0/0, RS_0x2abd439a7598/0/4, C4<zzzzzzzz>, C4<zzzzzzzz>;
v0x1defed0_0 .net8 "data_out_mem0", 7 0, RS_0x2abd439a7598; 8 drivers
RS_0x2abd439a75c8/0/0 .resolv tri, L_0x1dfa320, L_0x1dfaa90, L_0x1dfa940, L_0x1dfae10;
RS_0x2abd439a75c8/0/4 .resolv tri, L_0x1dfac00, L_0x1df4b70, L_0x1dfaf80, L_0x1dfb5a0;
RS_0x2abd439a75c8 .resolv tri, RS_0x2abd439a75c8/0/0, RS_0x2abd439a75c8/0/4, C4<zzzzzzzz>, C4<zzzzzzzz>;
v0x1deff50_0 .net8 "data_out_mem1", 7 0, RS_0x2abd439a75c8; 8 drivers
v0x1defd70_0 .alias "out_synth0", 7 0, v0x1df0e80_0;
v0x1defe10_0 .alias "out_synth1", 7 0, v0x1df0f00_0;
v0x1df0150_0 .alias "reset", 0 0, v0x1df0fd0_0;
v0x1df0260_0 .net "selectorF", 0 0, v0x1de0ef0_0; 1 drivers
v0x1deffd0_0 .alias "valid_in", 0 0, v0x1df1050_0;
v0x1df0070_0 .alias "valid_out0_synth", 0 0, v0x1df1120_0;
v0x1df0480_0 .alias "valid_out1_synth", 0 0, v0x1df11a0_0;
L_0x1df1bc0 .part v0x1dcd0b0_0, 0, 1;
L_0x1df21c0 .part RS_0x2abd439a75c8, 0, 1;
L_0x1df2490 .part/pv L_0x1df2430, 0, 1, 8;
L_0x1df2640 .part v0x1dcd0b0_0, 1, 1;
L_0x1df2840 .part RS_0x2abd439a75c8, 1, 1;
L_0x1df2b60 .part/pv L_0x1df2b00, 1, 1, 8;
L_0x1df2d50 .part v0x1dcd0b0_0, 2, 1;
L_0x1df2f50 .part RS_0x2abd439a75c8, 2, 1;
L_0x1df3270 .part/pv L_0x1df3210, 2, 1, 8;
L_0x1df3580 .part v0x1dcd0b0_0, 3, 1;
L_0x1df3740 .part RS_0x2abd439a75c8, 3, 1;
L_0x1df3aa0 .part/pv L_0x1df3a40, 3, 1, 8;
L_0x1df3c10 .part v0x1dcd0b0_0, 4, 1;
L_0x1df3ec0 .part RS_0x2abd439a75c8, 4, 1;
L_0x1df4250 .part/pv L_0x1df41d0, 4, 1, 8;
L_0x1df4400 .part v0x1dcd0b0_0, 5, 1;
L_0x1df4810 .part RS_0x2abd439a75c8, 5, 1;
L_0x1df4ad0 .part/pv L_0x1df4a50, 5, 1, 8;
L_0x1df4d70 .part v0x1dcd0b0_0, 6, 1;
L_0x1df4f70 .part RS_0x2abd439a75c8, 6, 1;
L_0x1df5230 .part/pv L_0x1deec50, 6, 1, 8;
L_0x1df5430 .part v0x1dcd0b0_0, 7, 1;
L_0x1df5640 .part RS_0x2abd439a75c8, 7, 1;
L_0x1df59e0 .part/pv L_0x1df5960, 7, 1, 8;
L_0x1df5cf0 .part RS_0x2abd439a7598, 0, 1;
L_0x1df5ef0 .part v0x1dcd0b0_0, 0, 1;
L_0x1df6240 .part/pv L_0x1df61e0, 0, 1, 8;
L_0x1df63f0 .part RS_0x2abd439a7598, 1, 1;
L_0x1df6670 .part v0x1dcd0b0_0, 1, 1;
L_0x1df6960 .part/pv L_0x1df68e0, 1, 1, 8;
L_0x1df6b90 .part RS_0x2abd439a7598, 2, 1;
L_0x1df6d90 .part v0x1dcd0b0_0, 2, 1;
L_0x1df70b0 .part/pv L_0x1df6b10, 2, 1, 8;
L_0x1df7260 .part RS_0x2abd439a7598, 3, 1;
L_0x1de5eb0 .part v0x1dcd0b0_0, 3, 1;
L_0x1df78f0 .part/pv L_0x1df7890, 3, 1, 8;
L_0x1df7ac0 .part RS_0x2abd439a7598, 4, 1;
L_0x1df7ce0 .part v0x1dcd0b0_0, 4, 1;
L_0x1df8120 .part/pv L_0x1df7a20, 4, 1, 8;
L_0x1df8430 .part RS_0x2abd439a7598, 5, 1;
L_0x1df8620 .part v0x1dcd0b0_0, 5, 1;
L_0x1df88b0 .part/pv L_0x1defad0, 5, 1, 8;
L_0x1df8bc0 .part RS_0x2abd439a7598, 6, 1;
L_0x1df8dc0 .part v0x1dcd0b0_0, 6, 1;
L_0x1df90b0 .part/pv L_0x1df8b50, 6, 1, 8;
L_0x1df9260 .part RS_0x2abd439a7598, 7, 1;
L_0x1df8f60 .part v0x1dcd0b0_0, 7, 1;
L_0x1df9810 .part/pv L_0x1df97b0, 7, 1, 8;
L_0x1df9460 .part RS_0x2abd439a5318, 0, 1;
L_0x1df9500 .part/pv v0x1de0c30_0, 0, 1, 8;
L_0x1df9a50 .part RS_0x2abd439a5318, 1, 1;
L_0x1df9af0 .part/pv v0x1de07f0_0, 1, 1, 8;
L_0x1df98b0 .part RS_0x2abd439a5318, 2, 1;
L_0x1df9950 .part/pv v0x1de0520_0, 2, 1, 8;
L_0x1df9d50 .part RS_0x2abd439a5318, 3, 1;
L_0x1df9df0 .part/pv v0x1de0250_0, 3, 1, 8;
L_0x1df9b90 .part RS_0x2abd439a5318, 4, 1;
L_0x1df9c30 .part/pv v0x1ddff80_0, 4, 1, 8;
L_0x1dfa070 .part RS_0x2abd439a5318, 5, 1;
L_0x1df8950 .part/pv v0x1ddfcb0_0, 5, 1, 8;
L_0x1df9e90 .part RS_0x2abd439a5318, 6, 1;
L_0x1df9f60 .part/pv v0x1ddf9e0_0, 6, 1, 8;
L_0x1dfa520 .part RS_0x2abd439a5318, 7, 1;
L_0x1dfa5c0 .part/pv v0x1ddf710_0, 7, 1, 8;
L_0x1df9350 .part RS_0x2abd439a5348, 0, 1;
L_0x1dfa320 .part/pv v0x1ddf440_0, 0, 1, 8;
L_0x1dfa3f0 .part RS_0x2abd439a5348, 1, 1;
L_0x1dfaa90 .part/pv v0x1ddf0e0_0, 1, 1, 8;
L_0x1dfa870 .part RS_0x2abd439a5348, 2, 1;
L_0x1dfa940 .part/pv v0x1ddee10_0, 2, 1, 8;
L_0x1dfad70 .part RS_0x2abd439a5348, 3, 1;
L_0x1dfae10 .part/pv v0x1ddeb40_0, 3, 1, 8;
L_0x1dfab30 .part RS_0x2abd439a5348, 4, 1;
L_0x1dfac00 .part/pv v0x1dde870_0, 4, 1, 8;
L_0x1dfacd0 .part RS_0x2abd439a5348, 5, 1;
L_0x1df4b70 .part/pv v0x1dde510_0, 5, 1, 8;
L_0x1dfaeb0 .part RS_0x2abd439a5348, 6, 1;
L_0x1dfaf80 .part/pv v0x1dde280_0, 6, 1, 8;
L_0x1dfb050 .part RS_0x2abd439a5348, 7, 1;
L_0x1dfb5a0 .part/pv v0x1dde010_0, 7, 1, 8;
S_0x1ded820 .scope module, "_040_" "NOT" 5 69, 2 7, S_0x1dcdcb0;
 .timescale -9 -10;
L_0x1df13e0 .functor NOT 1, v0x1de0ef0_0, C4<0>, C4<0>, C4<0>;
v0x1ded910_0 .alias "A", 0 0, v0x1df0260_0;
v0x1deda00_0 .alias "Y", 0 0, v0x1dedeb0_0;
S_0x1ded510 .scope module, "_041_" "NAND" 5 73, 2 13, S_0x1dcdcb0;
 .timescale -9 -10;
L_0x1df14d0 .functor AND 1, L_0x1df13e0, v0x1dcd7f0_0, C4<1>, C4<1>;
L_0x1df15c0 .functor NOT 1, L_0x1df14d0, C4<0>, C4<0>, C4<0>;
v0x1ded600_0 .alias "A", 0 0, v0x1dedeb0_0;
v0x1ded6a0_0 .alias "B", 0 0, v0x1df0fd0_0;
v0x1ded720_0 .alias "Y", 0 0, v0x1dedf80_0;
v0x1ded7a0_0 .net *"_s0", 0 0, L_0x1df14d0; 1 drivers
S_0x1ded2d0 .scope module, "_042_" "NOT" 5 78, 2 7, S_0x1dcdcb0;
 .timescale -9 -10;
L_0x1df1620 .functor NOT 1, L_0x1df15c0, C4<0>, C4<0>, C4<0>;
v0x1ded3c0_0 .alias "A", 0 0, v0x1dedf80_0;
v0x1ded490_0 .alias "Y", 0 0, v0x1deda80_0;
S_0x1ded090 .scope module, "_043_" "NOT" 5 82, 2 7, S_0x1dcdcb0;
 .timescale -9 -10;
L_0x1df1680 .functor NOT 1, v0x1dcd900_0, C4<0>, C4<0>, C4<0>;
v0x1ded180_0 .alias "A", 0 0, v0x1df1050_0;
v0x1ded250_0 .alias "Y", 0 0, v0x1dee090_0;
S_0x1deccd0 .scope module, "_044_" "NAND" 5 86, 2 13, S_0x1dcdcb0;
 .timescale -9 -10;
L_0x1df16e0 .functor AND 1, v0x1de0ef0_0, v0x1dcd7f0_0, C4<1>, C4<1>;
L_0x1df01d0 .functor NOT 1, L_0x1df16e0, C4<0>, C4<0>, C4<0>;
v0x1decdc0_0 .alias "A", 0 0, v0x1df0260_0;
v0x1dece70_0 .alias "B", 0 0, v0x1df0fd0_0;
v0x1decf40_0 .alias "Y", 0 0, v0x1dee1a0_0;
v0x1ded010_0 .net *"_s0", 0 0, L_0x1df16e0; 1 drivers
S_0x1dec9b0 .scope module, "_045_" "NOR" 5 91, 2 19, S_0x1dcdcb0;
 .timescale -9 -10;
L_0x1df18e0 .functor OR 1, L_0x1df01d0, L_0x1df1680, C4<0>, C4<0>;
L_0x1df1940 .functor NOT 1, L_0x1df18e0, C4<0>, C4<0>, C4<0>;
v0x1decaa0_0 .alias "A", 0 0, v0x1dee1a0_0;
v0x1decb50_0 .alias "B", 0 0, v0x1dee090_0;
v0x1decbd0_0 .alias "Y", 0 0, v0x1df11a0_0;
v0x1decc50_0 .net *"_s0", 0 0, L_0x1df18e0; 1 drivers
S_0x1dec630 .scope module, "_046_" "NOR" 5 96, 2 19, S_0x1dcdcb0;
 .timescale -9 -10;
L_0x1df19a0 .functor OR 1, L_0x1df15c0, L_0x1df1680, C4<0>, C4<0>;
L_0x1df1a00 .functor NOT 1, L_0x1df19a0, C4<0>, C4<0>, C4<0>;
v0x1dec720_0 .alias "A", 0 0, v0x1dedf80_0;
v0x1dec7d0_0 .alias "B", 0 0, v0x1dee090_0;
v0x1dec880_0 .alias "Y", 0 0, v0x1df1120_0;
v0x1dec900_0 .net *"_s0", 0 0, L_0x1df19a0; 1 drivers
S_0x1dec230 .scope module, "_047_" "NAND" 5 101, 2 13, S_0x1dcdcb0;
 .timescale -9 -10;
L_0x1df1ab0 .functor AND 1, L_0x1df1940, L_0x1df1bc0, C4<1>, C4<1>;
L_0x1df1b10 .functor NOT 1, L_0x1df1ab0, C4<0>, C4<0>, C4<0>;
v0x1dec320_0 .alias "A", 0 0, v0x1df11a0_0;
v0x1de9140_0 .net "B", 0 0, L_0x1df1bc0; 1 drivers
v0x1dec4d0_0 .alias "Y", 0 0, v0x1dee220_0;
v0x1dec580_0 .net *"_s0", 0 0, L_0x1df1ab0; 1 drivers
S_0x1debed0 .scope module, "_048_" "NAND" 5 106, 2 13, S_0x1dcdcb0;
 .timescale -9 -10;
L_0x1df1d40 .functor AND 1, L_0x1df1680, v0x1dcd7f0_0, C4<1>, C4<1>;
L_0x1dee110 .functor NOT 1, L_0x1df1d40, C4<0>, C4<0>, C4<0>;
v0x1debfc0_0 .alias "A", 0 0, v0x1dee090_0;
v0x1dec080_0 .alias "B", 0 0, v0x1df0fd0_0;
v0x1dec130_0 .alias "Y", 0 0, v0x1dee2a0_0;
v0x1dec1b0_0 .net *"_s0", 0 0, L_0x1df1d40; 1 drivers
S_0x1debaf0 .scope module, "_049_" "NAND" 5 111, 2 13, S_0x1dcdcb0;
 .timescale -9 -10;
L_0x1df1f40 .functor AND 1, L_0x1dee110, L_0x1df15c0, C4<1>, C4<1>;
L_0x1dee000 .functor NOT 1, L_0x1df1f40, C4<0>, C4<0>, C4<0>;
v0x1debbe0_0 .alias "A", 0 0, v0x1dee2a0_0;
v0x1debc90_0 .alias "B", 0 0, v0x1dedf80_0;
v0x1debd10_0 .alias "Y", 0 0, v0x1dee380_0;
v0x1de98e0_0 .net *"_s0", 0 0, L_0x1df1f40; 1 drivers
S_0x1deb760 .scope module, "_050_" "NAND" 5 116, 2 13, S_0x1dcdcb0;
 .timescale -9 -10;
L_0x1df20b0 .functor AND 1, L_0x1dee000, L_0x1df21c0, C4<1>, C4<1>;
L_0x1df2110 .functor NOT 1, L_0x1df20b0, C4<0>, C4<0>, C4<0>;
v0x1deb850_0 .alias "A", 0 0, v0x1dee380_0;
v0x1deb8f0_0 .net "B", 0 0, L_0x1df21c0; 1 drivers
v0x1deb990_0 .alias "Y", 0 0, v0x1dee400_0;
v0x1deba40_0 .net *"_s0", 0 0, L_0x1df20b0; 1 drivers
S_0x1deb3e0 .scope module, "_051_" "NAND" 5 121, 2 13, S_0x1dcdcb0;
 .timescale -9 -10;
L_0x1df22b0 .functor AND 1, L_0x1df2110, L_0x1df1b10, C4<1>, C4<1>;
L_0x1df2430 .functor NOT 1, L_0x1df22b0, C4<0>, C4<0>, C4<0>;
v0x1deb4d0_0 .alias "A", 0 0, v0x1dee400_0;
v0x1deb570_0 .alias "B", 0 0, v0x1dee220_0;
v0x1deb610_0 .net "Y", 0 0, L_0x1df2430; 1 drivers
v0x1deb6b0_0 .net *"_s0", 0 0, L_0x1df22b0; 1 drivers
S_0x1deb070 .scope module, "_052_" "NAND" 5 126, 2 13, S_0x1dcdcb0;
 .timescale -9 -10;
L_0x1df2530 .functor AND 1, L_0x1df1940, L_0x1df2640, C4<1>, C4<1>;
L_0x1df2590 .functor NOT 1, L_0x1df2530, C4<0>, C4<0>, C4<0>;
v0x1deb160_0 .alias "A", 0 0, v0x1df11a0_0;
v0x1deb1e0_0 .net "B", 0 0, L_0x1df2640; 1 drivers
v0x1deb280_0 .alias "Y", 0 0, v0x1dee4f0_0;
v0x1deb330_0 .net *"_s0", 0 0, L_0x1df2530; 1 drivers
S_0x1deace0 .scope module, "_053_" "NAND" 5 131, 2 13, S_0x1dcdcb0;
 .timescale -9 -10;
L_0x1df2730 .functor AND 1, L_0x1dee000, L_0x1df2840, C4<1>, C4<1>;
L_0x1df2790 .functor NOT 1, L_0x1df2730, C4<0>, C4<0>, C4<0>;
v0x1deadd0_0 .alias "A", 0 0, v0x1dee380_0;
v0x1deae70_0 .net "B", 0 0, L_0x1df2840; 1 drivers
v0x1deaf10_0 .alias "Y", 0 0, v0x1dee5c0_0;
v0x1deafc0_0 .net *"_s0", 0 0, L_0x1df2730; 1 drivers
S_0x1dea960 .scope module, "_054_" "NAND" 5 136, 2 13, S_0x1dcdcb0;
 .timescale -9 -10;
L_0x1df2980 .functor AND 1, L_0x1df2790, L_0x1df2590, C4<1>, C4<1>;
L_0x1df2b00 .functor NOT 1, L_0x1df2980, C4<0>, C4<0>, C4<0>;
v0x1deaa50_0 .alias "A", 0 0, v0x1dee5c0_0;
v0x1deaaf0_0 .alias "B", 0 0, v0x1dee4f0_0;
v0x1deab90_0 .net "Y", 0 0, L_0x1df2b00; 1 drivers
v0x1deac30_0 .net *"_s0", 0 0, L_0x1df2980; 1 drivers
S_0x1dea5f0 .scope module, "_055_" "NAND" 5 141, 2 13, S_0x1dcdcb0;
 .timescale -9 -10;
L_0x1df2c90 .functor AND 1, L_0x1df1940, L_0x1df2d50, C4<1>, C4<1>;
L_0x1df2cf0 .functor NOT 1, L_0x1df2c90, C4<0>, C4<0>, C4<0>;
v0x1dea6e0_0 .alias "A", 0 0, v0x1df11a0_0;
v0x1dea760_0 .net "B", 0 0, L_0x1df2d50; 1 drivers
v0x1dea800_0 .alias "Y", 0 0, v0x1dee710_0;
v0x1dea8b0_0 .net *"_s0", 0 0, L_0x1df2c90; 1 drivers
S_0x1dea260 .scope module, "_056_" "NAND" 5 146, 2 13, S_0x1dcdcb0;
 .timescale -9 -10;
L_0x1df2e40 .functor AND 1, L_0x1dee000, L_0x1df2f50, C4<1>, C4<1>;
L_0x1df2ea0 .functor NOT 1, L_0x1df2e40, C4<0>, C4<0>, C4<0>;
v0x1dea350_0 .alias "A", 0 0, v0x1dee380_0;
v0x1dea3f0_0 .net "B", 0 0, L_0x1df2f50; 1 drivers
v0x1dea490_0 .alias "Y", 0 0, v0x1dee7e0_0;
v0x1dea540_0 .net *"_s0", 0 0, L_0x1df2e40; 1 drivers
S_0x1de9ee0 .scope module, "_057_" "NAND" 5 151, 2 13, S_0x1dcdcb0;
 .timescale -9 -10;
L_0x1df3090 .functor AND 1, L_0x1df2ea0, L_0x1df2cf0, C4<1>, C4<1>;
L_0x1df3210 .functor NOT 1, L_0x1df3090, C4<0>, C4<0>, C4<0>;
v0x1de9fd0_0 .alias "A", 0 0, v0x1dee7e0_0;
v0x1dea070_0 .alias "B", 0 0, v0x1dee710_0;
v0x1dea110_0 .net "Y", 0 0, L_0x1df3210; 1 drivers
v0x1dea1b0_0 .net *"_s0", 0 0, L_0x1df3090; 1 drivers
S_0x1de9b70 .scope module, "_058_" "NAND" 5 156, 2 13, S_0x1dcdcb0;
 .timescale -9 -10;
L_0x1df3310 .functor AND 1, L_0x1df1940, L_0x1df3580, C4<1>, C4<1>;
L_0x1dec3a0 .functor NOT 1, L_0x1df3310, C4<0>, C4<0>, C4<0>;
v0x1de9c60_0 .alias "A", 0 0, v0x1df11a0_0;
v0x1de9ce0_0 .net "B", 0 0, L_0x1df3580; 1 drivers
v0x1de9d80_0 .alias "Y", 0 0, v0x1dee640_0;
v0x1de9e30_0 .net *"_s0", 0 0, L_0x1df3310; 1 drivers
S_0x1de9750 .scope module, "_059_" "NAND" 5 161, 2 13, S_0x1dcdcb0;
 .timescale -9 -10;
L_0x1df3680 .functor AND 1, L_0x1dee000, L_0x1df3740, C4<1>, C4<1>;
L_0x1df36e0 .functor NOT 1, L_0x1df3680, C4<0>, C4<0>, C4<0>;
v0x1de9840_0 .alias "A", 0 0, v0x1dee380_0;
v0x1de9970_0 .net "B", 0 0, L_0x1df3740; 1 drivers
v0x1de9a10_0 .alias "Y", 0 0, v0x1dee990_0;
v0x1de9ac0_0 .net *"_s0", 0 0, L_0x1df3680; 1 drivers
S_0x1de93d0 .scope module, "_060_" "NAND" 5 166, 2 13, S_0x1dcdcb0;
 .timescale -9 -10;
L_0x1df38c0 .functor AND 1, L_0x1df36e0, L_0x1dec3a0, C4<1>, C4<1>;
L_0x1df3a40 .functor NOT 1, L_0x1df38c0, C4<0>, C4<0>, C4<0>;
v0x1de94c0_0 .alias "A", 0 0, v0x1dee990_0;
v0x1de9560_0 .alias "B", 0 0, v0x1dee640_0;
v0x1de9600_0 .net "Y", 0 0, L_0x1df3a40; 1 drivers
v0x1de96a0_0 .net *"_s0", 0 0, L_0x1df38c0; 1 drivers
S_0x1de8fd0 .scope module, "_061_" "NAND" 5 171, 2 13, S_0x1dcdcb0;
 .timescale -9 -10;
L_0x1df3620 .functor AND 1, L_0x1df1940, L_0x1df3c10, C4<1>, C4<1>;
L_0x1df3bb0 .functor NOT 1, L_0x1df3620, C4<0>, C4<0>, C4<0>;
v0x1de90c0_0 .alias "A", 0 0, v0x1df11a0_0;
v0x1de91d0_0 .net "B", 0 0, L_0x1df3c10; 1 drivers
v0x1de9270_0 .alias "Y", 0 0, v0x1deeab0_0;
v0x1de9320_0 .net *"_s0", 0 0, L_0x1df3620; 1 drivers
S_0x1de8c40 .scope module, "_062_" "NAND" 5 176, 2 13, S_0x1dcdcb0;
 .timescale -9 -10;
L_0x1df1cb0 .functor AND 1, L_0x1dee000, L_0x1df3ec0, C4<1>, C4<1>;
L_0x1df3e10 .functor NOT 1, L_0x1df1cb0, C4<0>, C4<0>, C4<0>;
v0x1de8d30_0 .alias "A", 0 0, v0x1dee380_0;
v0x1de8dd0_0 .net "B", 0 0, L_0x1df3ec0; 1 drivers
v0x1de8e70_0 .alias "Y", 0 0, v0x1deeb80_0;
v0x1de8f20_0 .net *"_s0", 0 0, L_0x1df1cb0; 1 drivers
S_0x1de88c0 .scope module, "_063_" "NAND" 5 181, 2 13, S_0x1dcdcb0;
 .timescale -9 -10;
L_0x1df4030 .functor AND 1, L_0x1df3e10, L_0x1df3bb0, C4<1>, C4<1>;
L_0x1df41d0 .functor NOT 1, L_0x1df4030, C4<0>, C4<0>, C4<0>;
v0x1de89b0_0 .alias "A", 0 0, v0x1deeb80_0;
v0x1de8a50_0 .alias "B", 0 0, v0x1deeab0_0;
v0x1de8af0_0 .net "Y", 0 0, L_0x1df41d0; 1 drivers
v0x1de8b90_0 .net *"_s0", 0 0, L_0x1df4030; 1 drivers
S_0x1de8550 .scope module, "_064_" "NAND" 5 186, 2 13, S_0x1dcdcb0;
 .timescale -9 -10;
L_0x1df42f0 .functor AND 1, L_0x1df1940, L_0x1df4400, C4<1>, C4<1>;
L_0x1df4350 .functor NOT 1, L_0x1df42f0, C4<0>, C4<0>, C4<0>;
v0x1de8640_0 .alias "A", 0 0, v0x1df11a0_0;
v0x1de86c0_0 .net "B", 0 0, L_0x1df4400; 1 drivers
v0x1de8760_0 .alias "Y", 0 0, v0x1deecb0_0;
v0x1de8810_0 .net *"_s0", 0 0, L_0x1df42f0; 1 drivers
S_0x1de81a0 .scope module, "_065_" "NAND" 5 191, 2 13, S_0x1dcdcb0;
 .timescale -9 -10;
L_0x1df4580 .functor AND 1, L_0x1dee000, L_0x1df4810, C4<1>, C4<1>;
L_0x1debd90 .functor NOT 1, L_0x1df4580, C4<0>, C4<0>, C4<0>;
v0x1de8290_0 .alias "A", 0 0, v0x1dee380_0;
v0x1de8380_0 .net "B", 0 0, L_0x1df4810; 1 drivers
v0x1de8420_0 .alias "Y", 0 0, v0x1deed30_0;
v0x1de84a0_0 .net *"_s0", 0 0, L_0x1df4580; 1 drivers
S_0x1de7e20 .scope module, "_066_" "NAND" 5 196, 2 13, S_0x1dcdcb0;
 .timescale -9 -10;
L_0x1df48b0 .functor AND 1, L_0x1debd90, L_0x1df4350, C4<1>, C4<1>;
L_0x1df4a50 .functor NOT 1, L_0x1df48b0, C4<0>, C4<0>, C4<0>;
v0x1de7f10_0 .alias "A", 0 0, v0x1deed30_0;
v0x1de7fb0_0 .alias "B", 0 0, v0x1deecb0_0;
v0x1de8050_0 .net "Y", 0 0, L_0x1df4a50; 1 drivers
v0x1de80f0_0 .net *"_s0", 0 0, L_0x1df48b0; 1 drivers
S_0x1de7a90 .scope module, "_067_" "NAND" 5 201, 2 13, S_0x1dcdcb0;
 .timescale -9 -10;
L_0x1df2c00 .functor AND 1, L_0x1df1940, L_0x1df4d70, C4<1>, C4<1>;
L_0x1df44f0 .functor NOT 1, L_0x1df2c00, C4<0>, C4<0>, C4<0>;
v0x1de7b80_0 .alias "A", 0 0, v0x1df11a0_0;
v0x1de7c50_0 .net "B", 0 0, L_0x1df4d70; 1 drivers
v0x1de7cf0_0 .alias "Y", 0 0, v0x1deee70_0;
v0x1de7d70_0 .net *"_s0", 0 0, L_0x1df2c00; 1 drivers
S_0x1de76f0 .scope module, "_068_" "NAND" 5 206, 2 13, S_0x1dcdcb0;
 .timescale -9 -10;
L_0x1df4e60 .functor AND 1, L_0x1dee000, L_0x1df4f70, C4<1>, C4<1>;
L_0x1df4ec0 .functor NOT 1, L_0x1df4e60, C4<0>, C4<0>, C4<0>;
v0x1de77e0_0 .alias "A", 0 0, v0x1dee380_0;
v0x1de78b0_0 .net "B", 0 0, L_0x1df4f70; 1 drivers
v0x1de7930_0 .alias "Y", 0 0, v0x1deeef0_0;
v0x1de79e0_0 .net *"_s0", 0 0, L_0x1df4e60; 1 drivers
S_0x1de7370 .scope module, "_069_" "NAND" 5 211, 2 13, S_0x1dcdcb0;
 .timescale -9 -10;
L_0x1df4c80 .functor AND 1, L_0x1df4ec0, L_0x1df44f0, C4<1>, C4<1>;
L_0x1deec50 .functor NOT 1, L_0x1df4c80, C4<0>, C4<0>, C4<0>;
v0x1de7460_0 .alias "A", 0 0, v0x1deeef0_0;
v0x1de7500_0 .alias "B", 0 0, v0x1deee70_0;
v0x1de75a0_0 .net "Y", 0 0, L_0x1deec50; 1 drivers
v0x1de7640_0 .net *"_s0", 0 0, L_0x1df4c80; 1 drivers
S_0x1de6ff0 .scope module, "_070_" "NAND" 5 216, 2 13, S_0x1dcdcb0;
 .timescale -9 -10;
L_0x1df5320 .functor AND 1, L_0x1df1940, L_0x1df5430, C4<1>, C4<1>;
L_0x1df5380 .functor NOT 1, L_0x1df5320, C4<0>, C4<0>, C4<0>;
v0x1de70e0_0 .alias "A", 0 0, v0x1df11a0_0;
v0x1de7190_0 .net "B", 0 0, L_0x1df5430; 1 drivers
v0x1de7210_0 .alias "Y", 0 0, v0x1def040_0;
v0x1de72c0_0 .net *"_s0", 0 0, L_0x1df5320; 1 drivers
S_0x1de6c40 .scope module, "_071_" "NAND" 5 221, 2 13, S_0x1dcdcb0;
 .timescale -9 -10;
L_0x1df5060 .functor AND 1, L_0x1dee000, L_0x1df5640, C4<1>, C4<1>;
L_0x1df55e0 .functor NOT 1, L_0x1df5060, C4<0>, C4<0>, C4<0>;
v0x1de6d30_0 .alias "A", 0 0, v0x1dee380_0;
v0x1de6df0_0 .net "B", 0 0, L_0x1df5640; 1 drivers
v0x1de6e90_0 .alias "Y", 0 0, v0x1def0c0_0;
v0x1de6f40_0 .net *"_s0", 0 0, L_0x1df5060; 1 drivers
S_0x1de68a0 .scope module, "_072_" "NAND" 5 226, 2 13, S_0x1dcdcb0;
 .timescale -9 -10;
L_0x1df3830 .functor AND 1, L_0x1df55e0, L_0x1df5380, C4<1>, C4<1>;
L_0x1df5960 .functor NOT 1, L_0x1df3830, C4<0>, C4<0>, C4<0>;
v0x1de6990_0 .alias "A", 0 0, v0x1def0c0_0;
v0x1de6a50_0 .alias "B", 0 0, v0x1def040_0;
v0x1de6af0_0 .net "Y", 0 0, L_0x1df5960; 1 drivers
v0x1de6b90_0 .net *"_s0", 0 0, L_0x1df3830; 1 drivers
S_0x1de64b0 .scope module, "_073_" "NAND" 5 231, 2 13, S_0x1dcdcb0;
 .timescale -9 -10;
L_0x1df5520 .functor AND 1, L_0x1dee110, L_0x1df01d0, C4<1>, C4<1>;
L_0x1df5580 .functor NOT 1, L_0x1df5520, C4<0>, C4<0>, C4<0>;
v0x1de65a0_0 .alias "A", 0 0, v0x1dee2a0_0;
v0x1de6640_0 .alias "B", 0 0, v0x1dee1a0_0;
v0x1de66e0_0 .alias "Y", 0 0, v0x1deefc0_0;
v0x1de4340_0 .net *"_s0", 0 0, L_0x1df5520; 1 drivers
S_0x1de6140 .scope module, "_074_" "NAND" 5 236, 2 13, S_0x1dcdcb0;
 .timescale -9 -10;
L_0x1df5bc0 .functor AND 1, L_0x1df5580, L_0x1df5cf0, C4<1>, C4<1>;
L_0x1df5c40 .functor NOT 1, L_0x1df5bc0, C4<0>, C4<0>, C4<0>;
v0x1de6230_0 .alias "A", 0 0, v0x1deefc0_0;
v0x1de62b0_0 .net "B", 0 0, L_0x1df5cf0; 1 drivers
v0x1de6350_0 .alias "Y", 0 0, v0x1def220_0;
v0x1de6400_0 .net *"_s0", 0 0, L_0x1df5bc0; 1 drivers
S_0x1de5d20 .scope module, "_075_" "NAND" 5 241, 2 13, S_0x1dcdcb0;
 .timescale -9 -10;
L_0x1df5de0 .functor AND 1, L_0x1df1a00, L_0x1df5ef0, C4<1>, C4<1>;
L_0x1df5e40 .functor NOT 1, L_0x1df5de0, C4<0>, C4<0>, C4<0>;
v0x1de5e10_0 .alias "A", 0 0, v0x1df1120_0;
v0x1de34c0_0 .net "B", 0 0, L_0x1df5ef0; 1 drivers
v0x1de5fe0_0 .alias "Y", 0 0, v0x1def190_0;
v0x1de6090_0 .net *"_s0", 0 0, L_0x1df5de0; 1 drivers
S_0x1de5980 .scope module, "_076_" "NAND" 5 246, 2 13, S_0x1dcdcb0;
 .timescale -9 -10;
L_0x1df5a80 .functor AND 1, L_0x1df5e40, L_0x1df5c40, C4<1>, C4<1>;
L_0x1df61e0 .functor NOT 1, L_0x1df5a80, C4<0>, C4<0>, C4<0>;
v0x1de5a70_0 .alias "A", 0 0, v0x1def190_0;
v0x1de5b30_0 .alias "B", 0 0, v0x1def220_0;
v0x1de5bd0_0 .net "Y", 0 0, L_0x1df61e0; 1 drivers
v0x1de5c70_0 .net *"_s0", 0 0, L_0x1df5a80; 1 drivers
S_0x1de5660 .scope module, "_077_" "NAND" 5 251, 2 13, S_0x1dcdcb0;
 .timescale -9 -10;
L_0x1df62e0 .functor AND 1, L_0x1df5580, L_0x1df63f0, C4<1>, C4<1>;
L_0x1df6340 .functor NOT 1, L_0x1df62e0, C4<0>, C4<0>, C4<0>;
v0x1de5750_0 .alias "A", 0 0, v0x1deefc0_0;
v0x1de57d0_0 .net "B", 0 0, L_0x1df63f0; 1 drivers
v0x1de5850_0 .alias "Y", 0 0, v0x1def3e0_0;
v0x1de5900_0 .net *"_s0", 0 0, L_0x1df62e0; 1 drivers
S_0x1de5310 .scope module, "_078_" "NAND" 5 256, 2 13, S_0x1dcdcb0;
 .timescale -9 -10;
L_0x1df5fe0 .functor AND 1, L_0x1df1a00, L_0x1df6670, C4<1>, C4<1>;
L_0x1df6060 .functor NOT 1, L_0x1df5fe0, C4<0>, C4<0>, C4<0>;
v0x1de5400_0 .alias "A", 0 0, v0x1df1120_0;
v0x1de5480_0 .net "B", 0 0, L_0x1df6670; 1 drivers
v0x1de5500_0 .alias "Y", 0 0, v0x1def2f0_0;
v0x1de55b0_0 .net *"_s0", 0 0, L_0x1df5fe0; 1 drivers
S_0x1de5020 .scope module, "_079_" "NAND" 5 261, 2 13, S_0x1dcdcb0;
 .timescale -9 -10;
L_0x1df6760 .functor AND 1, L_0x1df6060, L_0x1df6340, C4<1>, C4<1>;
L_0x1df68e0 .functor NOT 1, L_0x1df6760, C4<0>, C4<0>, C4<0>;
v0x1de5110_0 .alias "A", 0 0, v0x1def2f0_0;
v0x1de5190_0 .alias "B", 0 0, v0x1def3e0_0;
v0x1de5210_0 .net "Y", 0 0, L_0x1df68e0; 1 drivers
v0x1de5290_0 .net *"_s0", 0 0, L_0x1df6760; 1 drivers
S_0x1de4ce0 .scope module, "_080_" "NAND" 5 266, 2 13, S_0x1dcdcb0;
 .timescale -9 -10;
L_0x1df6530 .functor AND 1, L_0x1df5580, L_0x1df6b90, C4<1>, C4<1>;
L_0x1df6590 .functor NOT 1, L_0x1df6530, C4<0>, C4<0>, C4<0>;
v0x1de4dd0_0 .alias "A", 0 0, v0x1deefc0_0;
v0x1de4e50_0 .net "B", 0 0, L_0x1df6b90; 1 drivers
v0x1de4ef0_0 .alias "Y", 0 0, v0x1def5b0_0;
v0x1de4fa0_0 .net *"_s0", 0 0, L_0x1df6530; 1 drivers
S_0x1de4950 .scope module, "_081_" "NAND" 5 271, 2 13, S_0x1dcdcb0;
 .timescale -9 -10;
L_0x1df6c80 .functor AND 1, L_0x1df1a00, L_0x1df6d90, C4<1>, C4<1>;
L_0x1df6ce0 .functor NOT 1, L_0x1df6c80, C4<0>, C4<0>, C4<0>;
v0x1de4a40_0 .alias "A", 0 0, v0x1df1120_0;
v0x1de4ae0_0 .net "B", 0 0, L_0x1df6d90; 1 drivers
v0x1de4b80_0 .alias "Y", 0 0, v0x1def4b0_0;
v0x1de4c30_0 .net *"_s0", 0 0, L_0x1df6c80; 1 drivers
S_0x1de45d0 .scope module, "_082_" "NAND" 5 276, 2 13, S_0x1dcdcb0;
 .timescale -9 -10;
L_0x1df6a90 .functor AND 1, L_0x1df6ce0, L_0x1df6590, C4<1>, C4<1>;
L_0x1df6b10 .functor NOT 1, L_0x1df6a90, C4<0>, C4<0>, C4<0>;
v0x1de46c0_0 .alias "A", 0 0, v0x1def4b0_0;
v0x1de4760_0 .alias "B", 0 0, v0x1def5b0_0;
v0x1de4800_0 .net "Y", 0 0, L_0x1df6b10; 1 drivers
v0x1de48a0_0 .net *"_s0", 0 0, L_0x1df6a90; 1 drivers
S_0x1de41d0 .scope module, "_083_" "NAND" 5 281, 2 13, S_0x1dcdcb0;
 .timescale -9 -10;
L_0x1df7150 .functor AND 1, L_0x1df5580, L_0x1df7260, C4<1>, C4<1>;
L_0x1df71b0 .functor NOT 1, L_0x1df7150, C4<0>, C4<0>, C4<0>;
v0x1de42c0_0 .alias "A", 0 0, v0x1deefc0_0;
v0x1de43d0_0 .net "B", 0 0, L_0x1df7260; 1 drivers
v0x1de4470_0 .alias "Y", 0 0, v0x1def790_0;
v0x1de4520_0 .net *"_s0", 0 0, L_0x1df7150; 1 drivers
S_0x1de3e40 .scope module, "_084_" "NAND" 5 286, 2 13, S_0x1dcdcb0;
 .timescale -9 -10;
L_0x1df6e80 .functor AND 1, L_0x1df1a00, L_0x1de5eb0, C4<1>, C4<1>;
L_0x1df6f00 .functor NOT 1, L_0x1df6e80, C4<0>, C4<0>, C4<0>;
v0x1de3f30_0 .alias "A", 0 0, v0x1df1120_0;
v0x1de3fd0_0 .net "B", 0 0, L_0x1de5eb0; 1 drivers
v0x1de4070_0 .alias "Y", 0 0, v0x1def680_0;
v0x1de4120_0 .net *"_s0", 0 0, L_0x1df6e80; 1 drivers
S_0x1de3ac0 .scope module, "_085_" "NAND" 5 291, 2 13, S_0x1dcdcb0;
 .timescale -9 -10;
L_0x1df7710 .functor AND 1, L_0x1df6f00, L_0x1df71b0, C4<1>, C4<1>;
L_0x1df7890 .functor NOT 1, L_0x1df7710, C4<0>, C4<0>, C4<0>;
v0x1de3bb0_0 .alias "A", 0 0, v0x1def680_0;
v0x1de3c50_0 .alias "B", 0 0, v0x1def790_0;
v0x1de3cf0_0 .net "Y", 0 0, L_0x1df7890; 1 drivers
v0x1de3d90_0 .net *"_s0", 0 0, L_0x1df7710; 1 drivers
S_0x1de3750 .scope module, "_086_" "NAND" 5 296, 2 13, S_0x1dcdcb0;
 .timescale -9 -10;
L_0x1df73e0 .functor AND 1, L_0x1df5580, L_0x1df7ac0, C4<1>, C4<1>;
L_0x1df7440 .functor NOT 1, L_0x1df73e0, C4<0>, C4<0>, C4<0>;
v0x1de3840_0 .alias "A", 0 0, v0x1deefc0_0;
v0x1de38c0_0 .net "B", 0 0, L_0x1df7ac0; 1 drivers
v0x1de3960_0 .alias "Y", 0 0, v0x1def980_0;
v0x1de3a10_0 .net *"_s0", 0 0, L_0x1df73e0; 1 drivers
S_0x1de3330 .scope module, "_087_" "NAND" 5 301, 2 13, S_0x1dcdcb0;
 .timescale -9 -10;
L_0x1df7bb0 .functor AND 1, L_0x1df1a00, L_0x1df7ce0, C4<1>, C4<1>;
L_0x1df7c30 .functor NOT 1, L_0x1df7bb0, C4<0>, C4<0>, C4<0>;
v0x1de3420_0 .alias "A", 0 0, v0x1df1120_0;
v0x1de3550_0 .net "B", 0 0, L_0x1df7ce0; 1 drivers
v0x1de35f0_0 .alias "Y", 0 0, v0x1def860_0;
v0x1de36a0_0 .net *"_s0", 0 0, L_0x1df7bb0; 1 drivers
S_0x1de2fb0 .scope module, "_088_" "NAND" 5 306, 2 13, S_0x1dcdcb0;
 .timescale -9 -10;
L_0x1df3d00 .functor AND 1, L_0x1df7c30, L_0x1df7440, C4<1>, C4<1>;
L_0x1df7a20 .functor NOT 1, L_0x1df3d00, C4<0>, C4<0>, C4<0>;
v0x1de30a0_0 .alias "A", 0 0, v0x1def860_0;
v0x1de3140_0 .alias "B", 0 0, v0x1def980_0;
v0x1de31e0_0 .net "Y", 0 0, L_0x1df7a20; 1 drivers
v0x1de3280_0 .net *"_s0", 0 0, L_0x1df3d00; 1 drivers
S_0x1de2c20 .scope module, "_089_" "NAND" 5 311, 2 13, S_0x1dcdcb0;
 .timescale -9 -10;
L_0x1df81c0 .functor AND 1, L_0x1df5580, L_0x1df8430, C4<1>, C4<1>;
L_0x1de6760 .functor NOT 1, L_0x1df81c0, C4<0>, C4<0>, C4<0>;
v0x1de2d10_0 .alias "A", 0 0, v0x1deefc0_0;
v0x1de2de0_0 .net "B", 0 0, L_0x1df8430; 1 drivers
v0x1de2e80_0 .alias "Y", 0 0, v0x1defb30_0;
v0x1de2f00_0 .net *"_s0", 0 0, L_0x1df81c0; 1 drivers
S_0x1de2890 .scope module, "_090_" "NAND" 5 316, 2 13, S_0x1dcdcb0;
 .timescale -9 -10;
L_0x1df7fe0 .functor AND 1, L_0x1df1a00, L_0x1df8620, C4<1>, C4<1>;
L_0x1df8040 .functor NOT 1, L_0x1df7fe0, C4<0>, C4<0>, C4<0>;
v0x1de2980_0 .alias "A", 0 0, v0x1df1120_0;
v0x1de2a20_0 .net "B", 0 0, L_0x1df8620; 1 drivers
v0x1de2ac0_0 .alias "Y", 0 0, v0x1defa50_0;
v0x1de2b70_0 .net *"_s0", 0 0, L_0x1df7fe0; 1 drivers
S_0x1de2510 .scope module, "_091_" "NAND" 5 321, 2 13, S_0x1dcdcb0;
 .timescale -9 -10;
L_0x1df8710 .functor AND 1, L_0x1df8040, L_0x1de6760, C4<1>, C4<1>;
L_0x1defad0 .functor NOT 1, L_0x1df8710, C4<0>, C4<0>, C4<0>;
v0x1de2600_0 .alias "A", 0 0, v0x1defa50_0;
v0x1de26a0_0 .alias "B", 0 0, v0x1defb30_0;
v0x1de2740_0 .net "Y", 0 0, L_0x1defad0; 1 drivers
v0x1de27e0_0 .net *"_s0", 0 0, L_0x1df8710; 1 drivers
S_0x1de2190 .scope module, "_092_" "NAND" 5 326, 2 13, S_0x1dcdcb0;
 .timescale -9 -10;
L_0x1df84d0 .functor AND 1, L_0x1df5580, L_0x1df8bc0, C4<1>, C4<1>;
L_0x1df8530 .functor NOT 1, L_0x1df84d0, C4<0>, C4<0>, C4<0>;
v0x1de2280_0 .alias "A", 0 0, v0x1deefc0_0;
v0x1de2330_0 .net "B", 0 0, L_0x1df8bc0; 1 drivers
v0x1de23b0_0 .alias "Y", 0 0, v0x1defcf0_0;
v0x1de2460_0 .net *"_s0", 0 0, L_0x1df84d0; 1 drivers
S_0x1de1de0 .scope module, "_093_" "NAND" 5 331, 2 13, S_0x1dcdcb0;
 .timescale -9 -10;
L_0x1df8cb0 .functor AND 1, L_0x1df1a00, L_0x1df8dc0, C4<1>, C4<1>;
L_0x1df8d10 .functor NOT 1, L_0x1df8cb0, C4<0>, C4<0>, C4<0>;
v0x1de1ed0_0 .alias "A", 0 0, v0x1df1120_0;
v0x1de1fc0_0 .net "B", 0 0, L_0x1df8dc0; 1 drivers
v0x1de2060_0 .alias "Y", 0 0, v0x1dedb70_0;
v0x1de20e0_0 .net *"_s0", 0 0, L_0x1df8cb0; 1 drivers
S_0x1de1a60 .scope module, "_094_" "NAND" 5 336, 2 13, S_0x1dcdcb0;
 .timescale -9 -10;
L_0x1df8a60 .functor AND 1, L_0x1df8d10, L_0x1df8530, C4<1>, C4<1>;
L_0x1df8b50 .functor NOT 1, L_0x1df8a60, C4<0>, C4<0>, C4<0>;
v0x1de1b50_0 .alias "A", 0 0, v0x1dedb70_0;
v0x1de1bf0_0 .alias "B", 0 0, v0x1defcf0_0;
v0x1de1c90_0 .net "Y", 0 0, L_0x1df8b50; 1 drivers
v0x1de1d30_0 .net *"_s0", 0 0, L_0x1df8a60; 1 drivers
S_0x1de16d0 .scope module, "_095_" "NAND" 5 341, 2 13, S_0x1dcdcb0;
 .timescale -9 -10;
L_0x1df9150 .functor AND 1, L_0x1df5580, L_0x1df9260, C4<1>, C4<1>;
L_0x1df91b0 .functor NOT 1, L_0x1df9150, C4<0>, C4<0>, C4<0>;
v0x1de17c0_0 .alias "A", 0 0, v0x1deefc0_0;
v0x1de1860_0 .net "B", 0 0, L_0x1df9260; 1 drivers
v0x1de1900_0 .alias "Y", 0 0, v0x1dedc40_0;
v0x1de19b0_0 .net *"_s0", 0 0, L_0x1df9150; 1 drivers
S_0x1de1330 .scope module, "_096_" "NAND" 5 346, 2 13, S_0x1dcdcb0;
 .timescale -9 -10;
L_0x1df7350 .functor AND 1, L_0x1df1a00, L_0x1df8f60, C4<1>, C4<1>;
L_0x1df8eb0 .functor NOT 1, L_0x1df7350, C4<0>, C4<0>, C4<0>;
v0x1de1420_0 .alias "A", 0 0, v0x1df1120_0;
v0x1de14f0_0 .net "B", 0 0, L_0x1df8f60; 1 drivers
v0x1de1570_0 .alias "Y", 0 0, v0x1dedde0_0;
v0x1de1620_0 .net *"_s0", 0 0, L_0x1df7350; 1 drivers
S_0x1de0f90 .scope module, "_097_" "NAND" 5 351, 2 13, S_0x1dcdcb0;
 .timescale -9 -10;
L_0x1df9630 .functor AND 1, L_0x1df8eb0, L_0x1df91b0, C4<1>, C4<1>;
L_0x1df97b0 .functor NOT 1, L_0x1df9630, C4<0>, C4<0>, C4<0>;
v0x1de1080_0 .alias "A", 0 0, v0x1dedde0_0;
v0x1de1140_0 .alias "B", 0 0, v0x1dedc40_0;
v0x1de11e0_0 .net "Y", 0 0, L_0x1df97b0; 1 drivers
v0x1de1280_0 .net *"_s0", 0 0, L_0x1df9630; 1 drivers
S_0x1de0cb0 .scope module, "_098_" "DFF" 5 356, 2 25, S_0x1dcdcb0;
 .timescale -9 -10;
v0x1de0da0_0 .alias "C", 0 0, v0x1df1050_0;
v0x1de0e70_0 .alias "D", 0 0, v0x1deda80_0;
v0x1de0ef0_0 .var "Q", 0 0;
E_0x1dcd270 .event posedge, v0x1dcd900_0;
S_0x1de0890 .scope module, "_099_" "DFF" 5 361, 2 25, S_0x1dcdcb0;
 .timescale -9 -10;
v0x1de0980_0 .alias "C", 0 0, v0x1df0c80_0;
v0x1ddf310_0 .net "D", 0 0, L_0x1df9460; 1 drivers
v0x1de0c30_0 .var "Q", 0 0;
S_0x1de05c0 .scope module, "_100_" "DFF" 5 366, 2 25, S_0x1dcdcb0;
 .timescale -9 -10;
v0x1de06b0_0 .alias "C", 0 0, v0x1df0c80_0;
v0x1de0750_0 .net "D", 0 0, L_0x1df9a50; 1 drivers
v0x1de07f0_0 .var "Q", 0 0;
S_0x1de02f0 .scope module, "_101_" "DFF" 5 371, 2 25, S_0x1dcdcb0;
 .timescale -9 -10;
v0x1de03e0_0 .alias "C", 0 0, v0x1df0c80_0;
v0x1de0480_0 .net "D", 0 0, L_0x1df98b0; 1 drivers
v0x1de0520_0 .var "Q", 0 0;
S_0x1de0020 .scope module, "_102_" "DFF" 5 376, 2 25, S_0x1dcdcb0;
 .timescale -9 -10;
v0x1de0110_0 .alias "C", 0 0, v0x1df0c80_0;
v0x1de01b0_0 .net "D", 0 0, L_0x1df9d50; 1 drivers
v0x1de0250_0 .var "Q", 0 0;
S_0x1ddfd50 .scope module, "_103_" "DFF" 5 381, 2 25, S_0x1dcdcb0;
 .timescale -9 -10;
v0x1ddfe40_0 .alias "C", 0 0, v0x1df0c80_0;
v0x1ddfee0_0 .net "D", 0 0, L_0x1df9b90; 1 drivers
v0x1ddff80_0 .var "Q", 0 0;
S_0x1ddfa80 .scope module, "_104_" "DFF" 5 386, 2 25, S_0x1dcdcb0;
 .timescale -9 -10;
v0x1ddfb70_0 .alias "C", 0 0, v0x1df0c80_0;
v0x1ddfc10_0 .net "D", 0 0, L_0x1dfa070; 1 drivers
v0x1ddfcb0_0 .var "Q", 0 0;
S_0x1ddf7b0 .scope module, "_105_" "DFF" 5 391, 2 25, S_0x1dcdcb0;
 .timescale -9 -10;
v0x1ddf8a0_0 .alias "C", 0 0, v0x1df0c80_0;
v0x1ddf940_0 .net "D", 0 0, L_0x1df9e90; 1 drivers
v0x1ddf9e0_0 .var "Q", 0 0;
S_0x1ddf4e0 .scope module, "_106_" "DFF" 5 396, 2 25, S_0x1dcdcb0;
 .timescale -9 -10;
v0x1ddf5d0_0 .alias "C", 0 0, v0x1df0c80_0;
v0x1ddf670_0 .net "D", 0 0, L_0x1dfa520; 1 drivers
v0x1ddf710_0 .var "Q", 0 0;
S_0x1ddf180 .scope module, "_107_" "DFF" 5 401, 2 25, S_0x1dcdcb0;
 .timescale -9 -10;
v0x1ddf270_0 .alias "C", 0 0, v0x1df0c80_0;
v0x1dde740_0 .net "D", 0 0, L_0x1df9350; 1 drivers
v0x1ddf440_0 .var "Q", 0 0;
S_0x1ddeeb0 .scope module, "_108_" "DFF" 5 406, 2 25, S_0x1dcdcb0;
 .timescale -9 -10;
v0x1ddefa0_0 .alias "C", 0 0, v0x1df0c80_0;
v0x1ddf040_0 .net "D", 0 0, L_0x1dfa3f0; 1 drivers
v0x1ddf0e0_0 .var "Q", 0 0;
S_0x1ddebe0 .scope module, "_109_" "DFF" 5 411, 2 25, S_0x1dcdcb0;
 .timescale -9 -10;
v0x1ddecd0_0 .alias "C", 0 0, v0x1df0c80_0;
v0x1dded70_0 .net "D", 0 0, L_0x1dfa870; 1 drivers
v0x1ddee10_0 .var "Q", 0 0;
S_0x1dde910 .scope module, "_110_" "DFF" 5 416, 2 25, S_0x1dcdcb0;
 .timescale -9 -10;
v0x1ddea00_0 .alias "C", 0 0, v0x1df0c80_0;
v0x1ddeaa0_0 .net "D", 0 0, L_0x1dfad70; 1 drivers
v0x1ddeb40_0 .var "Q", 0 0;
S_0x1dde5b0 .scope module, "_111_" "DFF" 5 421, 2 25, S_0x1dcdcb0;
 .timescale -9 -10;
v0x1dde6a0_0 .alias "C", 0 0, v0x1df0c80_0;
v0x1dde7d0_0 .net "D", 0 0, L_0x1dfab30; 1 drivers
v0x1dde870_0 .var "Q", 0 0;
S_0x1dde300 .scope module, "_112_" "DFF" 5 426, 2 25, S_0x1dcdcb0;
 .timescale -9 -10;
v0x1dde3f0_0 .alias "C", 0 0, v0x1df0c80_0;
v0x1dde470_0 .net "D", 0 0, L_0x1dfacd0; 1 drivers
v0x1dde510_0 .var "Q", 0 0;
S_0x1dde090 .scope module, "_113_" "DFF" 5 431, 2 25, S_0x1dcdcb0;
 .timescale -9 -10;
v0x1dde180_0 .alias "C", 0 0, v0x1df0c80_0;
v0x1dde200_0 .net "D", 0 0, L_0x1dfaeb0; 1 drivers
v0x1dde280_0 .var "Q", 0 0;
S_0x1dcdda0 .scope module, "_114_" "DFF" 5 436, 2 25, S_0x1dcdcb0;
 .timescale -9 -10;
v0x1dcde90_0 .alias "C", 0 0, v0x1df0c80_0;
v0x1dcdf30_0 .net "D", 0 0, L_0x1dfb050; 1 drivers
v0x1dde010_0 .var "Q", 0 0;
S_0x1dcce30 .scope module, "prob1" "probador_demux" 3 57, 6 1, S_0x1db0740;
 .timescale -9 -10;
v0x1dccff0_0 .var "clk_2f", 0 0;
v0x1dcd0b0_0 .var "data_in", 7 0;
v0x1dcd150_0 .alias "data_out_0", 7 0, v0x1df0d80_0;
v0x1dcd1f0_0 .alias "data_out_1", 7 0, v0x1df0e00_0;
v0x1dcd2a0_0 .var "error", 0 0;
v0x1dcd340_0 .var "out0_pr_cond", 7 0;
v0x1dcd420_0 .var "out0_pr_est", 7 0;
v0x1dcd4c0_0 .var "out1_pr_cond", 7 0;
v0x1dcd5b0_0 .var "out1_pr_est", 7 0;
v0x1dcd650_0 .alias "out_synth0", 7 0, v0x1df0e80_0;
v0x1dcd750_0 .alias "out_synth1", 7 0, v0x1df0f00_0;
v0x1dcd7f0_0 .var "reset", 0 0;
v0x1dcd900_0 .var "valid_in", 0 0;
v0x1dcd9a0_0 .alias "valid_out0_synth", 0 0, v0x1df1120_0;
v0x1dcdac0_0 .alias "valid_out1_synth", 0 0, v0x1df11a0_0;
v0x1dcdb60_0 .alias "valid_out_0", 0 0, v0x1df1220_0;
v0x1dcda20_0 .alias "valid_out_1", 0 0, v0x1df12a0_0;
E_0x1dccf20 .event edge, v0x1dcd420_0, v0x1dcd340_0, v0x1dcd5b0_0, v0x1dcd4c0_0;
E_0x1dccfa0 .event posedge, v0x1dccff0_0;
    .scope S_0x1db1000;
T_0 ;
    %wait E_0x1dcca70;
    %load/v 8, v0x1dccd90_0, 1;
    %jmp/0xz  T_0.0, 8;
    %ix/load 0, 1, 0;
    %assign/v0 v0x1dccc40_0, 0, 1;
    %jmp T_0.1;
T_0.0 ;
    %load/v 8, v0x1dccce0_0, 1;
    %jmp/0xz  T_0.2, 8;
    %ix/load 0, 1, 0;
    %assign/v0 v0x1dccc40_0, 0, 0;
    %jmp T_0.3;
T_0.2 ;
    %load/v 8, v0x1dccba0_0, 1;
    %ix/load 0, 1, 0;
    %assign/v0 v0x1dccc40_0, 0, 8;
T_0.3 ;
T_0.1 ;
    %jmp T_0;
    .thread T_0;
    .scope S_0x1df0500;
T_1 ;
    %wait E_0x1deb300;
    %set/v v0x1df0b80_0, 0, 1;
    %set/v v0x1df0c00_0, 0, 1;
    %load/v 8, v0x1df07f0_0, 8;
    %set/v v0x1df06f0_0, 8, 8;
    %load/v 8, v0x1df0870_0, 8;
    %set/v v0x1df0770_0, 8, 8;
    %load/v 8, v0x1df0a70_0, 1;
    %mov 9, 0, 2;
    %cmpi/u 8, 1, 3;
    %jmp/0xz  T_1.0, 4;
    %load/v 8, v0x1df09f0_0, 1;
    %set/v v0x1df0970_0, 8, 1;
    %load/v 8, v0x1df08f0_0, 1;
    %mov 9, 0, 2;
    %cmpi/u 8, 1, 3;
    %jmp/0xz  T_1.2, 4;
    %load/v 8, v0x1df0970_0, 1;
    %inv 8, 1;
    %jmp/0xz  T_1.4, 8;
    %load/v 8, v0x1df0670_0, 8;
    %set/v v0x1df06f0_0, 8, 8;
    %load/v 8, v0x1df0870_0, 8;
    %set/v v0x1df0770_0, 8, 8;
    %set/v v0x1df0b80_0, 1, 1;
    %set/v v0x1df0c00_0, 0, 1;
    %jmp T_1.5;
T_1.4 ;
    %load/v 8, v0x1df0670_0, 8;
    %set/v v0x1df0770_0, 8, 8;
    %load/v 8, v0x1df07f0_0, 8;
    %set/v v0x1df06f0_0, 8, 8;
    %set/v v0x1df0c00_0, 1, 1;
    %set/v v0x1df0b80_0, 0, 1;
T_1.5 ;
    %jmp T_1.3;
T_1.2 ;
    %set/v v0x1df06f0_0, 0, 8;
    %set/v v0x1df0770_0, 0, 8;
    %set/v v0x1df0970_0, 0, 1;
T_1.3 ;
    %jmp T_1.1;
T_1.0 ;
    %load/v 8, v0x1df08f0_0, 1;
    %mov 9, 0, 2;
    %cmpi/u 8, 1, 3;
    %jmp/0xz  T_1.6, 4;
    %load/v 8, v0x1df09f0_0, 1;
    %set/v v0x1df0970_0, 8, 1;
    %load/v 8, v0x1df07f0_0, 8;
    %set/v v0x1df06f0_0, 8, 8;
    %load/v 8, v0x1df0870_0, 8;
    %set/v v0x1df0770_0, 8, 8;
    %set/v v0x1df0b80_0, 0, 1;
    %set/v v0x1df0c00_0, 0, 1;
    %jmp T_1.7;
T_1.6 ;
    %set/v v0x1df06f0_0, 0, 8;
    %set/v v0x1df0770_0, 0, 8;
    %set/v v0x1df0970_0, 0, 1;
T_1.7 ;
T_1.1 ;
    %jmp T_1;
    .thread T_1, $push;
    .scope S_0x1df0500;
T_2 ;
    %wait E_0x1dccfa0;
    %load/v 8, v0x1df06f0_0, 8;
    %set/v v0x1df07f0_0, 8, 8;
    %load/v 8, v0x1df0770_0, 8;
    %set/v v0x1df0870_0, 8, 8;
    %jmp T_2;
    .thread T_2;
    .scope S_0x1df0500;
T_3 ;
    %wait E_0x1dcd270;
    %load/v 8, v0x1df08f0_0, 1;
    %mov 9, 0, 2;
    %cmpi/u 8, 1, 3;
    %jmp/0xz  T_3.0, 4;
    %load/v 8, v0x1df09f0_0, 1;
    %jmp/0xz  T_3.2, 8;
    %ix/load 0, 1, 0;
    %assign/v0 v0x1df09f0_0, 0, 0;
    %jmp T_3.3;
T_3.2 ;
    %ix/load 0, 1, 0;
    %assign/v0 v0x1df09f0_0, 0, 1;
T_3.3 ;
    %jmp T_3.1;
T_3.0 ;
    %ix/load 0, 1, 0;
    %assign/v0 v0x1df09f0_0, 0, 0;
T_3.1 ;
    %jmp T_3;
    .thread T_3;
    .scope S_0x1de0cb0;
T_4 ;
    %wait E_0x1dcd270;
    %load/v 8, v0x1de0e70_0, 1;
    %ix/load 0, 1, 0;
    %assign/v0 v0x1de0ef0_0, 0, 8;
    %jmp T_4;
    .thread T_4;
    .scope S_0x1de0890;
T_5 ;
    %wait E_0x1dccfa0;
    %load/v 8, v0x1ddf310_0, 1;
    %ix/load 0, 1, 0;
    %assign/v0 v0x1de0c30_0, 0, 8;
    %jmp T_5;
    .thread T_5;
    .scope S_0x1de05c0;
T_6 ;
    %wait E_0x1dccfa0;
    %load/v 8, v0x1de0750_0, 1;
    %ix/load 0, 1, 0;
    %assign/v0 v0x1de07f0_0, 0, 8;
    %jmp T_6;
    .thread T_6;
    .scope S_0x1de02f0;
T_7 ;
    %wait E_0x1dccfa0;
    %load/v 8, v0x1de0480_0, 1;
    %ix/load 0, 1, 0;
    %assign/v0 v0x1de0520_0, 0, 8;
    %jmp T_7;
    .thread T_7;
    .scope S_0x1de0020;
T_8 ;
    %wait E_0x1dccfa0;
    %load/v 8, v0x1de01b0_0, 1;
    %ix/load 0, 1, 0;
    %assign/v0 v0x1de0250_0, 0, 8;
    %jmp T_8;
    .thread T_8;
    .scope S_0x1ddfd50;
T_9 ;
    %wait E_0x1dccfa0;
    %load/v 8, v0x1ddfee0_0, 1;
    %ix/load 0, 1, 0;
    %assign/v0 v0x1ddff80_0, 0, 8;
    %jmp T_9;
    .thread T_9;
    .scope S_0x1ddfa80;
T_10 ;
    %wait E_0x1dccfa0;
    %load/v 8, v0x1ddfc10_0, 1;
    %ix/load 0, 1, 0;
    %assign/v0 v0x1ddfcb0_0, 0, 8;
    %jmp T_10;
    .thread T_10;
    .scope S_0x1ddf7b0;
T_11 ;
    %wait E_0x1dccfa0;
    %load/v 8, v0x1ddf940_0, 1;
    %ix/load 0, 1, 0;
    %assign/v0 v0x1ddf9e0_0, 0, 8;
    %jmp T_11;
    .thread T_11;
    .scope S_0x1ddf4e0;
T_12 ;
    %wait E_0x1dccfa0;
    %load/v 8, v0x1ddf670_0, 1;
    %ix/load 0, 1, 0;
    %assign/v0 v0x1ddf710_0, 0, 8;
    %jmp T_12;
    .thread T_12;
    .scope S_0x1ddf180;
T_13 ;
    %wait E_0x1dccfa0;
    %load/v 8, v0x1dde740_0, 1;
    %ix/load 0, 1, 0;
    %assign/v0 v0x1ddf440_0, 0, 8;
    %jmp T_13;
    .thread T_13;
    .scope S_0x1ddeeb0;
T_14 ;
    %wait E_0x1dccfa0;
    %load/v 8, v0x1ddf040_0, 1;
    %ix/load 0, 1, 0;
    %assign/v0 v0x1ddf0e0_0, 0, 8;
    %jmp T_14;
    .thread T_14;
    .scope S_0x1ddebe0;
T_15 ;
    %wait E_0x1dccfa0;
    %load/v 8, v0x1dded70_0, 1;
    %ix/load 0, 1, 0;
    %assign/v0 v0x1ddee10_0, 0, 8;
    %jmp T_15;
    .thread T_15;
    .scope S_0x1dde910;
T_16 ;
    %wait E_0x1dccfa0;
    %load/v 8, v0x1ddeaa0_0, 1;
    %ix/load 0, 1, 0;
    %assign/v0 v0x1ddeb40_0, 0, 8;
    %jmp T_16;
    .thread T_16;
    .scope S_0x1dde5b0;
T_17 ;
    %wait E_0x1dccfa0;
    %load/v 8, v0x1dde7d0_0, 1;
    %ix/load 0, 1, 0;
    %assign/v0 v0x1dde870_0, 0, 8;
    %jmp T_17;
    .thread T_17;
    .scope S_0x1dde300;
T_18 ;
    %wait E_0x1dccfa0;
    %load/v 8, v0x1dde470_0, 1;
    %ix/load 0, 1, 0;
    %assign/v0 v0x1dde510_0, 0, 8;
    %jmp T_18;
    .thread T_18;
    .scope S_0x1dde090;
T_19 ;
    %wait E_0x1dccfa0;
    %load/v 8, v0x1dde200_0, 1;
    %ix/load 0, 1, 0;
    %assign/v0 v0x1dde280_0, 0, 8;
    %jmp T_19;
    .thread T_19;
    .scope S_0x1dcdda0;
T_20 ;
    %wait E_0x1dccfa0;
    %load/v 8, v0x1dcdf30_0, 1;
    %ix/load 0, 1, 0;
    %assign/v0 v0x1dde010_0, 0, 8;
    %jmp T_20;
    .thread T_20;
    .scope S_0x1dcce30;
T_21 ;
    %vpi_call 6 23 "$dumpfile", "demux.vcd";
    %vpi_call 6 24 "$dumpvars";
    %set/v v0x1dcd7f0_0, 0, 1;
    %set/v v0x1dccff0_0, 0, 1;
    %set/v v0x1dcd0b0_0, 0, 8;
    %wait E_0x1dccfa0;
    %ix/load 0, 1, 0;
    %assign/v0 v0x1dcd900_0, 0, 0;
    %ix/load 0, 1, 0;
    %assign/v0 v0x1dcd7f0_0, 0, 0;
    %movi 8, 14, 5;
T_21.0 %cmp/s 0, 8, 5;
    %jmp/0xz T_21.1, 5;
    %add 8, 1, 5;
    %wait E_0x1dccfa0;
    %ix/load 0, 1, 0;
    %assign/v0 v0x1dcd7f0_0, 0, 1;
    %vpi_func 6 33 "$random", 13, 32;
    %ix/load 0, 8, 0;
    %assign/v0 v0x1dcd0b0_0, 0, 13;
    %vpi_func 6 36 "$random", 13, 32;
    %ix/load 0, 1, 0;
    %assign/v0 v0x1dcd900_0, 0, 13;
    %jmp T_21.0;
T_21.1 ;
    %delay 100, 0;
    %vpi_call 6 44 "$finish";
    %end;
    .thread T_21;
    .scope S_0x1dcce30;
T_22 ;
    %wait E_0x1dccfa0;
    %load/v 8, v0x1dcd650_0, 8;
    %ix/load 0, 8, 0;
    %assign/v0 v0x1dcd420_0, 0, 8;
    %load/v 8, v0x1dcd750_0, 8;
    %ix/load 0, 8, 0;
    %assign/v0 v0x1dcd5b0_0, 0, 8;
    %load/v 8, v0x1dcd150_0, 8;
    %ix/load 0, 8, 0;
    %assign/v0 v0x1dcd340_0, 0, 8;
    %load/v 8, v0x1dcd1f0_0, 8;
    %ix/load 0, 8, 0;
    %assign/v0 v0x1dcd4c0_0, 0, 8;
    %jmp T_22;
    .thread T_22;
    .scope S_0x1dcce30;
T_23 ;
    %wait E_0x1dccf20;
    %load/v 8, v0x1dcd420_0, 8;
    %load/v 16, v0x1dcd340_0, 8;
    %cmp/u 8, 16, 8;
    %mov 8, 4, 1;
    %load/v 9, v0x1dcd5b0_0, 8;
    %load/v 17, v0x1dcd4c0_0, 8;
    %cmp/u 9, 17, 8;
    %mov 9, 4, 1;
    %and 8, 9, 1;
    %jmp/0xz  T_23.0, 8;
    %set/v v0x1dcd2a0_0, 0, 1;
    %jmp T_23.1;
T_23.0 ;
    %set/v v0x1dcd2a0_0, 1, 1;
T_23.1 ;
    %jmp T_23;
    .thread T_23, $push;
    .scope S_0x1dcce30;
T_24 ;
    %ix/load 0, 1, 0;
    %assign/v0 v0x1dccff0_0, 0, 0;
    %end;
    .thread T_24;
    .scope S_0x1dcce30;
T_25 ;
    %delay 20, 0;
    %load/v 8, v0x1dccff0_0, 1;
    %inv 8, 1;
    %ix/load 0, 1, 0;
    %assign/v0 v0x1dccff0_0, 0, 8;
    %jmp T_25;
    .thread T_25;
# The file index is used to find the file name in the following table.
:file_names 7;
    "N/A";
    "<interactive>";
    "./cmos_cells.v";
    "bancopruebademux.v";
    "./demux.v";
    "./synth_demux.v";
    "./probador_demux.v";
